This file contains any messages produced by compilers while
running configure, to aid debugging if configure makes a mistake.

configure:750: checking host system type
configure:797: checking whether make sets ${MAKE}
configure:848: checking for ln -s or something else
configure:873: checking for gcc
configure:986: checking whether the C compiler (gcc  -g) works
configure:1002: gcc -o conftest   -g conftest.c  1>&5
configure:1028: checking whether the C compiler (gcc  -g) is a cross-compiler
configure:1033: checking whether we are using GNU C
configure:1042: gcc -E conftest.c
configure:1061: checking whether gcc accepts -g
configure:1093: checking how to run the C preprocessor
configure:1114: gcc -E  conftest.c >/dev/null 2>conftest.out
configure:1173: checking for POSIXized ISC
configure:1198: checking for byacc
configure:1198: checking for yacc
configure:1230: checking for flex
configure:1264: checking for yywrap in -lfl
configure:1283: gcc -o conftest -g -O2  -g conftest.c -lfl   1>&5
configure:1308: checking for ranlib
configure:1347: checking for a BSD compatible install
configure:1404: checking for mawk
configure:1404: checking for gawk
configure:1404: checking for nawk
configure:1436: checking for makeinfo
configure:1498: checking for socks
configure:1899: checking for readline
configure:2154: checking for hesiod
configure:2425: checking whether byte ordering is bigendian
configure:2443: gcc -c  -g -O2  conftest.c 1>&5
configure:2458: gcc -c  -g -O2  conftest.c 1>&5
configure: In function `main':
configure:2453: syntax error before `big'
configure: failed program was:
#line 2447 "configure"
#include "confdefs.h"
#include <sys/types.h>
#include <sys/param.h>
int main() {

#if BYTE_ORDER != BIG_ENDIAN
 not big endian
#endif
; return 0; }
configure:2516: checking for working const
configure:2570: gcc -c  -g -O2  conftest.c 1>&5
configure:2592: checking for inline
configure:2606: gcc -c  -g -O2  conftest.c 1>&5
configure:2634: checking for __attribute__
configure:2657: gcc -c  -g -O2  conftest.c 1>&5
configure:2681: checking for NEXTSTEP
configure:2713: checking for AIX
configure:2870: checking for ANSI C header files
configure:2883: gcc -E  conftest.c >/dev/null 2>conftest.out
configure:2950: gcc -o conftest  -g -O2  -g conftest.c   1>&5
configure:3073: checking for arpa/ftp.h
configure:3083: gcc -E  conftest.c >/dev/null 2>conftest.out
configure:3073: checking for arpa/inet.h
configure:3083: gcc -E  conftest.c >/dev/null 2>conftest.out
configure:3073: checking for arpa/nameser.h
configure:3083: gcc -E  conftest.c >/dev/null 2>conftest.out
configure:3073: checking for arpa/telnet.h
configure:3083: gcc -E  conftest.c >/dev/null 2>conftest.out
configure:3073: checking for bsd/bsd.h
configure:3083: gcc -E  conftest.c >/dev/null 2>conftest.out
configure:3079: bsd/bsd.h: No such file or directory
configure: failed program was:
#line 3078 "configure"
#include "confdefs.h"
#include <bsd/bsd.h>
configure:3073: checking for bsdsetjmp.h
configure:3083: gcc -E  conftest.c >/dev/null 2>conftest.out
configure:3079: bsdsetjmp.h: No such file or directory
configure: failed program was:
#line 3078 "configure"
#include "confdefs.h"
#include <bsdsetjmp.h>
configure:3073: checking for capability.h
configure:3083: gcc -E  conftest.c >/dev/null 2>conftest.out
configure:3079: capability.h: No such file or directory
configure: failed program was:
#line 3078 "configure"
#include "confdefs.h"
#include <capability.h>
configure:3073: checking for crypt.h
configure:3083: gcc -E  conftest.c >/dev/null 2>conftest.out
configure:3079: crypt.h: No such file or directory
configure: failed program was:
#line 3078 "configure"
#include "confdefs.h"
#include <crypt.h>
configure:3073: checking for curses.h
configure:3083: gcc -E  conftest.c >/dev/null 2>conftest.out
configure:3073: checking for db.h
configure:3083: gcc -E  conftest.c >/dev/null 2>conftest.out
configure:3073: checking for dbm.h
configure:3083: gcc -E  conftest.c >/dev/null 2>conftest.out
configure:3073: checking for dirent.h
configure:3083: gcc -E  conftest.c >/dev/null 2>conftest.out
configure:3073: checking for err.h
configure:3083: gcc -E  conftest.c >/dev/null 2>conftest.out
configure:3073: checking for errno.h
configure:3083: gcc -E  conftest.c >/dev/null 2>conftest.out
configure:3073: checking for fcntl.h
configure:3083: gcc -E  conftest.c >/dev/null 2>conftest.out
configure:3073: checking for fnmatch.h
configure:3083: gcc -E  conftest.c >/dev/null 2>conftest.out
configure:3073: checking for gdbm/ndbm.h
configure:3083: gcc -E  conftest.c >/dev/null 2>conftest.out
configure:3079: gdbm/ndbm.h: No such file or directory
configure: failed program was:
#line 3078 "configure"
#include "confdefs.h"
#include <gdbm/ndbm.h>
configure:3073: checking for grp.h
configure:3083: gcc -E  conftest.c >/dev/null 2>conftest.out
configure:3073: checking for inttypes.h
configure:3083: gcc -E  conftest.c >/dev/null 2>conftest.out
configure:3073: checking for io.h
configure:3083: gcc -E  conftest.c >/dev/null 2>conftest.out
configure:3079: io.h: No such file or directory
configure: failed program was:
#line 3078 "configure"
#include "confdefs.h"
#include <io.h>
configure:3073: checking for lastlog.h
configure:3083: gcc -E  conftest.c >/dev/null 2>conftest.out
configure:3079: lastlog.h: No such file or directory
configure: failed program was:
#line 3078 "configure"
#include "confdefs.h"
#include <lastlog.h>
configure:3073: checking for libutil.h
configure:3083: gcc -E  conftest.c >/dev/null 2>conftest.out
configure:3079: libutil.h: No such file or directory
configure: failed program was:
#line 3078 "configure"
#include "confdefs.h"
#include <libutil.h>
configure:3073: checking for limits.h
configure:3083: gcc -E  conftest.c >/dev/null 2>conftest.out
configure:3073: checking for login.h
configure:3083: gcc -E  conftest.c >/dev/null 2>conftest.out
configure:3079: login.h: No such file or directory
configure: failed program was:
#line 3078 "configure"
#include "confdefs.h"
#include <login.h>
configure:3073: checking for maillock.h
configure:3083: gcc -E  conftest.c >/dev/null 2>conftest.out
configure:3079: maillock.h: No such file or directory
configure: failed program was:
#line 3078 "configure"
#include "confdefs.h"
#include <maillock.h>
configure:3073: checking for ndbm.h
configure:3083: gcc -E  conftest.c >/dev/null 2>conftest.out
configure:3073: checking for net/if.h
configure:3083: gcc -E  conftest.c >/dev/null 2>conftest.out
configure:3073: checking for net/if_tun.h
configure:3083: gcc -E  conftest.c >/dev/null 2>conftest.out
configure:3073: checking for net/if_var.h
configure:3083: gcc -E  conftest.c >/dev/null 2>conftest.out
configure:3079: net/if_var.h: No such file or directory
configure: failed program was:
#line 3078 "configure"
#include "confdefs.h"
#include <net/if_var.h>
configure:3073: checking for netdb.h
configure:3083: gcc -E  conftest.c >/dev/null 2>conftest.out
configure:3073: checking for netinet/in.h
configure:3083: gcc -E  conftest.c >/dev/null 2>conftest.out
configure:3073: checking for netinet/in6_machtypes.h
configure:3083: gcc -E  conftest.c >/dev/null 2>conftest.out
configure:3079: netinet/in6_machtypes.h: No such file or directory
configure: failed program was:
#line 3078 "configure"
#include "confdefs.h"
#include <netinet/in6_machtypes.h>
configure:3073: checking for netinet/in_systm.h
configure:3083: gcc -E  conftest.c >/dev/null 2>conftest.out
configure:3073: checking for paths.h
configure:3083: gcc -E  conftest.c >/dev/null 2>conftest.out
configure:3073: checking for pty.h
configure:3083: gcc -E  conftest.c >/dev/null 2>conftest.out
configure:3079: pty.h: No such file or directory
configure: failed program was:
#line 3078 "configure"
#include "confdefs.h"
#include <pty.h>
configure:3073: checking for pwd.h
configure:3083: gcc -E  conftest.c >/dev/null 2>conftest.out
configure:3073: checking for resolv.h
configure:3083: gcc -E  conftest.c >/dev/null 2>conftest.out
configure:3073: checking for rpcsvc/dbm.h
configure:3083: gcc -E  conftest.c >/dev/null 2>conftest.out
configure:3079: rpcsvc/dbm.h: No such file or directory
configure: failed program was:
#line 3078 "configure"
#include "confdefs.h"
#include <rpcsvc/dbm.h>
configure:3073: checking for rpcsvc/ypclnt.h
configure:3083: gcc -E  conftest.c >/dev/null 2>conftest.out
configure:3073: checking for sac.h
configure:3083: gcc -E  conftest.c >/dev/null 2>conftest.out
configure:3079: sac.h: No such file or directory
configure: failed program was:
#line 3078 "configure"
#include "confdefs.h"
#include <sac.h>
configure:3073: checking for security/pam_modules.h
configure:3083: gcc -E  conftest.c >/dev/null 2>conftest.out
configure:3079: security/pam_modules.h: No such file or directory
configure: failed program was:
#line 3078 "configure"
#include "confdefs.h"
#include <security/pam_modules.h>
configure:3073: checking for shadow.h
configure:3083: gcc -E  conftest.c >/dev/null 2>conftest.out
configure:3079: shadow.h: No such file or directory
configure: failed program was:
#line 3078 "configure"
#include "confdefs.h"
#include <shadow.h>
configure:3073: checking for siad.h
configure:3083: gcc -E  conftest.c >/dev/null 2>conftest.out
configure:3079: siad.h: No such file or directory
configure: failed program was:
#line 3078 "configure"
#include "confdefs.h"
#include <siad.h>
configure:3073: checking for signal.h
configure:3083: gcc -E  conftest.c >/dev/null 2>conftest.out
configure:3073: checking for stropts.h
configure:3083: gcc -E  conftest.c >/dev/null 2>conftest.out
configure:3079: stropts.h: No such file or directory
configure: failed program was:
#line 3078 "configure"
#include "confdefs.h"
#include <stropts.h>
configure:3073: checking for sys/bitypes.h
configure:3083: gcc -E  conftest.c >/dev/null 2>conftest.out
configure:3079: sys/bitypes.h: No such file or directory
configure: failed program was:
#line 3078 "configure"
#include "confdefs.h"
#include <sys/bitypes.h>
configure:3073: checking for sys/category.h
configure:3083: gcc -E  conftest.c >/dev/null 2>conftest.out
configure:3079: sys/category.h: No such file or directory
configure: failed program was:
#line 3078 "configure"
#include "confdefs.h"
#include <sys/category.h>
configure:3073: checking for sys/file.h
configure:3083: gcc -E  conftest.c >/dev/null 2>conftest.out
configure:3073: checking for sys/filio.h
configure:3083: gcc -E  conftest.c >/dev/null 2>conftest.out
configure:3073: checking for sys/ioccom.h
configure:3083: gcc -E  conftest.c >/dev/null 2>conftest.out
configure:3073: checking for sys/ioctl.h
configure:3083: gcc -E  conftest.c >/dev/null 2>conftest.out
configure:3073: checking for sys/locking.h
configure:3083: gcc -E  conftest.c >/dev/null 2>conftest.out
configure:3079: sys/locking.h: No such file or directory
configure: failed program was:
#line 3078 "configure"
#include "confdefs.h"
#include <sys/locking.h>
configure:3073: checking for sys/mman.h
configure:3083: gcc -E  conftest.c >/dev/null 2>conftest.out
configure:3073: checking for sys/param.h
configure:3083: gcc -E  conftest.c >/dev/null 2>conftest.out
configure:3073: checking for sys/proc.h
configure:3083: gcc -E  conftest.c >/dev/null 2>conftest.out
configure:3073: checking for sys/pty.h
configure:3083: gcc -E  conftest.c >/dev/null 2>conftest.out
configure:3079: sys/pty.h: No such file or directory
configure: failed program was:
#line 3078 "configure"
#include "confdefs.h"
#include <sys/pty.h>
configure:3073: checking for sys/ptyio.h
configure:3083: gcc -E  conftest.c >/dev/null 2>conftest.out
configure:3079: sys/ptyio.h: No such file or directory
configure: failed program was:
#line 3078 "configure"
#include "confdefs.h"
#include <sys/ptyio.h>
configure:3073: checking for sys/ptyvar.h
configure:3083: gcc -E  conftest.c >/dev/null 2>conftest.out
configure:3079: sys/ptyvar.h: No such file or directory
configure: failed program was:
#line 3078 "configure"
#include "confdefs.h"
#include <sys/ptyvar.h>
configure:3073: checking for sys/resource.h
configure:3083: gcc -E  conftest.c >/dev/null 2>conftest.out
configure:3073: checking for sys/select.h
configure:3083: gcc -E  conftest.c >/dev/null 2>conftest.out
configure:3073: checking for sys/socket.h
configure:3083: gcc -E  conftest.c >/dev/null 2>conftest.out
configure:3073: checking for sys/sockio.h
configure:3083: gcc -E  conftest.c >/dev/null 2>conftest.out
configure:3073: checking for sys/stat.h
configure:3083: gcc -E  conftest.c >/dev/null 2>conftest.out
configure:3073: checking for sys/str_tty.h
configure:3083: gcc -E  conftest.c >/dev/null 2>conftest.out
configure:3079: sys/str_tty.h: No such file or directory
configure: failed program was:
#line 3078 "configure"
#include "confdefs.h"
#include <sys/str_tty.h>
configure:3073: checking for sys/stream.h
configure:3083: gcc -E  conftest.c >/dev/null 2>conftest.out
configure:3079: sys/stream.h: No such file or directory
configure: failed program was:
#line 3078 "configure"
#include "confdefs.h"
#include <sys/stream.h>
configure:3073: checking for sys/stropts.h
configure:3083: gcc -E  conftest.c >/dev/null 2>conftest.out
configure:3079: sys/stropts.h: No such file or directory
configure: failed program was:
#line 3078 "configure"
#include "confdefs.h"
#include <sys/stropts.h>
configure:3073: checking for sys/strtty.h
configure:3083: gcc -E  conftest.c >/dev/null 2>conftest.out
configure:3079: sys/strtty.h: No such file or directory
configure: failed program was:
#line 3078 "configure"
#include "confdefs.h"
#include <sys/strtty.h>
configure:3073: checking for sys/syscall.h
configure:3083: gcc -E  conftest.c >/dev/null 2>conftest.out
configure:3073: checking for sys/sysctl.h
configure:3083: gcc -E  conftest.c >/dev/null 2>conftest.out
configure:3073: checking for sys/termio.h
configure:3083: gcc -E  conftest.c >/dev/null 2>conftest.out
configure:3079: sys/termio.h: No such file or directory
configure: failed program was:
#line 3078 "configure"
#include "confdefs.h"
#include <sys/termio.h>
configure:3073: checking for sys/time.h
configure:3083: gcc -E  conftest.c >/dev/null 2>conftest.out
configure:3073: checking for sys/timeb.h
configure:3083: gcc -E  conftest.c >/dev/null 2>conftest.out
configure:3073: checking for sys/times.h
configure:3083: gcc -E  conftest.c >/dev/null 2>conftest.out
configure:3073: checking for sys/tty.h
configure:3083: gcc -E  conftest.c >/dev/null 2>conftest.out
configure:3073: checking for sys/types.h
configure:3083: gcc -E  conftest.c >/dev/null 2>conftest.out
configure:3073: checking for sys/uio.h
configure:3083: gcc -E  conftest.c >/dev/null 2>conftest.out
configure:3073: checking for sys/un.h
configure:3083: gcc -E  conftest.c >/dev/null 2>conftest.out
configure:3073: checking for sys/utsname.h
configure:3083: gcc -E  conftest.c >/dev/null 2>conftest.out
configure:3073: checking for sys/wait.h
configure:3083: gcc -E  conftest.c >/dev/null 2>conftest.out
configure:3073: checking for syslog.h
configure:3083: gcc -E  conftest.c >/dev/null 2>conftest.out
configure:3073: checking for term.h
configure:3083: gcc -E  conftest.c >/dev/null 2>conftest.out
configure:3073: checking for termcap.h
configure:3083: gcc -E  conftest.c >/dev/null 2>conftest.out
configure:3073: checking for termio.h
configure:3083: gcc -E  conftest.c >/dev/null 2>conftest.out
configure:3079: termio.h: No such file or directory
configure: failed program was:
#line 3078 "configure"
#include "confdefs.h"
#include <termio.h>
configure:3073: checking for termios.h
configure:3083: gcc -E  conftest.c >/dev/null 2>conftest.out
configure:3073: checking for tmpdir.h
configure:3083: gcc -E  conftest.c >/dev/null 2>conftest.out
configure:3079: tmpdir.h: No such file or directory
configure: failed program was:
#line 3078 "configure"
#include "confdefs.h"
#include <tmpdir.h>
configure:3073: checking for ttyent.h
configure:3083: gcc -E  conftest.c >/dev/null 2>conftest.out
configure:3073: checking for udb.h
configure:3083: gcc -E  conftest.c >/dev/null 2>conftest.out
configure:3079: udb.h: No such file or directory
configure: failed program was:
#line 3078 "configure"
#include "confdefs.h"
#include <udb.h>
configure:3073: checking for ulimit.h
configure:3083: gcc -E  conftest.c >/dev/null 2>conftest.out
configure:3079: ulimit.h: No such file or directory
configure: failed program was:
#line 3078 "configure"
#include "confdefs.h"
#include <ulimit.h>
configure:3073: checking for unistd.h
configure:3083: gcc -E  conftest.c >/dev/null 2>conftest.out
configure:3073: checking for userpw.h
configure:3083: gcc -E  conftest.c >/dev/null 2>conftest.out
configure:3079: userpw.h: No such file or directory
configure: failed program was:
#line 3078 "configure"
#include "confdefs.h"
#include <userpw.h>
configure:3073: checking for usersec.h
configure:3083: gcc -E  conftest.c >/dev/null 2>conftest.out
configure:3079: usersec.h: No such file or directory
configure: failed program was:
#line 3078 "configure"
#include "confdefs.h"
#include <usersec.h>
configure:3073: checking for util.h
configure:3083: gcc -E  conftest.c >/dev/null 2>conftest.out
configure:3073: checking for utime.h
configure:3083: gcc -E  conftest.c >/dev/null 2>conftest.out
configure:3073: checking for utmp.h
configure:3083: gcc -E  conftest.c >/dev/null 2>conftest.out
configure:3073: checking for utmpx.h
configure:3083: gcc -E  conftest.c >/dev/null 2>conftest.out
configure:3079: utmpx.h: No such file or directory
configure: failed program was:
#line 3078 "configure"
#include "confdefs.h"
#include <utmpx.h>
configure:3073: checking for wait.h
configure:3083: gcc -E  conftest.c >/dev/null 2>conftest.out
configure:3079: wait.h: No such file or directory
configure: failed program was:
#line 3078 "configure"
#include "confdefs.h"
#include <wait.h>
configure:3111: checking whether time.h and sys/time.h may both be included
configure:3125: gcc -c  -g -O2  conftest.c 1>&5
configure:3146: checking for sys_siglist declaration in signal.h or unistd.h
configure:3163: gcc -c  -g -O2  conftest.c 1>&5
configure: In function `main':
configure:3159: warning: initialization discards qualifiers from pointer target type
configure:3189: checking for standards.h
configure:3199: gcc -E  conftest.c >/dev/null 2>conftest.out
configure:3195: standards.h: No such file or directory
configure: failed program was:
#line 3194 "configure"
#include "confdefs.h"
#include <standards.h>
configure:3230: checking for netinet/ip.h
configure:3245: gcc -E  conftest.c >/dev/null 2>conftest.out
configure:3230: checking for netinet/tcp.h
configure:3245: gcc -E  conftest.c >/dev/null 2>conftest.out
configure:3289: checking for int8_t
configure:3319: gcc -c  -g -O2  conftest.c 1>&5
configure:3289: checking for int16_t
configure:3319: gcc -c  -g -O2  conftest.c 1>&5
configure:3289: checking for int32_t
configure:3319: gcc -c  -g -O2  conftest.c 1>&5
configure:3289: checking for int64_t
configure:3319: gcc -c  -g -O2  conftest.c 1>&5
configure:3345: checking for u_int8_t
configure:3375: gcc -c  -g -O2  conftest.c 1>&5
configure:3345: checking for u_int16_t
configure:3375: gcc -c  -g -O2  conftest.c 1>&5
configure:3345: checking for u_int32_t
configure:3375: gcc -c  -g -O2  conftest.c 1>&5
configure:3345: checking for u_int64_t
configure:3375: gcc -c  -g -O2  conftest.c 1>&5
configure:3400: checking for strange sys/bitypes.h
configure:3424: gcc -c  -g -O2  conftest.c 1>&5
configure:3448: checking for crypt
configure:3470: gcc -o conftest  -g -O2  -g conftest.c      1>&5
configure:3535: checking for socket
configure:3562: gcc -o conftest  -g -O2  -g conftest.c      1>&5
configure:3630: checking for gethostbyname
configure:3657: gcc -o conftest  -g -O2  -g conftest.c      1>&5
configure:3727: checking for odm_initialize
configure:3749: gcc -o conftest  -g -O2  -g conftest.c      1>&5
configure:3745: Undefined symbol `_odm_initialize' referenced from text segment
collect2: ld returned 1 exit status
configure: failed program was:
#line 3742 "configure"
#include "confdefs.h"

int main() {
odm_initialize()
; return 0; }
configure:3749: gcc -o conftest  -g -O2  -g conftest.c  -lodm    1>&5
ld: -lodm: no match
collect2: ld returned 1 exit status
configure: failed program was:
#line 3742 "configure"
#include "confdefs.h"

int main() {
odm_initialize()
; return 0; }
configure:3817: checking for getattr
configure:3839: gcc -o conftest  -g -O2  -g conftest.c      1>&5
configure:3835: Undefined symbol `_getattr' referenced from text segment
collect2: ld returned 1 exit status
configure: failed program was:
#line 3832 "configure"
#include "confdefs.h"

int main() {
getattr()
; return 0; }
configure:3839: gcc -o conftest  -g -O2  -g conftest.c  -lcfg    1>&5
ld: -lcfg: no match
collect2: ld returned 1 exit status
configure: failed program was:
#line 3832 "configure"
#include "confdefs.h"

int main() {
getattr()
; return 0; }
configure:3907: checking for setpcred
configure:3929: gcc -o conftest  -g -O2  -g conftest.c      1>&5
configure:3925: Undefined symbol `_setpcred' referenced from text segment
collect2: ld returned 1 exit status
configure: failed program was:
#line 3922 "configure"
#include "confdefs.h"

int main() {
setpcred()
; return 0; }
configure:3929: gcc -o conftest  -g -O2  -g conftest.c  -ls    1>&5
ld: -ls: no match
collect2: ld returned 1 exit status
configure: failed program was:
#line 3922 "configure"
#include "confdefs.h"

int main() {
setpcred()
; return 0; }
configure:3997: checking for logwtmp
configure:4019: gcc -o conftest  -g -O2  -g conftest.c      1>&5
configure:4015: Undefined symbol `_logwtmp' referenced from text segment
collect2: ld returned 1 exit status
configure: failed program was:
#line 4012 "configure"
#include "confdefs.h"

int main() {
logwtmp()
; return 0; }
configure:4019: gcc -o conftest  -g -O2  -g conftest.c  -lutil    1>&5
configure:4088: checking for logout
configure:4110: gcc -o conftest  -g -O2  -g conftest.c    -lutil   1>&5
configure:4177: checking for tgetent
configure:4199: gcc -o conftest  -g -O2  -g conftest.c    -lutil   1>&5
configure:4195: Undefined symbol `_tgetent' referenced from text segment
collect2: ld returned 1 exit status
configure: failed program was:
#line 4192 "configure"
#include "confdefs.h"

int main() {
tgetent()
; return 0; }
configure:4199: gcc -o conftest  -g -O2  -g conftest.c  -ltermcap  -lutil   1>&5
configure:4264: checking for X
configure:4579: checking for dnet_ntoa in -ldnet
configure:4598: gcc -o conftest  -g -O2  -g conftest.c -ldnet  -lutil   1>&5
ld: -ldnet: no match
collect2: ld returned 1 exit status
configure: failed program was:
#line 4587 "configure"
#include "confdefs.h"
/* Override any gcc2 internal prototype to avoid an error.  */
/* We use char because int might match the return type of a gcc2
    builtin and then its argument prototype would still apply.  */
char dnet_ntoa();

int main() {
dnet_ntoa()
; return 0; }
configure:4620: checking for dnet_ntoa in -ldnet_stub
configure:4639: gcc -o conftest  -g -O2  -g conftest.c -ldnet_stub  -lutil   1>&5
ld: -ldnet_stub: no match
collect2: ld returned 1 exit status
configure: failed program was:
#line 4628 "configure"
#include "confdefs.h"
/* Override any gcc2 internal prototype to avoid an error.  */
/* We use char because int might match the return type of a gcc2
    builtin and then its argument prototype would still apply.  */
char dnet_ntoa();

int main() {
dnet_ntoa()
; return 0; }
configure:4668: checking for gethostbyname
configure:4766: checking for connect
configure:4794: gcc -o conftest  -g -O2  -g conftest.c -lutil   1>&5
configure:4858: checking for remove
configure:4886: gcc -o conftest  -g -O2  -g conftest.c -lutil   1>&5
configure:4950: checking for shmat
configure:4978: gcc -o conftest  -g -O2  -g conftest.c -lutil   1>&5
configure:5051: checking for IceConnectionNumber in -lICE
configure:5070: gcc -o conftest  -g -O2  -g -L/usr/X11R6/lib conftest.c -lICE  -lutil   1>&5
configure:5099: checking for special X linker flags
configure:5144: gcc -o conftest  -g -O2  -I/usr/X11R6/include  -g conftest.c -lutil    -L/usr/X11R6/lib  -lSM -lICE -lX11  1>&5
configure:5189: checking for XauWriteAuth
configure:5211: gcc -o conftest  -I/usr/X11R6/include  -g -O2  -g  -L/usr/X11R6/lib conftest.c     -lSM -lICE  -lutil   1>&5
configure:5207: Undefined symbol `_XauWriteAuth' referenced from text segment
collect2: ld returned 1 exit status
configure: failed program was:
#line 5204 "configure"
#include "confdefs.h"

int main() {
XauWriteAuth()
; return 0; }
configure:5211: gcc -o conftest  -I/usr/X11R6/include  -g -O2  -g  -L/usr/X11R6/lib conftest.c  -lX11   -lSM -lICE  -lutil   1>&5
configure:5207: Undefined symbol `_XauWriteAuth' referenced from text segment
collect2: ld returned 1 exit status
configure: failed program was:
#line 5204 "configure"
#include "confdefs.h"

int main() {
XauWriteAuth()
; return 0; }
configure:5211: gcc -o conftest  -I/usr/X11R6/include  -g -O2  -g  -L/usr/X11R6/lib conftest.c  -lXau   -lSM -lICE  -lutil   1>&5
configure:5276: checking for XauReadAuth
configure:5298: gcc -o conftest  -I/usr/X11R6/include  -g -O2  -g  -L/usr/X11R6/lib conftest.c    -lXau  -lSM -lICE  -lutil   1>&5
configure:5362: checking for XauFileName
configure:5384: gcc -o conftest  -I/usr/X11R6/include  -g -O2  -g  -L/usr/X11R6/lib conftest.c     -lXau  -lSM -lICE  -lutil   1>&5
configure:5507: checking for dbm_open in libc
configure:5547: gcc -o conftest  -g -O2  -g conftest.c  -lutil   1>&5
configure:5582: checking for NDBM library
configure:5623: checking for syslog
configure:5645: gcc -o conftest  -g -O2  -g conftest.c    -lutil   1>&5
configure:5711: checking for working snprintf
configure:5732: gcc -o conftest  -g -O2  -g conftest.c -lutil   1>&5
configure:5758: checking if snprintf needs a prototype
configure:5773: gcc -c  -g -O2  conftest.c 1>&5
configure: In function `main':
configure:5767: conflicting types for `snprintf'
/usr/include/stdio.h:317: previous declaration of `snprintf'
configure:5767: warning: extern declaration of `snprintf' doesn't match global one
configure: failed program was:
#line 5763 "configure"
#include "confdefs.h"
#include <stdio.h>
int main() {
struct foo { int foo; } xx;
extern int snprintf (struct foo*);
snprintf(&xx);

; return 0; }
configure:5800: checking for working glob
configure:5818: gcc -o conftest  -g -O2  -g conftest.c -lutil   1>&5
configure:5842: checking if glob needs a prototype
configure:5858: gcc -c  -g -O2  conftest.c 1>&5
configure: In function `main':
configure:5852: conflicting types for `glob'
/usr/include/glob.h:96: previous declaration of `glob'
configure:5852: warning: extern declaration of `glob' doesn't match global one
configure: failed program was:
#line 5847 "configure"
#include "confdefs.h"
#include <stdio.h>
#include <glob.h>
int main() {
struct foo { int foo; } xx;
extern int glob (struct foo*);
glob(&xx);

; return 0; }
configure:5945: checking for _getpty
configure:5973: gcc -o conftest  -g -O2  -g conftest.c -lutil   1>&5
configure:5967: Undefined symbol `__getpty' referenced from text segment
collect2: ld returned 1 exit status
configure: failed program was:
#line 5950 "configure"
#include "confdefs.h"
/* System header to define __stub macros and hopefully few prototypes,
    which can conflict with char _getpty(); below.  */
#include <assert.h>
/* Override any gcc2 internal prototype to avoid an error.  */
/* We use char because int might match the return type of a gcc2
    builtin and then its argument prototype would still apply.  */
char _getpty();

int main() {

/* The GNU C library defines this for functions which it implements
    to always fail with ENOSYS.  Some functions are actually named
    something starting with __ and the normal name is an alias.  */
#if defined (__stub__getpty) || defined (__stub____getpty)
choke me
#else
_getpty();
#endif

; return 0; }
configure:5945: checking for _scrsize
configure:5973: gcc -o conftest  -g -O2  -g conftest.c -lutil   1>&5
configure:5967: Undefined symbol `__scrsize' referenced from text segment
collect2: ld returned 1 exit status
configure: failed program was:
#line 5950 "configure"
#include "confdefs.h"
/* System header to define __stub macros and hopefully few prototypes,
    which can conflict with char _scrsize(); below.  */
#include <assert.h>
/* Override any gcc2 internal prototype to avoid an error.  */
/* We use char because int might match the return type of a gcc2
    builtin and then its argument prototype would still apply.  */
char _scrsize();

int main() {

/* The GNU C library defines this for functions which it implements
    to always fail with ENOSYS.  Some functions are actually named
    something starting with __ and the normal name is an alias.  */
#if defined (__stub__scrsize) || defined (__stub____scrsize)
choke me
#else
_scrsize();
#endif

; return 0; }
configure:5945: checking for _setsid
configure:5973: gcc -o conftest  -g -O2  -g conftest.c -lutil   1>&5
configure:5967: Undefined symbol `__setsid' referenced from text segment
collect2: ld returned 1 exit status
configure: failed program was:
#line 5950 "configure"
#include "confdefs.h"
/* System header to define __stub macros and hopefully few prototypes,
    which can conflict with char _setsid(); below.  */
#include <assert.h>
/* Override any gcc2 internal prototype to avoid an error.  */
/* We use char because int might match the return type of a gcc2
    builtin and then its argument prototype would still apply.  */
char _setsid();

int main() {

/* The GNU C library defines this for functions which it implements
    to always fail with ENOSYS.  Some functions are actually named
    something starting with __ and the normal name is an alias.  */
#if defined (__stub__setsid) || defined (__stub____setsid)
choke me
#else
_setsid();
#endif

; return 0; }
configure:5945: checking for _stricmp
configure:5973: gcc -o conftest  -g -O2  -g conftest.c -lutil   1>&5
configure:5967: Undefined symbol `__stricmp' referenced from text segment
collect2: ld returned 1 exit status
configure: failed program was:
#line 5950 "configure"
#include "confdefs.h"
/* System header to define __stub macros and hopefully few prototypes,
    which can conflict with char _stricmp(); below.  */
#include <assert.h>
/* Override any gcc2 internal prototype to avoid an error.  */
/* We use char because int might match the return type of a gcc2
    builtin and then its argument prototype would still apply.  */
char _stricmp();

int main() {

/* The GNU C library defines this for functions which it implements
    to always fail with ENOSYS.  Some functions are actually named
    something starting with __ and the normal name is an alias.  */
#if defined (__stub__stricmp) || defined (__stub____stricmp)
choke me
#else
_stricmp();
#endif

; return 0; }
configure:5945: checking for asnprintf
configure:5973: gcc -o conftest  -g -O2  -g conftest.c -lutil   1>&5
configure:5967: Undefined symbol `_asnprintf' referenced from text segment
collect2: ld returned 1 exit status
configure: failed program was:
#line 5950 "configure"
#include "confdefs.h"
/* System header to define __stub macros and hopefully few prototypes,
    which can conflict with char asnprintf(); below.  */
#include <assert.h>
/* Override any gcc2 internal prototype to avoid an error.  */
/* We use char because int might match the return type of a gcc2
    builtin and then its argument prototype would still apply.  */
char asnprintf();

int main() {

/* The GNU C library defines this for functions which it implements
    to always fail with ENOSYS.  Some functions are actually named
    something starting with __ and the normal name is an alias.  */
#if defined (__stub_asnprintf) || defined (__stub___asnprintf)
choke me
#else
asnprintf();
#endif

; return 0; }
configure:5945: checking for asprintf
configure:5973: gcc -o conftest  -g -O2  -g conftest.c -lutil   1>&5
configure:5945: checking for atexit
configure:5973: gcc -o conftest  -g -O2  -g conftest.c -lutil   1>&5
configure:5945: checking for cgetent
configure:5973: gcc -o conftest  -g -O2  -g conftest.c -lutil   1>&5
configure:5945: checking for chroot
configure:5973: gcc -o conftest  -g -O2  -g conftest.c -lutil   1>&5
configure:5945: checking for fattach
configure:5973: gcc -o conftest  -g -O2  -g conftest.c -lutil   1>&5
configure:5967: Undefined symbol `_fattach' referenced from text segment
collect2: ld returned 1 exit status
configure: failed program was:
#line 5950 "configure"
#include "confdefs.h"
/* System header to define __stub macros and hopefully few prototypes,
    which can conflict with char fattach(); below.  */
#include <assert.h>
/* Override any gcc2 internal prototype to avoid an error.  */
/* We use char because int might match the return type of a gcc2
    builtin and then its argument prototype would still apply.  */
char fattach();

int main() {

/* The GNU C library defines this for functions which it implements
    to always fail with ENOSYS.  Some functions are actually named
    something starting with __ and the normal name is an alias.  */
#if defined (__stub_fattach) || defined (__stub___fattach)
choke me
#else
fattach();
#endif

; return 0; }
configure:5945: checking for fchmod
configure:5973: gcc -o conftest  -g -O2  -g conftest.c -lutil   1>&5
configure:5945: checking for fcntl
configure:5973: gcc -o conftest  -g -O2  -g conftest.c -lutil   1>&5
configure:5945: checking for forkpty
configure:5973: gcc -o conftest  -g -O2  -g conftest.c -lutil   1>&5
configure:5945: checking for frevoke
configure:5973: gcc -o conftest  -g -O2  -g conftest.c -lutil   1>&5
configure:5967: Undefined symbol `_frevoke' referenced from text segment
collect2: ld returned 1 exit status
configure: failed program was:
#line 5950 "configure"
#include "confdefs.h"
/* System header to define __stub macros and hopefully few prototypes,
    which can conflict with char frevoke(); below.  */
#include <assert.h>
/* Override any gcc2 internal prototype to avoid an error.  */
/* We use char because int might match the return type of a gcc2
    builtin and then its argument prototype would still apply.  */
char frevoke();

int main() {

/* The GNU C library defines this for functions which it implements
    to always fail with ENOSYS.  Some functions are actually named
    something starting with __ and the normal name is an alias.  */
#if defined (__stub_frevoke) || defined (__stub___frevoke)
choke me
#else
frevoke();
#endif

; return 0; }
configure:5945: checking for getpriority
configure:5973: gcc -o conftest  -g -O2  -g conftest.c -lutil   1>&5
configure:5945: checking for getrlimit
configure:5973: gcc -o conftest  -g -O2  -g conftest.c -lutil   1>&5
configure:5945: checking for getservbyname
configure:5973: gcc -o conftest  -g -O2  -g conftest.c -lutil   1>&5
configure:5945: checking for getspnam
configure:5973: gcc -o conftest  -g -O2  -g conftest.c -lutil   1>&5
configure:5967: Undefined symbol `_getspnam' referenced from text segment
collect2: ld returned 1 exit status
configure: failed program was:
#line 5950 "configure"
#include "confdefs.h"
/* System header to define __stub macros and hopefully few prototypes,
    which can conflict with char getspnam(); below.  */
#include <assert.h>
/* Override any gcc2 internal prototype to avoid an error.  */
/* We use char because int might match the return type of a gcc2
    builtin and then its argument prototype would still apply.  */
char getspnam();

int main() {

/* The GNU C library defines this for functions which it implements
    to always fail with ENOSYS.  Some functions are actually named
    something starting with __ and the normal name is an alias.  */
#if defined (__stub_getspnam) || defined (__stub___getspnam)
choke me
#else
getspnam();
#endif

; return 0; }
configure:5945: checking for gettimeofday
configure:5973: gcc -o conftest  -g -O2  -g conftest.c -lutil   1>&5
configure:5945: checking for gettosbyname
configure:5973: gcc -o conftest  -g -O2  -g conftest.c -lutil   1>&5
configure:5967: Undefined symbol `_gettosbyname' referenced from text segment
collect2: ld returned 1 exit status
configure: failed program was:
#line 5950 "configure"
#include "confdefs.h"
/* System header to define __stub macros and hopefully few prototypes,
    which can conflict with char gettosbyname(); below.  */
#include <assert.h>
/* Override any gcc2 internal prototype to avoid an error.  */
/* We use char because int might match the return type of a gcc2
    builtin and then its argument prototype would still apply.  */
char gettosbyname();

int main() {

/* The GNU C library defines this for functions which it implements
    to always fail with ENOSYS.  Some functions are actually named
    something starting with __ and the normal name is an alias.  */
#if defined (__stub_gettosbyname) || defined (__stub___gettosbyname)
choke me
#else
gettosbyname();
#endif

; return 0; }
configure:5945: checking for getuid
configure:5973: gcc -o conftest  -g -O2  -g conftest.c -lutil   1>&5
configure:5945: checking for grantpt
configure:5973: gcc -o conftest  -g -O2  -g conftest.c -lutil   1>&5
configure:5967: Undefined symbol `_grantpt' referenced from text segment
collect2: ld returned 1 exit status
configure: failed program was:
#line 5950 "configure"
#include "confdefs.h"
/* System header to define __stub macros and hopefully few prototypes,
    which can conflict with char grantpt(); below.  */
#include <assert.h>
/* Override any gcc2 internal prototype to avoid an error.  */
/* We use char because int might match the return type of a gcc2
    builtin and then its argument prototype would still apply.  */
char grantpt();

int main() {

/* The GNU C library defines this for functions which it implements
    to always fail with ENOSYS.  Some functions are actually named
    something starting with __ and the normal name is an alias.  */
#if defined (__stub_grantpt) || defined (__stub___grantpt)
choke me
#else
grantpt();
#endif

; return 0; }
configure:5945: checking for mktime
configure:5973: gcc -o conftest  -g -O2  -g conftest.c -lutil   1>&5
configure:5945: checking for on_exit
configure:5973: gcc -o conftest  -g -O2  -g conftest.c -lutil   1>&5
configure:5967: Undefined symbol `_on_exit' referenced from text segment
collect2: ld returned 1 exit status
configure: failed program was:
#line 5950 "configure"
#include "confdefs.h"
/* System header to define __stub macros and hopefully few prototypes,
    which can conflict with char on_exit(); below.  */
#include <assert.h>
/* Override any gcc2 internal prototype to avoid an error.  */
/* We use char because int might match the return type of a gcc2
    builtin and then its argument prototype would still apply.  */
char on_exit();

int main() {

/* The GNU C library defines this for functions which it implements
    to always fail with ENOSYS.  Some functions are actually named
    something starting with __ and the normal name is an alias.  */
#if defined (__stub_on_exit) || defined (__stub___on_exit)
choke me
#else
on_exit();
#endif

; return 0; }
configure:5945: checking for parsetos
configure:5973: gcc -o conftest  -g -O2  -g conftest.c -lutil   1>&5
configure:5967: Undefined symbol `_parsetos' referenced from text segment
collect2: ld returned 1 exit status
configure: failed program was:
#line 5950 "configure"
#include "confdefs.h"
/* System header to define __stub macros and hopefully few prototypes,
    which can conflict with char parsetos(); below.  */
#include <assert.h>
/* Override any gcc2 internal prototype to avoid an error.  */
/* We use char because int might match the return type of a gcc2
    builtin and then its argument prototype would still apply.  */
char parsetos();

int main() {

/* The GNU C library defines this for functions which it implements
    to always fail with ENOSYS.  Some functions are actually named
    something starting with __ and the normal name is an alias.  */
#if defined (__stub_parsetos) || defined (__stub___parsetos)
choke me
#else
parsetos();
#endif

; return 0; }
configure:5945: checking for ptsname
configure:5973: gcc -o conftest  -g -O2  -g conftest.c -lutil   1>&5
configure:5967: Undefined symbol `_ptsname' referenced from text segment
collect2: ld returned 1 exit status
configure: failed program was:
#line 5950 "configure"
#include "confdefs.h"
/* System header to define __stub macros and hopefully few prototypes,
    which can conflict with char ptsname(); below.  */
#include <assert.h>
/* Override any gcc2 internal prototype to avoid an error.  */
/* We use char because int might match the return type of a gcc2
    builtin and then its argument prototype would still apply.  */
char ptsname();

int main() {

/* The GNU C library defines this for functions which it implements
    to always fail with ENOSYS.  Some functions are actually named
    something starting with __ and the normal name is an alias.  */
#if defined (__stub_ptsname) || defined (__stub___ptsname)
choke me
#else
ptsname();
#endif

; return 0; }
configure:5945: checking for rand
configure:5973: gcc -o conftest  -g -O2  -g conftest.c -lutil   1>&5
configure:5945: checking for random
configure:5973: gcc -o conftest  -g -O2  -g conftest.c -lutil   1>&5
configure:5945: checking for revoke
configure:5973: gcc -o conftest  -g -O2  -g conftest.c -lutil   1>&5
configure:5945: checking for setitimer
configure:5973: gcc -o conftest  -g -O2  -g conftest.c -lutil   1>&5
configure:5945: checking for setpgid
configure:5973: gcc -o conftest  -g -O2  -g conftest.c -lutil   1>&5
configure:5945: checking for setpriority
configure:5973: gcc -o conftest  -g -O2  -g conftest.c -lutil   1>&5
configure:5945: checking for setproctitle
configure:5973: gcc -o conftest  -g -O2  -g conftest.c -lutil   1>&5
configure:5945: checking for setregid
configure:5973: gcc -o conftest  -g -O2  -g conftest.c -lutil   1>&5
configure:5967: warning: this program uses setregid(), which is deprecated.
configure:5945: checking for setresgid
configure:5973: gcc -o conftest  -g -O2  -g conftest.c -lutil   1>&5
configure:5967: Undefined symbol `_setresgid' referenced from text segment
collect2: ld returned 1 exit status
configure: failed program was:
#line 5950 "configure"
#include "confdefs.h"
/* System header to define __stub macros and hopefully few prototypes,
    which can conflict with char setresgid(); below.  */
#include <assert.h>
/* Override any gcc2 internal prototype to avoid an error.  */
/* We use char because int might match the return type of a gcc2
    builtin and then its argument prototype would still apply.  */
char setresgid();

int main() {

/* The GNU C library defines this for functions which it implements
    to always fail with ENOSYS.  Some functions are actually named
    something starting with __ and the normal name is an alias.  */
#if defined (__stub_setresgid) || defined (__stub___setresgid)
choke me
#else
setresgid();
#endif

; return 0; }
configure:5945: checking for setresuid
configure:5973: gcc -o conftest  -g -O2  -g conftest.c -lutil   1>&5
configure:5967: Undefined symbol `_setresuid' referenced from text segment
collect2: ld returned 1 exit status
configure: failed program was:
#line 5950 "configure"
#include "confdefs.h"
/* System header to define __stub macros and hopefully few prototypes,
    which can conflict with char setresuid(); below.  */
#include <assert.h>
/* Override any gcc2 internal prototype to avoid an error.  */
/* We use char because int might match the return type of a gcc2
    builtin and then its argument prototype would still apply.  */
char setresuid();

int main() {

/* The GNU C library defines this for functions which it implements
    to always fail with ENOSYS.  Some functions are actually named
    something starting with __ and the normal name is an alias.  */
#if defined (__stub_setresuid) || defined (__stub___setresuid)
choke me
#else
setresuid();
#endif

; return 0; }
configure:5945: checking for setreuid
configure:5973: gcc -o conftest  -g -O2  -g conftest.c -lutil   1>&5
configure:5967: warning: this program uses setreuid(), which is deprecated.
configure:5945: checking for setsid
configure:5973: gcc -o conftest  -g -O2  -g conftest.c -lutil   1>&5
configure:5945: checking for setutent
configure:5973: gcc -o conftest  -g -O2  -g conftest.c -lutil   1>&5
configure:5967: Undefined symbol `_setutent' referenced from text segment
collect2: ld returned 1 exit status
configure: failed program was:
#line 5950 "configure"
#include "confdefs.h"
/* System header to define __stub macros and hopefully few prototypes,
    which can conflict with char setutent(); below.  */
#include <assert.h>
/* Override any gcc2 internal prototype to avoid an error.  */
/* We use char because int might match the return type of a gcc2
    builtin and then its argument prototype would still apply.  */
char setutent();

int main() {

/* The GNU C library defines this for functions which it implements
    to always fail with ENOSYS.  Some functions are actually named
    something starting with __ and the normal name is an alias.  */
#if defined (__stub_setutent) || defined (__stub___setutent)
choke me
#else
setutent();
#endif

; return 0; }
configure:5945: checking for sigaction
configure:5973: gcc -o conftest  -g -O2  -g conftest.c -lutil   1>&5
configure:5945: checking for sysconf
configure:5973: gcc -o conftest  -g -O2  -g conftest.c -lutil   1>&5
configure:5945: checking for sysctl
configure:5973: gcc -o conftest  -g -O2  -g conftest.c -lutil   1>&5
configure:5945: checking for ttyname
configure:5973: gcc -o conftest  -g -O2  -g conftest.c -lutil   1>&5
configure:5945: checking for ttyslot
configure:5973: gcc -o conftest  -g -O2  -g conftest.c -lutil   1>&5
configure:5945: checking for ulimit
configure:5973: gcc -o conftest  -g -O2  -g conftest.c -lutil   1>&5
configure:5967: Undefined symbol `_ulimit' referenced from text segment
collect2: ld returned 1 exit status
configure: failed program was:
#line 5950 "configure"
#include "confdefs.h"
/* System header to define __stub macros and hopefully few prototypes,
    which can conflict with char ulimit(); below.  */
#include <assert.h>
/* Override any gcc2 internal prototype to avoid an error.  */
/* We use char because int might match the return type of a gcc2
    builtin and then its argument prototype would still apply.  */
char ulimit();

int main() {

/* The GNU C library defines this for functions which it implements
    to always fail with ENOSYS.  Some functions are actually named
    something starting with __ and the normal name is an alias.  */
#if defined (__stub_ulimit) || defined (__stub___ulimit)
choke me
#else
ulimit();
#endif

; return 0; }
configure:5945: checking for uname
configure:5973: gcc -o conftest  -g -O2  -g conftest.c -lutil   1>&5
configure:5945: checking for unlockpt
configure:5973: gcc -o conftest  -g -O2  -g conftest.c -lutil   1>&5
configure:5967: Undefined symbol `_unlockpt' referenced from text segment
collect2: ld returned 1 exit status
configure: failed program was:
#line 5950 "configure"
#include "confdefs.h"
/* System header to define __stub macros and hopefully few prototypes,
    which can conflict with char unlockpt(); below.  */
#include <assert.h>
/* Override any gcc2 internal prototype to avoid an error.  */
/* We use char because int might match the return type of a gcc2
    builtin and then its argument prototype would still apply.  */
char unlockpt();

int main() {

/* The GNU C library defines this for functions which it implements
    to always fail with ENOSYS.  Some functions are actually named
    something starting with __ and the normal name is an alias.  */
#if defined (__stub_unlockpt) || defined (__stub___unlockpt)
choke me
#else
unlockpt();
#endif

; return 0; }
configure:5945: checking for vasnprintf
configure:5973: gcc -o conftest  -g -O2  -g conftest.c -lutil   1>&5
configure:5967: Undefined symbol `_vasnprintf' referenced from text segment
collect2: ld returned 1 exit status
configure: failed program was:
#line 5950 "configure"
#include "confdefs.h"
/* System header to define __stub macros and hopefully few prototypes,
    which can conflict with char vasnprintf(); below.  */
#include <assert.h>
/* Override any gcc2 internal prototype to avoid an error.  */
/* We use char because int might match the return type of a gcc2
    builtin and then its argument prototype would still apply.  */
char vasnprintf();

int main() {

/* The GNU C library defines this for functions which it implements
    to always fail with ENOSYS.  Some functions are actually named
    something starting with __ and the normal name is an alias.  */
#if defined (__stub_vasnprintf) || defined (__stub___vasnprintf)
choke me
#else
vasnprintf();
#endif

; return 0; }
configure:5945: checking for vasprintf
configure:5973: gcc -o conftest  -g -O2  -g conftest.c -lutil   1>&5
configure:5945: checking for vhangup
configure:5973: gcc -o conftest  -g -O2  -g conftest.c -lutil   1>&5
configure:5967: Undefined symbol `_vhangup' referenced from text segment
collect2: ld returned 1 exit status
configure: failed program was:
#line 5950 "configure"
#include "confdefs.h"
/* System header to define __stub macros and hopefully few prototypes,
    which can conflict with char vhangup(); below.  */
#include <assert.h>
/* Override any gcc2 internal prototype to avoid an error.  */
/* We use char because int might match the return type of a gcc2
    builtin and then its argument prototype would still apply.  */
char vhangup();

int main() {

/* The GNU C library defines this for functions which it implements
    to always fail with ENOSYS.  Some functions are actually named
    something starting with __ and the normal name is an alias.  */
#if defined (__stub_vhangup) || defined (__stub___vhangup)
choke me
#else
vhangup();
#endif

; return 0; }
configure:5945: checking for vsnprintf
configure:5973: gcc -o conftest  -g -O2  -g conftest.c -lutil   1>&5
configure:5945: checking for yp_get_default_domain
configure:5973: gcc -o conftest  -g -O2  -g conftest.c -lutil   1>&5
configure:6004: checking for capability.h
configure:6004: checking for sys/capability.h
configure:6014: gcc -E  conftest.c >/dev/null 2>conftest.out
configure:6010: sys/capability.h: No such file or directory
configure: failed program was:
#line 6009 "configure"
#include "confdefs.h"
#include <sys/capability.h>
configure:6044: checking for sgi_getcapabilitybyname
configure:6072: gcc -o conftest  -g -O2  -g conftest.c -lutil   1>&5
configure:6066: Undefined symbol `_sgi_getcapabilitybyname' referenced from text segment
collect2: ld returned 1 exit status
configure: failed program was:
#line 6049 "configure"
#include "confdefs.h"
/* System header to define __stub macros and hopefully few prototypes,
    which can conflict with char sgi_getcapabilitybyname(); below.  */
#include <assert.h>
/* Override any gcc2 internal prototype to avoid an error.  */
/* We use char because int might match the return type of a gcc2
    builtin and then its argument prototype would still apply.  */
char sgi_getcapabilitybyname();

int main() {

/* The GNU C library defines this for functions which it implements
    to always fail with ENOSYS.  Some functions are actually named
    something starting with __ and the normal name is an alias.  */
#if defined (__stub_sgi_getcapabilitybyname) || defined (__stub___sgi_getcapabilitybyname)
choke me
#else
sgi_getcapabilitybyname();
#endif

; return 0; }
configure:6044: checking for cap_set_proc
configure:6072: gcc -o conftest  -g -O2  -g conftest.c -lutil   1>&5
configure:6066: Undefined symbol `_cap_set_proc' referenced from text segment
collect2: ld returned 1 exit status
configure: failed program was:
#line 6049 "configure"
#include "confdefs.h"
/* System header to define __stub macros and hopefully few prototypes,
    which can conflict with char cap_set_proc(); below.  */
#include <assert.h>
/* Override any gcc2 internal prototype to avoid an error.  */
/* We use char because int might match the return type of a gcc2
    builtin and then its argument prototype would still apply.  */
char cap_set_proc();

int main() {

/* The GNU C library defines this for functions which it implements
    to always fail with ENOSYS.  Some functions are actually named
    something starting with __ and the normal name is an alias.  */
#if defined (__stub_cap_set_proc) || defined (__stub___cap_set_proc)
choke me
#else
cap_set_proc();
#endif

; return 0; }
configure:6103: checking for getpwnam_r
configure:6125: gcc -o conftest  -g -O2  -g conftest.c    -lutil   1>&5
configure:6121: Undefined symbol `_getpwnam_r' referenced from text segment
collect2: ld returned 1 exit status
configure: failed program was:
#line 6118 "configure"
#include "confdefs.h"

int main() {
getpwnam_r()
; return 0; }
configure:6125: gcc -o conftest  -g -O2  -g conftest.c  -lc_r  -lutil   1>&5
configure:6121: Undefined symbol `_getpwnam_r' referenced from text segment
collect2: ld returned 1 exit status
configure: failed program was:
#line 6118 "configure"
#include "confdefs.h"

int main() {
getpwnam_r()
; return 0; }
configure:6236: checking for getsockopt
configure:6263: gcc -o conftest  -g -O2  -g conftest.c    -lutil   1>&5
configure:6326: checking for setsockopt
configure:6353: gcc -o conftest  -g -O2  -g conftest.c    -lutil   1>&5
configure:6416: checking for getudbnam
configure:6444: gcc -o conftest  -g -O2  -g conftest.c -lutil   1>&5
configure:6438: Undefined symbol `_getudbnam' referenced from text segment
collect2: ld returned 1 exit status
configure: failed program was:
#line 6421 "configure"
#include "confdefs.h"
/* System header to define __stub macros and hopefully few prototypes,
    which can conflict with char getudbnam(); below.  */
#include <assert.h>
/* Override any gcc2 internal prototype to avoid an error.  */
/* We use char because int might match the return type of a gcc2
    builtin and then its argument prototype would still apply.  */
char getudbnam();

int main() {

/* The GNU C library defines this for functions which it implements
    to always fail with ENOSYS.  Some functions are actually named
    something starting with __ and the normal name is an alias.  */
#if defined (__stub_getudbnam) || defined (__stub___getudbnam)
choke me
#else
getudbnam();
#endif

; return 0; }
configure:6416: checking for setlim
configure:6444: gcc -o conftest  -g -O2  -g conftest.c -lutil   1>&5
configure:6438: Undefined symbol `_setlim' referenced from text segment
collect2: ld returned 1 exit status
configure: failed program was:
#line 6421 "configure"
#include "confdefs.h"
/* System header to define __stub macros and hopefully few prototypes,
    which can conflict with char setlim(); below.  */
#include <assert.h>
/* Override any gcc2 internal prototype to avoid an error.  */
/* We use char because int might match the return type of a gcc2
    builtin and then its argument prototype would still apply.  */
char setlim();

int main() {

/* The GNU C library defines this for functions which it implements
    to always fail with ENOSYS.  Some functions are actually named
    something starting with __ and the normal name is an alias.  */
#if defined (__stub_setlim) || defined (__stub___setlim)
choke me
#else
setlim();
#endif

; return 0; }
configure:6474: checking for res_search
configure:6510: gcc -o conftest  -g -O2  -g conftest.c    -lutil   1>&5
configure:6579: checking for dn_expand
configure:6615: gcc -o conftest  -g -O2  -g conftest.c    -lutil   1>&5
configure:6684: checking for unistd.h
configure:6723: checking for getpagesize
configure:6751: gcc -o conftest  -g -O2  -g conftest.c -lutil   1>&5
configure:6776: checking for working mmap
configure:6924: gcc -o conftest  -g -O2  -g conftest.c -lutil   1>&5
configure:6949: checking for working alloca.h
configure:6961: gcc -o conftest  -g -O2  -g conftest.c -lutil   1>&5
configure:6955: alloca.h: No such file or directory
configure: failed program was:
#line 6954 "configure"
#include "confdefs.h"
#include <alloca.h>
int main() {
char *p = alloca(2 * sizeof(int));
; return 0; }
configure:6982: checking for alloca
configure:7015: gcc -o conftest  -g -O2  -g conftest.c -lutil   1>&5
configure:7185: checking for getlogin
configure:7213: gcc -o conftest  -g -O2  -g conftest.c -lutil   1>&5
configure:7185: checking for setlogin
configure:7213: gcc -o conftest  -g -O2  -g conftest.c -lutil   1>&5
configure:7239: checking if getlogin is posix
configure:7267: checking for hstrerror
configure:7291: gcc -o conftest  -g -O2  -g conftest.c    -lutil   1>&5
configure:7362: checking if hstrerror needs a prototype
configure:7380: gcc -c  -g -O2  conftest.c 1>&5
configure: In function `main':
configure:7374: conflicting types for `hstrerror'
/usr/include/netdb.h:207: previous declaration of `hstrerror'
configure:7374: warning: extern declaration of `hstrerror' doesn't match global one
configure: failed program was:
#line 7367 "configure"
#include "confdefs.h"

#ifdef HAVE_NETDB_H
#include <netdb.h>
#endif
int main() {
struct foo { int foo; } xx;
extern int hstrerror (struct foo*);
hstrerror(&xx);

; return 0; }
configure:7408: checking for chown
configure:7436: gcc -o conftest  -g -O2  -g conftest.c -lutil   1>&5
configure:7408: checking for copyhostent
configure:7436: gcc -o conftest  -g -O2  -g conftest.c -lutil   1>&5
configure:7430: Undefined symbol `_copyhostent' referenced from text segment
collect2: ld returned 1 exit status
configure: failed program was:
#line 7413 "configure"
#include "confdefs.h"
/* System header to define __stub macros and hopefully few prototypes,
    which can conflict with char copyhostent(); below.  */
#include <assert.h>
/* Override any gcc2 internal prototype to avoid an error.  */
/* We use char because int might match the return type of a gcc2
    builtin and then its argument prototype would still apply.  */
char copyhostent();

int main() {

/* The GNU C library defines this for functions which it implements
    to always fail with ENOSYS.  Some functions are actually named
    something starting with __ and the normal name is an alias.  */
#if defined (__stub_copyhostent) || defined (__stub___copyhostent)
choke me
#else
copyhostent();
#endif

; return 0; }
configure:7408: checking for daemon
configure:7436: gcc -o conftest  -g -O2  -g conftest.c -lutil   1>&5
configure:7408: checking for err
configure:7436: gcc -o conftest  -g -O2  -g conftest.c -lutil   1>&5
configure:7408: checking for errx
configure:7436: gcc -o conftest  -g -O2  -g conftest.c -lutil   1>&5
configure:7408: checking for fchown
configure:7436: gcc -o conftest  -g -O2  -g conftest.c -lutil   1>&5
configure:7408: checking for flock
configure:7436: gcc -o conftest  -g -O2  -g conftest.c -lutil   1>&5
configure:7408: checking for fnmatch
configure:7436: gcc -o conftest  -g -O2  -g conftest.c -lutil   1>&5
configure:7408: checking for freehostent
configure:7436: gcc -o conftest  -g -O2  -g conftest.c -lutil   1>&5
configure:7430: Undefined symbol `_freehostent' referenced from text segment
collect2: ld returned 1 exit status
configure: failed program was:
#line 7413 "configure"
#include "confdefs.h"
/* System header to define __stub macros and hopefully few prototypes,
    which can conflict with char freehostent(); below.  */
#include <assert.h>
/* Override any gcc2 internal prototype to avoid an error.  */
/* We use char because int might match the return type of a gcc2
    builtin and then its argument prototype would still apply.  */
char freehostent();

int main() {

/* The GNU C library defines this for functions which it implements
    to always fail with ENOSYS.  Some functions are actually named
    something starting with __ and the normal name is an alias.  */
#if defined (__stub_freehostent) || defined (__stub___freehostent)
choke me
#else
freehostent();
#endif

; return 0; }
configure:7469: checking for getcwd
configure:7497: gcc -o conftest  -g -O2  -g conftest.c -lutil   1>&5
configure:7469: checking for getdtablesize
configure:7497: gcc -o conftest  -g -O2  -g conftest.c -lutil   1>&5
configure:7469: checking for gethostname
configure:7497: gcc -o conftest  -g -O2  -g conftest.c -lutil   1>&5
configure:7469: checking for getipnodebyaddr
configure:7497: gcc -o conftest  -g -O2  -g conftest.c -lutil   1>&5
configure:7491: Undefined symbol `_getipnodebyaddr' referenced from text segment
collect2: ld returned 1 exit status
configure: failed program was:
#line 7474 "configure"
#include "confdefs.h"
/* System header to define __stub macros and hopefully few prototypes,
    which can conflict with char getipnodebyaddr(); below.  */
#include <assert.h>
/* Override any gcc2 internal prototype to avoid an error.  */
/* We use char because int might match the return type of a gcc2
    builtin and then its argument prototype would still apply.  */
char getipnodebyaddr();

int main() {

/* The GNU C library defines this for functions which it implements
    to always fail with ENOSYS.  Some functions are actually named
    something starting with __ and the normal name is an alias.  */
#if defined (__stub_getipnodebyaddr) || defined (__stub___getipnodebyaddr)
choke me
#else
getipnodebyaddr();
#endif

; return 0; }
configure:7469: checking for getipnodebyname
configure:7497: gcc -o conftest  -g -O2  -g conftest.c -lutil   1>&5
configure:7491: Undefined symbol `_getipnodebyname' referenced from text segment
collect2: ld returned 1 exit status
configure: failed program was:
#line 7474 "configure"
#include "confdefs.h"
/* System header to define __stub macros and hopefully few prototypes,
    which can conflict with char getipnodebyname(); below.  */
#include <assert.h>
/* Override any gcc2 internal prototype to avoid an error.  */
/* We use char because int might match the return type of a gcc2
    builtin and then its argument prototype would still apply.  */
char getipnodebyname();

int main() {

/* The GNU C library defines this for functions which it implements
    to always fail with ENOSYS.  Some functions are actually named
    something starting with __ and the normal name is an alias.  */
#if defined (__stub_getipnodebyname) || defined (__stub___getipnodebyname)
choke me
#else
getipnodebyname();
#endif

; return 0; }
configure:7530: checking for geteuid
configure:7558: gcc -o conftest  -g -O2  -g conftest.c -lutil   1>&5
configure:7530: checking for getgid
configure:7558: gcc -o conftest  -g -O2  -g conftest.c -lutil   1>&5
configure:7530: checking for getegid
configure:7558: gcc -o conftest  -g -O2  -g conftest.c -lutil   1>&5
configure:7591: checking for getopt
configure:7619: gcc -o conftest  -g -O2  -g conftest.c -lutil   1>&5
configure:7591: checking for getusershell
configure:7619: gcc -o conftest  -g -O2  -g conftest.c -lutil   1>&5
configure:7652: checking for inet_aton
configure:7680: gcc -o conftest  -g -O2  -g conftest.c -lutil   1>&5
configure:7652: checking for inet_ntop
configure:7680: gcc -o conftest  -g -O2  -g conftest.c -lutil   1>&5
configure:7652: checking for inet_pton
configure:7680: gcc -o conftest  -g -O2  -g conftest.c -lutil   1>&5
configure:7652: checking for initgroups
configure:7680: gcc -o conftest  -g -O2  -g conftest.c -lutil   1>&5
configure:7652: checking for innetgr
configure:7680: gcc -o conftest  -g -O2  -g conftest.c -lutil   1>&5
configure:7652: checking for iruserok
configure:7680: gcc -o conftest  -g -O2  -g conftest.c -lutil   1>&5
configure:7652: checking for lstat
configure:7680: gcc -o conftest  -g -O2  -g conftest.c -lutil   1>&5
configure:7713: checking for memmove
configure:7741: gcc -o conftest  -g -O2  -g conftest.c -lutil   1>&5
configure:7774: checking for mkstemp
configure:7802: gcc -o conftest  -g -O2  -g conftest.c -lutil   1>&5
configure:7774: checking for putenv
configure:7802: gcc -o conftest  -g -O2  -g conftest.c -lutil   1>&5
configure:7774: checking for rcmd
configure:7802: gcc -o conftest  -g -O2  -g conftest.c -lutil   1>&5
configure:7774: checking for readv
configure:7802: gcc -o conftest  -g -O2  -g conftest.c -lutil   1>&5
configure:7774: checking for recvmsg
configure:7802: gcc -o conftest  -g -O2  -g conftest.c -lutil   1>&5
configure:7774: checking for sendmsg
configure:7802: gcc -o conftest  -g -O2  -g conftest.c -lutil   1>&5
configure:7774: checking for setegid
configure:7802: gcc -o conftest  -g -O2  -g conftest.c -lutil   1>&5
configure:7774: checking for setenv
configure:7802: gcc -o conftest  -g -O2  -g conftest.c -lutil   1>&5
configure:7774: checking for seteuid
configure:7802: gcc -o conftest  -g -O2  -g conftest.c -lutil   1>&5
configure:7835: checking for strcasecmp
configure:7863: gcc -o conftest  -g -O2  -g conftest.c -lutil   1>&5
configure:7835: checking for strncasecmp
configure:7863: gcc -o conftest  -g -O2  -g conftest.c -lutil   1>&5
configure:7835: checking for strdup
configure:7863: gcc -o conftest  -g -O2  -g conftest.c -lutil   1>&5
configure:7835: checking for strerror
configure:7863: gcc -o conftest  -g -O2  -g conftest.c -lutil   1>&5
configure:7835: checking for strftime
configure:7863: gcc -o conftest  -g -O2  -g conftest.c -lutil   1>&5
configure:7896: checking for strlcat
configure:7924: gcc -o conftest  -g -O2  -g conftest.c -lutil   1>&5
configure:7896: checking for strlcpy
configure:7924: gcc -o conftest  -g -O2  -g conftest.c -lutil   1>&5
configure:7896: checking for strlwr
configure:7924: gcc -o conftest  -g -O2  -g conftest.c -lutil   1>&5
configure:7918: Undefined symbol `_strlwr' referenced from text segment
collect2: ld returned 1 exit status
configure: failed program was:
#line 7901 "configure"
#include "confdefs.h"
/* System header to define __stub macros and hopefully few prototypes,
    which can conflict with char strlwr(); below.  */
#include <assert.h>
/* Override any gcc2 internal prototype to avoid an error.  */
/* We use char because int might match the return type of a gcc2
    builtin and then its argument prototype would still apply.  */
char strlwr();

int main() {

/* The GNU C library defines this for functions which it implements
    to always fail with ENOSYS.  Some functions are actually named
    something starting with __ and the normal name is an alias.  */
#if defined (__stub_strlwr) || defined (__stub___strlwr)
choke me
#else
strlwr();
#endif

; return 0; }
configure:7957: checking for strndup
configure:7985: gcc -o conftest  -g -O2  -g conftest.c -lutil   1>&5
configure:7979: Undefined symbol `_strndup' referenced from text segment
collect2: ld returned 1 exit status
configure: failed program was:
#line 7962 "configure"
#include "confdefs.h"
/* System header to define __stub macros and hopefully few prototypes,
    which can conflict with char strndup(); below.  */
#include <assert.h>
/* Override any gcc2 internal prototype to avoid an error.  */
/* We use char because int might match the return type of a gcc2
    builtin and then its argument prototype would still apply.  */
char strndup();

int main() {

/* The GNU C library defines this for functions which it implements
    to always fail with ENOSYS.  Some functions are actually named
    something starting with __ and the normal name is an alias.  */
#if defined (__stub_strndup) || defined (__stub___strndup)
choke me
#else
strndup();
#endif

; return 0; }
configure:7957: checking for strnlen
configure:7985: gcc -o conftest  -g -O2  -g conftest.c -lutil   1>&5
configure:7979: Undefined symbol `_strnlen' referenced from text segment
collect2: ld returned 1 exit status
configure: failed program was:
#line 7962 "configure"
#include "confdefs.h"
/* System header to define __stub macros and hopefully few prototypes,
    which can conflict with char strnlen(); below.  */
#include <assert.h>
/* Override any gcc2 internal prototype to avoid an error.  */
/* We use char because int might match the return type of a gcc2
    builtin and then its argument prototype would still apply.  */
char strnlen();

int main() {

/* The GNU C library defines this for functions which it implements
    to always fail with ENOSYS.  Some functions are actually named
    something starting with __ and the normal name is an alias.  */
#if defined (__stub_strnlen) || defined (__stub___strnlen)
choke me
#else
strnlen();
#endif

; return 0; }
configure:7957: checking for strptime
configure:7985: gcc -o conftest  -g -O2  -g conftest.c -lutil   1>&5
configure:7957: checking for strsep
configure:7985: gcc -o conftest  -g -O2  -g conftest.c -lutil   1>&5
configure:7957: checking for strtok_r
configure:7985: gcc -o conftest  -g -O2  -g conftest.c -lutil   1>&5
configure:7957: checking for strupr
configure:7985: gcc -o conftest  -g -O2  -g conftest.c -lutil   1>&5
configure:7979: Undefined symbol `_strupr' referenced from text segment
collect2: ld returned 1 exit status
configure: failed program was:
#line 7962 "configure"
#include "confdefs.h"
/* System header to define __stub macros and hopefully few prototypes,
    which can conflict with char strupr(); below.  */
#include <assert.h>
/* Override any gcc2 internal prototype to avoid an error.  */
/* We use char because int might match the return type of a gcc2
    builtin and then its argument prototype would still apply.  */
char strupr();

int main() {

/* The GNU C library defines this for functions which it implements
    to always fail with ENOSYS.  Some functions are actually named
    something starting with __ and the normal name is an alias.  */
#if defined (__stub_strupr) || defined (__stub___strupr)
choke me
#else
strupr();
#endif

; return 0; }
configure:8018: checking for swab
configure:8046: gcc -o conftest  -g -O2  -g conftest.c -lutil   1>&5
configure:8018: checking for unsetenv
configure:8046: gcc -o conftest  -g -O2  -g conftest.c -lutil   1>&5
configure:8018: checking for verr
configure:8046: gcc -o conftest  -g -O2  -g conftest.c -lutil   1>&5
configure:8018: checking for verrx
configure:8046: gcc -o conftest  -g -O2  -g conftest.c -lutil   1>&5
configure:8018: checking for vsyslog
configure:8046: gcc -o conftest  -g -O2  -g conftest.c -lutil   1>&5
configure:8079: checking for vwarn
configure:8107: gcc -o conftest  -g -O2  -g conftest.c -lutil   1>&5
configure:8079: checking for vwarnx
configure:8107: gcc -o conftest  -g -O2  -g conftest.c -lutil   1>&5
configure:8079: checking for warn
configure:8107: gcc -o conftest  -g -O2  -g conftest.c -lutil   1>&5
configure:8079: checking for warnx
configure:8107: gcc -o conftest  -g -O2  -g conftest.c -lutil   1>&5
configure:8079: checking for writev
configure:8107: gcc -o conftest  -g -O2  -g conftest.c -lutil   1>&5
configure:8142: checking if gethostname needs a prototype
configure:8158: gcc -c  -g -O2  conftest.c 1>&5
configure: In function `main':
configure:8152: conflicting types for `gethostname'
/usr/include/unistd.h:143: previous declaration of `gethostname'
configure:8152: warning: extern declaration of `gethostname' doesn't match global one
configure: failed program was:
#line 8147 "configure"
#include "confdefs.h"

#include <unistd.h>
int main() {
struct foo { int foo; } xx;
extern int gethostname (struct foo*);
gethostname(&xx);

; return 0; }
configure:8187: checking if mkstemp needs a prototype
configure:8203: gcc -c  -g -O2  conftest.c 1>&5
configure: In function `main':
configure:8197: conflicting types for `mkstemp'
/usr/include/unistd.h:154: previous declaration of `mkstemp'
configure:8197: warning: extern declaration of `mkstemp' doesn't match global one
configure: failed program was:
#line 8192 "configure"
#include "confdefs.h"

#include <unistd.h>
int main() {
struct foo { int foo; } xx;
extern int mkstemp (struct foo*);
mkstemp(&xx);

; return 0; }
configure:8232: checking if inet_aton needs a prototype
configure:8259: gcc -c  -g -O2  conftest.c 1>&5
configure: In function `main':
configure:8253: conflicting types for `inet_aton'
/usr/include/arpa/inet.h:78: previous declaration of `inet_aton'
configure:8253: warning: extern declaration of `inet_aton' doesn't match global one
configure: failed program was:
#line 8237 "configure"
#include "confdefs.h"

#ifdef HAVE_SYS_TYPES_H
#include <sys/types.h>
#endif
#ifdef HAVE_SYS_SOCKET_H
#include <sys/socket.h>
#endif
#ifdef HAVE_NETINET_IN_H
#include <netinet/in.h>
#endif
#ifdef HAVE_ARPA_INET_H
#include <arpa/inet.h>
#endif
int main() {
struct foo { int foo; } xx;
extern int inet_aton (struct foo*);
inet_aton(&xx);

; return 0; }
configure:8285: checking if realloc is broken
configure:8307: gcc -o conftest  -g -O2  -g conftest.c -lutil   1>&5
configure:8333: checking if getcwd is broken
configure:8366: gcc -o conftest  -g -O2  -g conftest.c -lutil   1>&5
configure: failed program was:
#line 8344 "configure"
#include "confdefs.h"

#include <errno.h>
char *getcwd(char*, int);

void *popen(char *cmd, char *mode)
{
	errno = ENOTTY;
	return 0;
}

int main()
{
	char *ret;
	ret = getcwd(0, 1024);
	if(ret == 0 && errno == ENOTTY)
		return 0;
	return 1;
}

configure:8395: checking which authentication modules should be built
configure:8417: checking if gethostbyname is compatible with system prototype
configure:8445: gcc -c  -g -O2  conftest.c 1>&5
configure:8470: checking if gethostbyaddr is compatible with system prototype
configure:8498: gcc -c  -g -O2  conftest.c 1>&5
configure: In function `main':
configure:8494: conflicting types for `gethostbyaddr'
/usr/include/netdb.h:193: previous declaration of `gethostbyaddr'
configure:8494: warning: extern declaration of `gethostbyaddr' doesn't match global one
configure: failed program was:
#line 8475 "configure"
#include "confdefs.h"

#ifdef HAVE_SYS_TYPES_H
#include <sys/types.h>
#endif
#ifdef HAVE_SYS_SOCKET_H
#include <sys/socket.h>
#endif
#ifdef HAVE_NETINET_IN_H
#include <netinet/in.h>
#endif
#ifdef HAVE_ARPA_INET_H
#include <arpa/inet.h>
#endif
#ifdef HAVE_NETDB_H
#include <netdb.h>
#endif

int main() {
struct hostent *gethostbyaddr(const void *, size_t, int);
; return 0; }
configure:8523: checking if getservbyname is compatible with system prototype
configure:8551: gcc -c  -g -O2  conftest.c 1>&5
configure:8576: checking if openlog is compatible with system prototype
configure:8592: gcc -c  -g -O2  conftest.c 1>&5
configure:8618: checking if crypt needs a prototype
configure:8640: gcc -c  -g -O2  conftest.c 1>&5
configure: In function `main':
configure:8634: conflicting types for `crypt'
/usr/include/unistd.h:128: previous declaration of `crypt'
configure:8634: warning: extern declaration of `crypt' doesn't match global one
configure: failed program was:
#line 8623 "configure"
#include "confdefs.h"

#ifdef HAVE_CRYPT_H
#include <crypt.h>
#endif
#ifdef HAVE_UNISTD_H
#include <unistd.h>
#endif

int main() {
struct foo { int foo; } xx;
extern int crypt (struct foo*);
crypt(&xx);

; return 0; }
configure:8667: checking if fclose needs a prototype
configure:8684: gcc -c  -g -O2  conftest.c 1>&5
configure: In function `main':
configure:8678: conflicting types for `fclose'
/usr/include/stdio.h:214: previous declaration of `fclose'
configure:8678: warning: extern declaration of `fclose' doesn't match global one
configure: failed program was:
#line 8672 "configure"
#include "confdefs.h"

#include <stdio.h>

int main() {
struct foo { int foo; } xx;
extern int fclose (struct foo*);
fclose(&xx);

; return 0; }
configure:8711: checking if strtok_r needs a prototype
configure:8728: gcc -c  -g -O2  conftest.c 1>&5
configure: In function `main':
configure:8722: conflicting types for `strtok_r'
/usr/include/string.h:80: previous declaration of `strtok_r'
configure:8722: warning: extern declaration of `strtok_r' doesn't match global one
configure: failed program was:
#line 8716 "configure"
#include "confdefs.h"

#include <string.h>

int main() {
struct foo { int foo; } xx;
extern int strtok_r (struct foo*);
strtok_r(&xx);

; return 0; }
configure:8755: checking if strsep needs a prototype
configure:8772: gcc -c  -g -O2  conftest.c 1>&5
configure: In function `main':
configure:8766: conflicting types for `strsep'
/usr/include/string.h:98: previous declaration of `strsep'
configure:8766: warning: extern declaration of `strsep' doesn't match global one
configure: failed program was:
#line 8760 "configure"
#include "confdefs.h"

#include <string.h>

int main() {
struct foo { int foo; } xx;
extern int strsep (struct foo*);
strsep(&xx);

; return 0; }
configure:8799: checking if getusershell needs a prototype
configure:8816: gcc -c  -g -O2  conftest.c 1>&5
configure: In function `main':
configure:8810: conflicting types for `getusershell'
/usr/include/unistd.h:147: previous declaration of `getusershell'
configure:8810: warning: extern declaration of `getusershell' doesn't match global one
configure: failed program was:
#line 8804 "configure"
#include "confdefs.h"

#include <unistd.h>

int main() {
struct foo { int foo; } xx;
extern int getusershell (struct foo*);
getusershell(&xx);

; return 0; }
configure:8843: checking if utime needs a prototype
configure:8862: gcc -c  -g -O2  conftest.c 1>&5
configure: In function `main':
configure:8856: conflicting types for `utime'
/usr/include/utime.h:57: previous declaration of `utime'
configure:8856: warning: extern declaration of `utime' doesn't match global one
configure: failed program was:
#line 8848 "configure"
#include "confdefs.h"

#ifdef HAVE_UTIME_H
#include <utime.h>
#endif

int main() {
struct foo { int foo; } xx;
extern int utime (struct foo*);
utime(&xx);

; return 0; }
configure:8888: checking for h_errno
configure:8902: gcc -o conftest  -g -O2  -g conftest.c -lutil   1>&5
configure:8925: checking if h_errno is properly declared
configure:8944: gcc -c  -g -O2  conftest.c 1>&5
configure:8938: conflicting types for `h_errno'
/usr/include/netdb.h:87: previous declaration of `h_errno'
configure: failed program was:
#line 8931 "configure"
#include "confdefs.h"
#ifdef HAVE_SYS_TYPES_H
#include <sys/types.h>
#endif
#ifdef HAVE_NETDB_H
#include <netdb.h>
#endif
extern struct { int foo; } h_errno;
int main() {
h_errno.foo = 1;
; return 0; }
configure:8975: checking for h_errlist
configure:8989: gcc -o conftest  -g -O2  -g conftest.c -lutil   1>&5
configure:9012: checking if h_errlist is properly declared
configure:9028: gcc -c  -g -O2  conftest.c 1>&5
configure:9059: checking for h_nerr
configure:9073: gcc -o conftest  -g -O2  -g conftest.c -lutil   1>&5
configure:9096: checking if h_nerr is properly declared
configure:9112: gcc -c  -g -O2  conftest.c 1>&5
configure:9143: checking for __progname
configure:9157: gcc -o conftest  -g -O2  -g conftest.c -lutil   1>&5
configure:9180: checking if __progname is properly declared
configure:9196: gcc -c  -g -O2  conftest.c 1>&5
configure:9227: checking if optarg is properly declared
configure:9244: gcc -c  -g -O2  conftest.c 1>&5
configure:9238: conflicting types for `optarg'
/usr/include/unistd.h:216: previous declaration of `optarg'
configure: failed program was:
#line 9233 "configure"
#include "confdefs.h"
#include <stdlib.h>
#ifdef HAVE_UNISTD_H
#include <unistd.h>
#endif
extern struct { int foo; } optarg;
int main() {
optarg.foo = 1;
; return 0; }
configure:9271: checking if optind is properly declared
configure:9288: gcc -c  -g -O2  conftest.c 1>&5
configure:9282: conflicting types for `optind'
/usr/include/unistd.h:218: previous declaration of `optind'
configure: failed program was:
#line 9277 "configure"
#include "confdefs.h"
#include <stdlib.h>
#ifdef HAVE_UNISTD_H
#include <unistd.h>
#endif
extern struct { int foo; } optind;
int main() {
optind.foo = 1;
; return 0; }
configure:9315: checking if opterr is properly declared
configure:9332: gcc -c  -g -O2  conftest.c 1>&5
configure:9326: conflicting types for `opterr'
/usr/include/unistd.h:217: previous declaration of `opterr'
configure: failed program was:
#line 9321 "configure"
#include "confdefs.h"
#include <stdlib.h>
#ifdef HAVE_UNISTD_H
#include <unistd.h>
#endif
extern struct { int foo; } opterr;
int main() {
opterr.foo = 1;
; return 0; }
configure:9359: checking if optopt is properly declared
configure:9376: gcc -c  -g -O2  conftest.c 1>&5
configure:9370: conflicting types for `optopt'
/usr/include/unistd.h:219: previous declaration of `optopt'
configure: failed program was:
#line 9365 "configure"
#include "confdefs.h"
#include <stdlib.h>
#ifdef HAVE_UNISTD_H
#include <unistd.h>
#endif
extern struct { int foo; } optopt;
int main() {
optopt.foo = 1;
; return 0; }
configure:9404: checking if environ is properly declared
configure:9418: gcc -c  -g -O2  conftest.c 1>&5
configure:9445: checking return type of signal handlers
configure:9467: gcc -c  -g -O2  conftest.c 1>&5
configure:9496: checking for ut_addr in struct utmp
configure:9510: gcc -c  -g -O2  conftest.c 1>&5
configure: In function `main':
configure:9506: structure has no member named `ut_addr'
configure: failed program was:
#line 9502 "configure"
#include "confdefs.h"
#include <sys/types.h>
 #include <utmp.h>
int main() {
struct utmp x; x.ut_addr;
; return 0; }
configure:9536: checking for ut_host in struct utmp
configure:9550: gcc -c  -g -O2  conftest.c 1>&5
configure:9576: checking for ut_id in struct utmp
configure:9590: gcc -c  -g -O2  conftest.c 1>&5
configure: In function `main':
configure:9586: structure has no member named `ut_id'
configure: failed program was:
#line 9582 "configure"
#include "confdefs.h"
#include <sys/types.h>
 #include <utmp.h>
int main() {
struct utmp x; x.ut_id;
; return 0; }
configure:9616: checking for ut_pid in struct utmp
configure:9630: gcc -c  -g -O2  conftest.c 1>&5
configure: In function `main':
configure:9626: structure has no member named `ut_pid'
configure: failed program was:
#line 9622 "configure"
#include "confdefs.h"
#include <sys/types.h>
 #include <utmp.h>
int main() {
struct utmp x; x.ut_pid;
; return 0; }
configure:9656: checking for ut_type in struct utmp
configure:9670: gcc -c  -g -O2  conftest.c 1>&5
configure: In function `main':
configure:9666: structure has no member named `ut_type'
configure: failed program was:
#line 9662 "configure"
#include "confdefs.h"
#include <sys/types.h>
 #include <utmp.h>
int main() {
struct utmp x; x.ut_type;
; return 0; }
configure:9696: checking for ut_user in struct utmp
configure:9710: gcc -c  -g -O2  conftest.c 1>&5
configure: In function `main':
configure:9706: structure has no member named `ut_user'
configure: failed program was:
#line 9702 "configure"
#include "confdefs.h"
#include <sys/types.h>
 #include <utmp.h>
int main() {
struct utmp x; x.ut_user;
; return 0; }
configure:9736: checking for ut_exit in struct utmpx
configure:9750: gcc -c  -g -O2  conftest.c 1>&5
configure: In function `main':
configure:9746: storage size of `x' isn't known
configure: failed program was:
#line 9742 "configure"
#include "confdefs.h"
#include <sys/types.h>
 #include <utmp.h>
int main() {
struct utmpx x; x.ut_exit;
; return 0; }
configure:9776: checking for ut_syslen in struct utmpx
configure:9790: gcc -c  -g -O2  conftest.c 1>&5
configure: In function `main':
configure:9786: storage size of `x' isn't known
configure: failed program was:
#line 9782 "configure"
#include "confdefs.h"
#include <sys/types.h>
 #include <utmp.h>
int main() {
struct utmpx x; x.ut_syslen;
; return 0; }
configure:9818: checking for tm_gmtoff in struct tm
configure:9831: gcc -c  -g -O2  conftest.c 1>&5
configure:9857: checking for tm_zone in struct tm
configure:9870: gcc -c  -g -O2  conftest.c 1>&5
configure:9897: checking for timezone
configure:9911: gcc -o conftest  -g -O2  -g conftest.c -lutil   1>&5
configure:9934: checking if timezone is properly declared
configure:9948: gcc -c  -g -O2  conftest.c 1>&5
configure:9942: `timezone' redeclared as different kind of symbol
/usr/include/time.h:116: previous declaration of `timezone'
configure: failed program was:
#line 9940 "configure"
#include "confdefs.h"
#include <time.h>
extern struct { int foo; } timezone;
int main() {
timezone.foo = 1;
; return 0; }
configure:9980: checking for sa_family_t
configure:9997: gcc -c  -g -O2  conftest.c 1>&5
configure:10026: checking for socklen_t
configure:10043: gcc -c  -g -O2  conftest.c 1>&5
configure:10072: checking for struct sockaddr_storage
configure:10089: gcc -c  -g -O2  conftest.c 1>&5
configure:10117: checking for struct spwd
configure:10133: gcc -c  -g -O2  conftest.c 1>&5
configure: In function `main':
configure:10129: storage size of `foo' isn't known
configure: failed program was:
#line 10123 "configure"
#include "confdefs.h"
#include <pwd.h>
#ifdef HAVE_SHADOW_H
#include <shadow.h>
#endif
int main() {
struct spwd foo;
; return 0; }
configure:10157: checking for st_blksize in struct stat
configure:10170: gcc -c  -g -O2  conftest.c 1>&5
configure:10194: checking for struct winsize
configure:10257: checking for pid_t
configure:10290: checking for uid_t in sys/types.h
configure:10324: checking for off_t
configure:10357: checking for size_t
configure:10391: checking for ssize_t
configure:10429: checking for sig_atomic_t
configure:10465: checking for broken sys/socket.h
configure:10480: gcc -c  -g -O2  conftest.c 1>&5
configure:10497: checking for broken netdb.h
configure:10512: gcc -c  -g -O2  conftest.c 1>&5
configure:10534: checking for sa_len in struct sockaddr
configure:10548: gcc -c  -g -O2  conftest.c 1>&5
configure:10617: checking for getmsg
configure:10645: gcc -o conftest  -g -O2  -g conftest.c -lutil   1>&5
configure:10639: Undefined symbol `_getmsg' referenced from text segment
collect2: ld returned 1 exit status
configure: failed program was:
#line 10622 "configure"
#include "confdefs.h"
/* System header to define __stub macros and hopefully few prototypes,
    which can conflict with char getmsg(); below.  */
#include <assert.h>
/* Override any gcc2 internal prototype to avoid an error.  */
/* We use char because int might match the return type of a gcc2
    builtin and then its argument prototype would still apply.  */
char getmsg();

int main() {

/* The GNU C library defines this for functions which it implements
    to always fail with ENOSYS.  Some functions are actually named
    something starting with __ and the normal name is an alias.  */
#if defined (__stub_getmsg) || defined (__stub___getmsg)
choke me
#else
getmsg();
#endif

; return 0; }
configure:10721: checking for el_init
configure:10743: gcc -o conftest  -g -O2  -g conftest.c   -ltermcap -lutil   1>&5
configure:10739: Undefined symbol `_el_init' referenced from text segment
collect2: ld returned 1 exit status
configure: failed program was:
#line 10736 "configure"
#include "confdefs.h"

int main() {
el_init()
; return 0; }
configure:10743: gcc -o conftest  -g -O2  -g conftest.c  -ledit -ltermcap -lutil   1>&5
configure:10804: checking for four argument el_init
configure:10818: gcc -c  -g -O2  conftest.c 1>&5
configure: In function `main':
configure:10814: too many arguments to function `el_init'
configure: failed program was:
#line 10810 "configure"
#include "confdefs.h"
#include <stdio.h>
			#include <histedit.h>
int main() {
el_init("", NULL, NULL, NULL);
; return 0; }
configure:10846: checking for readline
configure:10868: gcc -o conftest  -g -O2  -g conftest.c    -ltermcap -lutil   1>&5
configure:10864: Undefined symbol `_readline' referenced from text segment
collect2: ld returned 1 exit status
configure: failed program was:
#line 10861 "configure"
#include "confdefs.h"

int main() {
readline()
; return 0; }
configure:10868: gcc -o conftest  -g -O2  -g conftest.c  -ledit  -ltermcap -lutil   1>&5
configure:10864: Undefined symbol `_readline' referenced from text segment
collect2: ld returned 1 exit status
configure: failed program was:
#line 10861 "configure"
#include "confdefs.h"

int main() {
readline()
; return 0; }
configure:10868: gcc -o conftest  -g -O2  -g conftest.c  -lreadline  -ltermcap -lutil   1>&5
configure:10975: checking for streamspty
configure:11001: checking if /bin/ls takes -A
configure:11014: checking for suffix of preformatted manual pages
