#
# mktables.lst -- File list for lib/unicore/mktables.
#
#   Autogenerated starting on 1392527493 (Sat Feb 15 21:11:33 2014)
#
# - First section is input files
#   (lib/unicore/mktables itself is not listed but is automatically considered an input)
# - Section separator is /^=+$/
# - Second section is a list of output files.
# - Lines matching /^\s*#/ are treated as comments
#   which along with blank lines are ignored.
#

# Input files:

ArabicShaping.txt
BidiMirroring.txt
Blocks.txt
CaseFolding.txt
CompositionExclusions.txt
DAge.txt
DCoreProperties.txt
DNormalizationProps.txt
EastAsianWidth.txt
HangulSyllableType.txt
IndicMatraCategory.txt
IndicSyllabicCategory.txt
Jamo.txt
LineBreak.txt
NameAliases.txt
NamedSequences.txt
PropList.txt
PropValueAliases.txt
PropertyAliases.txt
ScriptExtensions.txt
Scripts.txt
SpecialCasing.txt
UnicodeData.txt
auxiliary/GCBTest.txt
auxiliary/GraphemeBreakProperty.txt
auxiliary/SentenceBreakProperty.txt
auxiliary/WordBreakProperty.txt
extracted/DBidiClass.txt
extracted/DBinaryProperties.txt
extracted/DCombiningClass.txt
extracted/DDecompositionType.txt
extracted/DEastAsianWidth.txt
extracted/DGeneralCategory.txt
extracted/DJoinGroup.txt
extracted/DJoinType.txt
extracted/DLineBreak.txt
extracted/DNumType.txt
extracted/DNumValues.txt
version

=================================
# Output files:

../../pod/perluniprops.pod
CombiningClass.pl
Decomposition.pl
Heavy.pl
Name.pl
Name.pm
TestProp.pl
To/Age.pl
To/Bc.pl
To/Bmg.pl
To/Cf.pl
To/Digit.pl
To/Ea.pl
To/Fold.pl
To/GCB.pl
To/Gc.pl
To/Hst.pl
To/Isc.pl
To/Jg.pl
To/Jt.pl
To/Lb.pl
To/Lc.pl
To/Lower.pl
To/NFCQC.pl
To/NFDQC.pl
To/NFKCCF.pl
To/NFKCQC.pl
To/NFKDQC.pl
To/Na1.pl
To/NameAlia.pl
To/Nt.pl
To/Nv.pl
To/PerlDeci.pl
To/SB.pl
To/Sc.pl
To/Scx.pl
To/Tc.pl
To/Title.pl
To/Uc.pl
To/Upper.pl
To/WB.pl
UCD.pl
lib/AHex/Y.pl
lib/Age/NA.pl
lib/Age/V11.pl
lib/Age/V20.pl
lib/Age/V21.pl
lib/Age/V30.pl
lib/Age/V31.pl
lib/Age/V32.pl
lib/Age/V40.pl
lib/Age/V41.pl
lib/Age/V50.pl
lib/Age/V51.pl
lib/Age/V52.pl
lib/Age/V60.pl
lib/Age/V61.pl
lib/Age/V62.pl
lib/Alpha/Y.pl
lib/Bc/AL.pl
lib/Bc/AN.pl
lib/Bc/B.pl
lib/Bc/BN.pl
lib/Bc/CS.pl
lib/Bc/EN.pl
lib/Bc/ES.pl
lib/Bc/ET.pl
lib/Bc/L.pl
lib/Bc/LRE.pl
lib/Bc/LRO.pl
lib/Bc/NSM.pl
lib/Bc/ON.pl
lib/Bc/PDF.pl
lib/Bc/R.pl
lib/Bc/RLE.pl
lib/Bc/RLO.pl
lib/Bc/S.pl
lib/Bc/WS.pl
lib/BidiC/Y.pl
lib/BidiM/Y.pl
lib/Blk/ASCII.pl
lib/Blk/AegeanNu.pl
lib/Blk/Alchemic.pl
lib/Blk/Alphabet.pl
lib/Blk/Ancient2.pl
lib/Blk/AncientG.pl
lib/Blk/AncientS.pl
lib/Blk/Arabic.pl
lib/Blk/ArabicEx.pl
lib/Blk/ArabicMa.pl
lib/Blk/ArabicP2.pl
lib/Blk/ArabicPF.pl
lib/Blk/ArabicSu.pl
lib/Blk/Armenian.pl
lib/Blk/Arrows.pl
lib/Blk/Avestan.pl
lib/Blk/Balinese.pl
lib/Blk/Bamum.pl
lib/Blk/BamumSup.pl
lib/Blk/Batak.pl
lib/Blk/Bengali.pl
lib/Blk/BlockEle.pl
lib/Blk/Bopomof2.pl
lib/Blk/Bopomofo.pl
lib/Blk/BoxDrawi.pl
lib/Blk/Brahmi.pl
lib/Blk/Braille.pl
lib/Blk/Buginese.pl
lib/Blk/Buhid.pl
lib/Blk/Byzantin.pl
lib/Blk/CJK.pl
lib/Blk/CJKComp2.pl
lib/Blk/CJKComp3.pl
lib/Blk/CJKComp4.pl
lib/Blk/CJKCompa.pl
lib/Blk/CJKExtA.pl
lib/Blk/CJKExtB.pl
lib/Blk/CJKExtC.pl
lib/Blk/CJKExtD.pl
lib/Blk/CJKRadic.pl
lib/Blk/CJKStrok.pl
lib/Blk/CJKSymbo.pl
lib/Blk/Carian.pl
lib/Blk/Chakma.pl
lib/Blk/Cham.pl
lib/Blk/Cherokee.pl
lib/Blk/CompatJa.pl
lib/Blk/ControlP.pl
lib/Blk/Coptic.pl
lib/Blk/Counting.pl
lib/Blk/Cuneifo2.pl
lib/Blk/Cuneifor.pl
lib/Blk/Currency.pl
lib/Blk/CypriotS.pl
lib/Blk/Cyrilli2.pl
lib/Blk/Cyrilli3.pl
lib/Blk/Cyrilli4.pl
lib/Blk/Cyrillic.pl
lib/Blk/Deseret.pl
lib/Blk/Devanag2.pl
lib/Blk/Devanaga.pl
lib/Blk/Diacrit2.pl
lib/Blk/Diacrit3.pl
lib/Blk/Diacriti.pl
lib/Blk/Dingbats.pl
lib/Blk/Domino.pl
lib/Blk/Egyptian.pl
lib/Blk/Emoticon.pl
lib/Blk/Enclose2.pl
lib/Blk/Enclose3.pl
lib/Blk/Enclose4.pl
lib/Blk/Enclosed.pl
lib/Blk/Ethiopi2.pl
lib/Blk/Ethiopi3.pl
lib/Blk/Ethiopi4.pl
lib/Blk/Ethiopic.pl
lib/Blk/Geometri.pl
lib/Blk/Georgia2.pl
lib/Blk/Georgian.pl
lib/Blk/Glagolit.pl
lib/Blk/Gothic.pl
lib/Blk/Greek.pl
lib/Blk/GreekExt.pl
lib/Blk/Gujarati.pl
lib/Blk/Gurmukhi.pl
lib/Blk/HalfAndF.pl
lib/Blk/HalfMark.pl
lib/Blk/Hangul.pl
lib/Blk/Hanunoo.pl
lib/Blk/Hebrew.pl
lib/Blk/HighPUSu.pl
lib/Blk/HighSurr.pl
lib/Blk/Hiragana.pl
lib/Blk/IDC.pl
lib/Blk/IPAExt.pl
lib/Blk/Imperial.pl
lib/Blk/IndicNum.pl
lib/Blk/Inscrip2.pl
lib/Blk/Inscript.pl
lib/Blk/Jamo.pl
lib/Blk/JamoExtA.pl
lib/Blk/JamoExtB.pl
lib/Blk/Javanese.pl
lib/Blk/Kaithi.pl
lib/Blk/KanaSup.pl
lib/Blk/Kanbun.pl
lib/Blk/Kangxi.pl
lib/Blk/Kannada.pl
lib/Blk/Katakan2.pl
lib/Blk/Katakana.pl
lib/Blk/KayahLi.pl
lib/Blk/Kharosht.pl
lib/Blk/Khmer.pl
lib/Blk/KhmerSym.pl
lib/Blk/Lao.pl
lib/Blk/Latin1.pl
lib/Blk/LatinEx2.pl
lib/Blk/LatinEx3.pl
lib/Blk/LatinEx4.pl
lib/Blk/LatinEx5.pl
lib/Blk/LatinExt.pl
lib/Blk/Lepcha.pl
lib/Blk/Letterli.pl
lib/Blk/Limbu.pl
lib/Blk/LinearBI.pl
lib/Blk/LinearBS.pl
lib/Blk/Lisu.pl
lib/Blk/LowSurro.pl
lib/Blk/Lycian.pl
lib/Blk/Lydian.pl
lib/Blk/Mahjong.pl
lib/Blk/Malayala.pl
lib/Blk/Mandaic.pl
lib/Blk/MathAlph.pl
lib/Blk/MathOper.pl
lib/Blk/MeeteiM2.pl
lib/Blk/MeeteiMa.pl
lib/Blk/Meroiti2.pl
lib/Blk/Meroitic.pl
lib/Blk/Miao.pl
lib/Blk/MiscArro.pl
lib/Blk/MiscMat2.pl
lib/Blk/MiscMath.pl
lib/Blk/MiscPict.pl
lib/Blk/MiscSymb.pl
lib/Blk/MiscTech.pl
lib/Blk/Modifie2.pl
lib/Blk/Modifier.pl
lib/Blk/Mongolia.pl
lib/Blk/Music.pl
lib/Blk/Myanmar.pl
lib/Blk/MyanmarE.pl
lib/Blk/NB.pl
lib/Blk/NKo.pl
lib/Blk/NewTaiLu.pl
lib/Blk/NumberFo.pl
lib/Blk/OCR.pl
lib/Blk/Ogham.pl
lib/Blk/OlChiki.pl
lib/Blk/OldItali.pl
lib/Blk/OldPersi.pl
lib/Blk/OldSouth.pl
lib/Blk/OldTurki.pl
lib/Blk/Oriya.pl
lib/Blk/Osmanya.pl
lib/Blk/PUA.pl
lib/Blk/PhagsPa.pl
lib/Blk/Phaistos.pl
lib/Blk/Phoenici.pl
lib/Blk/Phoneti2.pl
lib/Blk/Phonetic.pl
lib/Blk/PlayingC.pl
lib/Blk/Punctuat.pl
lib/Blk/Rejang.pl
lib/Blk/Rumi.pl
lib/Blk/Runic.pl
lib/Blk/Samarita.pl
lib/Blk/Saurasht.pl
lib/Blk/Sharada.pl
lib/Blk/Shavian.pl
lib/Blk/Sinhala.pl
lib/Blk/SmallFor.pl
lib/Blk/SoraSomp.pl
lib/Blk/Specials.pl
lib/Blk/Sundane2.pl
lib/Blk/Sundanes.pl
lib/Blk/SupArro2.pl
lib/Blk/SupArrow.pl
lib/Blk/SupMathO.pl
lib/Blk/SupPUAA.pl
lib/Blk/SupPUAB.pl
lib/Blk/SupPunct.pl
lib/Blk/SuperAnd.pl
lib/Blk/SylotiNa.pl
lib/Blk/Syriac.pl
lib/Blk/Tagalog.pl
lib/Blk/Tagbanwa.pl
lib/Blk/Tags.pl
lib/Blk/TaiLe.pl
lib/Blk/TaiTham.pl
lib/Blk/TaiViet.pl
lib/Blk/TaiXuanJ.pl
lib/Blk/Takri.pl
lib/Blk/Tamil.pl
lib/Blk/Telugu.pl
lib/Blk/Thaana.pl
lib/Blk/Thai.pl
lib/Blk/Tibetan.pl
lib/Blk/Tifinagh.pl
lib/Blk/Transpor.pl
lib/Blk/UCAS.pl
lib/Blk/UCASExt.pl
lib/Blk/Ugaritic.pl
lib/Blk/VS.pl
lib/Blk/VSSup.pl
lib/Blk/Vai.pl
lib/Blk/VedicExt.pl
lib/Blk/Vertical.pl
lib/Blk/YiRadica.pl
lib/Blk/YiSyllab.pl
lib/Blk/Yijing.pl
lib/CE/Y.pl
lib/CI/Y.pl
lib/CWCF/Y.pl
lib/CWCM/Y.pl
lib/CWKCF/Y.pl
lib/CWL/Y.pl
lib/CWT/Y.pl
lib/CWU/Y.pl
lib/Cased/Y.pl
lib/Ccc/A.pl
lib/Ccc/AL.pl
lib/Ccc/AR.pl
lib/Ccc/ATA.pl
lib/Ccc/ATAR.pl
lib/Ccc/ATB.pl
lib/Ccc/B.pl
lib/Ccc/BL.pl
lib/Ccc/BR.pl
lib/Ccc/CCC10.pl
lib/Ccc/CCC103.pl
lib/Ccc/CCC107.pl
lib/Ccc/CCC11.pl
lib/Ccc/CCC118.pl
lib/Ccc/CCC12.pl
lib/Ccc/CCC122.pl
lib/Ccc/CCC129.pl
lib/Ccc/CCC13.pl
lib/Ccc/CCC130.pl
lib/Ccc/CCC132.pl
lib/Ccc/CCC14.pl
lib/Ccc/CCC15.pl
lib/Ccc/CCC16.pl
lib/Ccc/CCC17.pl
lib/Ccc/CCC18.pl
lib/Ccc/CCC19.pl
lib/Ccc/CCC20.pl
lib/Ccc/CCC21.pl
lib/Ccc/CCC22.pl
lib/Ccc/CCC23.pl
lib/Ccc/CCC24.pl
lib/Ccc/CCC25.pl
lib/Ccc/CCC26.pl
lib/Ccc/CCC27.pl
lib/Ccc/CCC28.pl
lib/Ccc/CCC29.pl
lib/Ccc/CCC30.pl
lib/Ccc/CCC31.pl
lib/Ccc/CCC32.pl
lib/Ccc/CCC33.pl
lib/Ccc/CCC34.pl
lib/Ccc/CCC35.pl
lib/Ccc/CCC36.pl
lib/Ccc/CCC84.pl
lib/Ccc/CCC91.pl
lib/Ccc/DA.pl
lib/Ccc/DB.pl
lib/Ccc/IS.pl
lib/Ccc/KV.pl
lib/Ccc/L.pl
lib/Ccc/NK.pl
lib/Ccc/NR.pl
lib/Ccc/OV.pl
lib/Ccc/R.pl
lib/Ccc/VR.pl
lib/CompEx/Y.pl
lib/DI/Y.pl
lib/Dash/Y.pl
lib/Dep/Y.pl
lib/Dia/Y.pl
lib/Dt/Com.pl
lib/Dt/Enc.pl
lib/Dt/Fin.pl
lib/Dt/Font.pl
lib/Dt/Fra.pl
lib/Dt/Init.pl
lib/Dt/Iso.pl
lib/Dt/Med.pl
lib/Dt/Nar.pl
lib/Dt/Nb.pl
lib/Dt/NonCanon.pl
lib/Dt/Sml.pl
lib/Dt/Sqr.pl
lib/Dt/Sub.pl
lib/Dt/Sup.pl
lib/Dt/Vert.pl
lib/Dt/Wide.pl
lib/Ea/A.pl
lib/Ea/H.pl
lib/Ea/N.pl
lib/Ea/Na.pl
lib/Ea/W.pl
lib/Ext/Y.pl
lib/GCB/CN.pl
lib/GCB/CR.pl
lib/GCB/EX.pl
lib/GCB/LF.pl
lib/GCB/SM.pl
lib/GCB/XX.pl
lib/Gc/C.pl
lib/Gc/Cc.pl
lib/Gc/Cf.pl
lib/Gc/Cn.pl
lib/Gc/Co.pl
lib/Gc/Cs.pl
lib/Gc/L.pl
lib/Gc/LC.pl
lib/Gc/Ll.pl
lib/Gc/Lm.pl
lib/Gc/Lo.pl
lib/Gc/Lu.pl
lib/Gc/M.pl
lib/Gc/Mc.pl
lib/Gc/Me.pl
lib/Gc/Mn.pl
lib/Gc/N.pl
lib/Gc/Nd.pl
lib/Gc/Nl.pl
lib/Gc/No.pl
lib/Gc/P.pl
lib/Gc/Pd.pl
lib/Gc/Pe.pl
lib/Gc/Pf.pl
lib/Gc/Pi.pl
lib/Gc/Po.pl
lib/Gc/Ps.pl
lib/Gc/S.pl
lib/Gc/Sc.pl
lib/Gc/Sk.pl
lib/Gc/Sm.pl
lib/Gc/So.pl
lib/Gc/Z.pl
lib/Gc/Zl.pl
lib/Gc/Zp.pl
lib/Gc/Zs.pl
lib/GrBase/Y.pl
lib/Hex/Y.pl
lib/Hst/NA.pl
lib/Hyphen/Y.pl
lib/IDC/Y.pl
lib/IDS/Y.pl
lib/IDSB/Y.pl
lib/IDST/Y.pl
lib/Ideo/Y.pl
lib/In/2_0.pl
lib/In/2_1.pl
lib/In/3_0.pl
lib/In/3_1.pl
lib/In/3_2.pl
lib/In/4_0.pl
lib/In/4_1.pl
lib/In/5_0.pl
lib/In/5_1.pl
lib/In/5_2.pl
lib/In/6_0.pl
lib/In/6_1.pl
lib/In/6_2.pl
lib/Jg/Ain.pl
lib/Jg/Alaph.pl
lib/Jg/Alef.pl
lib/Jg/Beh.pl
lib/Jg/Beth.pl
lib/Jg/Burushas.pl
lib/Jg/Dal.pl
lib/Jg/DalathRi.pl
lib/Jg/E.pl
lib/Jg/FarsiYeh.pl
lib/Jg/Fe.pl
lib/Jg/Feh.pl
lib/Jg/FinalSem.pl
lib/Jg/Gaf.pl
lib/Jg/Gamal.pl
lib/Jg/Hah.pl
lib/Jg/HamzaOnH.pl
lib/Jg/He.pl
lib/Jg/Heh.pl
lib/Jg/HehGoal.pl
lib/Jg/Heth.pl
lib/Jg/Kaf.pl
lib/Jg/Kaph.pl
lib/Jg/Khaph.pl
lib/Jg/KnottedH.pl
lib/Jg/Lam.pl
lib/Jg/Lamadh.pl
lib/Jg/Meem.pl
lib/Jg/Mim.pl
lib/Jg/NoJoinin.pl
lib/Jg/Noon.pl
lib/Jg/Nun.pl
lib/Jg/Nya.pl
lib/Jg/Pe.pl
lib/Jg/Qaf.pl
lib/Jg/Qaph.pl
lib/Jg/Reh.pl
lib/Jg/Reversed.pl
lib/Jg/Rohingya.pl
lib/Jg/Sad.pl
lib/Jg/Sadhe.pl
lib/Jg/Seen.pl
lib/Jg/Semkath.pl
lib/Jg/Shin.pl
lib/Jg/SwashKaf.pl
lib/Jg/SyriacWa.pl
lib/Jg/Tah.pl
lib/Jg/Taw.pl
lib/Jg/TehMarbu.pl
lib/Jg/Teth.pl
lib/Jg/Waw.pl
lib/Jg/Yeh.pl
lib/Jg/YehBarre.pl
lib/Jg/YehWithT.pl
lib/Jg/Yudh.pl
lib/Jg/YudhHe.pl
lib/Jg/Zain.pl
lib/Jg/Zhain.pl
lib/JoinC/Y.pl
lib/Jt/C.pl
lib/Jt/D.pl
lib/Jt/R.pl
lib/Jt/T.pl
lib/Jt/U.pl
lib/LOE/Y.pl
lib/Lb/AI.pl
lib/Lb/AL.pl
lib/Lb/B2.pl
lib/Lb/BA.pl
lib/Lb/BB.pl
lib/Lb/BK.pl
lib/Lb/CB.pl
lib/Lb/CJ.pl
lib/Lb/CL.pl
lib/Lb/CM.pl
lib/Lb/CP.pl
lib/Lb/EX.pl
lib/Lb/GL.pl
lib/Lb/HL.pl
lib/Lb/HY.pl
lib/Lb/ID.pl
lib/Lb/IN.pl
lib/Lb/IS.pl
lib/Lb/NL.pl
lib/Lb/NS.pl
lib/Lb/OP.pl
lib/Lb/PO.pl
lib/Lb/PR.pl
lib/Lb/QU.pl
lib/Lb/SA.pl
lib/Lb/SG.pl
lib/Lb/SP.pl
lib/Lb/SY.pl
lib/Lb/WJ.pl
lib/Lb/XX.pl
lib/Lb/ZW.pl
lib/Lower/Y.pl
lib/Math/Y.pl
lib/NChar/Y.pl
lib/NFCQC/M.pl
lib/NFCQC/Y.pl
lib/NFDQC/N.pl
lib/NFDQC/Y.pl
lib/NFKCQC/N.pl
lib/NFKCQC/Y.pl
lib/NFKDQC/N.pl
lib/NFKDQC/Y.pl
lib/Nt/Di.pl
lib/Nt/None.pl
lib/Nt/Nu.pl
lib/Nv/0.pl
lib/Nv/1.pl
lib/Nv/10.pl
lib/Nv/100.pl
lib/Nv/1000.pl
lib/Nv/10000.pl
lib/Nv/100000.pl
lib/Nv/10000000.pl
lib/Nv/10000002.pl
lib/Nv/11.pl
lib/Nv/11_2.pl
lib/Nv/12.pl
lib/Nv/13.pl
lib/Nv/13_2.pl
lib/Nv/14.pl
lib/Nv/15.pl
lib/Nv/15_2.pl
lib/Nv/16.pl
lib/Nv/17.pl
lib/Nv/17_2.pl
lib/Nv/18.pl
lib/Nv/19.pl
lib/Nv/1_10.pl
lib/Nv/1_16.pl
lib/Nv/1_2.pl
lib/Nv/1_3.pl
lib/Nv/1_4.pl
lib/Nv/1_5.pl
lib/Nv/1_6.pl
lib/Nv/1_7.pl
lib/Nv/1_8.pl
lib/Nv/1_9.pl
lib/Nv/2.pl
lib/Nv/20.pl
lib/Nv/200.pl
lib/Nv/2000.pl
lib/Nv/20000.pl
lib/Nv/21.pl
lib/Nv/216000.pl
lib/Nv/22.pl
lib/Nv/23.pl
lib/Nv/24.pl
lib/Nv/25.pl
lib/Nv/26.pl
lib/Nv/27.pl
lib/Nv/28.pl
lib/Nv/29.pl
lib/Nv/2_3.pl
lib/Nv/2_5.pl
lib/Nv/3.pl
lib/Nv/30.pl
lib/Nv/300.pl
lib/Nv/3000.pl
lib/Nv/30000.pl
lib/Nv/31.pl
lib/Nv/32.pl
lib/Nv/33.pl
lib/Nv/34.pl
lib/Nv/35.pl
lib/Nv/36.pl
lib/Nv/37.pl
lib/Nv/38.pl
lib/Nv/39.pl
lib/Nv/3_16.pl
lib/Nv/3_2.pl
lib/Nv/3_4.pl
lib/Nv/3_5.pl
lib/Nv/3_8.pl
lib/Nv/4.pl
lib/Nv/40.pl
lib/Nv/400.pl
lib/Nv/4000.pl
lib/Nv/40000.pl
lib/Nv/41.pl
lib/Nv/42.pl
lib/Nv/43.pl
lib/Nv/432000.pl
lib/Nv/44.pl
lib/Nv/45.pl
lib/Nv/46.pl
lib/Nv/47.pl
lib/Nv/48.pl
lib/Nv/49.pl
lib/Nv/4_5.pl
lib/Nv/5.pl
lib/Nv/50.pl
lib/Nv/500.pl
lib/Nv/5000.pl
lib/Nv/50000.pl
lib/Nv/5_2.pl
lib/Nv/5_6.pl
lib/Nv/5_8.pl
lib/Nv/6.pl
lib/Nv/60.pl
lib/Nv/600.pl
lib/Nv/6000.pl
lib/Nv/60000.pl
lib/Nv/7.pl
lib/Nv/70.pl
lib/Nv/700.pl
lib/Nv/7000.pl
lib/Nv/70000.pl
lib/Nv/7_2.pl
lib/Nv/7_8.pl
lib/Nv/8.pl
lib/Nv/80.pl
lib/Nv/800.pl
lib/Nv/8000.pl
lib/Nv/80000.pl
lib/Nv/9.pl
lib/Nv/90.pl
lib/Nv/900.pl
lib/Nv/9000.pl
lib/Nv/90000.pl
lib/Nv/9_2.pl
lib/Nv/_1.pl
lib/Nv/_1_2.pl
lib/PatSyn/Y.pl
lib/PatWS/Y.pl
lib/Perl/Alnum.pl
lib/Perl/Any.pl
lib/Perl/Assigned.pl
lib/Perl/Blank.pl
lib/Perl/Graph.pl
lib/Perl/PerlSpac.pl
lib/Perl/PerlWord.pl
lib/Perl/PosixAln.pl
lib/Perl/PosixAlp.pl
lib/Perl/PosixBla.pl
lib/Perl/PosixCnt.pl
lib/Perl/PosixDig.pl
lib/Perl/PosixGra.pl
lib/Perl/PosixLow.pl
lib/Perl/PosixPri.pl
lib/Perl/PosixPun.pl
lib/Perl/PosixUpp.pl
lib/Perl/Print.pl
lib/Perl/SpacePer.pl
lib/Perl/Title.pl
lib/Perl/VertSpac.pl
lib/Perl/Word.pl
lib/Perl/XPosixPu.pl
lib/Perl/_PerlAny.pl
lib/Perl/_PerlCh2.pl
lib/Perl/_PerlCha.pl
lib/Perl/_PerlIDC.pl
lib/Perl/_PerlIDS.pl
lib/Perl/_PerlQuo.pl
lib/Perl/_XExtend.pl
lib/Perl/_XGCBL.pl
lib/Perl/_XGCBLV.pl
lib/Perl/_XGCBLVT.pl
lib/Perl/_XGCBT.pl
lib/Perl/_XGCBV.pl
lib/Perl/_XLVLVTV.pl
lib/Perl/_XRI.pl
lib/Perl/_XRegula.pl
lib/Perl/_XSpecia.pl
lib/QMark/Y.pl
lib/Radical/Y.pl
lib/SB/AT.pl
lib/SB/CL.pl
lib/SB/EX.pl
lib/SB/FO.pl
lib/SB/LE.pl
lib/SB/LO.pl
lib/SB/NU.pl
lib/SB/SC.pl
lib/SB/SE.pl
lib/SB/ST.pl
lib/SB/Sp.pl
lib/SB/UP.pl
lib/SB/XX.pl
lib/SD/Y.pl
lib/STerm/Y.pl
lib/Sc/Arab.pl
lib/Sc/Armi.pl
lib/Sc/Armn.pl
lib/Sc/Avst.pl
lib/Sc/Bali.pl
lib/Sc/Bamu.pl
lib/Sc/Batk.pl
lib/Sc/Beng.pl
lib/Sc/Bopo.pl
lib/Sc/Brah.pl
lib/Sc/Bugi.pl
lib/Sc/Buhd.pl
lib/Sc/Cakm.pl
lib/Sc/Cans.pl
lib/Sc/Cari.pl
lib/Sc/Cham.pl
lib/Sc/Cher.pl
lib/Sc/Copt.pl
lib/Sc/Cprt.pl
lib/Sc/Cyrl.pl
lib/Sc/Deva.pl
lib/Sc/Egyp.pl
lib/Sc/Ethi.pl
lib/Sc/Geor.pl
lib/Sc/Glag.pl
lib/Sc/Goth.pl
lib/Sc/Grek.pl
lib/Sc/Gujr.pl
lib/Sc/Guru.pl
lib/Sc/Han.pl
lib/Sc/Hang.pl
lib/Sc/Hano.pl
lib/Sc/Hebr.pl
lib/Sc/Hira.pl
lib/Sc/Ital.pl
lib/Sc/Java.pl
lib/Sc/Kana.pl
lib/Sc/Khar.pl
lib/Sc/Khmr.pl
lib/Sc/Knda.pl
lib/Sc/Kthi.pl
lib/Sc/Lana.pl
lib/Sc/Lao.pl
lib/Sc/Latn.pl
lib/Sc/Lepc.pl
lib/Sc/Limb.pl
lib/Sc/Linb.pl
lib/Sc/Lyci.pl
lib/Sc/Lydi.pl
lib/Sc/Mand.pl
lib/Sc/Merc.pl
lib/Sc/Miao.pl
lib/Sc/Mlym.pl
lib/Sc/Mong.pl
lib/Sc/Mtei.pl
lib/Sc/Mymr.pl
lib/Sc/Nko.pl
lib/Sc/Ogam.pl
lib/Sc/Orkh.pl
lib/Sc/Orya.pl
lib/Sc/Osma.pl
lib/Sc/Phag.pl
lib/Sc/Phli.pl
lib/Sc/Phnx.pl
lib/Sc/Prti.pl
lib/Sc/Rjng.pl
lib/Sc/Runr.pl
lib/Sc/Samr.pl
lib/Sc/Saur.pl
lib/Sc/Shrd.pl
lib/Sc/Sinh.pl
lib/Sc/Sora.pl
lib/Sc/Sund.pl
lib/Sc/Sylo.pl
lib/Sc/Syrc.pl
lib/Sc/Tagb.pl
lib/Sc/Takr.pl
lib/Sc/Tale.pl
lib/Sc/Talu.pl
lib/Sc/Taml.pl
lib/Sc/Tavt.pl
lib/Sc/Telu.pl
lib/Sc/Tfng.pl
lib/Sc/Tglg.pl
lib/Sc/Thaa.pl
lib/Sc/Thai.pl
lib/Sc/Tibt.pl
lib/Sc/Ugar.pl
lib/Sc/Vai.pl
lib/Sc/Xpeo.pl
lib/Sc/Xsux.pl
lib/Sc/Yi.pl
lib/Sc/Zinh.pl
lib/Sc/Zyyy.pl
lib/Sc/Zzzz.pl
lib/Scx/Arab.pl
lib/Scx/Armn.pl
lib/Scx/Beng.pl
lib/Scx/Bopo.pl
lib/Scx/Buhd.pl
lib/Scx/Cprt.pl
lib/Scx/Cyrl.pl
lib/Scx/Deva.pl
lib/Scx/Geor.pl
lib/Scx/Grek.pl
lib/Scx/Gujr.pl
lib/Scx/Guru.pl
lib/Scx/Han.pl
lib/Scx/Hang.pl
lib/Scx/Hano.pl
lib/Scx/Hira.pl
lib/Scx/Kana.pl
lib/Scx/Kthi.pl
lib/Scx/Latn.pl
lib/Scx/Linb.pl
lib/Scx/Mand.pl
lib/Scx/Mong.pl
lib/Scx/Orya.pl
lib/Scx/Phag.pl
lib/Scx/Syrc.pl
lib/Scx/Tagb.pl
lib/Scx/Takr.pl
lib/Scx/Tglg.pl
lib/Scx/Thaa.pl
lib/Scx/Yi.pl
lib/Scx/Zinh.pl
lib/Scx/Zyyy.pl
lib/Term/Y.pl
lib/UIdeo/Y.pl
lib/Upper/Y.pl
lib/VS/Y.pl
lib/WB/EX.pl
lib/WB/FO.pl
lib/WB/KA.pl
lib/WB/LE.pl
lib/WB/MB.pl
lib/WB/ML.pl
lib/WB/MN.pl
lib/WB/NL.pl
lib/WB/NU.pl
lib/WB/XX.pl
lib/XIDC/Y.pl
lib/XIDS/Y.pl

# 39 input files
# 886 output files

# End list
