Jan 25*	Monday-1: Last (-1) Monday
Jan 25*	Mon-1: Last (-1) Monday
Jan 25*	Monday+4: Fourth Monday
Jan 25*	Mon+4: Fourth Monday
Jan 25*	Monday+4: Fourth Monday in January
Jan 25*	Mon+4: Fourth Monday in January
Jan 25*	Fourth: Fourth Monday in January
Jan 25*	25 of every month
Jan 25 	1/25: January 25
Jan 25 	Jan. 25: January 25
Jan 25 	25 January: January 25
	January: continued
Jan 25*	Monday: Every Monday
Jan 26*	Tuesday-1: Last (-1) Tuesday
Jan 26*	Tue-1: Last (-1) Tuesday
Jan 26*	Tuesday+4: Fourth Tuesday
Jan 26*	Tue+4: Fourth Tuesday
Jan 26*	Tuesday+4: Fourth Tuesday in January
Jan 26*	Tue+4: Fourth Tuesday in January
Jan 26*	Fourth: Fourth Tuesday in January
Jan 26*	26 of every month
Jan 26 	1/26: January 26
Jan 26 	Jan. 26: January 26
Jan 26 	26 January: January 26
	January: continued
Jan 26*	Tuesday: Every Tuesday
