Jul 03*	Sunday+1: First Sunday
Jul 03*	Sun+1: First Sunday
Jul 03*	Sunday+1: First Sunday in July
Jul 03*	Sun+1: First Sunday in July
Jul 03*	First: First Sunday in July
Jul 03*	Sunday+5: Fifth Sunday in June
Jul 03*	Sun+5: Fifth Sunday in June
Jul 03*	Fifth: Fifth Sunday in June
Jul 03*	3 of every month
Jul 03 	7/3: July 3
Jul 03 	Jul. 3: July 3
Jul 03 	3 July: July 3
	July: continued
Jul 03*	Sunday: Every Sunday
Jul 04*	Monday+1: First Monday
Jul 04*	Mon+1: First Monday
Jul 04*	Monday+1: First Monday in July
Jul 04*	Mon+1: First Monday in July
Jul 04*	First: First Monday in July
Jul 04*	Monday-4: Last (-4) Monday
Jul 04*	Mon-4: Last (-4) Monday
Jul 04*	Monday+5: Fifth Monday in June
Jul 04*	Mon+5: Fifth Monday in June
Jul 04*	Fifth: Fifth Monday in June
Jul 04*	4 of every month
Jul 04 	7/4: July 4
Jul 04 	Jul. 4: July 4
Jul 04 	4 July: July 4
	July: continued
Jul 04*	Monday: Every Monday
