Feb 27*	Saturday-1: Last (-1) Saturday
Feb 27*	Sat-1: Last (-1) Saturday
Feb 27*	Saturday+4: Fourth Saturday
Feb 27*	Sat+4: Fourth Saturday
Feb 27*	Saturday+4: Fourth Saturday in February
Feb 27*	Sat+4: Fourth Saturday in February
Feb 27*	Fourth: Fourth Saturday in February
Feb 27*	27 of every month
Feb 27 	2/27: February 27
Feb 27 	Feb. 27: February 27
Feb 27 	27 February: February 27
	February: continued
Feb 27*	Saturday: Every Saturday
Feb 28*	Sunday-1: Last (-1) Sunday
Feb 28*	Sun-1: Last (-1) Sunday
Feb 28*	Sunday+4: Fourth Sunday
Feb 28*	Sun+4: Fourth Sunday
Feb 28*	Sunday+4: Fourth Sunday in February
Feb 28*	Sun+4: Fourth Sunday in February
Feb 28*	Fourth: Fourth Sunday in February
Feb 28*	28 of every month
Feb 28 	2/28: February 28
Feb 28 	Feb. 28: February 28
Feb 28 	28 February: February 28
	February: continued
Feb 28*	Sunday: Every Sunday
