Jul 17*	Sunday+3: Third Sunday
Jul 17*	Sun+3: Third Sunday
Jul 17*	Sunday-3: Last (-3) Sunday
Jul 17*	Sun-3: Last (-3) Sunday
Jul 17*	Sunday+3: Third Sunday in July
Jul 17*	Sun+3: Third Sunday in July
Jul 17*	Third: Third Sunday in July
Jul 17*	17 of every month
Jul 17 	7/17: July 17
Jul 17 	Jul. 17: July 17
Jul 17 	17 July: July 17
	July: continued
Jul 17*	Sunday: Every Sunday
Jul 18*	Monday-2: Last (-2) Monday
Jul 18*	Mon-2: Last (-2) Monday
Jul 18*	Monday+3: Third Monday
Jul 18*	Mon+3: Third Monday
Jul 18*	Monday+3: Third Monday in July
Jul 18*	Mon+3: Third Monday in July
Jul 18*	Third: Third Monday in July
Jul 18*	18 of every month
Jul 18 	7/18: July 18
Jul 18 	Jul. 18: July 18
Jul 18 	18 July: July 18
	July: continued
Jul 18*	Monday: Every Monday
