Jul 19*	Tuesday-2: Last (-2) Tuesday
Jul 19*	Tue-2: Last (-2) Tuesday
Jul 19*	Tuesday+3: Third Tuesday
Jul 19*	Tue+3: Third Tuesday
Jul 19*	Tuesday+3: Third Tuesday in July
Jul 19*	Tue+3: Third Tuesday in July
Jul 19*	Third: Third Tuesday in July
Jul 19*	19 of every month
Jul 19 	7/19: July 19
Jul 19 	Jul. 19: July 19
Jul 19 	19 July: July 19
	July: continued
Jul 19*	Tuesday: Every Tuesday
Jul 20*	Wednesday-2: Last (-2) Wednesday
Jul 20*	Wed-2: Last (-2) Wednesday
Jul 20*	Wednesday+3: Third Wednesday
Jul 20*	Wed+3: Third Wednesday
Jul 20*	Wednesday+3: Third Wednesday in July
Jul 20*	Wed+3: Third Wednesday in July
Jul 20*	Third: Third Wednesday in July
Jul 20*	20 of every month
Jul 20 	7/20: July 20
Jul 20 	Jul. 20: July 20
Jul 20 	20 July: July 20
	July: continued
Jul 20*	Wednesday: Every Wednesday
