Jan 04*	Monday+1: First Monday
Jan 04*	Mon+1: First Monday
Jan 04*	Monday+1: First Monday in January
Jan 04*	Mon+1: First Monday in January
Jan 04*	First: First Monday in January
Jan 04*	Monday-4: Last (-4) Monday
Jan 04*	Mon-4: Last (-4) Monday
Jan 04*	4 of every month
Jan 04 	1/4: January 4
Jan 04 	Jan. 4: January 4
Jan 04 	4 January: January 4
	January: continued
Jan 04*	Monday: Every Monday
Jan 05*	Tuesday+1: First Tuesday
Jan 05*	Tue+1: First Tuesday
Jan 05*	Tuesday+1: First Tuesday in January
Jan 05*	Tue+1: First Tuesday in January
Jan 05*	First: First Tuesday in January
Jan 05*	Tuesday-4: Last (-4) Tuesday
Jan 05*	Tue-4: Last (-4) Tuesday
Jan 05*	5 of every month
Jan 05 	1/5: January 5
Jan 05 	Jan. 5: January 5
Jan 05 	5 January: January 5
	January: continued
Jan 05*	Tuesday: Every Tuesday
