Oct 26*	Wednesday-1: Last (-1) Wednesday
Oct 26*	Wed-1: Last (-1) Wednesday
Oct 26*	Wednesday+4: Fourth Wednesday
Oct 26*	Wed+4: Fourth Wednesday
Oct 26*	Wednesday+4: Fourth Wednesday in October
Oct 26*	Wed+4: Fourth Wednesday in October
Oct 26*	Fourth: Fourth Wednesday in October
Oct 26*	26 of every month
Oct 26 	10/26: October 26
Oct 26 	Oct. 26: October 26
Oct 26 	26 October: October 26
	October: continued
Oct 26*	Wednesday: Every Wednesday
Oct 27*	Thursday-1: Last (-1) Thursday
Oct 27*	Thu-1: Last (-1) Thursday
Oct 27*	Thursday+4: Fourth Thursday
Oct 27*	Thu+4: Fourth Thursday
Oct 27*	Thursday+4: Fourth Thursday in October
Oct 27*	Thu+4: Fourth Thursday in October
Oct 27*	Fourth: Fourth Thursday in October
Oct 27*	27 of every month
Oct 27 	10/27: October 27
Oct 27 	Oct. 27: October 27
Oct 27 	27 October: October 27
	October: continued
Oct 27*	Thursday: Every Thursday
