Jun 29*	Wednesday-1: Last (-1) Wednesday
Jun 29*	Wed-1: Last (-1) Wednesday
Jun 29*	Wednesday+5: Fifth Wednesday
Jun 29*	Wed+5: Fifth Wednesday
Jun 29*	Wednesday+5: Fifth Wednesday in June
Jun 29*	Wed+5: Fifth Wednesday in June
Jun 29*	Fifth: Fifth Wednesday in June
Jun 29*	29 of every month
Jun 29 	6/29: June 29
Jun 29 	Jun. 29: June 29
Jun 29 	29 June: June 29
	June: continued
Jun 29*	Wednesday: Every Wednesday
Jun 30*	Thursday-1: Last (-1) Thursday
Jun 30*	Thu-1: Last (-1) Thursday
Jun 30*	Thursday+5: Fifth Thursday
Jun 30*	Thu+5: Fifth Thursday
Jun 30*	Thursday+5: Fifth Thursday in June
Jun 30*	Thu+5: Fifth Thursday in June
Jun 30*	Fifth: Fifth Thursday in June
Jun 30*	30 of every month
Jun 30 	6/30: June 30
Jun 30 	Jun. 30: June 30
Jun 30 	30 June: June 30
	June: continued
Jun 30*	Thursday: Every Thursday
