Oct 05*	Wednesday+1: First Wednesday
Oct 05*	Wed+1: First Wednesday
Oct 05*	Wednesday+1: First Wednesday in October
Oct 05*	Wed+1: First Wednesday in October
Oct 05*	First: First Wednesday in October
Oct 05*	Wednesday-4: Last (-4) Wednesday
Oct 05*	Wed-4: Last (-4) Wednesday
Oct 05*	Wednesday+5: Fifth Wednesday in September
Oct 05*	Wed+5: Fifth Wednesday in September
Oct 05*	Fifth: Fifth Wednesday in September
Oct 05*	5 of every month
Oct 05 	10/5: October 5
Oct 05 	Oct. 5: October 5
Oct 05 	5 October: October 5
	October: continued
Oct 05*	Wednesday: Every Wednesday
Oct 06*	Thursday+1: First Thursday
Oct 06*	Thu+1: First Thursday
Oct 06*	Thursday+1: First Thursday in October
Oct 06*	Thu+1: First Thursday in October
Oct 06*	First: First Thursday in October
Oct 06*	Thursday-4: Last (-4) Thursday
Oct 06*	Thu-4: Last (-4) Thursday
Oct 06*	6 of every month
Oct 06 	10/6: October 6
Oct 06 	Oct. 6: October 6
Oct 06 	6 October: October 6
	October: continued
Oct 06*	Thursday: Every Thursday
