Nov 02*	Wednesday+1: First Wednesday
Nov 02*	Wed+1: First Wednesday
Nov 02*	Wednesday+1: First Wednesday in November
Nov 02*	Wed+1: First Wednesday in November
Nov 02*	First: First Wednesday in November
Nov 02*	Wednesday+5: Fifth Wednesday in October
Nov 02*	Wed+5: Fifth Wednesday in October
Nov 02*	Fifth: Fifth Wednesday in October
Nov 02*	2 of every month
Nov 02 	11/2: November 2
Nov 02 	Nov. 2: November 2
Nov 02 	2 November: November 2
	November: continued
Nov 02*	Wednesday: Every Wednesday
Nov 03*	Thursday+1: First Thursday
Nov 03*	Thu+1: First Thursday
Nov 03*	Thursday+1: First Thursday in November
Nov 03*	Thu+1: First Thursday in November
Nov 03*	First: First Thursday in November
Nov 03*	Thursday-4: Last (-4) Thursday
Nov 03*	Thu-4: Last (-4) Thursday
Nov 03*	Thursday+5: Fifth Thursday in October
Nov 03*	Thu+5: Fifth Thursday in October
Nov 03*	Fifth: Fifth Thursday in October
Nov 03*	3 of every month
Nov 03 	11/3: November 3
Nov 03 	Nov. 3: November 3
Nov 03 	3 November: November 3
	November: continued
Nov 03*	Thursday: Every Thursday
