Dec 19*	Monday-2: Last (-2) Monday
Dec 19*	Mon-2: Last (-2) Monday
Dec 19*	Monday+3: Third Monday
Dec 19*	Mon+3: Third Monday
Dec 19*	Monday+3: Third Monday in December
Dec 19*	Mon+3: Third Monday in December
Dec 19*	Third: Third Monday in December
Dec 19*	19 of every month
Dec 19 	12/19: December 19
Dec 19 	Dec. 19: December 19
Dec 19 	19 December: December 19
	December: continued
Dec 19*	Monday: Every Monday
Dec 20*	Tuesday-2: Last (-2) Tuesday
Dec 20*	Tue-2: Last (-2) Tuesday
Dec 20*	Tuesday+3: Third Tuesday
Dec 20*	Tue+3: Third Tuesday
Dec 20*	Tuesday+3: Third Tuesday in December
Dec 20*	Tue+3: Third Tuesday in December
Dec 20*	Third: Third Tuesday in December
Dec 20*	20 of every month
Dec 20 	12/20: December 20
Dec 20 	Dec. 20: December 20
Dec 20 	20 December: December 20
	December: continued
Dec 20*	Tuesday: Every Tuesday
