Jun 14*	Tuesday+2: Second Tuesday
Jun 14*	Tue+2: Second Tuesday
Jun 14*	Tuesday+2: Second Tuesday in June
Jun 14*	Tue+2: Second Tuesday in June
Jun 14*	Second: Second Tuesday in June
Jun 14*	Tuesday-3: Last (-3) Tuesday
Jun 14*	Tue-3: Last (-3) Tuesday
Jun 14*	14 of every month
Jun 14 	6/14: June 14
Jun 14 	Jun. 14: June 14
Jun 14 	14 June: June 14
	June: continued
Jun 14*	Tuesday: Every Tuesday
Jun 15*	Wednesday+3: Third Wednesday
Jun 15*	Wed+3: Third Wednesday
Jun 15*	Wednesday-3: Last (-3) Wednesday
Jun 15*	Wed-3: Last (-3) Wednesday
Jun 15*	Wednesday+3: Third Wednesday in June
Jun 15*	Wed+3: Third Wednesday in June
Jun 15*	Third: Third Wednesday in June
Jun 15*	15 of every month
Jun 15 	6/15: June 15
Jun 15 	Jun. 15: June 15
Jun 15 	15 June: June 15
	June: continued
Jun 15*	Wednesday: Every Wednesday
