Dec 27*	Tuesday-1: Last (-1) Tuesday
Dec 27*	Tue-1: Last (-1) Tuesday
Dec 27*	Tuesday+4: Fourth Tuesday
Dec 27*	Tue+4: Fourth Tuesday
Dec 27*	Tuesday+4: Fourth Tuesday in December
Dec 27*	Tue+4: Fourth Tuesday in December
Dec 27*	Fourth: Fourth Tuesday in December
Dec 27*	27 of every month
Dec 27 	12/27: December 27
Dec 27 	Dec. 27: December 27
Dec 27 	27 December: December 27
	December: continued
Dec 27*	Tuesday: Every Tuesday
Dec 28*	Wednesday-1: Last (-1) Wednesday
Dec 28*	Wed-1: Last (-1) Wednesday
Dec 28*	Wednesday+4: Fourth Wednesday
Dec 28*	Wed+4: Fourth Wednesday
Dec 28*	Wednesday+4: Fourth Wednesday in December
Dec 28*	Wed+4: Fourth Wednesday in December
Dec 28*	Fourth: Fourth Wednesday in December
Dec 28*	28 of every month
Dec 28 	12/28: December 28
Dec 28 	Dec. 28: December 28
Dec 28 	28 December: December 28
	December: continued
Dec 28*	Wednesday: Every Wednesday
