Jul 20*	Wednesday-2: Last (-2) Wednesday
Jul 20*	Wed-2: Last (-2) Wednesday
Jul 20*	Wednesday+3: Third Wednesday
Jul 20*	Wed+3: Third Wednesday
Jul 20*	Wednesday+3: Third Wednesday in July
Jul 20*	Wed+3: Third Wednesday in July
Jul 20*	Third: Third Wednesday in July
Jul 20*	20 of every month
Jul 20 	7/20: July 20
Jul 20 	Jul. 20: July 20
Jul 20 	20 July: July 20
	July: continued
Jul 20*	Wednesday: Every Wednesday
Jul 21*	Thursday-2: Last (-2) Thursday
Jul 21*	Thu-2: Last (-2) Thursday
Jul 21*	Thursday+3: Third Thursday
Jul 21*	Thu+3: Third Thursday
Jul 21*	Thursday+3: Third Thursday in July
Jul 21*	Thu+3: Third Thursday in July
Jul 21*	Third: Third Thursday in July
Jul 21*	21 of every month
Jul 21 	7/21: July 21
Jul 21 	Jul. 21: July 21
Jul 21 	21 July: July 21
	July: continued
Jul 21*	Thursday: Every Thursday
