Feb 23*	Tuesday-1: Last (-1) Tuesday
Feb 23*	Tue-1: Last (-1) Tuesday
Feb 23*	Tuesday+4: Fourth Tuesday
Feb 23*	Tue+4: Fourth Tuesday
Feb 23*	Tuesday+4: Fourth Tuesday in February
Feb 23*	Tue+4: Fourth Tuesday in February
Feb 23*	Fourth: Fourth Tuesday in February
Feb 23*	23 of every month
Feb 23 	2/23: February 23
Feb 23 	Feb. 23: February 23
Feb 23 	23 February: February 23
	February: continued
Feb 23*	Tuesday: Every Tuesday
Feb 24*	Wednesday-1: Last (-1) Wednesday
Feb 24*	Wed-1: Last (-1) Wednesday
Feb 24*	Wednesday+4: Fourth Wednesday
Feb 24*	Wed+4: Fourth Wednesday
Feb 24*	Wednesday+4: Fourth Wednesday in February
Feb 24*	Wed+4: Fourth Wednesday in February
Feb 24*	Fourth: Fourth Wednesday in February
Feb 24*	24 of every month
Feb 24 	2/24: February 24
Feb 24 	Feb. 24: February 24
Feb 24 	24 February: February 24
	February: continued
Feb 24*	Wednesday: Every Wednesday
