Nov 03*	Thursday+1: First Thursday
Nov 03*	Thu+1: First Thursday
Nov 03*	Thursday+1: First Thursday in November
Nov 03*	Thu+1: First Thursday in November
Nov 03*	First: First Thursday in November
Nov 03*	Thursday-4: Last (-4) Thursday
Nov 03*	Thu-4: Last (-4) Thursday
Nov 03*	Thursday+5: Fifth Thursday in October
Nov 03*	Thu+5: Fifth Thursday in October
Nov 03*	Fifth: Fifth Thursday in October
Nov 03*	3 of every month
Nov 03 	11/3: November 3
Nov 03 	Nov. 3: November 3
Nov 03 	3 November: November 3
	November: continued
Nov 03*	Thursday: Every Thursday
Nov 04*	Friday+1: First Friday
Nov 04*	Fri+1: First Friday
Nov 04*	Friday+1: First Friday in November
Nov 04*	Fri+1: First Friday in November
Nov 04*	First: First Friday in November
Nov 04*	Friday-4: Last (-4) Friday
Nov 04*	Fri-4: Last (-4) Friday
Nov 04*	Friday+5: Fifth Friday in October
Nov 04*	Fri+5: Fifth Friday in October
Nov 04*	Fifth: Fifth Friday in October
Nov 04*	4 of every month
Nov 04 	11/4: November 4
Nov 04 	Nov. 4: November 4
Nov 04 	4 November: November 4
	November: continued
Nov 04*	Friday: Every Friday
