Nov 28*	Monday-1: Last (-1) Monday
Nov 28*	Mon-1: Last (-1) Monday
Nov 28*	Monday+4: Fourth Monday
Nov 28*	Mon+4: Fourth Monday
Nov 28*	Monday+4: Fourth Monday in November
Nov 28*	Mon+4: Fourth Monday in November
Nov 28*	Fourth: Fourth Monday in November
Nov 28*	28 of every month
Nov 28 	11/28: November 28
Nov 28 	Nov. 28: November 28
Nov 28 	28 November: November 28
	November: continued
Nov 28*	Monday: Every Monday
Nov 29*	Tuesday-1: Last (-1) Tuesday
Nov 29*	Tue-1: Last (-1) Tuesday
Nov 29*	Tuesday+5: Fifth Tuesday
Nov 29*	Tue+5: Fifth Tuesday
Nov 29*	Tuesday+5: Fifth Tuesday in November
Nov 29*	Tue+5: Fifth Tuesday in November
Nov 29*	Fifth: Fifth Tuesday in November
Nov 29*	29 of every month
Nov 29 	11/29: November 29
Nov 29 	Nov. 29: November 29
Nov 29 	29 November: November 29
	November: continued
Nov 29*	Tuesday: Every Tuesday
