Feb 14*	Sunday+2: Second Sunday
Feb 14*	Sun+2: Second Sunday
Feb 14*	Sunday+2: Second Sunday in February
Feb 14*	Sun+2: Second Sunday in February
Feb 14*	Second: Second Sunday in February
Feb 14*	Sunday-3: Last (-3) Sunday
Feb 14*	Sun-3: Last (-3) Sunday
Feb 14*	14 of every month
Feb 14 	2/14: February 14
Feb 14 	Feb. 14: February 14
Feb 14 	14 February: February 14
	February: continued
Feb 14*	Sunday: Every Sunday
Feb 15*	Monday+3: Third Monday
Feb 15*	Mon+3: Third Monday
Feb 15*	Monday-3: Last (-3) Monday
Feb 15*	Mon-3: Last (-3) Monday
Feb 15*	Monday+3: Third Monday in February
Feb 15*	Mon+3: Third Monday in February
Feb 15*	Third: Third Monday in February
Feb 15*	15 of every month
Feb 15 	2/15: February 15
Feb 15 	Feb. 15: February 15
Feb 15 	15 February: February 15
	February: continued
Feb 15*	Monday: Every Monday
