Nov 23*	Wednesday-2: Last (-2) Wednesday
Nov 23*	Wed-2: Last (-2) Wednesday
Nov 23*	Wednesday+4: Fourth Wednesday
Nov 23*	Wed+4: Fourth Wednesday
Nov 23*	Wednesday+4: Fourth Wednesday in November
Nov 23*	Wed+4: Fourth Wednesday in November
Nov 23*	Fourth: Fourth Wednesday in November
Nov 23*	23 of every month
Nov 23 	11/23: November 23
Nov 23 	Nov. 23: November 23
Nov 23 	23 November: November 23
	November: continued
Nov 23*	Wednesday: Every Wednesday
Nov 24*	Thursday-1: Last (-1) Thursday
Nov 24*	Thu-1: Last (-1) Thursday
Nov 24*	Thursday+4: Fourth Thursday
Nov 24*	Thu+4: Fourth Thursday
Nov 24*	Thursday+4: Fourth Thursday in November
Nov 24*	Thu+4: Fourth Thursday in November
Nov 24*	Fourth: Fourth Thursday in November
Nov 24*	24 of every month
Nov 24 	11/24: November 24
Nov 24 	Nov. 24: November 24
Nov 24 	24 November: November 24
	November: continued
Nov 24*	Thursday: Every Thursday
