May 26*	Thursday-1: Last (-1) Thursday
May 26*	Thu-1: Last (-1) Thursday
May 26*	Thursday+4: Fourth Thursday
May 26*	Thu+4: Fourth Thursday
May 26*	Thursday+4: Fourth Thursday in May
May 26*	Thu+4: Fourth Thursday in May
May 26*	Fourth: Fourth Thursday in May
May 26*	26 of every month
May 26 	5/26: May 26
May 26 	May. 26: May 26
May 26 	26 May: May 26
	May: continued
May 26*	Thursday: Every Thursday
May 27*	Friday-1: Last (-1) Friday
May 27*	Fri-1: Last (-1) Friday
May 27*	Friday+4: Fourth Friday
May 27*	Fri+4: Fourth Friday
May 27*	Friday+4: Fourth Friday in May
May 27*	Fri+4: Fourth Friday in May
May 27*	Fourth: Fourth Friday in May
May 27*	27 of every month
May 27 	5/27: May 27
May 27 	May. 27: May 27
May 27 	27 May: May 27
	May: continued
May 27*	Friday: Every Friday
