May 09*	Monday+2: Second Monday
May 09*	Mon+2: Second Monday
May 09*	Monday+2: Second Monday in May
May 09*	Mon+2: Second Monday in May
May 09*	Second: Second Monday in May
May 09*	Monday-4: Last (-4) Monday
May 09*	Mon-4: Last (-4) Monday
May 09*	9 of every month
May 09 	5/9: May 9
May 09 	May. 9: May 9
May 09 	9 May: May 9
	May: continued
May 09*	Monday: Every Monday
May 10*	Tuesday+2: Second Tuesday
May 10*	Tue+2: Second Tuesday
May 10*	Tuesday+2: Second Tuesday in May
May 10*	Tue+2: Second Tuesday in May
May 10*	Second: Second Tuesday in May
May 10*	Tuesday-4: Last (-4) Tuesday
May 10*	Tue-4: Last (-4) Tuesday
May 10*	10 of every month
May 10 	5/10: May 10
May 10 	May. 10: May 10
May 10 	10 May: May 10
	May: continued
May 10*	Tuesday: Every Tuesday
