May 23*	Monday-2: Last (-2) Monday
May 23*	Mon-2: Last (-2) Monday
May 23*	Monday+4: Fourth Monday
May 23*	Mon+4: Fourth Monday
May 23*	Monday+4: Fourth Monday in May
May 23*	Mon+4: Fourth Monday in May
May 23*	Fourth: Fourth Monday in May
May 23*	23 of every month
May 23 	5/23: May 23
May 23 	May. 23: May 23
May 23 	23 May: May 23
	May: continued
May 23*	Monday: Every Monday
May 24*	Tuesday-2: Last (-2) Tuesday
May 24*	Tue-2: Last (-2) Tuesday
May 24*	Tuesday+4: Fourth Tuesday
May 24*	Tue+4: Fourth Tuesday
May 24*	Tuesday+4: Fourth Tuesday in May
May 24*	Tue+4: Fourth Tuesday in May
May 24*	Fourth: Fourth Tuesday in May
May 24*	24 of every month
May 24 	5/24: May 24
May 24 	May. 24: May 24
May 24 	24 May: May 24
	May: continued
May 24*	Tuesday: Every Tuesday
