Jul 24*	Sunday-2: Last (-2) Sunday
Jul 24*	Sun-2: Last (-2) Sunday
Jul 24*	Sunday+4: Fourth Sunday
Jul 24*	Sun+4: Fourth Sunday
Jul 24*	Sunday+4: Fourth Sunday in July
Jul 24*	Sun+4: Fourth Sunday in July
Jul 24*	Fourth: Fourth Sunday in July
Jul 24*	24 of every month
Jul 24 	7/24: July 24
Jul 24 	Jul. 24: July 24
Jul 24 	24 July: July 24
	July: continued
Jul 24*	Sunday: Every Sunday
Jul 25*	Monday-1: Last (-1) Monday
Jul 25*	Mon-1: Last (-1) Monday
Jul 25*	Monday+4: Fourth Monday
Jul 25*	Mon+4: Fourth Monday
Jul 25*	Monday+4: Fourth Monday in July
Jul 25*	Mon+4: Fourth Monday in July
Jul 25*	Fourth: Fourth Monday in July
Jul 25*	25 of every month
Jul 25 	7/25: July 25
Jul 25 	Jul. 25: July 25
Jul 25 	25 July: July 25
	July: continued
Jul 25*	Monday: Every Monday
