Apr 23*	Saturday-2: Last (-2) Saturday
Apr 23*	Sat-2: Last (-2) Saturday
Apr 23*	Saturday+4: Fourth Saturday
Apr 23*	Sat+4: Fourth Saturday
Apr 23*	Saturday+4: Fourth Saturday in April
Apr 23*	Sat+4: Fourth Saturday in April
Apr 23*	Fourth: Fourth Saturday in April
Apr 23*	23 of every month
Apr 23 	4/23: April 23
Apr 23 	Apr. 23: April 23
Apr 23 	23 April: April 23
	April: continued
Apr 23*	Saturday: Every Saturday
Apr 24*	Sunday-1: Last (-1) Sunday
Apr 24*	Sun-1: Last (-1) Sunday
Apr 24*	Sunday+4: Fourth Sunday
Apr 24*	Sun+4: Fourth Sunday
Apr 24*	Sunday+4: Fourth Sunday in April
Apr 24*	Sun+4: Fourth Sunday in April
Apr 24*	Fourth: Fourth Sunday in April
Apr 24*	24 of every month
Apr 24 	4/24: April 24
Apr 24 	Apr. 24: April 24
Apr 24 	24 April: April 24
	April: continued
Apr 24*	Sunday: Every Sunday
