Oct 10*	Monday+2: Second Monday
Oct 10*	Mon+2: Second Monday
Oct 10*	Monday+2: Second Monday in October
Oct 10*	Mon+2: Second Monday in October
Oct 10*	Second: Second Monday in October
Oct 10*	Monday-4: Last (-4) Monday
Oct 10*	Mon-4: Last (-4) Monday
Oct 10*	10 of every month
Oct 10 	10/10: October 10
Oct 10 	Oct. 10: October 10
Oct 10 	10 October: October 10
	October: continued
Oct 10*	Monday: Every Monday
Oct 11*	Tuesday+2: Second Tuesday
Oct 11*	Tue+2: Second Tuesday
Oct 11*	Tuesday+2: Second Tuesday in October
Oct 11*	Tue+2: Second Tuesday in October
Oct 11*	Second: Second Tuesday in October
Oct 11*	Tuesday-3: Last (-3) Tuesday
Oct 11*	Tue-3: Last (-3) Tuesday
Oct 11*	11 of every month
Oct 11 	10/11: October 11
Oct 11 	Oct. 11: October 11
Oct 11 	11 October: October 11
	October: continued
Oct 11*	Tuesday: Every Tuesday
