May 10*	Tuesday+2: Second Tuesday
May 10*	Tue+2: Second Tuesday
May 10*	Tuesday+2: Second Tuesday in May
May 10*	Tue+2: Second Tuesday in May
May 10*	Second: Second Tuesday in May
May 10*	Tuesday-4: Last (-4) Tuesday
May 10*	Tue-4: Last (-4) Tuesday
May 10*	10 of every month
May 10 	5/10: May 10
May 10 	May. 10: May 10
May 10 	10 May: May 10
	May: continued
May 10*	Tuesday: Every Tuesday
May 11*	Wednesday+2: Second Wednesday
May 11*	Wed+2: Second Wednesday
May 11*	Wednesday+2: Second Wednesday in May
May 11*	Wed+2: Second Wednesday in May
May 11*	Second: Second Wednesday in May
May 11*	Wednesday-3: Last (-3) Wednesday
May 11*	Wed-3: Last (-3) Wednesday
May 11*	11 of every month
May 11 	5/11: May 11
May 11 	May. 11: May 11
May 11 	11 May: May 11
	May: continued
May 11*	Wednesday: Every Wednesday
