Apr 16*	Saturday+3: Third Saturday
Apr 16*	Sat+3: Third Saturday
Apr 16*	Saturday-3: Last (-3) Saturday
Apr 16*	Sat-3: Last (-3) Saturday
Apr 16*	Saturday+3: Third Saturday in April
Apr 16*	Sat+3: Third Saturday in April
Apr 16*	Third: Third Saturday in April
Apr 16*	16 of every month
Apr 16 	4/16: April 16
Apr 16 	Apr. 16: April 16
Apr 16 	16 April: April 16
	April: continued
Apr 16*	Saturday: Every Saturday
Apr 17*	Sunday-2: Last (-2) Sunday
Apr 17*	Sun-2: Last (-2) Sunday
Apr 17*	Sunday+3: Third Sunday
Apr 17*	Sun+3: Third Sunday
Apr 17*	Sunday+3: Third Sunday in April
Apr 17*	Sun+3: Third Sunday in April
Apr 17*	Third: Third Sunday in April
Apr 17*	17 of every month
Apr 17 	4/17: April 17
Apr 17 	Apr. 17: April 17
Apr 17 	17 April: April 17
	April: continued
Apr 17*	Sunday: Every Sunday
