Apr 09*	Saturday+2: Second Saturday
Apr 09*	Sat+2: Second Saturday
Apr 09*	Saturday+2: Second Saturday in April
Apr 09*	Sat+2: Second Saturday in April
Apr 09*	Second: Second Saturday in April
Apr 09*	Saturday-4: Last (-4) Saturday
Apr 09*	Sat-4: Last (-4) Saturday
Apr 09*	9 of every month
Apr 09 	4/9: April 9
Apr 09 	Apr. 9: April 9
Apr 09 	9 April: April 9
	April: continued
Apr 09*	Saturday: Every Saturday
Apr 10*	Sunday+2: Second Sunday
Apr 10*	Sun+2: Second Sunday
Apr 10*	Sunday+2: Second Sunday in April
Apr 10*	Sun+2: Second Sunday in April
Apr 10*	Second: Second Sunday in April
Apr 10*	Sunday-3: Last (-3) Sunday
Apr 10*	Sun-3: Last (-3) Sunday
Apr 10*	10 of every month
Apr 10 	4/10: April 10
Apr 10 	Apr. 10: April 10
Apr 10 	10 April: April 10
	April: continued
Apr 10*	Sunday: Every Sunday
