Jan 10*	Sunday+2: Second Sunday
Jan 10*	Sun+2: Second Sunday
Jan 10*	Sunday+2: Second Sunday in January
Jan 10*	Sun+2: Second Sunday in January
Jan 10*	Second: Second Sunday in January
Jan 10*	Sunday-4: Last (-4) Sunday
Jan 10*	Sun-4: Last (-4) Sunday
Jan 10*	10 of every month
Jan 10 	1/10: January 10
Jan 10 	Jan. 10: January 10
Jan 10 	10 January: January 10
	January: continued
Jan 10*	Sunday: Every Sunday
Jan 11*	Monday+2: Second Monday
Jan 11*	Mon+2: Second Monday
Jan 11*	Monday+2: Second Monday in January
Jan 11*	Mon+2: Second Monday in January
Jan 11*	Second: Second Monday in January
Jan 11*	Monday-3: Last (-3) Monday
Jan 11*	Mon-3: Last (-3) Monday
Jan 11*	11 of every month
Jan 11 	1/11: January 11
Jan 11 	Jan. 11: January 11
Jan 11 	11 January: January 11
	January: continued
Jan 11*	Monday: Every Monday
