Dec 05*	Monday+1: First Monday
Dec 05*	Mon+1: First Monday
Dec 05*	Monday+1: First Monday in December
Dec 05*	Mon+1: First Monday in December
Dec 05*	First: First Monday in December
Dec 05*	Monday-4: Last (-4) Monday
Dec 05*	Mon-4: Last (-4) Monday
Dec 05*	Monday+5: Fifth Monday in November
Dec 05*	Mon+5: Fifth Monday in November
Dec 05*	Fifth: Fifth Monday in November
Dec 05*	5 of every month
Dec 05 	12/5: December 5
Dec 05 	Dec. 5: December 5
Dec 05 	5 December: December 5
	December: continued
Dec 05*	Monday: Every Monday
Dec 06*	Tuesday+1: First Tuesday
Dec 06*	Tue+1: First Tuesday
Dec 06*	Tuesday+1: First Tuesday in December
Dec 06*	Tue+1: First Tuesday in December
Dec 06*	First: First Tuesday in December
Dec 06*	Tuesday-4: Last (-4) Tuesday
Dec 06*	Tue-4: Last (-4) Tuesday
Dec 06*	6 of every month
Dec 06 	12/6: December 6
Dec 06 	Dec. 6: December 6
Dec 06 	6 December: December 6
	December: continued
Dec 06*	Tuesday: Every Tuesday
