Nov 22*	Tuesday-2: Last (-2) Tuesday
Nov 22*	Tue-2: Last (-2) Tuesday
Nov 22*	Tuesday+4: Fourth Tuesday
Nov 22*	Tue+4: Fourth Tuesday
Nov 22*	Tuesday+4: Fourth Tuesday in November
Nov 22*	Tue+4: Fourth Tuesday in November
Nov 22*	Fourth: Fourth Tuesday in November
Nov 22*	22 of every month
Nov 22 	11/22: November 22
Nov 22 	Nov. 22: November 22
Nov 22 	22 November: November 22
	November: continued
Nov 22*	Tuesday: Every Tuesday
Nov 23*	Wednesday-2: Last (-2) Wednesday
Nov 23*	Wed-2: Last (-2) Wednesday
Nov 23*	Wednesday+4: Fourth Wednesday
Nov 23*	Wed+4: Fourth Wednesday
Nov 23*	Wednesday+4: Fourth Wednesday in November
Nov 23*	Wed+4: Fourth Wednesday in November
Nov 23*	Fourth: Fourth Wednesday in November
Nov 23*	23 of every month
Nov 23 	11/23: November 23
Nov 23 	Nov. 23: November 23
Nov 23 	23 November: November 23
	November: continued
Nov 23*	Wednesday: Every Wednesday
