Feb 19*	Friday-2: Last (-2) Friday
Feb 19*	Fri-2: Last (-2) Friday
Feb 19*	Friday+3: Third Friday
Feb 19*	Fri+3: Third Friday
Feb 19*	Friday+3: Third Friday in February
Feb 19*	Fri+3: Third Friday in February
Feb 19*	Third: Third Friday in February
Feb 19*	19 of every month
Feb 19 	2/19: February 19
Feb 19 	Feb. 19: February 19
Feb 19 	19 February: February 19
	February: continued
Feb 19*	Friday: Every Friday
Feb 20*	Saturday-2: Last (-2) Saturday
Feb 20*	Sat-2: Last (-2) Saturday
Feb 20*	Saturday+3: Third Saturday
Feb 20*	Sat+3: Third Saturday
Feb 20*	Saturday+3: Third Saturday in February
Feb 20*	Sat+3: Third Saturday in February
Feb 20*	Third: Third Saturday in February
Feb 20*	20 of every month
Feb 20 	2/20: February 20
Feb 20 	Feb. 20: February 20
Feb 20 	20 February: February 20
	February: continued
Feb 20*	Saturday: Every Saturday
Feb 21*	Sunday-2: Last (-2) Sunday
Feb 21*	Sun-2: Last (-2) Sunday
Feb 21*	Sunday+3: Third Sunday
Feb 21*	Sun+3: Third Sunday
Feb 21*	Sunday+3: Third Sunday in February
Feb 21*	Sun+3: Third Sunday in February
Feb 21*	Third: Third Sunday in February
Feb 21*	21 of every month
Feb 21 	2/21: February 21
Feb 21 	Feb. 21: February 21
Feb 21 	21 February: February 21
	February: continued
Feb 21*	Sunday: Every Sunday
Feb 22*	Monday-2: Last (-2) Monday
Feb 22*	Mon-2: Last (-2) Monday
Feb 22*	Monday+4: Fourth Monday
Feb 22*	Mon+4: Fourth Monday
Feb 22*	Monday+4: Fourth Monday in February
Feb 22*	Mon+4: Fourth Monday in February
Feb 22*	Fourth: Fourth Monday in February
Feb 22*	22 of every month
Feb 22 	2/22: February 22
Feb 22 	Feb. 22: February 22
Feb 22 	22 February: February 22
	February: continued
Feb 22*	Monday: Every Monday
