Feb 04*	Thursday+1: First Thursday
Feb 04*	Thu+1: First Thursday
Feb 04*	Thursday+1: First Thursday in February
Feb 04*	Thu+1: First Thursday in February
Feb 04*	First: First Thursday in February
Feb 04*	Thursday-4: Last (-4) Thursday
Feb 04*	Thu-4: Last (-4) Thursday
Feb 04*	Thursday+5: Fifth Thursday in January
Feb 04*	Thu+5: Fifth Thursday in January
Feb 04*	Fifth: Fifth Thursday in January
Feb 04*	4 of every month
Feb 04 	2/4: February 4
Feb 04 	Feb. 4: February 4
Feb 04 	4 February: February 4
	February: continued
Feb 04*	Thursday: Every Thursday
Feb 05*	Friday+1: First Friday
Feb 05*	Fri+1: First Friday
Feb 05*	Friday+1: First Friday in February
Feb 05*	Fri+1: First Friday in February
Feb 05*	First: First Friday in February
Feb 05*	Friday-4: Last (-4) Friday
Feb 05*	Fri-4: Last (-4) Friday
Feb 05*	5 of every month
Feb 05 	2/5: February 5
Feb 05 	Feb. 5: February 5
Feb 05 	5 February: February 5
	February: continued
Feb 05*	Friday: Every Friday
