Apr 15*	Friday+3: Third Friday
Apr 15*	Fri+3: Third Friday
Apr 15*	Friday-3: Last (-3) Friday
Apr 15*	Fri-3: Last (-3) Friday
Apr 15*	Friday+3: Third Friday in April
Apr 15*	Fri+3: Third Friday in April
Apr 15*	Third: Third Friday in April
Apr 15*	15 of every month
Apr 15 	4/15: April 15
Apr 15 	Apr. 15: April 15
Apr 15 	15 April: April 15
	April: continued
Apr 15*	Friday: Every Friday
Apr 16*	Saturday+3: Third Saturday
Apr 16*	Sat+3: Third Saturday
Apr 16*	Saturday-3: Last (-3) Saturday
Apr 16*	Sat-3: Last (-3) Saturday
Apr 16*	Saturday+3: Third Saturday in April
Apr 16*	Sat+3: Third Saturday in April
Apr 16*	Third: Third Saturday in April
Apr 16*	16 of every month
Apr 16 	4/16: April 16
Apr 16 	Apr. 16: April 16
Apr 16 	16 April: April 16
	April: continued
Apr 16*	Saturday: Every Saturday
Apr 17*	Sunday-2: Last (-2) Sunday
Apr 17*	Sun-2: Last (-2) Sunday
Apr 17*	Sunday+3: Third Sunday
Apr 17*	Sun+3: Third Sunday
Apr 17*	Sunday+3: Third Sunday in April
Apr 17*	Sun+3: Third Sunday in April
Apr 17*	Third: Third Sunday in April
Apr 17*	17 of every month
Apr 17 	4/17: April 17
Apr 17 	Apr. 17: April 17
Apr 17 	17 April: April 17
	April: continued
Apr 17*	Sunday: Every Sunday
Apr 18*	Monday-2: Last (-2) Monday
Apr 18*	Mon-2: Last (-2) Monday
Apr 18*	Monday+3: Third Monday
Apr 18*	Mon+3: Third Monday
Apr 18*	Monday+3: Third Monday in April
Apr 18*	Mon+3: Third Monday in April
Apr 18*	Third: Third Monday in April
Apr 18*	18 of every month
Apr 18 	4/18: April 18
Apr 18 	Apr. 18: April 18
Apr 18 	18 April: April 18
	April: continued
Apr 18*	Monday: Every Monday
