Dec 16*	Friday+3: Third Friday
Dec 16*	Fri+3: Third Friday
Dec 16*	Friday-3: Last (-3) Friday
Dec 16*	Fri-3: Last (-3) Friday
Dec 16*	Friday+3: Third Friday in December
Dec 16*	Fri+3: Third Friday in December
Dec 16*	Third: Third Friday in December
Dec 16*	16 of every month
Dec 16 	12/16: December 16
Dec 16 	Dec. 16: December 16
Dec 16 	16 December: December 16
	December: continued
Dec 16*	Friday: Every Friday
Dec 17*	Saturday+3: Third Saturday
Dec 17*	Sat+3: Third Saturday
Dec 17*	Saturday-3: Last (-3) Saturday
Dec 17*	Sat-3: Last (-3) Saturday
Dec 17*	Saturday+3: Third Saturday in December
Dec 17*	Sat+3: Third Saturday in December
Dec 17*	Third: Third Saturday in December
Dec 17*	17 of every month
Dec 17 	12/17: December 17
Dec 17 	Dec. 17: December 17
Dec 17 	17 December: December 17
	December: continued
Dec 17*	Saturday: Every Saturday
Dec 18*	Sunday-2: Last (-2) Sunday
Dec 18*	Sun-2: Last (-2) Sunday
Dec 18*	Sunday+3: Third Sunday
Dec 18*	Sun+3: Third Sunday
Dec 18*	Sunday+3: Third Sunday in December
Dec 18*	Sun+3: Third Sunday in December
Dec 18*	Third: Third Sunday in December
Dec 18*	18 of every month
Dec 18 	12/18: December 18
Dec 18 	Dec. 18: December 18
Dec 18 	18 December: December 18
	December: continued
Dec 18*	Sunday: Every Sunday
Dec 19*	Monday-2: Last (-2) Monday
Dec 19*	Mon-2: Last (-2) Monday
Dec 19*	Monday+3: Third Monday
Dec 19*	Mon+3: Third Monday
Dec 19*	Monday+3: Third Monday in December
Dec 19*	Mon+3: Third Monday in December
Dec 19*	Third: Third Monday in December
Dec 19*	19 of every month
Dec 19 	12/19: December 19
Dec 19 	Dec. 19: December 19
Dec 19 	19 December: December 19
	December: continued
Dec 19*	Monday: Every Monday
