Nov 14*	Monday+2: Second Monday
Nov 14*	Mon+2: Second Monday
Nov 14*	Monday+2: Second Monday in November
Nov 14*	Mon+2: Second Monday in November
Nov 14*	Second: Second Monday in November
Nov 14*	Monday-3: Last (-3) Monday
Nov 14*	Mon-3: Last (-3) Monday
Nov 14*	14 of every month
Nov 14 	11/14: November 14
Nov 14 	Nov. 14: November 14
Nov 14 	14 November: November 14
	November: continued
Nov 14*	Monday: Every Monday
Nov 15*	Tuesday+3: Third Tuesday
Nov 15*	Tue+3: Third Tuesday
Nov 15*	Tuesday-3: Last (-3) Tuesday
Nov 15*	Tue-3: Last (-3) Tuesday
Nov 15*	Tuesday+3: Third Tuesday in November
Nov 15*	Tue+3: Third Tuesday in November
Nov 15*	Third: Third Tuesday in November
Nov 15*	15 of every month
Nov 15 	11/15: November 15
Nov 15 	Nov. 15: November 15
Nov 15 	15 November: November 15
	November: continued
Nov 15*	Tuesday: Every Tuesday
