Feb 18*	Thursday-2: Last (-2) Thursday
Feb 18*	Thu-2: Last (-2) Thursday
Feb 18*	Thursday+3: Third Thursday
Feb 18*	Thu+3: Third Thursday
Feb 18*	Thursday+3: Third Thursday in February
Feb 18*	Thu+3: Third Thursday in February
Feb 18*	Third: Third Thursday in February
Feb 18*	18 of every month
Feb 18 	2/18: February 18
Feb 18 	Feb. 18: February 18
Feb 18 	18 February: February 18
	February: continued
Feb 18*	Thursday: Every Thursday
Feb 19*	Friday-2: Last (-2) Friday
Feb 19*	Fri-2: Last (-2) Friday
Feb 19*	Friday+3: Third Friday
Feb 19*	Fri+3: Third Friday
Feb 19*	Friday+3: Third Friday in February
Feb 19*	Fri+3: Third Friday in February
Feb 19*	Third: Third Friday in February
Feb 19*	19 of every month
Feb 19 	2/19: February 19
Feb 19 	Feb. 19: February 19
Feb 19 	19 February: February 19
	February: continued
Feb 19*	Friday: Every Friday
