Feb 22*	Monday-2: Last (-2) Monday
Feb 22*	Mon-2: Last (-2) Monday
Feb 22*	Monday+4: Fourth Monday
Feb 22*	Mon+4: Fourth Monday
Feb 22*	Monday+4: Fourth Monday in February
Feb 22*	Mon+4: Fourth Monday in February
Feb 22*	Fourth: Fourth Monday in February
Feb 22*	22 of every month
Feb 22 	2/22: February 22
Feb 22 	Feb. 22: February 22
Feb 22 	22 February: February 22
	February: continued
Feb 22*	Monday: Every Monday
Feb 23*	Tuesday-1: Last (-1) Tuesday
Feb 23*	Tue-1: Last (-1) Tuesday
Feb 23*	Tuesday+4: Fourth Tuesday
Feb 23*	Tue+4: Fourth Tuesday
Feb 23*	Tuesday+4: Fourth Tuesday in February
Feb 23*	Tue+4: Fourth Tuesday in February
Feb 23*	Fourth: Fourth Tuesday in February
Feb 23*	23 of every month
Feb 23 	2/23: February 23
Feb 23 	Feb. 23: February 23
Feb 23 	23 February: February 23
	February: continued
Feb 23*	Tuesday: Every Tuesday
