Feb 02*	Tuesday+1: First Tuesday
Feb 02*	Tue+1: First Tuesday
Feb 02*	Tuesday+1: First Tuesday in February
Feb 02*	Tue+1: First Tuesday in February
Feb 02*	First: First Tuesday in February
Feb 02*	Tuesday-4: Last (-4) Tuesday
Feb 02*	Tue-4: Last (-4) Tuesday
Feb 02*	Tuesday+5: Fifth Tuesday in January
Feb 02*	Tue+5: Fifth Tuesday in January
Feb 02*	Fifth: Fifth Tuesday in January
Feb 02*	2 of every month
Feb 02 	2/2: February 2
Feb 02 	Feb. 2: February 2
Feb 02 	2 February: February 2
	February: continued
Feb 02*	Tuesday: Every Tuesday
Feb 03*	Wednesday+1: First Wednesday
Feb 03*	Wed+1: First Wednesday
Feb 03*	Wednesday+1: First Wednesday in February
Feb 03*	Wed+1: First Wednesday in February
Feb 03*	First: First Wednesday in February
Feb 03*	Wednesday-4: Last (-4) Wednesday
Feb 03*	Wed-4: Last (-4) Wednesday
Feb 03*	Wednesday+5: Fifth Wednesday in January
Feb 03*	Wed+5: Fifth Wednesday in January
Feb 03*	Fifth: Fifth Wednesday in January
Feb 03*	3 of every month
Feb 03 	2/3: February 3
Feb 03 	Feb. 3: February 3
Feb 03 	3 February: February 3
	February: continued
Feb 03*	Wednesday: Every Wednesday
