Apr 07*	Thursday+1: First Thursday
Apr 07*	Thu+1: First Thursday
Apr 07*	Thursday+1: First Thursday in April
Apr 07*	Thu+1: First Thursday in April
Apr 07*	First: First Thursday in April
Apr 07*	Thursday-4: Last (-4) Thursday
Apr 07*	Thu-4: Last (-4) Thursday
Apr 07*	7 of every month
Apr 07 	4/7: April 7
Apr 07 	Apr. 7: April 7
Apr 07 	7 April: April 7
	April: continued
Apr 07*	Thursday: Every Thursday
Apr 08*	Friday+2: Second Friday
Apr 08*	Fri+2: Second Friday
Apr 08*	Friday+2: Second Friday in April
Apr 08*	Fri+2: Second Friday in April
Apr 08*	Second: Second Friday in April
Apr 08*	Friday-4: Last (-4) Friday
Apr 08*	Fri-4: Last (-4) Friday
Apr 08*	8 of every month
Apr 08 	4/8: April 8
Apr 08 	Apr. 8: April 8
Apr 08 	8 April: April 8
	April: continued
Apr 08*	Friday: Every Friday
