Feb 17*	Wednesday-2: Last (-2) Wednesday
Feb 17*	Wed-2: Last (-2) Wednesday
Feb 17*	Wednesday+3: Third Wednesday
Feb 17*	Wed+3: Third Wednesday
Feb 17*	Wednesday+3: Third Wednesday in February
Feb 17*	Wed+3: Third Wednesday in February
Feb 17*	Third: Third Wednesday in February
Feb 17*	17 of every month
Feb 17 	2/17: February 17
Feb 17 	Feb. 17: February 17
Feb 17 	17 February: February 17
	February: continued
Feb 17*	Wednesday: Every Wednesday
Feb 18*	Thursday-2: Last (-2) Thursday
Feb 18*	Thu-2: Last (-2) Thursday
Feb 18*	Thursday+3: Third Thursday
Feb 18*	Thu+3: Third Thursday
Feb 18*	Thursday+3: Third Thursday in February
Feb 18*	Thu+3: Third Thursday in February
Feb 18*	Third: Third Thursday in February
Feb 18*	18 of every month
Feb 18 	2/18: February 18
Feb 18 	Feb. 18: February 18
Feb 18 	18 February: February 18
	February: continued
Feb 18*	Thursday: Every Thursday
