May 07*	Saturday+1: First Saturday
May 07*	Sat+1: First Saturday
May 07*	Saturday+1: First Saturday in May
May 07*	Sat+1: First Saturday in May
May 07*	First: First Saturday in May
May 07*	Saturday-4: Last (-4) Saturday
May 07*	Sat-4: Last (-4) Saturday
May 07*	7 of every month
May 07 	5/7: May 7
May 07 	May. 7: May 7
May 07 	7 May: May 7
	May: continued
May 07*	Saturday: Every Saturday
May 08*	Sunday+2: Second Sunday
May 08*	Sun+2: Second Sunday
May 08*	Sunday+2: Second Sunday in May
May 08*	Sun+2: Second Sunday in May
May 08*	Second: Second Sunday in May
May 08*	Sunday-4: Last (-4) Sunday
May 08*	Sun-4: Last (-4) Sunday
May 08*	8 of every month
May 08 	5/8: May 8
May 08 	May. 8: May 8
May 08 	8 May: May 8
	May: continued
May 08*	Sunday: Every Sunday
