May 02*	Monday+1: First Monday
May 02*	Mon+1: First Monday
May 02*	Monday+1: First Monday in May
May 02*	Mon+1: First Monday in May
May 02*	First: First Monday in May
May 02*	Monday+5: Fifth Monday in April
May 02*	Mon+5: Fifth Monday in April
May 02*	Fifth: Fifth Monday in April
May 02*	2 of every month
May 02 	5/2: May 2
May 02 	May. 2: May 2
May 02 	2 May: May 2
	May: continued
May 02*	Monday: Every Monday
May 03*	Tuesday+1: First Tuesday
May 03*	Tue+1: First Tuesday
May 03*	Tuesday+1: First Tuesday in May
May 03*	Tue+1: First Tuesday in May
May 03*	First: First Tuesday in May
May 03*	Tuesday+5: Fifth Tuesday in April
May 03*	Tue+5: Fifth Tuesday in April
May 03*	Fifth: Fifth Tuesday in April
May 03*	3 of every month
May 03 	5/3: May 3
May 03 	May. 3: May 3
May 03 	3 May: May 3
	May: continued
May 03*	Tuesday: Every Tuesday
