Feb 29*	Monday-1: Last (-1) Monday
Feb 29*	Mon-1: Last (-1) Monday
Feb 29*	Monday+5: Fifth Monday
Feb 29*	Mon+5: Fifth Monday
Feb 29*	Monday+5: Fifth Monday in February
Feb 29*	Mon+5: Fifth Monday in February
Feb 29*	Fifth: Fifth Monday in February
Feb 29*	29 of every month
Feb 29 	2/29: February 29
Feb 29 	Feb. 29: February 29
Feb 29 	29 February: February 29
	February: continued
Feb 29*	Monday: Every Monday
Mar 01*	Tuesday+1: First Tuesday
Mar 01*	Tue+1: First Tuesday
Mar 01*	Tuesday+1: First Tuesday in March
Mar 01*	Tue+1: First Tuesday in March
Mar 01*	First: First Tuesday in March
Mar 01*	Tuesday+5: Fifth Tuesday in February
Mar 01*	Tue+5: Fifth Tuesday in February
Mar 01*	Fifth: Fifth Tuesday in February
Mar 01*	1 of every month
Mar 01 	3/1: March 1
Mar 01 	Mar. 1: March 1
Mar 01 	1 March: March 1
	March: continued
Mar 01*	*: Beginning of every month
Mar 01*	Tuesday: Every Tuesday
Mar 01 	March: Every March 1st
