Sep 01*	Thursday+1: First Thursday
Sep 01*	Thu+1: First Thursday
Sep 01*	Thursday+1: First Thursday in September
Sep 01*	Thu+1: First Thursday in September
Sep 01*	First: First Thursday in September
Sep 01*	Thursday+5: Fifth Thursday in August
Sep 01*	Thu+5: Fifth Thursday in August
Sep 01*	Fifth: Fifth Thursday in August
Sep 01*	1 of every month
Sep 01*	*: Beginning of every month
Sep 01*	Thursday: Every Thursday
Sep 01 	September: Every September 1st
Sep 02*	Friday+1: First Friday
Sep 02*	Fri+1: First Friday
Sep 02*	Friday+1: First Friday in September
Sep 02*	Fri+1: First Friday in September
Sep 02*	First: First Friday in September
Sep 02*	Friday+5: Fifth Friday in August
Sep 02*	Fri+5: Fifth Friday in August
Sep 02*	Fifth: Fifth Friday in August
Sep 02*	2 of every month
Sep 02*	Friday: Every Friday
