Dec 08*	Thursday+2: Second Thursday
Dec 08*	Thu+2: Second Thursday
Dec 08*	Thursday+2: Second Thursday in December
Dec 08*	Thu+2: Second Thursday in December
Dec 08*	Second: Second Thursday in December
Dec 08*	Thursday-4: Last (-4) Thursday
Dec 08*	Thu-4: Last (-4) Thursday
Dec 08*	8 of every month
Dec 08 	12/8: December 8
Dec 08 	Dec. 8: December 8
Dec 08 	8 December: December 8
	December: continued
Dec 08*	Thursday: Every Thursday
Dec 09*	Friday+2: Second Friday
Dec 09*	Fri+2: Second Friday
Dec 09*	Friday+2: Second Friday in December
Dec 09*	Fri+2: Second Friday in December
Dec 09*	Second: Second Friday in December
Dec 09*	Friday-4: Last (-4) Friday
Dec 09*	Fri-4: Last (-4) Friday
Dec 09*	9 of every month
Dec 09 	12/9: December 9
Dec 09 	Dec. 9: December 9
Dec 09 	9 December: December 9
	December: continued
Dec 09*	Friday: Every Friday
