Oct 08*	Saturday+2: Second Saturday
Oct 08*	Sat+2: Second Saturday
Oct 08*	Saturday+2: Second Saturday in October
Oct 08*	Sat+2: Second Saturday in October
Oct 08*	Second: Second Saturday in October
Oct 08*	Saturday-4: Last (-4) Saturday
Oct 08*	Sat-4: Last (-4) Saturday
Oct 08*	8 of every month
Oct 08 	10/8: October 8
Oct 08 	Oct. 8: October 8
Oct 08 	8 October: October 8
	October: continued
Oct 08*	Saturday: Every Saturday
Oct 09*	Sunday+2: Second Sunday
Oct 09*	Sun+2: Second Sunday
Oct 09*	Sunday+2: Second Sunday in October
Oct 09*	Sun+2: Second Sunday in October
Oct 09*	Second: Second Sunday in October
Oct 09*	Sunday-4: Last (-4) Sunday
Oct 09*	Sun-4: Last (-4) Sunday
Oct 09*	9 of every month
Oct 09 	10/9: October 9
Oct 09 	Oct. 9: October 9
Oct 09 	9 October: October 9
	October: continued
Oct 09*	Sunday: Every Sunday
