Oct 12*	Wednesday+2: Second Wednesday
Oct 12*	Wed+2: Second Wednesday
Oct 12*	Wednesday+2: Second Wednesday in October
Oct 12*	Wed+2: Second Wednesday in October
Oct 12*	Second: Second Wednesday in October
Oct 12*	Wednesday-3: Last (-3) Wednesday
Oct 12*	Wed-3: Last (-3) Wednesday
Oct 12*	12 of every month
Oct 12 	10/12: October 12
Oct 12 	Oct. 12: October 12
Oct 12 	12 October: October 12
	October: continued
Oct 12*	Wednesday: Every Wednesday
Oct 13*	Thursday+2: Second Thursday
Oct 13*	Thu+2: Second Thursday
Oct 13*	Thursday+2: Second Thursday in October
Oct 13*	Thu+2: Second Thursday in October
Oct 13*	Second: Second Thursday in October
Oct 13*	Thursday-3: Last (-3) Thursday
Oct 13*	Thu-3: Last (-3) Thursday
Oct 13*	13 of every month
Oct 13 	10/13: October 13
Oct 13 	Oct. 13: October 13
Oct 13 	13 October: October 13
	October: continued
Oct 13*	Thursday: Every Thursday
