Jan 16*	Saturday+3: Third Saturday
Jan 16*	Sat+3: Third Saturday
Jan 16*	Saturday-3: Last (-3) Saturday
Jan 16*	Sat-3: Last (-3) Saturday
Jan 16*	Saturday+3: Third Saturday in January
Jan 16*	Sat+3: Third Saturday in January
Jan 16*	Third: Third Saturday in January
Jan 16*	16 of every month
Jan 16 	1/16: January 16
Jan 16 	Jan. 16: January 16
Jan 16 	16 January: January 16
	January: continued
Jan 16*	Saturday: Every Saturday
Jan 17*	Sunday+3: Third Sunday
Jan 17*	Sun+3: Third Sunday
Jan 17*	Sunday-3: Last (-3) Sunday
Jan 17*	Sun-3: Last (-3) Sunday
Jan 17*	Sunday+3: Third Sunday in January
Jan 17*	Sun+3: Third Sunday in January
Jan 17*	Third: Third Sunday in January
Jan 17*	17 of every month
Jan 17 	1/17: January 17
Jan 17 	Jan. 17: January 17
Jan 17 	17 January: January 17
	January: continued
Jan 17*	Sunday: Every Sunday
