Apr 25*	Monday-1: Last (-1) Monday
Apr 25*	Mon-1: Last (-1) Monday
Apr 25*	Monday+4: Fourth Monday
Apr 25*	Mon+4: Fourth Monday
Apr 25*	Monday+4: Fourth Monday in April
Apr 25*	Mon+4: Fourth Monday in April
Apr 25*	Fourth: Fourth Monday in April
Apr 25*	25 of every month
Apr 25 	4/25: April 25
Apr 25 	Apr. 25: April 25
Apr 25 	25 April: April 25
	April: continued
Apr 25*	Monday: Every Monday
Apr 26*	Tuesday-1: Last (-1) Tuesday
Apr 26*	Tue-1: Last (-1) Tuesday
Apr 26*	Tuesday+4: Fourth Tuesday
Apr 26*	Tue+4: Fourth Tuesday
Apr 26*	Tuesday+4: Fourth Tuesday in April
Apr 26*	Tue+4: Fourth Tuesday in April
Apr 26*	Fourth: Fourth Tuesday in April
Apr 26*	26 of every month
Apr 26 	4/26: April 26
Apr 26 	Apr. 26: April 26
Apr 26 	26 April: April 26
	April: continued
Apr 26*	Tuesday: Every Tuesday
