Feb 20*	Saturday-2: Last (-2) Saturday
Feb 20*	Sat-2: Last (-2) Saturday
Feb 20*	Saturday+3: Third Saturday
Feb 20*	Sat+3: Third Saturday
Feb 20*	Saturday+3: Third Saturday in February
Feb 20*	Sat+3: Third Saturday in February
Feb 20*	Third: Third Saturday in February
Feb 20*	20 of every month
Feb 20 	2/20: February 20
Feb 20 	Feb. 20: February 20
Feb 20 	20 February: February 20
	February: continued
Feb 20*	Saturday: Every Saturday
Feb 21*	Sunday-2: Last (-2) Sunday
Feb 21*	Sun-2: Last (-2) Sunday
Feb 21*	Sunday+3: Third Sunday
Feb 21*	Sun+3: Third Sunday
Feb 21*	Sunday+3: Third Sunday in February
Feb 21*	Sun+3: Third Sunday in February
Feb 21*	Third: Third Sunday in February
Feb 21*	21 of every month
Feb 21 	2/21: February 21
Feb 21 	Feb. 21: February 21
Feb 21 	21 February: February 21
	February: continued
Feb 21*	Sunday: Every Sunday
