Jan 15*	Friday+3: Third Friday
Jan 15*	Fri+3: Third Friday
Jan 15*	Friday-3: Last (-3) Friday
Jan 15*	Fri-3: Last (-3) Friday
Jan 15*	Friday+3: Third Friday in January
Jan 15*	Fri+3: Third Friday in January
Jan 15*	Third: Third Friday in January
Jan 15*	15 of every month
Jan 15 	1/15: January 15
Jan 15 	Jan. 15: January 15
Jan 15 	15 January: January 15
	January: continued
Jan 15*	Friday: Every Friday
Jan 16*	Saturday+3: Third Saturday
Jan 16*	Sat+3: Third Saturday
Jan 16*	Saturday-3: Last (-3) Saturday
Jan 16*	Sat-3: Last (-3) Saturday
Jan 16*	Saturday+3: Third Saturday in January
Jan 16*	Sat+3: Third Saturday in January
Jan 16*	Third: Third Saturday in January
Jan 16*	16 of every month
Jan 16 	1/16: January 16
Jan 16 	Jan. 16: January 16
Jan 16 	16 January: January 16
	January: continued
Jan 16*	Saturday: Every Saturday
Jan 17*	Sunday+3: Third Sunday
Jan 17*	Sun+3: Third Sunday
Jan 17*	Sunday-3: Last (-3) Sunday
Jan 17*	Sun-3: Last (-3) Sunday
Jan 17*	Sunday+3: Third Sunday in January
Jan 17*	Sun+3: Third Sunday in January
Jan 17*	Third: Third Sunday in January
Jan 17*	17 of every month
Jan 17 	1/17: January 17
Jan 17 	Jan. 17: January 17
Jan 17 	17 January: January 17
	January: continued
Jan 17*	Sunday: Every Sunday
Jan 18*	Monday-2: Last (-2) Monday
Jan 18*	Mon-2: Last (-2) Monday
Jan 18*	Monday+3: Third Monday
Jan 18*	Mon+3: Third Monday
Jan 18*	Monday+3: Third Monday in January
Jan 18*	Mon+3: Third Monday in January
Jan 18*	Third: Third Monday in January
Jan 18*	18 of every month
Jan 18 	1/18: January 18
Jan 18 	Jan. 18: January 18
Jan 18 	18 January: January 18
	January: continued
Jan 18*	Monday: Every Monday
