Oct 30*	Sunday-1: Last (-1) Sunday
Oct 30*	Sun-1: Last (-1) Sunday
Oct 30*	Sunday+5: Fifth Sunday
Oct 30*	Sun+5: Fifth Sunday
Oct 30*	Sunday+5: Fifth Sunday in October
Oct 30*	Sun+5: Fifth Sunday in October
Oct 30*	Fifth: Fifth Sunday in October
Oct 30*	30 of every month
Oct 30 	10/30: October 30
Oct 30 	Oct. 30: October 30
Oct 30 	30 October: October 30
	October: continued
Oct 30*	Sunday: Every Sunday
Oct 31*	Monday-1: Last (-1) Monday
Oct 31*	Mon-1: Last (-1) Monday
Oct 31*	Monday+5: Fifth Monday
Oct 31*	Mon+5: Fifth Monday
Oct 31*	Monday+5: Fifth Monday in October
Oct 31*	Mon+5: Fifth Monday in October
Oct 31*	Fifth: Fifth Monday in October
Oct 31*	31 of every month
Oct 31 	10/31: October 31
Oct 31 	Oct. 31: October 31
Oct 31 	31 October: October 31
	October: continued
Oct 31*	Monday: Every Monday
