Nov 16*	Wednesday+3: Third Wednesday
Nov 16*	Wed+3: Third Wednesday
Nov 16*	Wednesday-3: Last (-3) Wednesday
Nov 16*	Wed-3: Last (-3) Wednesday
Nov 16*	Wednesday+3: Third Wednesday in November
Nov 16*	Wed+3: Third Wednesday in November
Nov 16*	Third: Third Wednesday in November
Nov 16*	16 of every month
Nov 16 	11/16: November 16
Nov 16 	Nov. 16: November 16
Nov 16 	16 November: November 16
	November: continued
Nov 16*	Wednesday: Every Wednesday
Nov 17*	Thursday-2: Last (-2) Thursday
Nov 17*	Thu-2: Last (-2) Thursday
Nov 17*	Thursday+3: Third Thursday
Nov 17*	Thu+3: Third Thursday
Nov 17*	Thursday+3: Third Thursday in November
Nov 17*	Thu+3: Third Thursday in November
Nov 17*	Third: Third Thursday in November
Nov 17*	17 of every month
Nov 17 	11/17: November 17
Nov 17 	Nov. 17: November 17
Nov 17 	17 November: November 17
	November: continued
Nov 17*	Thursday: Every Thursday
