Jan 23*	Saturday-2: Last (-2) Saturday
Jan 23*	Sat-2: Last (-2) Saturday
Jan 23*	Saturday+4: Fourth Saturday
Jan 23*	Sat+4: Fourth Saturday
Jan 23*	Saturday+4: Fourth Saturday in January
Jan 23*	Sat+4: Fourth Saturday in January
Jan 23*	Fourth: Fourth Saturday in January
Jan 23*	23 of every month
Jan 23 	1/23: January 23
Jan 23 	Jan. 23: January 23
Jan 23 	23 January: January 23
	January: continued
Jan 23*	Saturday: Every Saturday
Jan 24*	Sunday-2: Last (-2) Sunday
Jan 24*	Sun-2: Last (-2) Sunday
Jan 24*	Sunday+4: Fourth Sunday
Jan 24*	Sun+4: Fourth Sunday
Jan 24*	Sunday+4: Fourth Sunday in January
Jan 24*	Sun+4: Fourth Sunday in January
Jan 24*	Fourth: Fourth Sunday in January
Jan 24*	24 of every month
Jan 24 	1/24: January 24
Jan 24 	Jan. 24: January 24
Jan 24 	24 January: January 24
	January: continued
Jan 24*	Sunday: Every Sunday
