Mar 29*	Tuesday-1: Last (-1) Tuesday
Mar 29*	Tue-1: Last (-1) Tuesday
Mar 29*	Tuesday+5: Fifth Tuesday
Mar 29*	Tue+5: Fifth Tuesday
Mar 29*	Tuesday+5: Fifth Tuesday in March
Mar 29*	Tue+5: Fifth Tuesday in March
Mar 29*	Fifth: Fifth Tuesday in March
Mar 29*	29 of every month
Mar 29 	3/29: March 29
Mar 29 	Mar. 29: March 29
Mar 29 	29 March: March 29
	March: continued
Mar 29*	Tuesday: Every Tuesday
Mar 30*	Wednesday-1: Last (-1) Wednesday
Mar 30*	Wed-1: Last (-1) Wednesday
Mar 30*	Wednesday+5: Fifth Wednesday
Mar 30*	Wed+5: Fifth Wednesday
Mar 30*	Wednesday+5: Fifth Wednesday in March
Mar 30*	Wed+5: Fifth Wednesday in March
Mar 30*	Fifth: Fifth Wednesday in March
Mar 30*	30 of every month
Mar 30 	3/30: March 30
Mar 30 	Mar. 30: March 30
Mar 30 	30 March: March 30
	March: continued
Mar 30*	Wednesday: Every Wednesday
