Jan 06*	Wednesday+1: First Wednesday
Jan 06*	Wed+1: First Wednesday
Jan 06*	Wednesday+1: First Wednesday in January
Jan 06*	Wed+1: First Wednesday in January
Jan 06*	First: First Wednesday in January
Jan 06*	Wednesday-4: Last (-4) Wednesday
Jan 06*	Wed-4: Last (-4) Wednesday
Jan 06*	6 of every month
Jan 06 	1/6: January 6
Jan 06 	Jan. 6: January 6
Jan 06 	6 January: January 6
	January: continued
Jan 06*	Wednesday: Every Wednesday
Jan 07*	Thursday+1: First Thursday
Jan 07*	Thu+1: First Thursday
Jan 07*	Thursday+1: First Thursday in January
Jan 07*	Thu+1: First Thursday in January
Jan 07*	First: First Thursday in January
Jan 07*	Thursday-4: Last (-4) Thursday
Jan 07*	Thu-4: Last (-4) Thursday
Jan 07*	7 of every month
Jan 07 	1/7: January 7
Jan 07 	Jan. 7: January 7
Jan 07 	7 January: January 7
	January: continued
Jan 07*	Thursday: Every Thursday
