Jul 25*	Monday-1: Last (-1) Monday
Jul 25*	Mon-1: Last (-1) Monday
Jul 25*	Monday+4: Fourth Monday
Jul 25*	Mon+4: Fourth Monday
Jul 25*	Monday+4: Fourth Monday in July
Jul 25*	Mon+4: Fourth Monday in July
Jul 25*	Fourth: Fourth Monday in July
Jul 25*	25 of every month
Jul 25 	7/25: July 25
Jul 25 	Jul. 25: July 25
Jul 25 	25 July: July 25
	July: continued
Jul 25*	Monday: Every Monday
Jul 26*	Tuesday-1: Last (-1) Tuesday
Jul 26*	Tue-1: Last (-1) Tuesday
Jul 26*	Tuesday+4: Fourth Tuesday
Jul 26*	Tue+4: Fourth Tuesday
Jul 26*	Tuesday+4: Fourth Tuesday in July
Jul 26*	Tue+4: Fourth Tuesday in July
Jul 26*	Fourth: Fourth Tuesday in July
Jul 26*	26 of every month
Jul 26 	7/26: July 26
Jul 26 	Jul. 26: July 26
Jul 26 	26 July: July 26
	July: continued
Jul 26*	Tuesday: Every Tuesday
