Jun 30*	Thursday-1: Last (-1) Thursday
Jun 30*	Thu-1: Last (-1) Thursday
Jun 30*	Thursday+5: Fifth Thursday
Jun 30*	Thu+5: Fifth Thursday
Jun 30*	Thursday+5: Fifth Thursday in June
Jun 30*	Thu+5: Fifth Thursday in June
Jun 30*	Fifth: Fifth Thursday in June
Jun 30*	30 of every month
Jun 30 	6/30: June 30
Jun 30 	Jun. 30: June 30
Jun 30 	30 June: June 30
	June: continued
Jun 30*	Thursday: Every Thursday
Jul 01*	Friday+1: First Friday
Jul 01*	Fri+1: First Friday
Jul 01*	Friday+1: First Friday in July
Jul 01*	Fri+1: First Friday in July
Jul 01*	First: First Friday in July
Jul 01*	Friday+5: Fifth Friday in June
Jul 01*	Fri+5: Fifth Friday in June
Jul 01*	Fifth: Fifth Friday in June
Jul 01*	1 of every month
Jul 01 	7/1: July 1
Jul 01 	Jul. 1: July 1
Jul 01 	1 July: July 1
	July: continued
Jul 01*	*: Beginning of every month
Jul 01*	Friday: Every Friday
Jul 01 	July: Every July 1st
