Nov 07*	Monday+1: First Monday
Nov 07*	Mon+1: First Monday
Nov 07*	Monday+1: First Monday in November
Nov 07*	Mon+1: First Monday in November
Nov 07*	First: First Monday in November
Nov 07*	Monday-4: Last (-4) Monday
Nov 07*	Mon-4: Last (-4) Monday
Nov 07*	7 of every month
Nov 07 	11/7: November 7
Nov 07 	Nov. 7: November 7
Nov 07 	7 November: November 7
	November: continued
Nov 07*	Monday: Every Monday
Nov 08*	Tuesday+2: Second Tuesday
Nov 08*	Tue+2: Second Tuesday
Nov 08*	Tuesday+2: Second Tuesday in November
Nov 08*	Tue+2: Second Tuesday in November
Nov 08*	Second: Second Tuesday in November
Nov 08*	Tuesday-4: Last (-4) Tuesday
Nov 08*	Tue-4: Last (-4) Tuesday
Nov 08*	8 of every month
Nov 08 	11/8: November 8
Nov 08 	Nov. 8: November 8
Nov 08 	8 November: November 8
	November: continued
Nov 08*	Tuesday: Every Tuesday
