Jan 17*	Sunday+3: Third Sunday
Jan 17*	Sun+3: Third Sunday
Jan 17*	Sunday-3: Last (-3) Sunday
Jan 17*	Sun-3: Last (-3) Sunday
Jan 17*	Sunday+3: Third Sunday in January
Jan 17*	Sun+3: Third Sunday in January
Jan 17*	Third: Third Sunday in January
Jan 17*	17 of every month
Jan 17 	1/17: January 17
Jan 17 	Jan. 17: January 17
Jan 17 	17 January: January 17
	January: continued
Jan 17*	Sunday: Every Sunday
Jan 18*	Monday-2: Last (-2) Monday
Jan 18*	Mon-2: Last (-2) Monday
Jan 18*	Monday+3: Third Monday
Jan 18*	Mon+3: Third Monday
Jan 18*	Monday+3: Third Monday in January
Jan 18*	Mon+3: Third Monday in January
Jan 18*	Third: Third Monday in January
Jan 18*	18 of every month
Jan 18 	1/18: January 18
Jan 18 	Jan. 18: January 18
Jan 18 	18 January: January 18
	January: continued
Jan 18*	Monday: Every Monday
