Feb 16*	Tuesday-2: Last (-2) Tuesday
Feb 16*	Tue-2: Last (-2) Tuesday
Feb 16*	Tuesday+3: Third Tuesday
Feb 16*	Tue+3: Third Tuesday
Feb 16*	Tuesday+3: Third Tuesday in February
Feb 16*	Tue+3: Third Tuesday in February
Feb 16*	Third: Third Tuesday in February
Feb 16*	16 of every month
Feb 16 	2/16: February 16
Feb 16 	Feb. 16: February 16
Feb 16 	16 February: February 16
	February: continued
Feb 16*	Tuesday: Every Tuesday
Feb 17*	Wednesday-2: Last (-2) Wednesday
Feb 17*	Wed-2: Last (-2) Wednesday
Feb 17*	Wednesday+3: Third Wednesday
Feb 17*	Wed+3: Third Wednesday
Feb 17*	Wednesday+3: Third Wednesday in February
Feb 17*	Wed+3: Third Wednesday in February
Feb 17*	Third: Third Wednesday in February
Feb 17*	17 of every month
Feb 17 	2/17: February 17
Feb 17 	Feb. 17: February 17
Feb 17 	17 February: February 17
	February: continued
Feb 17*	Wednesday: Every Wednesday
