Nov 10*	Thursday+2: Second Thursday
Nov 10*	Thu+2: Second Thursday
Nov 10*	Thursday+2: Second Thursday in November
Nov 10*	Thu+2: Second Thursday in November
Nov 10*	Second: Second Thursday in November
Nov 10*	Thursday-3: Last (-3) Thursday
Nov 10*	Thu-3: Last (-3) Thursday
Nov 10*	10 of every month
Nov 10 	11/10: November 10
Nov 10 	Nov. 10: November 10
Nov 10 	10 November: November 10
	November: continued
Nov 10*	Thursday: Every Thursday
Nov 11*	Friday+2: Second Friday
Nov 11*	Fri+2: Second Friday
Nov 11*	Friday+2: Second Friday in November
Nov 11*	Fri+2: Second Friday in November
Nov 11*	Second: Second Friday in November
Nov 11*	Friday-3: Last (-3) Friday
Nov 11*	Fri-3: Last (-3) Friday
Nov 11*	11 of every month
Nov 11 	11/11: November 11
Nov 11 	Nov. 11: November 11
Nov 11 	11 November: November 11
	November: continued
Nov 11*	Friday: Every Friday
