May 28*	Saturday-1: Last (-1) Saturday
May 28*	Sat-1: Last (-1) Saturday
May 28*	Saturday+4: Fourth Saturday
May 28*	Sat+4: Fourth Saturday
May 28*	Saturday+4: Fourth Saturday in May
May 28*	Sat+4: Fourth Saturday in May
May 28*	Fourth: Fourth Saturday in May
May 28*	28 of every month
May 28 	5/28: May 28
May 28 	May. 28: May 28
May 28 	28 May: May 28
	May: continued
May 28*	Saturday: Every Saturday
May 29*	Sunday-1: Last (-1) Sunday
May 29*	Sun-1: Last (-1) Sunday
May 29*	Sunday+5: Fifth Sunday
May 29*	Sun+5: Fifth Sunday
May 29*	Sunday+5: Fifth Sunday in May
May 29*	Sun+5: Fifth Sunday in May
May 29*	Fifth: Fifth Sunday in May
May 29*	29 of every month
May 29 	5/29: May 29
May 29 	May. 29: May 29
May 29 	29 May: May 29
	May: continued
May 29*	Sunday: Every Sunday
