Sep 16*	Friday+3: Third Friday
Sep 16*	Fri+3: Third Friday
Sep 16*	Friday-3: Last (-3) Friday
Sep 16*	Fri-3: Last (-3) Friday
Sep 16*	Friday+3: Third Friday in September
Sep 16*	Fri+3: Third Friday in September
Sep 16*	Third: Third Friday in September
Sep 16*	16 of every month
Sep 16*	Friday: Every Friday
Sep 17*	Saturday-2: Last (-2) Saturday
Sep 17*	Sat-2: Last (-2) Saturday
Sep 17*	Saturday+3: Third Saturday
Sep 17*	Sat+3: Third Saturday
Sep 17*	Saturday+3: Third Saturday in September
Sep 17*	Sat+3: Third Saturday in September
Sep 17*	Third: Third Saturday in September
Sep 17*	17 of every month
Sep 17*	Saturday: Every Saturday
Sep 18*	Sunday-2: Last (-2) Sunday
Sep 18*	Sun-2: Last (-2) Sunday
Sep 18*	Sunday+3: Third Sunday
Sep 18*	Sun+3: Third Sunday
Sep 18*	Sunday+3: Third Sunday in September
Sep 18*	Sun+3: Third Sunday in September
Sep 18*	Third: Third Sunday in September
Sep 18*	18 of every month
Sep 18*	Sunday: Every Sunday
Sep 19*	Monday-2: Last (-2) Monday
Sep 19*	Mon-2: Last (-2) Monday
Sep 19*	Monday+3: Third Monday
Sep 19*	Mon+3: Third Monday
Sep 19*	Monday+3: Third Monday in September
Sep 19*	Mon+3: Third Monday in September
Sep 19*	Third: Third Monday in September
Sep 19*	19 of every month
Sep 19*	Monday: Every Monday
