Jun 07*	Tuesday+1: First Tuesday
Jun 07*	Tue+1: First Tuesday
Jun 07*	Tuesday+1: First Tuesday in June
Jun 07*	Tue+1: First Tuesday in June
Jun 07*	First: First Tuesday in June
Jun 07*	Tuesday-4: Last (-4) Tuesday
Jun 07*	Tue-4: Last (-4) Tuesday
Jun 07*	7 of every month
Jun 07 	6/7: June 7
Jun 07 	Jun. 7: June 7
Jun 07 	7 June: June 7
	June: continued
Jun 07*	Tuesday: Every Tuesday
Jun 08*	Wednesday+2: Second Wednesday
Jun 08*	Wed+2: Second Wednesday
Jun 08*	Wednesday+2: Second Wednesday in June
Jun 08*	Wed+2: Second Wednesday in June
Jun 08*	Second: Second Wednesday in June
Jun 08*	Wednesday-4: Last (-4) Wednesday
Jun 08*	Wed-4: Last (-4) Wednesday
Jun 08*	8 of every month
Jun 08 	6/8: June 8
Jun 08 	Jun. 8: June 8
Jun 08 	8 June: June 8
	June: continued
Jun 08*	Wednesday: Every Wednesday
