Mar 09*	Wednesday+2: Second Wednesday
Mar 09*	Wed+2: Second Wednesday
Mar 09*	Wednesday+2: Second Wednesday in March
Mar 09*	Wed+2: Second Wednesday in March
Mar 09*	Second: Second Wednesday in March
Mar 09*	Wednesday-4: Last (-4) Wednesday
Mar 09*	Wed-4: Last (-4) Wednesday
Mar 09*	9 of every month
Mar 09 	3/9: March 9
Mar 09 	Mar. 9: March 9
Mar 09 	9 March: March 9
	March: continued
Mar 09*	Wednesday: Every Wednesday
Mar 10*	Thursday+2: Second Thursday
Mar 10*	Thu+2: Second Thursday
Mar 10*	Thursday+2: Second Thursday in March
Mar 10*	Thu+2: Second Thursday in March
Mar 10*	Second: Second Thursday in March
Mar 10*	Thursday-4: Last (-4) Thursday
Mar 10*	Thu-4: Last (-4) Thursday
Mar 10*	10 of every month
Mar 10 	3/10: March 10
Mar 10 	Mar. 10: March 10
Mar 10 	10 March: March 10
	March: continued
Mar 10*	Thursday: Every Thursday
