Jan 02*	Saturday+1: First Saturday
Jan 02*	Sat+1: First Saturday
Jan 02*	Saturday+1: First Saturday in January
Jan 02*	Sat+1: First Saturday in January
Jan 02*	First: First Saturday in January
Jan 02*	2 of every month
Jan 02 	1/2: January 2
Jan 02 	Jan. 2: January 2
Jan 02 	2 January: January 2
	January: continued
Jan 02*	Saturday: Every Saturday
Jan 03*	Sunday+1: First Sunday
Jan 03*	Sun+1: First Sunday
Jan 03*	Sunday+1: First Sunday in January
Jan 03*	Sun+1: First Sunday in January
Jan 03*	First: First Sunday in January
Jan 03*	3 of every month
Jan 03 	1/3: January 3
Jan 03 	Jan. 3: January 3
Jan 03 	3 January: January 3
	January: continued
Jan 03*	Sunday: Every Sunday
