Dec 18*	Sunday-2: Last (-2) Sunday
Dec 18*	Sun-2: Last (-2) Sunday
Dec 18*	Sunday+3: Third Sunday
Dec 18*	Sun+3: Third Sunday
Dec 18*	Sunday+3: Third Sunday in December
Dec 18*	Sun+3: Third Sunday in December
Dec 18*	Third: Third Sunday in December
Dec 18*	18 of every month
Dec 18 	12/18: December 18
Dec 18 	Dec. 18: December 18
Dec 18 	18 December: December 18
	December: continued
Dec 18*	Sunday: Every Sunday
Dec 19*	Monday-2: Last (-2) Monday
Dec 19*	Mon-2: Last (-2) Monday
Dec 19*	Monday+3: Third Monday
Dec 19*	Mon+3: Third Monday
Dec 19*	Monday+3: Third Monday in December
Dec 19*	Mon+3: Third Monday in December
Dec 19*	Third: Third Monday in December
Dec 19*	19 of every month
Dec 19 	12/19: December 19
Dec 19 	Dec. 19: December 19
Dec 19 	19 December: December 19
	December: continued
Dec 19*	Monday: Every Monday
