Jun 15*	Wednesday+3: Third Wednesday
Jun 15*	Wed+3: Third Wednesday
Jun 15*	Wednesday-3: Last (-3) Wednesday
Jun 15*	Wed-3: Last (-3) Wednesday
Jun 15*	Wednesday+3: Third Wednesday in June
Jun 15*	Wed+3: Third Wednesday in June
Jun 15*	Third: Third Wednesday in June
Jun 15*	15 of every month
Jun 15 	6/15: June 15
Jun 15 	Jun. 15: June 15
Jun 15 	15 June: June 15
	June: continued
Jun 15*	Wednesday: Every Wednesday
Jun 16*	Thursday+3: Third Thursday
Jun 16*	Thu+3: Third Thursday
Jun 16*	Thursday-3: Last (-3) Thursday
Jun 16*	Thu-3: Last (-3) Thursday
Jun 16*	Thursday+3: Third Thursday in June
Jun 16*	Thu+3: Third Thursday in June
Jun 16*	Third: Third Thursday in June
Jun 16*	16 of every month
Jun 16 	6/16: June 16
Jun 16 	Jun. 16: June 16
Jun 16 	16 June: June 16
	June: continued
Jun 16*	Thursday: Every Thursday
