Nov 19*	Saturday-2: Last (-2) Saturday
Nov 19*	Sat-2: Last (-2) Saturday
Nov 19*	Saturday+3: Third Saturday
Nov 19*	Sat+3: Third Saturday
Nov 19*	Saturday+3: Third Saturday in November
Nov 19*	Sat+3: Third Saturday in November
Nov 19*	Third: Third Saturday in November
Nov 19*	19 of every month
Nov 19 	11/19: November 19
Nov 19 	Nov. 19: November 19
Nov 19 	19 November: November 19
	November: continued
Nov 19*	Saturday: Every Saturday
Nov 20*	Sunday-2: Last (-2) Sunday
Nov 20*	Sun-2: Last (-2) Sunday
Nov 20*	Sunday+3: Third Sunday
Nov 20*	Sun+3: Third Sunday
Nov 20*	Sunday+3: Third Sunday in November
Nov 20*	Sun+3: Third Sunday in November
Nov 20*	Third: Third Sunday in November
Nov 20*	20 of every month
Nov 20 	11/20: November 20
Nov 20 	Nov. 20: November 20
Nov 20 	20 November: November 20
	November: continued
Nov 20*	Sunday: Every Sunday
