Feb 01*	Monday+1: First Monday
Feb 01*	Mon+1: First Monday
Feb 01*	Monday+1: First Monday in February
Feb 01*	Mon+1: First Monday in February
Feb 01*	First: First Monday in February
Feb 01*	Monday+5: Fifth Monday in January
Feb 01*	Mon+5: Fifth Monday in January
Feb 01*	Fifth: Fifth Monday in January
Feb 01*	1 of every month
Feb 01 	2/1: February 1
Feb 01 	Feb. 1: February 1
Feb 01 	1 February: February 1
	February: continued
Feb 01*	*: Beginning of every month
Feb 01*	Monday: Every Monday
Feb 01 	February: Every February 1st
Feb 02*	Tuesday+1: First Tuesday
Feb 02*	Tue+1: First Tuesday
Feb 02*	Tuesday+1: First Tuesday in February
Feb 02*	Tue+1: First Tuesday in February
Feb 02*	First: First Tuesday in February
Feb 02*	Tuesday-4: Last (-4) Tuesday
Feb 02*	Tue-4: Last (-4) Tuesday
Feb 02*	Tuesday+5: Fifth Tuesday in January
Feb 02*	Tue+5: Fifth Tuesday in January
Feb 02*	Fifth: Fifth Tuesday in January
Feb 02*	2 of every month
Feb 02 	2/2: February 2
Feb 02 	Feb. 2: February 2
Feb 02 	2 February: February 2
	February: continued
Feb 02*	Tuesday: Every Tuesday
