Mar 05*	Saturday+1: First Saturday
Mar 05*	Sat+1: First Saturday
Mar 05*	Saturday+1: First Saturday in March
Mar 05*	Sat+1: First Saturday in March
Mar 05*	First: First Saturday in March
Mar 05*	Saturday-4: Last (-4) Saturday
Mar 05*	Sat-4: Last (-4) Saturday
Mar 05*	Saturday+5: Fifth Saturday in February
Mar 05*	Sat+5: Fifth Saturday in February
Mar 05*	Fifth: Fifth Saturday in February
Mar 05*	5 of every month
Mar 05 	3/5: March 5
Mar 05 	Mar. 5: March 5
Mar 05 	5 March: March 5
	March: continued
Mar 05*	Saturday: Every Saturday
Mar 06*	Sunday+1: First Sunday
Mar 06*	Sun+1: First Sunday
Mar 06*	Sunday+1: First Sunday in March
Mar 06*	Sun+1: First Sunday in March
Mar 06*	First: First Sunday in March
Mar 06*	Sunday-4: Last (-4) Sunday
Mar 06*	Sun-4: Last (-4) Sunday
Mar 06*	Sunday+5: Fifth Sunday in February
Mar 06*	Sun+5: Fifth Sunday in February
Mar 06*	Fifth: Fifth Sunday in February
Mar 06*	6 of every month
Mar 06 	3/6: March 6
Mar 06 	Mar. 6: March 6
Mar 06 	6 March: March 6
	March: continued
Mar 06*	Sunday: Every Sunday
