Jun 02*	Thursday+1: First Thursday
Jun 02*	Thu+1: First Thursday
Jun 02*	Thursday+1: First Thursday in June
Jun 02*	Thu+1: First Thursday in June
Jun 02*	First: First Thursday in June
Jun 02*	Thursday+5: Fifth Thursday in May
Jun 02*	Thu+5: Fifth Thursday in May
Jun 02*	Fifth: Fifth Thursday in May
Jun 02*	2 of every month
Jun 02 	6/2: June 2
Jun 02 	Jun. 2: June 2
Jun 02 	2 June: June 2
	June: continued
Jun 02*	Thursday: Every Thursday
Jun 03*	Friday+1: First Friday
Jun 03*	Fri+1: First Friday
Jun 03*	Friday+1: First Friday in June
Jun 03*	Fri+1: First Friday in June
Jun 03*	First: First Friday in June
Jun 03*	Friday-4: Last (-4) Friday
Jun 03*	Fri-4: Last (-4) Friday
Jun 03*	Friday+5: Fifth Friday in May
Jun 03*	Fri+5: Fifth Friday in May
Jun 03*	Fifth: Fifth Friday in May
Jun 03*	3 of every month
Jun 03 	6/3: June 3
Jun 03 	Jun. 3: June 3
Jun 03 	3 June: June 3
	June: continued
Jun 03*	Friday: Every Friday
