Dec 09*	Friday+2: Second Friday
Dec 09*	Fri+2: Second Friday
Dec 09*	Friday+2: Second Friday in December
Dec 09*	Fri+2: Second Friday in December
Dec 09*	Second: Second Friday in December
Dec 09*	Friday-4: Last (-4) Friday
Dec 09*	Fri-4: Last (-4) Friday
Dec 09*	9 of every month
Dec 09 	12/9: December 9
Dec 09 	Dec. 9: December 9
Dec 09 	9 December: December 9
	December: continued
Dec 09*	Friday: Every Friday
Dec 10*	Saturday+2: Second Saturday
Dec 10*	Sat+2: Second Saturday
Dec 10*	Saturday+2: Second Saturday in December
Dec 10*	Sat+2: Second Saturday in December
Dec 10*	Second: Second Saturday in December
Dec 10*	Saturday-4: Last (-4) Saturday
Dec 10*	Sat-4: Last (-4) Saturday
Dec 10*	10 of every month
Dec 10 	12/10: December 10
Dec 10 	Dec. 10: December 10
Dec 10 	10 December: December 10
	December: continued
Dec 10*	Saturday: Every Saturday
Dec 11*	Sunday+2: Second Sunday
Dec 11*	Sun+2: Second Sunday
Dec 11*	Sunday+2: Second Sunday in December
Dec 11*	Sun+2: Second Sunday in December
Dec 11*	Second: Second Sunday in December
Dec 11*	Sunday-3: Last (-3) Sunday
Dec 11*	Sun-3: Last (-3) Sunday
Dec 11*	11 of every month
Dec 11 	12/11: December 11
Dec 11 	Dec. 11: December 11
Dec 11 	11 December: December 11
	December: continued
Dec 11*	Sunday: Every Sunday
Dec 12*	Monday+2: Second Monday
Dec 12*	Mon+2: Second Monday
Dec 12*	Monday+2: Second Monday in December
Dec 12*	Mon+2: Second Monday in December
Dec 12*	Second: Second Monday in December
Dec 12*	Monday-3: Last (-3) Monday
Dec 12*	Mon-3: Last (-3) Monday
Dec 12*	12 of every month
Dec 12 	12/12: December 12
Dec 12 	Dec. 12: December 12
Dec 12 	12 December: December 12
	December: continued
Dec 12*	Monday: Every Monday
