Jul 14*	Thursday+2: Second Thursday
Jul 14*	Thu+2: Second Thursday
Jul 14*	Thursday+2: Second Thursday in July
Jul 14*	Thu+2: Second Thursday in July
Jul 14*	Second: Second Thursday in July
Jul 14*	Thursday-3: Last (-3) Thursday
Jul 14*	Thu-3: Last (-3) Thursday
Jul 14*	14 of every month
Jul 14 	7/14: July 14
Jul 14 	Jul. 14: July 14
Jul 14 	14 July: July 14
	July: continued
Jul 14*	Thursday: Every Thursday
Jul 15*	Friday+3: Third Friday
Jul 15*	Fri+3: Third Friday
Jul 15*	Friday-3: Last (-3) Friday
Jul 15*	Fri-3: Last (-3) Friday
Jul 15*	Friday+3: Third Friday in July
Jul 15*	Fri+3: Third Friday in July
Jul 15*	Third: Third Friday in July
Jul 15*	15 of every month
Jul 15 	7/15: July 15
Jul 15 	Jul. 15: July 15
Jul 15 	15 July: July 15
	July: continued
Jul 15*	Friday: Every Friday
