Oct 04*	Tuesday+1: First Tuesday
Oct 04*	Tue+1: First Tuesday
Oct 04*	Tuesday+1: First Tuesday in October
Oct 04*	Tue+1: First Tuesday in October
Oct 04*	First: First Tuesday in October
Oct 04*	Tuesday-4: Last (-4) Tuesday
Oct 04*	Tue-4: Last (-4) Tuesday
Oct 04*	Tuesday+5: Fifth Tuesday in September
Oct 04*	Tue+5: Fifth Tuesday in September
Oct 04*	Fifth: Fifth Tuesday in September
Oct 04*	4 of every month
Oct 04 	10/4: October 4
Oct 04 	Oct. 4: October 4
Oct 04 	4 October: October 4
	October: continued
Oct 04*	Tuesday: Every Tuesday
Oct 05*	Wednesday+1: First Wednesday
Oct 05*	Wed+1: First Wednesday
Oct 05*	Wednesday+1: First Wednesday in October
Oct 05*	Wed+1: First Wednesday in October
Oct 05*	First: First Wednesday in October
Oct 05*	Wednesday-4: Last (-4) Wednesday
Oct 05*	Wed-4: Last (-4) Wednesday
Oct 05*	Wednesday+5: Fifth Wednesday in September
Oct 05*	Wed+5: Fifth Wednesday in September
Oct 05*	Fifth: Fifth Wednesday in September
Oct 05*	5 of every month
Oct 05 	10/5: October 5
Oct 05 	Oct. 5: October 5
Oct 05 	5 October: October 5
	October: continued
Oct 05*	Wednesday: Every Wednesday
