Apr 13*	Wednesday+2: Second Wednesday
Apr 13*	Wed+2: Second Wednesday
Apr 13*	Wednesday+2: Second Wednesday in April
Apr 13*	Wed+2: Second Wednesday in April
Apr 13*	Second: Second Wednesday in April
Apr 13*	Wednesday-3: Last (-3) Wednesday
Apr 13*	Wed-3: Last (-3) Wednesday
Apr 13*	13 of every month
Apr 13 	4/13: April 13
Apr 13 	Apr. 13: April 13
Apr 13 	13 April: April 13
	April: continued
Apr 13*	Wednesday: Every Wednesday
Apr 14*	Thursday+2: Second Thursday
Apr 14*	Thu+2: Second Thursday
Apr 14*	Thursday+2: Second Thursday in April
Apr 14*	Thu+2: Second Thursday in April
Apr 14*	Second: Second Thursday in April
Apr 14*	Thursday-3: Last (-3) Thursday
Apr 14*	Thu-3: Last (-3) Thursday
Apr 14*	14 of every month
Apr 14 	4/14: April 14
Apr 14 	Apr. 14: April 14
Apr 14 	14 April: April 14
	April: continued
Apr 14*	Thursday: Every Thursday
