Jun 11*	Saturday+2: Second Saturday
Jun 11*	Sat+2: Second Saturday
Jun 11*	Saturday+2: Second Saturday in June
Jun 11*	Sat+2: Second Saturday in June
Jun 11*	Second: Second Saturday in June
Jun 11*	Saturday-3: Last (-3) Saturday
Jun 11*	Sat-3: Last (-3) Saturday
Jun 11*	11 of every month
Jun 11 	6/11: June 11
Jun 11 	Jun. 11: June 11
Jun 11 	11 June: June 11
	June: continued
Jun 11*	Saturday: Every Saturday
Jun 12*	Sunday+2: Second Sunday
Jun 12*	Sun+2: Second Sunday
Jun 12*	Sunday+2: Second Sunday in June
Jun 12*	Sun+2: Second Sunday in June
Jun 12*	Second: Second Sunday in June
Jun 12*	Sunday-3: Last (-3) Sunday
Jun 12*	Sun-3: Last (-3) Sunday
Jun 12*	12 of every month
Jun 12 	6/12: June 12
Jun 12 	Jun. 12: June 12
Jun 12 	12 June: June 12
	June: continued
Jun 12*	Sunday: Every Sunday
