Jan 24*	Sunday-2: Last (-2) Sunday
Jan 24*	Sun-2: Last (-2) Sunday
Jan 24*	Sunday+4: Fourth Sunday
Jan 24*	Sun+4: Fourth Sunday
Jan 24*	Sunday+4: Fourth Sunday in January
Jan 24*	Sun+4: Fourth Sunday in January
Jan 24*	Fourth: Fourth Sunday in January
Jan 24*	24 of every month
Jan 24 	1/24: January 24
Jan 24 	Jan. 24: January 24
Jan 24 	24 January: January 24
	January: continued
Jan 24*	Sunday: Every Sunday
Jan 25*	Monday-1: Last (-1) Monday
Jan 25*	Mon-1: Last (-1) Monday
Jan 25*	Monday+4: Fourth Monday
Jan 25*	Mon+4: Fourth Monday
Jan 25*	Monday+4: Fourth Monday in January
Jan 25*	Mon+4: Fourth Monday in January
Jan 25*	Fourth: Fourth Monday in January
Jan 25*	25 of every month
Jan 25 	1/25: January 25
Jan 25 	Jan. 25: January 25
Jan 25 	25 January: January 25
	January: continued
Jan 25*	Monday: Every Monday
