Apr 29*	Friday-1: Last (-1) Friday
Apr 29*	Fri-1: Last (-1) Friday
Apr 29*	Friday+5: Fifth Friday
Apr 29*	Fri+5: Fifth Friday
Apr 29*	Friday+5: Fifth Friday in April
Apr 29*	Fri+5: Fifth Friday in April
Apr 29*	Fifth: Fifth Friday in April
Apr 29*	29 of every month
Apr 29 	4/29: April 29
Apr 29 	Apr. 29: April 29
Apr 29 	29 April: April 29
	April: continued
Apr 29*	Friday: Every Friday
Apr 30*	Saturday-1: Last (-1) Saturday
Apr 30*	Sat-1: Last (-1) Saturday
Apr 30*	Saturday+5: Fifth Saturday
Apr 30*	Sat+5: Fifth Saturday
Apr 30*	Saturday+5: Fifth Saturday in April
Apr 30*	Sat+5: Fifth Saturday in April
Apr 30*	Fifth: Fifth Saturday in April
Apr 30*	30 of every month
Apr 30 	4/30: April 30
Apr 30 	Apr. 30: April 30
Apr 30 	30 April: April 30
	April: continued
Apr 30*	Saturday: Every Saturday
May 01*	Sunday+1: First Sunday
May 01*	Sun+1: First Sunday
May 01*	Sunday+1: First Sunday in May
May 01*	Sun+1: First Sunday in May
May 01*	First: First Sunday in May
May 01*	Sunday+5: Fifth Sunday in April
May 01*	Sun+5: Fifth Sunday in April
May 01*	Fifth: Fifth Sunday in April
May 01*	Orthodox Easter
May 01*	1 of every month
May 01 	5/1: May 1
May 01 	May. 1: May 1
May 01 	1 May: May 1
	May: continued
May 01*	*: Beginning of every month
May 01*	Sunday: Every Sunday
May 01 	May: Every May 1st
May 02*	Monday+1: First Monday
May 02*	Mon+1: First Monday
May 02*	Monday+1: First Monday in May
May 02*	Mon+1: First Monday in May
May 02*	First: First Monday in May
May 02*	Monday+5: Fifth Monday in April
May 02*	Mon+5: Fifth Monday in April
May 02*	Fifth: Fifth Monday in April
May 02*	2 of every month
May 02 	5/2: May 2
May 02 	May. 2: May 2
May 02 	2 May: May 2
	May: continued
May 02*	Monday: Every Monday
