Mar 07*	Monday+1: First Monday
Mar 07*	Mon+1: First Monday
Mar 07*	Monday+1: First Monday in March
Mar 07*	Mon+1: First Monday in March
Mar 07*	First: First Monday in March
Mar 07*	Monday-4: Last (-4) Monday
Mar 07*	Mon-4: Last (-4) Monday
Mar 07*	7 of every month
Mar 07 	3/7: March 7
Mar 07 	Mar. 7: March 7
Mar 07 	7 March: March 7
	March: continued
Mar 07*	Monday: Every Monday
Mar 08*	Tuesday+2: Second Tuesday
Mar 08*	Tue+2: Second Tuesday
Mar 08*	Tuesday+2: Second Tuesday in March
Mar 08*	Tue+2: Second Tuesday in March
Mar 08*	Second: Second Tuesday in March
Mar 08*	Tuesday-4: Last (-4) Tuesday
Mar 08*	Tue-4: Last (-4) Tuesday
Mar 08*	8 of every month
Mar 08 	3/8: March 8
Mar 08 	Mar. 8: March 8
Mar 08 	8 March: March 8
	March: continued
Mar 08*	Tuesday: Every Tuesday
