Mar 06*	Sunday+1: First Sunday
Mar 06*	Sun+1: First Sunday
Mar 06*	Sunday+1: First Sunday in March
Mar 06*	Sun+1: First Sunday in March
Mar 06*	First: First Sunday in March
Mar 06*	Sunday-4: Last (-4) Sunday
Mar 06*	Sun-4: Last (-4) Sunday
Mar 06*	Sunday+5: Fifth Sunday in February
Mar 06*	Sun+5: Fifth Sunday in February
Mar 06*	Fifth: Fifth Sunday in February
Mar 06*	6 of every month
Mar 06 	3/6: March 6
Mar 06 	Mar. 6: March 6
Mar 06 	6 March: March 6
	March: continued
Mar 06*	Sunday: Every Sunday
Mar 07*	Monday+1: First Monday
Mar 07*	Mon+1: First Monday
Mar 07*	Monday+1: First Monday in March
Mar 07*	Mon+1: First Monday in March
Mar 07*	First: First Monday in March
Mar 07*	Monday-4: Last (-4) Monday
Mar 07*	Mon-4: Last (-4) Monday
Mar 07*	7 of every month
Mar 07 	3/7: March 7
Mar 07 	Mar. 7: March 7
Mar 07 	7 March: March 7
	March: continued
Mar 07*	Monday: Every Monday
