Nov 15*	Tuesday+3: Third Tuesday
Nov 15*	Tue+3: Third Tuesday
Nov 15*	Tuesday-3: Last (-3) Tuesday
Nov 15*	Tue-3: Last (-3) Tuesday
Nov 15*	Tuesday+3: Third Tuesday in November
Nov 15*	Tue+3: Third Tuesday in November
Nov 15*	Third: Third Tuesday in November
Nov 15*	15 of every month
Nov 15 	11/15: November 15
Nov 15 	Nov. 15: November 15
Nov 15 	15 November: November 15
	November: continued
Nov 15*	Tuesday: Every Tuesday
Nov 16*	Wednesday+3: Third Wednesday
Nov 16*	Wed+3: Third Wednesday
Nov 16*	Wednesday-3: Last (-3) Wednesday
Nov 16*	Wed-3: Last (-3) Wednesday
Nov 16*	Wednesday+3: Third Wednesday in November
Nov 16*	Wed+3: Third Wednesday in November
Nov 16*	Third: Third Wednesday in November
Nov 16*	16 of every month
Nov 16 	11/16: November 16
Nov 16 	Nov. 16: November 16
Nov 16 	16 November: November 16
	November: continued
Nov 16*	Wednesday: Every Wednesday
