Aug 04*	Thursday+1: First Thursday
Aug 04*	Thu+1: First Thursday
Aug 04*	Thursday+1: First Thursday in August
Aug 04*	Thu+1: First Thursday in August
Aug 04*	First: First Thursday in August
Aug 04*	Thursday-4: Last (-4) Thursday
Aug 04*	Thu-4: Last (-4) Thursday
Aug 04*	Thursday+5: Fifth Thursday in July
Aug 04*	Thu+5: Fifth Thursday in July
Aug 04*	Fifth: Fifth Thursday in July
Aug 04*	4 of every month
Aug 04*	Thursday: Every Thursday
Aug 05*	Friday+1: First Friday
Aug 05*	Fri+1: First Friday
Aug 05*	Friday+1: First Friday in August
Aug 05*	Fri+1: First Friday in August
Aug 05*	First: First Friday in August
Aug 05*	Friday-4: Last (-4) Friday
Aug 05*	Fri-4: Last (-4) Friday
Aug 05*	5 of every month
Aug 05*	Friday: Every Friday
