Oct 03*	Monday+1: First Monday
Oct 03*	Mon+1: First Monday
Oct 03*	Monday+1: First Monday in October
Oct 03*	Mon+1: First Monday in October
Oct 03*	First: First Monday in October
Oct 03*	Monday+5: Fifth Monday in September
Oct 03*	Mon+5: Fifth Monday in September
Oct 03*	Fifth: Fifth Monday in September
Oct 03*	3 of every month
Oct 03 	10/3: October 3
Oct 03 	Oct. 3: October 3
Oct 03 	3 October: October 3
	October: continued
Oct 03*	Monday: Every Monday
Oct 04*	Tuesday+1: First Tuesday
Oct 04*	Tue+1: First Tuesday
Oct 04*	Tuesday+1: First Tuesday in October
Oct 04*	Tue+1: First Tuesday in October
Oct 04*	First: First Tuesday in October
Oct 04*	Tuesday-4: Last (-4) Tuesday
Oct 04*	Tue-4: Last (-4) Tuesday
Oct 04*	Tuesday+5: Fifth Tuesday in September
Oct 04*	Tue+5: Fifth Tuesday in September
Oct 04*	Fifth: Fifth Tuesday in September
Oct 04*	4 of every month
Oct 04 	10/4: October 4
Oct 04 	Oct. 4: October 4
Oct 04 	4 October: October 4
	October: continued
Oct 04*	Tuesday: Every Tuesday
