Dec 26*	Monday-1: Last (-1) Monday
Dec 26*	Mon-1: Last (-1) Monday
Dec 26*	Monday+4: Fourth Monday
Dec 26*	Mon+4: Fourth Monday
Dec 26*	Monday+4: Fourth Monday in December
Dec 26*	Mon+4: Fourth Monday in December
Dec 26*	Fourth: Fourth Monday in December
Dec 26*	26 of every month
Dec 26 	12/26: December 26
Dec 26 	Dec. 26: December 26
Dec 26 	26 December: December 26
	December: continued
Dec 26*	Monday: Every Monday
Dec 27*	Tuesday-1: Last (-1) Tuesday
Dec 27*	Tue-1: Last (-1) Tuesday
Dec 27*	Tuesday+4: Fourth Tuesday
Dec 27*	Tue+4: Fourth Tuesday
Dec 27*	Tuesday+4: Fourth Tuesday in December
Dec 27*	Tue+4: Fourth Tuesday in December
Dec 27*	Fourth: Fourth Tuesday in December
Dec 27*	27 of every month
Dec 27 	12/27: December 27
Dec 27 	Dec. 27: December 27
Dec 27 	27 December: December 27
	December: continued
Dec 27*	Tuesday: Every Tuesday
