Jun 17*	Friday-2: Last (-2) Friday
Jun 17*	Fri-2: Last (-2) Friday
Jun 17*	Friday+3: Third Friday
Jun 17*	Fri+3: Third Friday
Jun 17*	Friday+3: Third Friday in June
Jun 17*	Fri+3: Third Friday in June
Jun 17*	Third: Third Friday in June
Jun 17*	17 of every month
Jun 17 	6/17: June 17
Jun 17 	Jun. 17: June 17
Jun 17 	17 June: June 17
	June: continued
Jun 17*	Friday: Every Friday
Jun 18*	Saturday-2: Last (-2) Saturday
Jun 18*	Sat-2: Last (-2) Saturday
Jun 18*	Saturday+3: Third Saturday
Jun 18*	Sat+3: Third Saturday
Jun 18*	Saturday+3: Third Saturday in June
Jun 18*	Sat+3: Third Saturday in June
Jun 18*	Third: Third Saturday in June
Jun 18*	18 of every month
Jun 18 	6/18: June 18
Jun 18 	Jun. 18: June 18
Jun 18 	18 June: June 18
	June: continued
Jun 18*	Saturday: Every Saturday
Jun 19*	Sunday-2: Last (-2) Sunday
Jun 19*	Sun-2: Last (-2) Sunday
Jun 19*	Sunday+3: Third Sunday
Jun 19*	Sun+3: Third Sunday
Jun 19*	Sunday+3: Third Sunday in June
Jun 19*	Sun+3: Third Sunday in June
Jun 19*	Third: Third Sunday in June
Jun 19*	19 of every month
Jun 19 	6/19: June 19
Jun 19 	Jun. 19: June 19
Jun 19 	19 June: June 19
	June: continued
Jun 19*	Sunday: Every Sunday
Jun 20*	Monday-2: Last (-2) Monday
Jun 20*	Mon-2: Last (-2) Monday
Jun 20*	Monday+3: Third Monday
Jun 20*	Mon+3: Third Monday
Jun 20*	Monday+3: Third Monday in June
Jun 20*	Mon+3: Third Monday in June
Jun 20*	Third: Third Monday in June
Jun 20*	20 of every month
Jun 20 	6/20: June 20
Jun 20 	Jun. 20: June 20
Jun 20 	20 June: June 20
	June: continued
Jun 20*	Monday: Every Monday
