Apr 03*	Sunday+1: First Sunday
Apr 03*	Sun+1: First Sunday
Apr 03*	Sunday+1: First Sunday in April
Apr 03*	Sun+1: First Sunday in April
Apr 03*	First: First Sunday in April
Apr 03*	Sunday-4: Last (-4) Sunday
Apr 03*	Sun-4: Last (-4) Sunday
Apr 03*	Sunday+5: Fifth Sunday in March
Apr 03*	Sun+5: Fifth Sunday in March
Apr 03*	Fifth: Fifth Sunday in March
Apr 03*	3 of every month
Apr 03 	4/3: April 3
Apr 03 	Apr. 3: April 3
Apr 03 	3 April: April 3
	April: continued
Apr 03*	Sunday: Every Sunday
Apr 04*	Monday+1: First Monday
Apr 04*	Mon+1: First Monday
Apr 04*	Monday+1: First Monday in April
Apr 04*	Mon+1: First Monday in April
Apr 04*	First: First Monday in April
Apr 04*	Monday-4: Last (-4) Monday
Apr 04*	Mon-4: Last (-4) Monday
Apr 04*	Monday+5: Fifth Monday in March
Apr 04*	Mon+5: Fifth Monday in March
Apr 04*	Fifth: Fifth Monday in March
Apr 04*	4 of every month
Apr 04 	4/4: April 4
Apr 04 	Apr. 4: April 4
Apr 04 	4 April: April 4
	April: continued
Apr 04*	Monday: Every Monday
