Dec 07*	Wednesday+1: First Wednesday
Dec 07*	Wed+1: First Wednesday
Dec 07*	Wednesday+1: First Wednesday in December
Dec 07*	Wed+1: First Wednesday in December
Dec 07*	First: First Wednesday in December
Dec 07*	Wednesday-4: Last (-4) Wednesday
Dec 07*	Wed-4: Last (-4) Wednesday
Dec 07*	7 of every month
Dec 07 	12/7: December 7
Dec 07 	Dec. 7: December 7
Dec 07 	7 December: December 7
	December: continued
Dec 07*	Wednesday: Every Wednesday
Dec 08*	Thursday+2: Second Thursday
Dec 08*	Thu+2: Second Thursday
Dec 08*	Thursday+2: Second Thursday in December
Dec 08*	Thu+2: Second Thursday in December
Dec 08*	Second: Second Thursday in December
Dec 08*	Thursday-4: Last (-4) Thursday
Dec 08*	Thu-4: Last (-4) Thursday
Dec 08*	8 of every month
Dec 08 	12/8: December 8
Dec 08 	Dec. 8: December 8
Dec 08 	8 December: December 8
	December: continued
Dec 08*	Thursday: Every Thursday
