Nov 06*	Sunday+1: First Sunday
Nov 06*	Sun+1: First Sunday
Nov 06*	Sunday+1: First Sunday in November
Nov 06*	Sun+1: First Sunday in November
Nov 06*	First: First Sunday in November
Nov 06*	Sunday-4: Last (-4) Sunday
Nov 06*	Sun-4: Last (-4) Sunday
Nov 06*	6 of every month
Nov 06 	11/6: November 6
Nov 06 	Nov. 6: November 6
Nov 06 	6 November: November 6
	November: continued
Nov 06*	Sunday: Every Sunday
Nov 07*	Monday+1: First Monday
Nov 07*	Mon+1: First Monday
Nov 07*	Monday+1: First Monday in November
Nov 07*	Mon+1: First Monday in November
Nov 07*	First: First Monday in November
Nov 07*	Monday-4: Last (-4) Monday
Nov 07*	Mon-4: Last (-4) Monday
Nov 07*	7 of every month
Nov 07 	11/7: November 7
Nov 07 	Nov. 7: November 7
Nov 07 	7 November: November 7
	November: continued
Nov 07*	Monday: Every Monday
