Apr 19*	Tuesday-2: Last (-2) Tuesday
Apr 19*	Tue-2: Last (-2) Tuesday
Apr 19*	Tuesday+3: Third Tuesday
Apr 19*	Tue+3: Third Tuesday
Apr 19*	Tuesday+3: Third Tuesday in April
Apr 19*	Tue+3: Third Tuesday in April
Apr 19*	Third: Third Tuesday in April
Apr 19*	19 of every month
Apr 19 	4/19: April 19
Apr 19 	Apr. 19: April 19
Apr 19 	19 April: April 19
	April: continued
Apr 19*	Tuesday: Every Tuesday
Apr 20*	Wednesday-2: Last (-2) Wednesday
Apr 20*	Wed-2: Last (-2) Wednesday
Apr 20*	Wednesday+3: Third Wednesday
Apr 20*	Wed+3: Third Wednesday
Apr 20*	Wednesday+3: Third Wednesday in April
Apr 20*	Wed+3: Third Wednesday in April
Apr 20*	Third: Third Wednesday in April
Apr 20*	20 of every month
Apr 20 	4/20: April 20
Apr 20 	Apr. 20: April 20
Apr 20 	20 April: April 20
	April: continued
Apr 20*	Wednesday: Every Wednesday
