Feb 08*	Monday+2: Second Monday
Feb 08*	Mon+2: Second Monday
Feb 08*	Monday+2: Second Monday in February
Feb 08*	Mon+2: Second Monday in February
Feb 08*	Second: Second Monday in February
Feb 08*	Monday-4: Last (-4) Monday
Feb 08*	Mon-4: Last (-4) Monday
Feb 08*	8 of every month
Feb 08 	2/8: February 8
Feb 08 	Feb. 8: February 8
Feb 08 	8 February: February 8
	February: continued
Feb 08*	Monday: Every Monday
Feb 09*	Tuesday+2: Second Tuesday
Feb 09*	Tue+2: Second Tuesday
Feb 09*	Tuesday+2: Second Tuesday in February
Feb 09*	Tue+2: Second Tuesday in February
Feb 09*	Second: Second Tuesday in February
Feb 09*	Tuesday-3: Last (-3) Tuesday
Feb 09*	Tue-3: Last (-3) Tuesday
Feb 09*	9 of every month
Feb 09 	2/9: February 9
Feb 09 	Feb. 9: February 9
Feb 09 	9 February: February 9
	February: continued
Feb 09*	Tuesday: Every Tuesday
