Nov 04*	Friday+1: First Friday
Nov 04*	Fri+1: First Friday
Nov 04*	Friday+1: First Friday in November
Nov 04*	Fri+1: First Friday in November
Nov 04*	First: First Friday in November
Nov 04*	Friday-4: Last (-4) Friday
Nov 04*	Fri-4: Last (-4) Friday
Nov 04*	Friday+5: Fifth Friday in October
Nov 04*	Fri+5: Fifth Friday in October
Nov 04*	Fifth: Fifth Friday in October
Nov 04*	4 of every month
Nov 04 	11/4: November 4
Nov 04 	Nov. 4: November 4
Nov 04 	4 November: November 4
	November: continued
Nov 04*	Friday: Every Friday
Nov 05*	Saturday+1: First Saturday
Nov 05*	Sat+1: First Saturday
Nov 05*	Saturday+1: First Saturday in November
Nov 05*	Sat+1: First Saturday in November
Nov 05*	First: First Saturday in November
Nov 05*	Saturday-4: Last (-4) Saturday
Nov 05*	Sat-4: Last (-4) Saturday
Nov 05*	5 of every month
Nov 05 	11/5: November 5
Nov 05 	Nov. 5: November 5
Nov 05 	5 November: November 5
	November: continued
Nov 05*	Saturday: Every Saturday
Nov 06*	Sunday+1: First Sunday
Nov 06*	Sun+1: First Sunday
Nov 06*	Sunday+1: First Sunday in November
Nov 06*	Sun+1: First Sunday in November
Nov 06*	First: First Sunday in November
Nov 06*	Sunday-4: Last (-4) Sunday
Nov 06*	Sun-4: Last (-4) Sunday
Nov 06*	6 of every month
Nov 06 	11/6: November 6
Nov 06 	Nov. 6: November 6
Nov 06 	6 November: November 6
	November: continued
Nov 06*	Sunday: Every Sunday
Nov 07*	Monday+1: First Monday
Nov 07*	Mon+1: First Monday
Nov 07*	Monday+1: First Monday in November
Nov 07*	Mon+1: First Monday in November
Nov 07*	First: First Monday in November
Nov 07*	Monday-4: Last (-4) Monday
Nov 07*	Mon-4: Last (-4) Monday
Nov 07*	7 of every month
Nov 07 	11/7: November 7
Nov 07 	Nov. 7: November 7
Nov 07 	7 November: November 7
	November: continued
Nov 07*	Monday: Every Monday
