Feb 24*	Wednesday-1: Last (-1) Wednesday
Feb 24*	Wed-1: Last (-1) Wednesday
Feb 24*	Wednesday+4: Fourth Wednesday
Feb 24*	Wed+4: Fourth Wednesday
Feb 24*	Wednesday+4: Fourth Wednesday in February
Feb 24*	Wed+4: Fourth Wednesday in February
Feb 24*	Fourth: Fourth Wednesday in February
Feb 24*	24 of every month
Feb 24 	2/24: February 24
Feb 24 	Feb. 24: February 24
Feb 24 	24 February: February 24
	February: continued
Feb 24*	Wednesday: Every Wednesday
Feb 25*	Thursday-1: Last (-1) Thursday
Feb 25*	Thu-1: Last (-1) Thursday
Feb 25*	Thursday+4: Fourth Thursday
Feb 25*	Thu+4: Fourth Thursday
Feb 25*	Thursday+4: Fourth Thursday in February
Feb 25*	Thu+4: Fourth Thursday in February
Feb 25*	Fourth: Fourth Thursday in February
Feb 25*	25 of every month
Feb 25 	2/25: February 25
Feb 25 	Feb. 25: February 25
Feb 25 	25 February: February 25
	February: continued
Feb 25*	Thursday: Every Thursday
