Jul 06*	Wednesday+1: First Wednesday
Jul 06*	Wed+1: First Wednesday
Jul 06*	Wednesday+1: First Wednesday in July
Jul 06*	Wed+1: First Wednesday in July
Jul 06*	First: First Wednesday in July
Jul 06*	Wednesday-4: Last (-4) Wednesday
Jul 06*	Wed-4: Last (-4) Wednesday
Jul 06*	6 of every month
Jul 06 	7/6: July 6
Jul 06 	Jul. 6: July 6
Jul 06 	6 July: July 6
	July: continued
Jul 06*	Wednesday: Every Wednesday
Jul 07*	Thursday+1: First Thursday
Jul 07*	Thu+1: First Thursday
Jul 07*	Thursday+1: First Thursday in July
Jul 07*	Thu+1: First Thursday in July
Jul 07*	First: First Thursday in July
Jul 07*	Thursday-4: Last (-4) Thursday
Jul 07*	Thu-4: Last (-4) Thursday
Jul 07*	7 of every month
Jul 07 	7/7: July 7
Jul 07 	Jul. 7: July 7
Jul 07 	7 July: July 7
	July: continued
Jul 07*	Thursday: Every Thursday
