Mar 24*	Thursday-2: Last (-2) Thursday
Mar 24*	Thu-2: Last (-2) Thursday
Mar 24*	Thursday+4: Fourth Thursday
Mar 24*	Thu+4: Fourth Thursday
Mar 24*	Thursday+4: Fourth Thursday in March
Mar 24*	Thu+4: Fourth Thursday in March
Mar 24*	Fourth: Fourth Thursday in March
Mar 24*	24 of every month
Mar 24 	3/24: March 24
Mar 24 	Mar. 24: March 24
Mar 24 	24 March: March 24
	March: continued
Mar 24*	Thursday: Every Thursday
Mar 25*	Friday-1: Last (-1) Friday
Mar 25*	Fri-1: Last (-1) Friday
Mar 25*	Friday+4: Fourth Friday
Mar 25*	Fri+4: Fourth Friday
Mar 25*	Friday+4: Fourth Friday in March
Mar 25*	Fri+4: Fourth Friday in March
Mar 25*	Fourth: Fourth Friday in March
Mar 25*	Good Friday
Mar 25*	25 of every month
Mar 25 	3/25: March 25
Mar 25 	Mar. 25: March 25
Mar 25 	25 March: March 25
	March: continued
Mar 25*	Friday: Every Friday
