Dec 03*	Saturday+1: First Saturday
Dec 03*	Sat+1: First Saturday
Dec 03*	Saturday+1: First Saturday in December
Dec 03*	Sat+1: First Saturday in December
Dec 03*	First: First Saturday in December
Dec 03*	Saturday+5: Fifth Saturday in November
Dec 03*	Sat+5: Fifth Saturday in November
Dec 03*	Fifth: Fifth Saturday in November
Dec 03*	3 of every month
Dec 03 	12/3: December 3
Dec 03 	Dec. 3: December 3
Dec 03 	3 December: December 3
	December: continued
Dec 03*	Saturday: Every Saturday
Dec 04*	Sunday+1: First Sunday
Dec 04*	Sun+1: First Sunday
Dec 04*	Sunday+1: First Sunday in December
Dec 04*	Sun+1: First Sunday in December
Dec 04*	First: First Sunday in December
Dec 04*	Sunday-4: Last (-4) Sunday
Dec 04*	Sun-4: Last (-4) Sunday
Dec 04*	Sunday+5: Fifth Sunday in November
Dec 04*	Sun+5: Fifth Sunday in November
Dec 04*	Fifth: Fifth Sunday in November
Dec 04*	4 of every month
Dec 04 	12/4: December 4
Dec 04 	Dec. 4: December 4
Dec 04 	4 December: December 4
	December: continued
Dec 04*	Sunday: Every Sunday
