Mar 28*	Monday-1: Last (-1) Monday
Mar 28*	Mon-1: Last (-1) Monday
Mar 28*	Monday+4: Fourth Monday
Mar 28*	Mon+4: Fourth Monday
Mar 28*	Monday+4: Fourth Monday in March
Mar 28*	Mon+4: Fourth Monday in March
Mar 28*	Fourth: Fourth Monday in March
Mar 28*	28 of every month
Mar 28 	3/28: March 28
Mar 28 	Mar. 28: March 28
Mar 28 	28 March: March 28
	March: continued
Mar 28*	Monday: Every Monday
Mar 29*	Tuesday-1: Last (-1) Tuesday
Mar 29*	Tue-1: Last (-1) Tuesday
Mar 29*	Tuesday+5: Fifth Tuesday
Mar 29*	Tue+5: Fifth Tuesday
Mar 29*	Tuesday+5: Fifth Tuesday in March
Mar 29*	Tue+5: Fifth Tuesday in March
Mar 29*	Fifth: Fifth Tuesday in March
Mar 29*	29 of every month
Mar 29 	3/29: March 29
Mar 29 	Mar. 29: March 29
Mar 29 	29 March: March 29
	March: continued
Mar 29*	Tuesday: Every Tuesday
