Nov 11*	Friday+2: Second Friday
Nov 11*	Fri+2: Second Friday
Nov 11*	Friday+2: Second Friday in November
Nov 11*	Fri+2: Second Friday in November
Nov 11*	Second: Second Friday in November
Nov 11*	Friday-3: Last (-3) Friday
Nov 11*	Fri-3: Last (-3) Friday
Nov 11*	11 of every month
Nov 11 	11/11: November 11
Nov 11 	Nov. 11: November 11
Nov 11 	11 November: November 11
	November: continued
Nov 11*	Friday: Every Friday
Nov 12*	Saturday+2: Second Saturday
Nov 12*	Sat+2: Second Saturday
Nov 12*	Saturday+2: Second Saturday in November
Nov 12*	Sat+2: Second Saturday in November
Nov 12*	Second: Second Saturday in November
Nov 12*	Saturday-3: Last (-3) Saturday
Nov 12*	Sat-3: Last (-3) Saturday
Nov 12*	12 of every month
Nov 12 	11/12: November 12
Nov 12 	Nov. 12: November 12
Nov 12 	12 November: November 12
	November: continued
Nov 12*	Saturday: Every Saturday
Nov 13*	Sunday+2: Second Sunday
Nov 13*	Sun+2: Second Sunday
Nov 13*	Sunday+2: Second Sunday in November
Nov 13*	Sun+2: Second Sunday in November
Nov 13*	Second: Second Sunday in November
Nov 13*	Sunday-3: Last (-3) Sunday
Nov 13*	Sun-3: Last (-3) Sunday
Nov 13*	13 of every month
Nov 13 	11/13: November 13
Nov 13 	Nov. 13: November 13
Nov 13 	13 November: November 13
	November: continued
Nov 13*	Sunday: Every Sunday
Nov 14*	Monday+2: Second Monday
Nov 14*	Mon+2: Second Monday
Nov 14*	Monday+2: Second Monday in November
Nov 14*	Mon+2: Second Monday in November
Nov 14*	Second: Second Monday in November
Nov 14*	Monday-3: Last (-3) Monday
Nov 14*	Mon-3: Last (-3) Monday
Nov 14*	14 of every month
Nov 14 	11/14: November 14
Nov 14 	Nov. 14: November 14
Nov 14 	14 November: November 14
	November: continued
Nov 14*	Monday: Every Monday
