Oct 11*	Tuesday+2: Second Tuesday
Oct 11*	Tue+2: Second Tuesday
Oct 11*	Tuesday+2: Second Tuesday in October
Oct 11*	Tue+2: Second Tuesday in October
Oct 11*	Second: Second Tuesday in October
Oct 11*	Tuesday-3: Last (-3) Tuesday
Oct 11*	Tue-3: Last (-3) Tuesday
Oct 11*	11 of every month
Oct 11 	10/11: October 11
Oct 11 	Oct. 11: October 11
Oct 11 	11 October: October 11
	October: continued
Oct 11*	Tuesday: Every Tuesday
Oct 12*	Wednesday+2: Second Wednesday
Oct 12*	Wed+2: Second Wednesday
Oct 12*	Wednesday+2: Second Wednesday in October
Oct 12*	Wed+2: Second Wednesday in October
Oct 12*	Second: Second Wednesday in October
Oct 12*	Wednesday-3: Last (-3) Wednesday
Oct 12*	Wed-3: Last (-3) Wednesday
Oct 12*	12 of every month
Oct 12 	10/12: October 12
Oct 12 	Oct. 12: October 12
Oct 12 	12 October: October 12
	October: continued
Oct 12*	Wednesday: Every Wednesday
