Jan 21*	Thursday-2: Last (-2) Thursday
Jan 21*	Thu-2: Last (-2) Thursday
Jan 21*	Thursday+3: Third Thursday
Jan 21*	Thu+3: Third Thursday
Jan 21*	Thursday+3: Third Thursday in January
Jan 21*	Thu+3: Third Thursday in January
Jan 21*	Third: Third Thursday in January
Jan 21*	21 of every month
Jan 21 	1/21: January 21
Jan 21 	Jan. 21: January 21
Jan 21 	21 January: January 21
	January: continued
Jan 21*	Thursday: Every Thursday
Jan 22*	Friday-2: Last (-2) Friday
Jan 22*	Fri-2: Last (-2) Friday
Jan 22*	Friday+4: Fourth Friday
Jan 22*	Fri+4: Fourth Friday
Jan 22*	Friday+4: Fourth Friday in January
Jan 22*	Fri+4: Fourth Friday in January
Jan 22*	Fourth: Fourth Friday in January
Jan 22*	22 of every month
Jan 22 	1/22: January 22
Jan 22 	Jan. 22: January 22
Jan 22 	22 January: January 22
	January: continued
Jan 22*	Friday: Every Friday
