Jul 10*	Sunday+2: Second Sunday
Jul 10*	Sun+2: Second Sunday
Jul 10*	Sunday+2: Second Sunday in July
Jul 10*	Sun+2: Second Sunday in July
Jul 10*	Second: Second Sunday in July
Jul 10*	Sunday-4: Last (-4) Sunday
Jul 10*	Sun-4: Last (-4) Sunday
Jul 10*	10 of every month
Jul 10 	7/10: July 10
Jul 10 	Jul. 10: July 10
Jul 10 	10 July: July 10
	July: continued
Jul 10*	Sunday: Every Sunday
Jul 11*	Monday+2: Second Monday
Jul 11*	Mon+2: Second Monday
Jul 11*	Monday+2: Second Monday in July
Jul 11*	Mon+2: Second Monday in July
Jul 11*	Second: Second Monday in July
Jul 11*	Monday-3: Last (-3) Monday
Jul 11*	Mon-3: Last (-3) Monday
Jul 11*	11 of every month
Jul 11 	7/11: July 11
Jul 11 	Jul. 11: July 11
Jul 11 	11 July: July 11
	July: continued
Jul 11*	Monday: Every Monday
