Oct 25*	Tuesday-1: Last (-1) Tuesday
Oct 25*	Tue-1: Last (-1) Tuesday
Oct 25*	Tuesday+4: Fourth Tuesday
Oct 25*	Tue+4: Fourth Tuesday
Oct 25*	Tuesday+4: Fourth Tuesday in October
Oct 25*	Tue+4: Fourth Tuesday in October
Oct 25*	Fourth: Fourth Tuesday in October
Oct 25*	25 of every month
Oct 25 	10/25: October 25
Oct 25 	Oct. 25: October 25
Oct 25 	25 October: October 25
	October: continued
Oct 25*	Tuesday: Every Tuesday
Oct 26*	Wednesday-1: Last (-1) Wednesday
Oct 26*	Wed-1: Last (-1) Wednesday
Oct 26*	Wednesday+4: Fourth Wednesday
Oct 26*	Wed+4: Fourth Wednesday
Oct 26*	Wednesday+4: Fourth Wednesday in October
Oct 26*	Wed+4: Fourth Wednesday in October
Oct 26*	Fourth: Fourth Wednesday in October
Oct 26*	26 of every month
Oct 26 	10/26: October 26
Oct 26 	Oct. 26: October 26
Oct 26 	26 October: October 26
	October: continued
Oct 26*	Wednesday: Every Wednesday
