Nov 20*	Sunday-2: Last (-2) Sunday
Nov 20*	Sun-2: Last (-2) Sunday
Nov 20*	Sunday+3: Third Sunday
Nov 20*	Sun+3: Third Sunday
Nov 20*	Sunday+3: Third Sunday in November
Nov 20*	Sun+3: Third Sunday in November
Nov 20*	Third: Third Sunday in November
Nov 20*	20 of every month
Nov 20 	11/20: November 20
Nov 20 	Nov. 20: November 20
Nov 20 	20 November: November 20
	November: continued
Nov 20*	Sunday: Every Sunday
Nov 21*	Monday-2: Last (-2) Monday
Nov 21*	Mon-2: Last (-2) Monday
Nov 21*	Monday+3: Third Monday
Nov 21*	Mon+3: Third Monday
Nov 21*	Monday+3: Third Monday in November
Nov 21*	Mon+3: Third Monday in November
Nov 21*	Third: Third Monday in November
Nov 21*	21 of every month
Nov 21 	11/21: November 21
Nov 21 	Nov. 21: November 21
Nov 21 	21 November: November 21
	November: continued
Nov 21*	Monday: Every Monday
