Jun 16*	Thursday+3: Third Thursday
Jun 16*	Thu+3: Third Thursday
Jun 16*	Thursday-3: Last (-3) Thursday
Jun 16*	Thu-3: Last (-3) Thursday
Jun 16*	Thursday+3: Third Thursday in June
Jun 16*	Thu+3: Third Thursday in June
Jun 16*	Third: Third Thursday in June
Jun 16*	16 of every month
Jun 16 	6/16: June 16
Jun 16 	Jun. 16: June 16
Jun 16 	16 June: June 16
	June: continued
Jun 16*	Thursday: Every Thursday
Jun 17*	Friday-2: Last (-2) Friday
Jun 17*	Fri-2: Last (-2) Friday
Jun 17*	Friday+3: Third Friday
Jun 17*	Fri+3: Third Friday
Jun 17*	Friday+3: Third Friday in June
Jun 17*	Fri+3: Third Friday in June
Jun 17*	Third: Third Friday in June
Jun 17*	17 of every month
Jun 17 	6/17: June 17
Jun 17 	Jun. 17: June 17
Jun 17 	17 June: June 17
	June: continued
Jun 17*	Friday: Every Friday
