Apr 12*	Tuesday+2: Second Tuesday
Apr 12*	Tue+2: Second Tuesday
Apr 12*	Tuesday+2: Second Tuesday in April
Apr 12*	Tue+2: Second Tuesday in April
Apr 12*	Second: Second Tuesday in April
Apr 12*	Tuesday-3: Last (-3) Tuesday
Apr 12*	Tue-3: Last (-3) Tuesday
Apr 12*	12 of every month
Apr 12 	4/12: April 12
Apr 12 	Apr. 12: April 12
Apr 12 	12 April: April 12
	April: continued
Apr 12*	Tuesday: Every Tuesday
Apr 13*	Wednesday+2: Second Wednesday
Apr 13*	Wed+2: Second Wednesday
Apr 13*	Wednesday+2: Second Wednesday in April
Apr 13*	Wed+2: Second Wednesday in April
Apr 13*	Second: Second Wednesday in April
Apr 13*	Wednesday-3: Last (-3) Wednesday
Apr 13*	Wed-3: Last (-3) Wednesday
Apr 13*	13 of every month
Apr 13 	4/13: April 13
Apr 13 	Apr. 13: April 13
Apr 13 	13 April: April 13
	April: continued
Apr 13*	Wednesday: Every Wednesday
