Jul 13*	Wednesday+2: Second Wednesday
Jul 13*	Wed+2: Second Wednesday
Jul 13*	Wednesday+2: Second Wednesday in July
Jul 13*	Wed+2: Second Wednesday in July
Jul 13*	Second: Second Wednesday in July
Jul 13*	Wednesday-3: Last (-3) Wednesday
Jul 13*	Wed-3: Last (-3) Wednesday
Jul 13*	13 of every month
Jul 13 	7/13: July 13
Jul 13 	Jul. 13: July 13
Jul 13 	13 July: July 13
	July: continued
Jul 13*	Wednesday: Every Wednesday
Jul 14*	Thursday+2: Second Thursday
Jul 14*	Thu+2: Second Thursday
Jul 14*	Thursday+2: Second Thursday in July
Jul 14*	Thu+2: Second Thursday in July
Jul 14*	Second: Second Thursday in July
Jul 14*	Thursday-3: Last (-3) Thursday
Jul 14*	Thu-3: Last (-3) Thursday
Jul 14*	14 of every month
Jul 14 	7/14: July 14
Jul 14 	Jul. 14: July 14
Jul 14 	14 July: July 14
	July: continued
Jul 14*	Thursday: Every Thursday
