Apr 27*	Wednesday-1: Last (-1) Wednesday
Apr 27*	Wed-1: Last (-1) Wednesday
Apr 27*	Wednesday+4: Fourth Wednesday
Apr 27*	Wed+4: Fourth Wednesday
Apr 27*	Wednesday+4: Fourth Wednesday in April
Apr 27*	Wed+4: Fourth Wednesday in April
Apr 27*	Fourth: Fourth Wednesday in April
Apr 27*	27 of every month
Apr 27 	4/27: April 27
Apr 27 	Apr. 27: April 27
Apr 27 	27 April: April 27
	April: continued
Apr 27*	Wednesday: Every Wednesday
Apr 28*	Thursday-1: Last (-1) Thursday
Apr 28*	Thu-1: Last (-1) Thursday
Apr 28*	Thursday+4: Fourth Thursday
Apr 28*	Thu+4: Fourth Thursday
Apr 28*	Thursday+4: Fourth Thursday in April
Apr 28*	Thu+4: Fourth Thursday in April
Apr 28*	Fourth: Fourth Thursday in April
Apr 28*	28 of every month
Apr 28 	4/28: April 28
Apr 28 	Apr. 28: April 28
Apr 28 	28 April: April 28
	April: continued
Apr 28*	Thursday: Every Thursday
