Feb 21*	Sunday-2: Last (-2) Sunday
Feb 21*	Sun-2: Last (-2) Sunday
Feb 21*	Sunday+3: Third Sunday
Feb 21*	Sun+3: Third Sunday
Feb 21*	Sunday+3: Third Sunday in February
Feb 21*	Sun+3: Third Sunday in February
Feb 21*	Third: Third Sunday in February
Feb 21*	21 of every month
Feb 21 	2/21: February 21
Feb 21 	Feb. 21: February 21
Feb 21 	21 February: February 21
	February: continued
Feb 21*	Sunday: Every Sunday
Feb 22*	Monday-2: Last (-2) Monday
Feb 22*	Mon-2: Last (-2) Monday
Feb 22*	Monday+4: Fourth Monday
Feb 22*	Mon+4: Fourth Monday
Feb 22*	Monday+4: Fourth Monday in February
Feb 22*	Mon+4: Fourth Monday in February
Feb 22*	Fourth: Fourth Monday in February
Feb 22*	22 of every month
Feb 22 	2/22: February 22
Feb 22 	Feb. 22: February 22
Feb 22 	22 February: February 22
	February: continued
Feb 22*	Monday: Every Monday
