Apr 10*	Sunday+2: Second Sunday
Apr 10*	Sun+2: Second Sunday
Apr 10*	Sunday+2: Second Sunday in April
Apr 10*	Sun+2: Second Sunday in April
Apr 10*	Second: Second Sunday in April
Apr 10*	Sunday-3: Last (-3) Sunday
Apr 10*	Sun-3: Last (-3) Sunday
Apr 10*	10 of every month
Apr 10 	4/10: April 10
Apr 10 	Apr. 10: April 10
Apr 10 	10 April: April 10
	April: continued
Apr 10*	Sunday: Every Sunday
Apr 11*	Monday+2: Second Monday
Apr 11*	Mon+2: Second Monday
Apr 11*	Monday+2: Second Monday in April
Apr 11*	Mon+2: Second Monday in April
Apr 11*	Second: Second Monday in April
Apr 11*	Monday-3: Last (-3) Monday
Apr 11*	Mon-3: Last (-3) Monday
Apr 11*	11 of every month
Apr 11 	4/11: April 11
Apr 11 	Apr. 11: April 11
Apr 11 	11 April: April 11
	April: continued
Apr 11*	Monday: Every Monday
