May 18*	Wednesday-2: Last (-2) Wednesday
May 18*	Wed-2: Last (-2) Wednesday
May 18*	Wednesday+3: Third Wednesday
May 18*	Wed+3: Third Wednesday
May 18*	Wednesday+3: Third Wednesday in May
May 18*	Wed+3: Third Wednesday in May
May 18*	Third: Third Wednesday in May
May 18*	18 of every month
May 18 	5/18: May 18
May 18 	May. 18: May 18
May 18 	18 May: May 18
	May: continued
May 18*	Wednesday: Every Wednesday
May 19*	Thursday-2: Last (-2) Thursday
May 19*	Thu-2: Last (-2) Thursday
May 19*	Thursday+3: Third Thursday
May 19*	Thu+3: Third Thursday
May 19*	Thursday+3: Third Thursday in May
May 19*	Thu+3: Third Thursday in May
May 19*	Third: Third Thursday in May
May 19*	19 of every month
May 19 	5/19: May 19
May 19 	May. 19: May 19
May 19 	19 May: May 19
	May: continued
May 19*	Thursday: Every Thursday
