Aug 03*	Wednesday+1: First Wednesday
Aug 03*	Wed+1: First Wednesday
Aug 03*	Wednesday+1: First Wednesday in August
Aug 03*	Wed+1: First Wednesday in August
Aug 03*	First: First Wednesday in August
Aug 03*	Wednesday+5: Fifth Wednesday in July
Aug 03*	Wed+5: Fifth Wednesday in July
Aug 03*	Fifth: Fifth Wednesday in July
Aug 03*	3 of every month
Aug 03*	Wednesday: Every Wednesday
Aug 04*	Thursday+1: First Thursday
Aug 04*	Thu+1: First Thursday
Aug 04*	Thursday+1: First Thursday in August
Aug 04*	Thu+1: First Thursday in August
Aug 04*	First: First Thursday in August
Aug 04*	Thursday-4: Last (-4) Thursday
Aug 04*	Thu-4: Last (-4) Thursday
Aug 04*	Thursday+5: Fifth Thursday in July
Aug 04*	Thu+5: Fifth Thursday in July
Aug 04*	Fifth: Fifth Thursday in July
Aug 04*	4 of every month
Aug 04*	Thursday: Every Thursday
