Oct 29*	Saturday-1: Last (-1) Saturday
Oct 29*	Sat-1: Last (-1) Saturday
Oct 29*	Saturday+5: Fifth Saturday
Oct 29*	Sat+5: Fifth Saturday
Oct 29*	Saturday+5: Fifth Saturday in October
Oct 29*	Sat+5: Fifth Saturday in October
Oct 29*	Fifth: Fifth Saturday in October
Oct 29*	29 of every month
Oct 29 	10/29: October 29
Oct 29 	Oct. 29: October 29
Oct 29 	29 October: October 29
	October: continued
Oct 29*	Saturday: Every Saturday
Oct 30*	Sunday-1: Last (-1) Sunday
Oct 30*	Sun-1: Last (-1) Sunday
Oct 30*	Sunday+5: Fifth Sunday
Oct 30*	Sun+5: Fifth Sunday
Oct 30*	Sunday+5: Fifth Sunday in October
Oct 30*	Sun+5: Fifth Sunday in October
Oct 30*	Fifth: Fifth Sunday in October
Oct 30*	30 of every month
Oct 30 	10/30: October 30
Oct 30 	Oct. 30: October 30
Oct 30 	30 October: October 30
	October: continued
Oct 30*	Sunday: Every Sunday
