Dec 15*	Thursday+3: Third Thursday
Dec 15*	Thu+3: Third Thursday
Dec 15*	Thursday-3: Last (-3) Thursday
Dec 15*	Thu-3: Last (-3) Thursday
Dec 15*	Thursday+3: Third Thursday in December
Dec 15*	Thu+3: Third Thursday in December
Dec 15*	Third: Third Thursday in December
Dec 15*	15 of every month
Dec 15 	12/15: December 15
Dec 15 	Dec. 15: December 15
Dec 15 	15 December: December 15
	December: continued
Dec 15*	Thursday: Every Thursday
Dec 16*	Friday+3: Third Friday
Dec 16*	Fri+3: Third Friday
Dec 16*	Friday-3: Last (-3) Friday
Dec 16*	Fri-3: Last (-3) Friday
Dec 16*	Friday+3: Third Friday in December
Dec 16*	Fri+3: Third Friday in December
Dec 16*	Third: Third Friday in December
Dec 16*	16 of every month
Dec 16 	12/16: December 16
Dec 16 	Dec. 16: December 16
Dec 16 	16 December: December 16
	December: continued
Dec 16*	Friday: Every Friday
