Jan 09*	Saturday+2: Second Saturday
Jan 09*	Sat+2: Second Saturday
Jan 09*	Saturday+2: Second Saturday in January
Jan 09*	Sat+2: Second Saturday in January
Jan 09*	Second: Second Saturday in January
Jan 09*	Saturday-4: Last (-4) Saturday
Jan 09*	Sat-4: Last (-4) Saturday
Jan 09*	9 of every month
Jan 09 	1/9: January 9
Jan 09 	Jan. 9: January 9
Jan 09 	9 January: January 9
	January: continued
Jan 09*	Saturday: Every Saturday
Jan 10*	Sunday+2: Second Sunday
Jan 10*	Sun+2: Second Sunday
Jan 10*	Sunday+2: Second Sunday in January
Jan 10*	Sun+2: Second Sunday in January
Jan 10*	Second: Second Sunday in January
Jan 10*	Sunday-4: Last (-4) Sunday
Jan 10*	Sun-4: Last (-4) Sunday
Jan 10*	10 of every month
Jan 10 	1/10: January 10
Jan 10 	Jan. 10: January 10
Jan 10 	10 January: January 10
	January: continued
Jan 10*	Sunday: Every Sunday
