Jul 27*	Wednesday-1: Last (-1) Wednesday
Jul 27*	Wed-1: Last (-1) Wednesday
Jul 27*	Wednesday+4: Fourth Wednesday
Jul 27*	Wed+4: Fourth Wednesday
Jul 27*	Wednesday+4: Fourth Wednesday in July
Jul 27*	Wed+4: Fourth Wednesday in July
Jul 27*	Fourth: Fourth Wednesday in July
Jul 27*	27 of every month
Jul 27 	7/27: July 27
Jul 27 	Jul. 27: July 27
Jul 27 	27 July: July 27
	July: continued
Jul 27*	Wednesday: Every Wednesday
Jul 28*	Thursday-1: Last (-1) Thursday
Jul 28*	Thu-1: Last (-1) Thursday
Jul 28*	Thursday+4: Fourth Thursday
Jul 28*	Thu+4: Fourth Thursday
Jul 28*	Thursday+4: Fourth Thursday in July
Jul 28*	Thu+4: Fourth Thursday in July
Jul 28*	Fourth: Fourth Thursday in July
Jul 28*	28 of every month
Jul 28 	7/28: July 28
Jul 28 	Jul. 28: July 28
Jul 28 	28 July: July 28
	July: continued
Jul 28*	Thursday: Every Thursday
