Jul 05*	Tuesday+1: First Tuesday
Jul 05*	Tue+1: First Tuesday
Jul 05*	Tuesday+1: First Tuesday in July
Jul 05*	Tue+1: First Tuesday in July
Jul 05*	First: First Tuesday in July
Jul 05*	Tuesday-4: Last (-4) Tuesday
Jul 05*	Tue-4: Last (-4) Tuesday
Jul 05*	Tuesday+5: Fifth Tuesday in June
Jul 05*	Tue+5: Fifth Tuesday in June
Jul 05*	Fifth: Fifth Tuesday in June
Jul 05*	5 of every month
Jul 05 	7/5: July 5
Jul 05 	Jul. 5: July 5
Jul 05 	5 July: July 5
	July: continued
Jul 05*	Tuesday: Every Tuesday
Jul 06*	Wednesday+1: First Wednesday
Jul 06*	Wed+1: First Wednesday
Jul 06*	Wednesday+1: First Wednesday in July
Jul 06*	Wed+1: First Wednesday in July
Jul 06*	First: First Wednesday in July
Jul 06*	Wednesday-4: Last (-4) Wednesday
Jul 06*	Wed-4: Last (-4) Wednesday
Jul 06*	6 of every month
Jul 06 	7/6: July 6
Jul 06 	Jul. 6: July 6
Jul 06 	6 July: July 6
	July: continued
Jul 06*	Wednesday: Every Wednesday
