Nov 17*	Thursday-2: Last (-2) Thursday
Nov 17*	Thu-2: Last (-2) Thursday
Nov 17*	Thursday+3: Third Thursday
Nov 17*	Thu+3: Third Thursday
Nov 17*	Thursday+3: Third Thursday in November
Nov 17*	Thu+3: Third Thursday in November
Nov 17*	Third: Third Thursday in November
Nov 17*	17 of every month
Nov 17 	11/17: November 17
Nov 17 	Nov. 17: November 17
Nov 17 	17 November: November 17
	November: continued
Nov 17*	Thursday: Every Thursday
Nov 18*	Friday-2: Last (-2) Friday
Nov 18*	Fri-2: Last (-2) Friday
Nov 18*	Friday+3: Third Friday
Nov 18*	Fri+3: Third Friday
Nov 18*	Friday+3: Third Friday in November
Nov 18*	Fri+3: Third Friday in November
Nov 18*	Third: Third Friday in November
Nov 18*	18 of every month
Nov 18 	11/18: November 18
Nov 18 	Nov. 18: November 18
Nov 18 	18 November: November 18
	November: continued
Nov 18*	Friday: Every Friday
