Mar 04*	Friday+1: First Friday
Mar 04*	Fri+1: First Friday
Mar 04*	Friday+1: First Friday in March
Mar 04*	Fri+1: First Friday in March
Mar 04*	First: First Friday in March
Mar 04*	Friday-4: Last (-4) Friday
Mar 04*	Fri-4: Last (-4) Friday
Mar 04*	Friday+5: Fifth Friday in February
Mar 04*	Fri+5: Fifth Friday in February
Mar 04*	Fifth: Fifth Friday in February
Mar 04*	4 of every month
Mar 04 	3/4: March 4
Mar 04 	Mar. 4: March 4
Mar 04 	4 March: March 4
	March: continued
Mar 04*	Friday: Every Friday
Mar 05*	Saturday+1: First Saturday
Mar 05*	Sat+1: First Saturday
Mar 05*	Saturday+1: First Saturday in March
Mar 05*	Sat+1: First Saturday in March
Mar 05*	First: First Saturday in March
Mar 05*	Saturday-4: Last (-4) Saturday
Mar 05*	Sat-4: Last (-4) Saturday
Mar 05*	Saturday+5: Fifth Saturday in February
Mar 05*	Sat+5: Fifth Saturday in February
Mar 05*	Fifth: Fifth Saturday in February
Mar 05*	5 of every month
Mar 05 	3/5: March 5
Mar 05 	Mar. 5: March 5
Mar 05 	5 March: March 5
	March: continued
Mar 05*	Saturday: Every Saturday
Mar 06*	Sunday+1: First Sunday
Mar 06*	Sun+1: First Sunday
Mar 06*	Sunday+1: First Sunday in March
Mar 06*	Sun+1: First Sunday in March
Mar 06*	First: First Sunday in March
Mar 06*	Sunday-4: Last (-4) Sunday
Mar 06*	Sun-4: Last (-4) Sunday
Mar 06*	Sunday+5: Fifth Sunday in February
Mar 06*	Sun+5: Fifth Sunday in February
Mar 06*	Fifth: Fifth Sunday in February
Mar 06*	6 of every month
Mar 06 	3/6: March 6
Mar 06 	Mar. 6: March 6
Mar 06 	6 March: March 6
	March: continued
Mar 06*	Sunday: Every Sunday
Mar 07*	Monday+1: First Monday
Mar 07*	Mon+1: First Monday
Mar 07*	Monday+1: First Monday in March
Mar 07*	Mon+1: First Monday in March
Mar 07*	First: First Monday in March
Mar 07*	Monday-4: Last (-4) Monday
Mar 07*	Mon-4: Last (-4) Monday
Mar 07*	7 of every month
Mar 07 	3/7: March 7
Mar 07 	Mar. 7: March 7
Mar 07 	7 March: March 7
	March: continued
Mar 07*	Monday: Every Monday
