Aug 31*	Wednesday-1: Last (-1) Wednesday
Aug 31*	Wed-1: Last (-1) Wednesday
Aug 31*	Wednesday+5: Fifth Wednesday
Aug 31*	Wed+5: Fifth Wednesday
Aug 31*	Wednesday+5: Fifth Wednesday in August
Aug 31*	Wed+5: Fifth Wednesday in August
Aug 31*	Fifth: Fifth Wednesday in August
Aug 31*	31 of every month
Aug 31*	Wednesday: Every Wednesday
Sep 01*	Thursday+1: First Thursday
Sep 01*	Thu+1: First Thursday
Sep 01*	Thursday+1: First Thursday in September
Sep 01*	Thu+1: First Thursday in September
Sep 01*	First: First Thursday in September
Sep 01*	Thursday+5: Fifth Thursday in August
Sep 01*	Thu+5: Fifth Thursday in August
Sep 01*	Fifth: Fifth Thursday in August
Sep 01*	1 of every month
Sep 01*	*: Beginning of every month
Sep 01*	Thursday: Every Thursday
Sep 01 	September: Every September 1st
