Mar 26*	Saturday-1: Last (-1) Saturday
Mar 26*	Sat-1: Last (-1) Saturday
Mar 26*	Saturday+4: Fourth Saturday
Mar 26*	Sat+4: Fourth Saturday
Mar 26*	Saturday+4: Fourth Saturday in March
Mar 26*	Sat+4: Fourth Saturday in March
Mar 26*	Fourth: Fourth Saturday in March
Mar 26*	26 of every month
Mar 26 	3/26: March 26
Mar 26 	Mar. 26: March 26
Mar 26 	26 March: March 26
	March: continued
Mar 26*	Saturday: Every Saturday
Mar 27*	Sunday-1: Last (-1) Sunday
Mar 27*	Sun-1: Last (-1) Sunday
Mar 27*	Sunday+4: Fourth Sunday
Mar 27*	Sun+4: Fourth Sunday
Mar 27*	Sunday+4: Fourth Sunday in March
Mar 27*	Sun+4: Fourth Sunday in March
Mar 27*	Fourth: Fourth Sunday in March
Mar 27*	Easter
Mar 27*	27 of every month
Mar 27 	3/27: March 27
Mar 27 	Mar. 27: March 27
Mar 27 	27 March: March 27
	March: continued
Mar 27*	Sunday: Every Sunday
