Jan 01*	Friday+1: First Friday
Jan 01*	Fri+1: First Friday
Jan 01*	Friday+1: First Friday in January
Jan 01*	Fri+1: First Friday in January
Jan 01*	First: First Friday in January
Jan 01*	1 of every month
Jan 01 	1/1: January 1
Jan 01 	Jan. 1: January 1
Jan 01 	1 January: January 1
	January: continued
Jan 01*	*: Beginning of every month
Jan 01*	Friday: Every Friday
Jan 01 	January: Every January 1st
Jan 02*	Saturday+1: First Saturday
Jan 02*	Sat+1: First Saturday
Jan 02*	Saturday+1: First Saturday in January
Jan 02*	Sat+1: First Saturday in January
Jan 02*	First: First Saturday in January
Jan 02*	2 of every month
Jan 02 	1/2: January 2
Jan 02 	Jan. 2: January 2
Jan 02 	2 January: January 2
	January: continued
Jan 02*	Saturday: Every Saturday
Jan 03*	Sunday+1: First Sunday
Jan 03*	Sun+1: First Sunday
Jan 03*	Sunday+1: First Sunday in January
Jan 03*	Sun+1: First Sunday in January
Jan 03*	First: First Sunday in January
Jan 03*	3 of every month
Jan 03 	1/3: January 3
Jan 03 	Jan. 3: January 3
Jan 03 	3 January: January 3
	January: continued
Jan 03*	Sunday: Every Sunday
Jan 04*	Monday+1: First Monday
Jan 04*	Mon+1: First Monday
Jan 04*	Monday+1: First Monday in January
Jan 04*	Mon+1: First Monday in January
Jan 04*	First: First Monday in January
Jan 04*	Monday-4: Last (-4) Monday
Jan 04*	Mon-4: Last (-4) Monday
Jan 04*	4 of every month
Jan 04 	1/4: January 4
Jan 04 	Jan. 4: January 4
Jan 04 	4 January: January 4
	January: continued
Jan 04*	Monday: Every Monday
