Mar 02*	Wednesday+1: First Wednesday
Mar 02*	Wed+1: First Wednesday
Mar 02*	Wednesday+1: First Wednesday in March
Mar 02*	Wed+1: First Wednesday in March
Mar 02*	First: First Wednesday in March
Mar 02*	Wednesday+5: Fifth Wednesday in February
Mar 02*	Wed+5: Fifth Wednesday in February
Mar 02*	Fifth: Fifth Wednesday in February
Mar 02*	2 of every month
Mar 02 	3/2: March 2
Mar 02 	Mar. 2: March 2
Mar 02 	2 March: March 2
	March: continued
Mar 02*	Wednesday: Every Wednesday
Mar 03*	Thursday+1: First Thursday
Mar 03*	Thu+1: First Thursday
Mar 03*	Thursday+1: First Thursday in March
Mar 03*	Thu+1: First Thursday in March
Mar 03*	First: First Thursday in March
Mar 03*	Thursday+5: Fifth Thursday in February
Mar 03*	Thu+5: Fifth Thursday in February
Mar 03*	Fifth: Fifth Thursday in February
Mar 03*	3 of every month
Mar 03 	3/3: March 3
Mar 03 	Mar. 3: March 3
Mar 03 	3 March: March 3
	March: continued
Mar 03*	Thursday: Every Thursday
