Jun 20*	Monday-2: Last (-2) Monday
Jun 20*	Mon-2: Last (-2) Monday
Jun 20*	Monday+3: Third Monday
Jun 20*	Mon+3: Third Monday
Jun 20*	Monday+3: Third Monday in June
Jun 20*	Mon+3: Third Monday in June
Jun 20*	Third: Third Monday in June
Jun 20*	20 of every month
Jun 20 	6/20: June 20
Jun 20 	Jun. 20: June 20
Jun 20 	20 June: June 20
	June: continued
Jun 20*	Monday: Every Monday
Jun 21*	Tuesday-2: Last (-2) Tuesday
Jun 21*	Tue-2: Last (-2) Tuesday
Jun 21*	Tuesday+3: Third Tuesday
Jun 21*	Tue+3: Third Tuesday
Jun 21*	Tuesday+3: Third Tuesday in June
Jun 21*	Tue+3: Third Tuesday in June
Jun 21*	Third: Third Tuesday in June
Jun 21*	21 of every month
Jun 21 	6/21: June 21
Jun 21 	Jun. 21: June 21
Jun 21 	21 June: June 21
	June: continued
Jun 21*	Tuesday: Every Tuesday
