May 06*	Friday+1: First Friday
May 06*	Fri+1: First Friday
May 06*	Friday+1: First Friday in May
May 06*	Fri+1: First Friday in May
May 06*	First: First Friday in May
May 06*	Friday-4: Last (-4) Friday
May 06*	Fri-4: Last (-4) Friday
May 06*	6 of every month
May 06 	5/6: May 6
May 06 	May. 6: May 6
May 06 	6 May: May 6
	May: continued
May 06*	Friday: Every Friday
May 07*	Saturday+1: First Saturday
May 07*	Sat+1: First Saturday
May 07*	Saturday+1: First Saturday in May
May 07*	Sat+1: First Saturday in May
May 07*	First: First Saturday in May
May 07*	Saturday-4: Last (-4) Saturday
May 07*	Sat-4: Last (-4) Saturday
May 07*	7 of every month
May 07 	5/7: May 7
May 07 	May. 7: May 7
May 07 	7 May: May 7
	May: continued
May 07*	Saturday: Every Saturday
May 08*	Sunday+2: Second Sunday
May 08*	Sun+2: Second Sunday
May 08*	Sunday+2: Second Sunday in May
May 08*	Sun+2: Second Sunday in May
May 08*	Second: Second Sunday in May
May 08*	Sunday-4: Last (-4) Sunday
May 08*	Sun-4: Last (-4) Sunday
May 08*	8 of every month
May 08 	5/8: May 8
May 08 	May. 8: May 8
May 08 	8 May: May 8
	May: continued
May 08*	Sunday: Every Sunday
May 09*	Monday+2: Second Monday
May 09*	Mon+2: Second Monday
May 09*	Monday+2: Second Monday in May
May 09*	Mon+2: Second Monday in May
May 09*	Second: Second Monday in May
May 09*	Monday-4: Last (-4) Monday
May 09*	Mon-4: Last (-4) Monday
May 09*	9 of every month
May 09 	5/9: May 9
May 09 	May. 9: May 9
May 09 	9 May: May 9
	May: continued
May 09*	Monday: Every Monday
