May 04*	Wednesday+1: First Wednesday
May 04*	Wed+1: First Wednesday
May 04*	Wednesday+1: First Wednesday in May
May 04*	Wed+1: First Wednesday in May
May 04*	First: First Wednesday in May
May 04*	Wednesday-4: Last (-4) Wednesday
May 04*	Wed-4: Last (-4) Wednesday
May 04*	Wednesday+5: Fifth Wednesday in April
May 04*	Wed+5: Fifth Wednesday in April
May 04*	Fifth: Fifth Wednesday in April
May 04*	4 of every month
May 04 	5/4: May 4
May 04 	May. 4: May 4
May 04 	4 May: May 4
	May: continued
May 04*	Wednesday: Every Wednesday
May 05*	Thursday+1: First Thursday
May 05*	Thu+1: First Thursday
May 05*	Thursday+1: First Thursday in May
May 05*	Thu+1: First Thursday in May
May 05*	First: First Thursday in May
May 05*	Thursday-4: Last (-4) Thursday
May 05*	Thu-4: Last (-4) Thursday
May 05*	Thursday+5: Fifth Thursday in April
May 05*	Thu+5: Fifth Thursday in April
May 05*	Fifth: Fifth Thursday in April
May 05*	5 of every month
May 05 	5/5: May 5
May 05 	May. 5: May 5
May 05 	5 May: May 5
	May: continued
May 05*	Thursday: Every Thursday
