Dec 24*	Saturday-2: Last (-2) Saturday
Dec 24*	Sat-2: Last (-2) Saturday
Dec 24*	Saturday+4: Fourth Saturday
Dec 24*	Sat+4: Fourth Saturday
Dec 24*	Saturday+4: Fourth Saturday in December
Dec 24*	Sat+4: Fourth Saturday in December
Dec 24*	Fourth: Fourth Saturday in December
Dec 24*	24 of every month
Dec 24 	12/24: December 24
Dec 24 	Dec. 24: December 24
Dec 24 	24 December: December 24
	December: continued
Dec 24*	Saturday: Every Saturday
Dec 25*	Sunday-1: Last (-1) Sunday
Dec 25*	Sun-1: Last (-1) Sunday
Dec 25*	Sunday+4: Fourth Sunday
Dec 25*	Sun+4: Fourth Sunday
Dec 25*	Sunday+4: Fourth Sunday in December
Dec 25*	Sun+4: Fourth Sunday in December
Dec 25*	Fourth: Fourth Sunday in December
Dec 25*	25 of every month
Dec 25 	12/25: December 25
Dec 25 	Dec. 25: December 25
Dec 25 	25 December: December 25
	December: continued
Dec 25*	Sunday: Every Sunday
