Mar 10*	Thursday+2: Second Thursday
Mar 10*	Thu+2: Second Thursday
Mar 10*	Thursday+2: Second Thursday in March
Mar 10*	Thu+2: Second Thursday in March
Mar 10*	Second: Second Thursday in March
Mar 10*	Thursday-4: Last (-4) Thursday
Mar 10*	Thu-4: Last (-4) Thursday
Mar 10*	10 of every month
Mar 10 	3/10: March 10
Mar 10 	Mar. 10: March 10
Mar 10 	10 March: March 10
	March: continued
Mar 10*	Thursday: Every Thursday
Mar 11*	Friday+2: Second Friday
Mar 11*	Fri+2: Second Friday
Mar 11*	Friday+2: Second Friday in March
Mar 11*	Fri+2: Second Friday in March
Mar 11*	Second: Second Friday in March
Mar 11*	Friday-3: Last (-3) Friday
Mar 11*	Fri-3: Last (-3) Friday
Mar 11*	11 of every month
Mar 11 	3/11: March 11
Mar 11 	Mar. 11: March 11
Mar 11 	11 March: March 11
	March: continued
Mar 11*	Friday: Every Friday
