Dec 31*	Saturday-1: Last (-1) Saturday
Dec 31*	Sat-1: Last (-1) Saturday
Dec 31*	Saturday+5: Fifth Saturday
Dec 31*	Sat+5: Fifth Saturday
Dec 31*	Saturday+5: Fifth Saturday in December
Dec 31*	Sat+5: Fifth Saturday in December
Dec 31*	Fifth: Fifth Saturday in December
Dec 31*	31 of every month
Dec 31 	12/31: December 31
Dec 31 	Dec. 31: December 31
Dec 31 	31 December: December 31
	December: continued
Dec 31*	Saturday: Every Saturday
Jan 01*	Sunday+1: First Sunday
Jan 01*	Sun+1: First Sunday
Jan 01*	Sunday+1: First Sunday in January
Jan 01*	Sun+1: First Sunday in January
Jan 01*	First: First Sunday in January
Jan 01*	Sunday+5: Fifth Sunday in December
Jan 01*	Sun+5: Fifth Sunday in December
Jan 01*	Fifth: Fifth Sunday in December
Jan 01*	1 of every month
Jan 01 	1/1: January 1
Jan 01 	Jan. 1: January 1
Jan 01 	1 January: January 1
	January: continued
Jan 01*	*: Beginning of every month
Jan 01*	Sunday: Every Sunday
Jan 01 	January: Every January 1st
