Oct 18*	Tuesday-2: Last (-2) Tuesday
Oct 18*	Tue-2: Last (-2) Tuesday
Oct 18*	Tuesday+3: Third Tuesday
Oct 18*	Tue+3: Third Tuesday
Oct 18*	Tuesday+3: Third Tuesday in October
Oct 18*	Tue+3: Third Tuesday in October
Oct 18*	Third: Third Tuesday in October
Oct 18*	18 of every month
Oct 18 	10/18: October 18
Oct 18 	Oct. 18: October 18
Oct 18 	18 October: October 18
	October: continued
Oct 18*	Tuesday: Every Tuesday
Oct 19*	Wednesday-2: Last (-2) Wednesday
Oct 19*	Wed-2: Last (-2) Wednesday
Oct 19*	Wednesday+3: Third Wednesday
Oct 19*	Wed+3: Third Wednesday
Oct 19*	Wednesday+3: Third Wednesday in October
Oct 19*	Wed+3: Third Wednesday in October
Oct 19*	Third: Third Wednesday in October
Oct 19*	19 of every month
Oct 19 	10/19: October 19
Oct 19 	Oct. 19: October 19
Oct 19 	19 October: October 19
	October: continued
Oct 19*	Wednesday: Every Wednesday
