Aug 02*	Tuesday+1: First Tuesday
Aug 02*	Tue+1: First Tuesday
Aug 02*	Tuesday+1: First Tuesday in August
Aug 02*	Tue+1: First Tuesday in August
Aug 02*	First: First Tuesday in August
Aug 02*	Tuesday+5: Fifth Tuesday in July
Aug 02*	Tue+5: Fifth Tuesday in July
Aug 02*	Fifth: Fifth Tuesday in July
Aug 02*	2 of every month
Aug 02*	Tuesday: Every Tuesday
Aug 03*	Wednesday+1: First Wednesday
Aug 03*	Wed+1: First Wednesday
Aug 03*	Wednesday+1: First Wednesday in August
Aug 03*	Wed+1: First Wednesday in August
Aug 03*	First: First Wednesday in August
Aug 03*	Wednesday+5: Fifth Wednesday in July
Aug 03*	Wed+5: Fifth Wednesday in July
Aug 03*	Fifth: Fifth Wednesday in July
Aug 03*	3 of every month
Aug 03*	Wednesday: Every Wednesday
