Mar 19*	Saturday-2: Last (-2) Saturday
Mar 19*	Sat-2: Last (-2) Saturday
Mar 19*	Saturday+3: Third Saturday
Mar 19*	Sat+3: Third Saturday
Mar 19*	Saturday+3: Third Saturday in March
Mar 19*	Sat+3: Third Saturday in March
Mar 19*	Third: Third Saturday in March
Mar 19*	19 of every month
Mar 19 	3/19: March 19
Mar 19 	Mar. 19: March 19
Mar 19 	19 March: March 19
	March: continued
Mar 19*	Saturday: Every Saturday
Mar 20*	Sunday-2: Last (-2) Sunday
Mar 20*	Sun-2: Last (-2) Sunday
Mar 20*	Sunday+3: Third Sunday
Mar 20*	Sun+3: Third Sunday
Mar 20*	Sunday+3: Third Sunday in March
Mar 20*	Sun+3: Third Sunday in March
Mar 20*	Third: Third Sunday in March
Mar 20*	20 of every month
Mar 20 	3/20: March 20
Mar 20 	Mar. 20: March 20
Mar 20 	20 March: March 20
	March: continued
Mar 20*	Sunday: Every Sunday
