Mar 17*	Thursday+3: Third Thursday
Mar 17*	Thu+3: Third Thursday
Mar 17*	Thursday-3: Last (-3) Thursday
Mar 17*	Thu-3: Last (-3) Thursday
Mar 17*	Thursday+3: Third Thursday in March
Mar 17*	Thu+3: Third Thursday in March
Mar 17*	Third: Third Thursday in March
Mar 17*	17 of every month
Mar 17 	3/17: March 17
Mar 17 	Mar. 17: March 17
Mar 17 	17 March: March 17
	March: continued
Mar 17*	Thursday: Every Thursday
Mar 18*	Friday-2: Last (-2) Friday
Mar 18*	Fri-2: Last (-2) Friday
Mar 18*	Friday+3: Third Friday
Mar 18*	Fri+3: Third Friday
Mar 18*	Friday+3: Third Friday in March
Mar 18*	Fri+3: Third Friday in March
Mar 18*	Third: Third Friday in March
Mar 18*	18 of every month
Mar 18 	3/18: March 18
Mar 18 	Mar. 18: March 18
Mar 18 	18 March: March 18
	March: continued
Mar 18*	Friday: Every Friday
