Mar 23*	Wednesday-2: Last (-2) Wednesday
Mar 23*	Wed-2: Last (-2) Wednesday
Mar 23*	Wednesday+4: Fourth Wednesday
Mar 23*	Wed+4: Fourth Wednesday
Mar 23*	Wednesday+4: Fourth Wednesday in March
Mar 23*	Wed+4: Fourth Wednesday in March
Mar 23*	Fourth: Fourth Wednesday in March
Mar 23*	23 of every month
Mar 23 	3/23: March 23
Mar 23 	Mar. 23: March 23
Mar 23 	23 March: March 23
	March: continued
Mar 23*	Wednesday: Every Wednesday
Mar 24*	Thursday-2: Last (-2) Thursday
Mar 24*	Thu-2: Last (-2) Thursday
Mar 24*	Thursday+4: Fourth Thursday
Mar 24*	Thu+4: Fourth Thursday
Mar 24*	Thursday+4: Fourth Thursday in March
Mar 24*	Thu+4: Fourth Thursday in March
Mar 24*	Fourth: Fourth Thursday in March
Mar 24*	24 of every month
Mar 24 	3/24: March 24
Mar 24 	Mar. 24: March 24
Mar 24 	24 March: March 24
	March: continued
Mar 24*	Thursday: Every Thursday
