Jan 18*	Monday-2: Last (-2) Monday
Jan 18*	Mon-2: Last (-2) Monday
Jan 18*	Monday+3: Third Monday
Jan 18*	Mon+3: Third Monday
Jan 18*	Monday+3: Third Monday in January
Jan 18*	Mon+3: Third Monday in January
Jan 18*	Third: Third Monday in January
Jan 18*	18 of every month
Jan 18 	1/18: January 18
Jan 18 	Jan. 18: January 18
Jan 18 	18 January: January 18
	January: continued
Jan 18*	Monday: Every Monday
Jan 19*	Tuesday-2: Last (-2) Tuesday
Jan 19*	Tue-2: Last (-2) Tuesday
Jan 19*	Tuesday+3: Third Tuesday
Jan 19*	Tue+3: Third Tuesday
Jan 19*	Tuesday+3: Third Tuesday in January
Jan 19*	Tue+3: Third Tuesday in January
Jan 19*	Third: Third Tuesday in January
Jan 19*	19 of every month
Jan 19 	1/19: January 19
Jan 19 	Jan. 19: January 19
Jan 19 	19 January: January 19
	January: continued
Jan 19*	Tuesday: Every Tuesday
