Oct 13*	Thursday+2: Second Thursday
Oct 13*	Thu+2: Second Thursday
Oct 13*	Thursday+2: Second Thursday in October
Oct 13*	Thu+2: Second Thursday in October
Oct 13*	Second: Second Thursday in October
Oct 13*	Thursday-3: Last (-3) Thursday
Oct 13*	Thu-3: Last (-3) Thursday
Oct 13*	13 of every month
Oct 13 	10/13: October 13
Oct 13 	Oct. 13: October 13
Oct 13 	13 October: October 13
	October: continued
Oct 13*	Thursday: Every Thursday
Oct 14*	Friday+2: Second Friday
Oct 14*	Fri+2: Second Friday
Oct 14*	Friday+2: Second Friday in October
Oct 14*	Fri+2: Second Friday in October
Oct 14*	Second: Second Friday in October
Oct 14*	Friday-3: Last (-3) Friday
Oct 14*	Fri-3: Last (-3) Friday
Oct 14*	14 of every month
Oct 14 	10/14: October 14
Oct 14 	Oct. 14: October 14
Oct 14 	14 October: October 14
	October: continued
Oct 14*	Friday: Every Friday
