May 30*	Monday-1: Last (-1) Monday
May 30*	Mon-1: Last (-1) Monday
May 30*	Monday+5: Fifth Monday
May 30*	Mon+5: Fifth Monday
May 30*	Monday+5: Fifth Monday in May
May 30*	Mon+5: Fifth Monday in May
May 30*	Fifth: Fifth Monday in May
May 30*	30 of every month
May 30 	5/30: May 30
May 30 	May. 30: May 30
May 30 	30 May: May 30
	May: continued
May 30*	Monday: Every Monday
May 31*	Tuesday-1: Last (-1) Tuesday
May 31*	Tue-1: Last (-1) Tuesday
May 31*	Tuesday+5: Fifth Tuesday
May 31*	Tue+5: Fifth Tuesday
May 31*	Tuesday+5: Fifth Tuesday in May
May 31*	Tue+5: Fifth Tuesday in May
May 31*	Fifth: Fifth Tuesday in May
May 31*	31 of every month
May 31 	5/31: May 31
May 31 	May. 31: May 31
May 31 	31 May: May 31
	May: continued
May 31*	Tuesday: Every Tuesday
