May 17*	Tuesday+3: Third Tuesday
May 17*	Tue+3: Third Tuesday
May 17*	Tuesday-3: Last (-3) Tuesday
May 17*	Tue-3: Last (-3) Tuesday
May 17*	Tuesday+3: Third Tuesday in May
May 17*	Tue+3: Third Tuesday in May
May 17*	Third: Third Tuesday in May
May 17*	17 of every month
May 17 	5/17: May 17
May 17 	May. 17: May 17
May 17 	17 May: May 17
	May: continued
May 17*	Tuesday: Every Tuesday
May 18*	Wednesday-2: Last (-2) Wednesday
May 18*	Wed-2: Last (-2) Wednesday
May 18*	Wednesday+3: Third Wednesday
May 18*	Wed+3: Third Wednesday
May 18*	Wednesday+3: Third Wednesday in May
May 18*	Wed+3: Third Wednesday in May
May 18*	Third: Third Wednesday in May
May 18*	18 of every month
May 18 	5/18: May 18
May 18 	May. 18: May 18
May 18 	18 May: May 18
	May: continued
May 18*	Wednesday: Every Wednesday
