Oct 24*	Monday-2: Last (-2) Monday
Oct 24*	Mon-2: Last (-2) Monday
Oct 24*	Monday+4: Fourth Monday
Oct 24*	Mon+4: Fourth Monday
Oct 24*	Monday+4: Fourth Monday in October
Oct 24*	Mon+4: Fourth Monday in October
Oct 24*	Fourth: Fourth Monday in October
Oct 24*	24 of every month
Oct 24 	10/24: October 24
Oct 24 	Oct. 24: October 24
Oct 24 	24 October: October 24
	October: continued
Oct 24*	Monday: Every Monday
Oct 25*	Tuesday-1: Last (-1) Tuesday
Oct 25*	Tue-1: Last (-1) Tuesday
Oct 25*	Tuesday+4: Fourth Tuesday
Oct 25*	Tue+4: Fourth Tuesday
Oct 25*	Tuesday+4: Fourth Tuesday in October
Oct 25*	Tue+4: Fourth Tuesday in October
Oct 25*	Fourth: Fourth Tuesday in October
Oct 25*	25 of every month
Oct 25 	10/25: October 25
Oct 25 	Oct. 25: October 25
Oct 25 	25 October: October 25
	October: continued
Oct 25*	Tuesday: Every Tuesday
