Oct 09*	Sunday+2: Second Sunday
Oct 09*	Sun+2: Second Sunday
Oct 09*	Sunday+2: Second Sunday in October
Oct 09*	Sun+2: Second Sunday in October
Oct 09*	Second: Second Sunday in October
Oct 09*	Sunday-4: Last (-4) Sunday
Oct 09*	Sun-4: Last (-4) Sunday
Oct 09*	9 of every month
Oct 09 	10/9: October 9
Oct 09 	Oct. 9: October 9
Oct 09 	9 October: October 9
	October: continued
Oct 09*	Sunday: Every Sunday
Oct 10*	Monday+2: Second Monday
Oct 10*	Mon+2: Second Monday
Oct 10*	Monday+2: Second Monday in October
Oct 10*	Mon+2: Second Monday in October
Oct 10*	Second: Second Monday in October
Oct 10*	Monday-4: Last (-4) Monday
Oct 10*	Mon-4: Last (-4) Monday
Oct 10*	10 of every month
Oct 10 	10/10: October 10
Oct 10 	Oct. 10: October 10
Oct 10 	10 October: October 10
	October: continued
Oct 10*	Monday: Every Monday
