Apr 22*	Friday-2: Last (-2) Friday
Apr 22*	Fri-2: Last (-2) Friday
Apr 22*	Friday+4: Fourth Friday
Apr 22*	Fri+4: Fourth Friday
Apr 22*	Friday+4: Fourth Friday in April
Apr 22*	Fri+4: Fourth Friday in April
Apr 22*	Fourth: Fourth Friday in April
Apr 22*	22 of every month
Apr 22 	4/22: April 22
Apr 22 	Apr. 22: April 22
Apr 22 	22 April: April 22
	April: continued
Apr 22*	Friday: Every Friday
Apr 23*	Saturday-2: Last (-2) Saturday
Apr 23*	Sat-2: Last (-2) Saturday
Apr 23*	Saturday+4: Fourth Saturday
Apr 23*	Sat+4: Fourth Saturday
Apr 23*	Saturday+4: Fourth Saturday in April
Apr 23*	Sat+4: Fourth Saturday in April
Apr 23*	Fourth: Fourth Saturday in April
Apr 23*	23 of every month
Apr 23 	4/23: April 23
Apr 23 	Apr. 23: April 23
Apr 23 	23 April: April 23
	April: continued
Apr 23*	Saturday: Every Saturday
Apr 24*	Sunday-1: Last (-1) Sunday
Apr 24*	Sun-1: Last (-1) Sunday
Apr 24*	Sunday+4: Fourth Sunday
Apr 24*	Sun+4: Fourth Sunday
Apr 24*	Sunday+4: Fourth Sunday in April
Apr 24*	Sun+4: Fourth Sunday in April
Apr 24*	Fourth: Fourth Sunday in April
Apr 24*	24 of every month
Apr 24 	4/24: April 24
Apr 24 	Apr. 24: April 24
Apr 24 	24 April: April 24
	April: continued
Apr 24*	Sunday: Every Sunday
Apr 25*	Monday-1: Last (-1) Monday
Apr 25*	Mon-1: Last (-1) Monday
Apr 25*	Monday+4: Fourth Monday
Apr 25*	Mon+4: Fourth Monday
Apr 25*	Monday+4: Fourth Monday in April
Apr 25*	Mon+4: Fourth Monday in April
Apr 25*	Fourth: Fourth Monday in April
Apr 25*	25 of every month
Apr 25 	4/25: April 25
Apr 25 	Apr. 25: April 25
Apr 25 	25 April: April 25
	April: continued
Apr 25*	Monday: Every Monday
