May 13*	Friday+2: Second Friday
May 13*	Fri+2: Second Friday
May 13*	Friday+2: Second Friday in May
May 13*	Fri+2: Second Friday in May
May 13*	Second: Second Friday in May
May 13*	Friday-3: Last (-3) Friday
May 13*	Fri-3: Last (-3) Friday
May 13*	13 of every month
May 13 	5/13: May 13
May 13 	May. 13: May 13
May 13 	13 May: May 13
	May: continued
May 13*	Friday: Every Friday
May 14*	Saturday+2: Second Saturday
May 14*	Sat+2: Second Saturday
May 14*	Saturday+2: Second Saturday in May
May 14*	Sat+2: Second Saturday in May
May 14*	Second: Second Saturday in May
May 14*	Saturday-3: Last (-3) Saturday
May 14*	Sat-3: Last (-3) Saturday
May 14*	14 of every month
May 14 	5/14: May 14
May 14 	May. 14: May 14
May 14 	14 May: May 14
	May: continued
May 14*	Saturday: Every Saturday
May 15*	Sunday+3: Third Sunday
May 15*	Sun+3: Third Sunday
May 15*	Sunday-3: Last (-3) Sunday
May 15*	Sun-3: Last (-3) Sunday
May 15*	Sunday+3: Third Sunday in May
May 15*	Sun+3: Third Sunday in May
May 15*	Third: Third Sunday in May
May 15*	15 of every month
May 15 	5/15: May 15
May 15 	May. 15: May 15
May 15 	15 May: May 15
	May: continued
May 15*	Sunday: Every Sunday
May 16*	Monday+3: Third Monday
May 16*	Mon+3: Third Monday
May 16*	Monday-3: Last (-3) Monday
May 16*	Mon-3: Last (-3) Monday
May 16*	Monday+3: Third Monday in May
May 16*	Mon+3: Third Monday in May
May 16*	Third: Third Monday in May
May 16*	16 of every month
May 16 	5/16: May 16
May 16 	May. 16: May 16
May 16 	16 May: May 16
	May: continued
May 16*	Monday: Every Monday
