Sep 04*	Sunday+1: First Sunday
Sep 04*	Sun+1: First Sunday
Sep 04*	Sunday+1: First Sunday in September
Sep 04*	Sun+1: First Sunday in September
Sep 04*	First: First Sunday in September
Sep 04*	Sunday-4: Last (-4) Sunday
Sep 04*	Sun-4: Last (-4) Sunday
Sep 04*	Sunday+5: Fifth Sunday in August
Sep 04*	Sun+5: Fifth Sunday in August
Sep 04*	Fifth: Fifth Sunday in August
Sep 04*	4 of every month
Sep 04*	Sunday: Every Sunday
Sep 05*	Monday+1: First Monday
Sep 05*	Mon+1: First Monday
Sep 05*	Monday+1: First Monday in September
Sep 05*	Mon+1: First Monday in September
Sep 05*	First: First Monday in September
Sep 05*	Monday-4: Last (-4) Monday
Sep 05*	Mon-4: Last (-4) Monday
Sep 05*	5 of every month
Sep 05*	Monday: Every Monday
