Mar 27*	Sunday-1: Last (-1) Sunday
Mar 27*	Sun-1: Last (-1) Sunday
Mar 27*	Sunday+4: Fourth Sunday
Mar 27*	Sun+4: Fourth Sunday
Mar 27*	Sunday+4: Fourth Sunday in March
Mar 27*	Sun+4: Fourth Sunday in March
Mar 27*	Fourth: Fourth Sunday in March
Mar 27*	Easter
Mar 27*	27 of every month
Mar 27 	3/27: March 27
Mar 27 	Mar. 27: March 27
Mar 27 	27 March: March 27
	March: continued
Mar 27*	Sunday: Every Sunday
Mar 28*	Monday-1: Last (-1) Monday
Mar 28*	Mon-1: Last (-1) Monday
Mar 28*	Monday+4: Fourth Monday
Mar 28*	Mon+4: Fourth Monday
Mar 28*	Monday+4: Fourth Monday in March
Mar 28*	Mon+4: Fourth Monday in March
Mar 28*	Fourth: Fourth Monday in March
Mar 28*	28 of every month
Mar 28 	3/28: March 28
Mar 28 	Mar. 28: March 28
Mar 28 	28 March: March 28
	March: continued
Mar 28*	Monday: Every Monday
