Apr 11*	Monday+2: Second Monday
Apr 11*	Mon+2: Second Monday
Apr 11*	Monday+2: Second Monday in April
Apr 11*	Mon+2: Second Monday in April
Apr 11*	Second: Second Monday in April
Apr 11*	Monday-3: Last (-3) Monday
Apr 11*	Mon-3: Last (-3) Monday
Apr 11*	11 of every month
Apr 11 	4/11: April 11
Apr 11 	Apr. 11: April 11
Apr 11 	11 April: April 11
	April: continued
Apr 11*	Monday: Every Monday
Apr 12*	Tuesday+2: Second Tuesday
Apr 12*	Tue+2: Second Tuesday
Apr 12*	Tuesday+2: Second Tuesday in April
Apr 12*	Tue+2: Second Tuesday in April
Apr 12*	Second: Second Tuesday in April
Apr 12*	Tuesday-3: Last (-3) Tuesday
Apr 12*	Tue-3: Last (-3) Tuesday
Apr 12*	12 of every month
Apr 12 	4/12: April 12
Apr 12 	Apr. 12: April 12
Apr 12 	12 April: April 12
	April: continued
Apr 12*	Tuesday: Every Tuesday
