Oct 31*	Monday-1: Last (-1) Monday
Oct 31*	Mon-1: Last (-1) Monday
Oct 31*	Monday+5: Fifth Monday
Oct 31*	Mon+5: Fifth Monday
Oct 31*	Monday+5: Fifth Monday in October
Oct 31*	Mon+5: Fifth Monday in October
Oct 31*	Fifth: Fifth Monday in October
Oct 31*	31 of every month
Oct 31 	10/31: October 31
Oct 31 	Oct. 31: October 31
Oct 31 	31 October: October 31
	October: continued
Oct 31*	Monday: Every Monday
Nov 01*	Tuesday+1: First Tuesday
Nov 01*	Tue+1: First Tuesday
Nov 01*	Tuesday+1: First Tuesday in November
Nov 01*	Tue+1: First Tuesday in November
Nov 01*	First: First Tuesday in November
Nov 01*	Tuesday+5: Fifth Tuesday in October
Nov 01*	Tue+5: Fifth Tuesday in October
Nov 01*	Fifth: Fifth Tuesday in October
Nov 01*	1 of every month
Nov 01 	11/1: November 1
Nov 01 	Nov. 1: November 1
Nov 01 	1 November: November 1
	November: continued
Nov 01*	*: Beginning of every month
Nov 01*	Tuesday: Every Tuesday
Nov 01 	November: Every November 1st
