Mar 11*	Friday+2: Second Friday
Mar 11*	Fri+2: Second Friday
Mar 11*	Friday+2: Second Friday in March
Mar 11*	Fri+2: Second Friday in March
Mar 11*	Second: Second Friday in March
Mar 11*	Friday-3: Last (-3) Friday
Mar 11*	Fri-3: Last (-3) Friday
Mar 11*	11 of every month
Mar 11 	3/11: March 11
Mar 11 	Mar. 11: March 11
Mar 11 	11 March: March 11
	March: continued
Mar 11*	Friday: Every Friday
Mar 12*	Saturday+2: Second Saturday
Mar 12*	Sat+2: Second Saturday
Mar 12*	Saturday+2: Second Saturday in March
Mar 12*	Sat+2: Second Saturday in March
Mar 12*	Second: Second Saturday in March
Mar 12*	Saturday-3: Last (-3) Saturday
Mar 12*	Sat-3: Last (-3) Saturday
Mar 12*	12 of every month
Mar 12 	3/12: March 12
Mar 12 	Mar. 12: March 12
Mar 12 	12 March: March 12
	March: continued
Mar 12*	Saturday: Every Saturday
Mar 13*	Sunday+2: Second Sunday
Mar 13*	Sun+2: Second Sunday
Mar 13*	Sunday+2: Second Sunday in March
Mar 13*	Sun+2: Second Sunday in March
Mar 13*	Second: Second Sunday in March
Mar 13*	Sunday-3: Last (-3) Sunday
Mar 13*	Sun-3: Last (-3) Sunday
Mar 13*	13 of every month
Mar 13 	3/13: March 13
Mar 13 	Mar. 13: March 13
Mar 13 	13 March: March 13
	March: continued
Mar 13*	Sunday: Every Sunday
Mar 14*	Monday+2: Second Monday
Mar 14*	Mon+2: Second Monday
Mar 14*	Monday+2: Second Monday in March
Mar 14*	Mon+2: Second Monday in March
Mar 14*	Second: Second Monday in March
Mar 14*	Monday-3: Last (-3) Monday
Mar 14*	Mon-3: Last (-3) Monday
Mar 14*	14 of every month
Mar 14 	3/14: March 14
Mar 14 	Mar. 14: March 14
Mar 14 	14 March: March 14
	March: continued
Mar 14*	Monday: Every Monday
