Apr 04*	Monday+1: First Monday
Apr 04*	Mon+1: First Monday
Apr 04*	Monday+1: First Monday in April
Apr 04*	Mon+1: First Monday in April
Apr 04*	First: First Monday in April
Apr 04*	Monday-4: Last (-4) Monday
Apr 04*	Mon-4: Last (-4) Monday
Apr 04*	Monday+5: Fifth Monday in March
Apr 04*	Mon+5: Fifth Monday in March
Apr 04*	Fifth: Fifth Monday in March
Apr 04*	4 of every month
Apr 04 	4/4: April 4
Apr 04 	Apr. 4: April 4
Apr 04 	4 April: April 4
	April: continued
Apr 04*	Monday: Every Monday
Apr 05*	Tuesday+1: First Tuesday
Apr 05*	Tue+1: First Tuesday
Apr 05*	Tuesday+1: First Tuesday in April
Apr 05*	Tue+1: First Tuesday in April
Apr 05*	First: First Tuesday in April
Apr 05*	Tuesday-4: Last (-4) Tuesday
Apr 05*	Tue-4: Last (-4) Tuesday
Apr 05*	5 of every month
Apr 05 	4/5: April 5
Apr 05 	Apr. 5: April 5
Apr 05 	5 April: April 5
	April: continued
Apr 05*	Tuesday: Every Tuesday
