Jun 25*	Saturday-1: Last (-1) Saturday
Jun 25*	Sat-1: Last (-1) Saturday
Jun 25*	Saturday+4: Fourth Saturday
Jun 25*	Sat+4: Fourth Saturday
Jun 25*	Saturday+4: Fourth Saturday in June
Jun 25*	Sat+4: Fourth Saturday in June
Jun 25*	Fourth: Fourth Saturday in June
Jun 25*	25 of every month
Jun 25 	6/25: June 25
Jun 25 	Jun. 25: June 25
Jun 25 	25 June: June 25
	June: continued
Jun 25*	Saturday: Every Saturday
Jun 26*	Sunday-1: Last (-1) Sunday
Jun 26*	Sun-1: Last (-1) Sunday
Jun 26*	Sunday+4: Fourth Sunday
Jun 26*	Sun+4: Fourth Sunday
Jun 26*	Sunday+4: Fourth Sunday in June
Jun 26*	Sun+4: Fourth Sunday in June
Jun 26*	Fourth: Fourth Sunday in June
Jun 26*	26 of every month
Jun 26 	6/26: June 26
Jun 26 	Jun. 26: June 26
Jun 26 	26 June: June 26
	June: continued
Jun 26*	Sunday: Every Sunday
