Jan 13*	Wednesday+2: Second Wednesday
Jan 13*	Wed+2: Second Wednesday
Jan 13*	Wednesday+2: Second Wednesday in January
Jan 13*	Wed+2: Second Wednesday in January
Jan 13*	Second: Second Wednesday in January
Jan 13*	Wednesday-3: Last (-3) Wednesday
Jan 13*	Wed-3: Last (-3) Wednesday
Jan 13*	13 of every month
Jan 13 	1/13: January 13
Jan 13 	Jan. 13: January 13
Jan 13 	13 January: January 13
	January: continued
Jan 13*	Wednesday: Every Wednesday
Jan 14*	Thursday+2: Second Thursday
Jan 14*	Thu+2: Second Thursday
Jan 14*	Thursday+2: Second Thursday in January
Jan 14*	Thu+2: Second Thursday in January
Jan 14*	Second: Second Thursday in January
Jan 14*	Thursday-3: Last (-3) Thursday
Jan 14*	Thu-3: Last (-3) Thursday
Jan 14*	14 of every month
Jan 14 	1/14: January 14
Jan 14 	Jan. 14: January 14
Jan 14 	14 January: January 14
	January: continued
Jan 14*	Thursday: Every Thursday
