Apr 28*	Thursday-1: Last (-1) Thursday
Apr 28*	Thu-1: Last (-1) Thursday
Apr 28*	Thursday+4: Fourth Thursday
Apr 28*	Thu+4: Fourth Thursday
Apr 28*	Thursday+4: Fourth Thursday in April
Apr 28*	Thu+4: Fourth Thursday in April
Apr 28*	Fourth: Fourth Thursday in April
Apr 28*	28 of every month
Apr 28 	4/28: April 28
Apr 28 	Apr. 28: April 28
Apr 28 	28 April: April 28
	April: continued
Apr 28*	Thursday: Every Thursday
Apr 29*	Friday-1: Last (-1) Friday
Apr 29*	Fri-1: Last (-1) Friday
Apr 29*	Friday+5: Fifth Friday
Apr 29*	Fri+5: Fifth Friday
Apr 29*	Friday+5: Fifth Friday in April
Apr 29*	Fri+5: Fifth Friday in April
Apr 29*	Fifth: Fifth Friday in April
Apr 29*	29 of every month
Apr 29 	4/29: April 29
Apr 29 	Apr. 29: April 29
Apr 29 	29 April: April 29
	April: continued
Apr 29*	Friday: Every Friday
