Dec 12*	Monday+2: Second Monday
Dec 12*	Mon+2: Second Monday
Dec 12*	Monday+2: Second Monday in December
Dec 12*	Mon+2: Second Monday in December
Dec 12*	Second: Second Monday in December
Dec 12*	Monday-3: Last (-3) Monday
Dec 12*	Mon-3: Last (-3) Monday
Dec 12*	12 of every month
Dec 12 	12/12: December 12
Dec 12 	Dec. 12: December 12
Dec 12 	12 December: December 12
	December: continued
Dec 12*	Monday: Every Monday
Dec 13*	Tuesday+2: Second Tuesday
Dec 13*	Tue+2: Second Tuesday
Dec 13*	Tuesday+2: Second Tuesday in December
Dec 13*	Tue+2: Second Tuesday in December
Dec 13*	Second: Second Tuesday in December
Dec 13*	Tuesday-3: Last (-3) Tuesday
Dec 13*	Tue-3: Last (-3) Tuesday
Dec 13*	13 of every month
Dec 13 	12/13: December 13
Dec 13 	Dec. 13: December 13
Dec 13 	13 December: December 13
	December: continued
Dec 13*	Tuesday: Every Tuesday
