Jul 22*	Friday-2: Last (-2) Friday
Jul 22*	Fri-2: Last (-2) Friday
Jul 22*	Friday+4: Fourth Friday
Jul 22*	Fri+4: Fourth Friday
Jul 22*	Friday+4: Fourth Friday in July
Jul 22*	Fri+4: Fourth Friday in July
Jul 22*	Fourth: Fourth Friday in July
Jul 22*	22 of every month
Jul 22 	7/22: July 22
Jul 22 	Jul. 22: July 22
Jul 22 	22 July: July 22
	July: continued
Jul 22*	Friday: Every Friday
Jul 23*	Saturday-2: Last (-2) Saturday
Jul 23*	Sat-2: Last (-2) Saturday
Jul 23*	Saturday+4: Fourth Saturday
Jul 23*	Sat+4: Fourth Saturday
Jul 23*	Saturday+4: Fourth Saturday in July
Jul 23*	Sat+4: Fourth Saturday in July
Jul 23*	Fourth: Fourth Saturday in July
Jul 23*	23 of every month
Jul 23 	7/23: July 23
Jul 23 	Jul. 23: July 23
Jul 23 	23 July: July 23
	July: continued
Jul 23*	Saturday: Every Saturday
Jul 24*	Sunday-2: Last (-2) Sunday
Jul 24*	Sun-2: Last (-2) Sunday
Jul 24*	Sunday+4: Fourth Sunday
Jul 24*	Sun+4: Fourth Sunday
Jul 24*	Sunday+4: Fourth Sunday in July
Jul 24*	Sun+4: Fourth Sunday in July
Jul 24*	Fourth: Fourth Sunday in July
Jul 24*	24 of every month
Jul 24 	7/24: July 24
Jul 24 	Jul. 24: July 24
Jul 24 	24 July: July 24
	July: continued
Jul 24*	Sunday: Every Sunday
Jul 25*	Monday-1: Last (-1) Monday
Jul 25*	Mon-1: Last (-1) Monday
Jul 25*	Monday+4: Fourth Monday
Jul 25*	Mon+4: Fourth Monday
Jul 25*	Monday+4: Fourth Monday in July
Jul 25*	Mon+4: Fourth Monday in July
Jul 25*	Fourth: Fourth Monday in July
Jul 25*	25 of every month
Jul 25 	7/25: July 25
Jul 25 	Jul. 25: July 25
Jul 25 	25 July: July 25
	July: continued
Jul 25*	Monday: Every Monday
