Dec 29*	Thursday-1: Last (-1) Thursday
Dec 29*	Thu-1: Last (-1) Thursday
Dec 29*	Thursday+5: Fifth Thursday
Dec 29*	Thu+5: Fifth Thursday
Dec 29*	Thursday+5: Fifth Thursday in December
Dec 29*	Thu+5: Fifth Thursday in December
Dec 29*	Fifth: Fifth Thursday in December
Dec 29*	29 of every month
Dec 29 	12/29: December 29
Dec 29 	Dec. 29: December 29
Dec 29 	29 December: December 29
	December: continued
Dec 29*	Thursday: Every Thursday
Dec 30*	Friday-1: Last (-1) Friday
Dec 30*	Fri-1: Last (-1) Friday
Dec 30*	Friday+5: Fifth Friday
Dec 30*	Fri+5: Fifth Friday
Dec 30*	Friday+5: Fifth Friday in December
Dec 30*	Fri+5: Fifth Friday in December
Dec 30*	Fifth: Fifth Friday in December
Dec 30*	30 of every month
Dec 30 	12/30: December 30
Dec 30 	Dec. 30: December 30
Dec 30 	30 December: December 30
	December: continued
Dec 30*	Friday: Every Friday
