Jun 28*	Tuesday-1: Last (-1) Tuesday
Jun 28*	Tue-1: Last (-1) Tuesday
Jun 28*	Tuesday+4: Fourth Tuesday
Jun 28*	Tue+4: Fourth Tuesday
Jun 28*	Tuesday+4: Fourth Tuesday in June
Jun 28*	Tue+4: Fourth Tuesday in June
Jun 28*	Fourth: Fourth Tuesday in June
Jun 28*	28 of every month
Jun 28 	6/28: June 28
Jun 28 	Jun. 28: June 28
Jun 28 	28 June: June 28
	June: continued
Jun 28*	Tuesday: Every Tuesday
Jun 29*	Wednesday-1: Last (-1) Wednesday
Jun 29*	Wed-1: Last (-1) Wednesday
Jun 29*	Wednesday+5: Fifth Wednesday
Jun 29*	Wed+5: Fifth Wednesday
Jun 29*	Wednesday+5: Fifth Wednesday in June
Jun 29*	Wed+5: Fifth Wednesday in June
Jun 29*	Fifth: Fifth Wednesday in June
Jun 29*	29 of every month
Jun 29 	6/29: June 29
Jun 29 	Jun. 29: June 29
Jun 29 	29 June: June 29
	June: continued
Jun 29*	Wednesday: Every Wednesday
