Feb 15*	Monday+3: Third Monday
Feb 15*	Mon+3: Third Monday
Feb 15*	Monday-3: Last (-3) Monday
Feb 15*	Mon-3: Last (-3) Monday
Feb 15*	Monday+3: Third Monday in February
Feb 15*	Mon+3: Third Monday in February
Feb 15*	Third: Third Monday in February
Feb 15*	15 of every month
Feb 15 	2/15: February 15
Feb 15 	Feb. 15: February 15
Feb 15 	15 February: February 15
	February: continued
Feb 15*	Monday: Every Monday
Feb 16*	Tuesday-2: Last (-2) Tuesday
Feb 16*	Tue-2: Last (-2) Tuesday
Feb 16*	Tuesday+3: Third Tuesday
Feb 16*	Tue+3: Third Tuesday
Feb 16*	Tuesday+3: Third Tuesday in February
Feb 16*	Tue+3: Third Tuesday in February
Feb 16*	Third: Third Tuesday in February
Feb 16*	16 of every month
Feb 16 	2/16: February 16
Feb 16 	Feb. 16: February 16
Feb 16 	16 February: February 16
	February: continued
Feb 16*	Tuesday: Every Tuesday
