Jan 30*	Saturday-1: Last (-1) Saturday
Jan 30*	Sat-1: Last (-1) Saturday
Jan 30*	Saturday+5: Fifth Saturday
Jan 30*	Sat+5: Fifth Saturday
Jan 30*	Saturday+5: Fifth Saturday in January
Jan 30*	Sat+5: Fifth Saturday in January
Jan 30*	Fifth: Fifth Saturday in January
Jan 30*	30 of every month
Jan 30 	1/30: January 30
Jan 30 	Jan. 30: January 30
Jan 30 	30 January: January 30
	January: continued
Jan 30*	Saturday: Every Saturday
Jan 31*	Sunday-1: Last (-1) Sunday
Jan 31*	Sun-1: Last (-1) Sunday
Jan 31*	Sunday+5: Fifth Sunday
Jan 31*	Sun+5: Fifth Sunday
Jan 31*	Sunday+5: Fifth Sunday in January
Jan 31*	Sun+5: Fifth Sunday in January
Jan 31*	Fifth: Fifth Sunday in January
Jan 31*	31 of every month
Jan 31 	1/31: January 31
Jan 31 	Jan. 31: January 31
Jan 31 	31 January: January 31
	January: continued
Jan 31*	Sunday: Every Sunday
