Mar 30*	Wednesday-1: Last (-1) Wednesday
Mar 30*	Wed-1: Last (-1) Wednesday
Mar 30*	Wednesday+5: Fifth Wednesday
Mar 30*	Wed+5: Fifth Wednesday
Mar 30*	Wednesday+5: Fifth Wednesday in March
Mar 30*	Wed+5: Fifth Wednesday in March
Mar 30*	Fifth: Fifth Wednesday in March
Mar 30*	30 of every month
Mar 30 	3/30: March 30
Mar 30 	Mar. 30: March 30
Mar 30 	30 March: March 30
	March: continued
Mar 30*	Wednesday: Every Wednesday
Mar 31*	Thursday-1: Last (-1) Thursday
Mar 31*	Thu-1: Last (-1) Thursday
Mar 31*	Thursday+5: Fifth Thursday
Mar 31*	Thu+5: Fifth Thursday
Mar 31*	Thursday+5: Fifth Thursday in March
Mar 31*	Thu+5: Fifth Thursday in March
Mar 31*	Fifth: Fifth Thursday in March
Mar 31*	31 of every month
Mar 31 	3/31: March 31
Mar 31 	Mar. 31: March 31
Mar 31 	31 March: March 31
	March: continued
Mar 31*	Thursday: Every Thursday
