Jul 26*	Tuesday-1: Last (-1) Tuesday
Jul 26*	Tue-1: Last (-1) Tuesday
Jul 26*	Tuesday+4: Fourth Tuesday
Jul 26*	Tue+4: Fourth Tuesday
Jul 26*	Tuesday+4: Fourth Tuesday in July
Jul 26*	Tue+4: Fourth Tuesday in July
Jul 26*	Fourth: Fourth Tuesday in July
Jul 26*	26 of every month
Jul 26 	7/26: July 26
Jul 26 	Jul. 26: July 26
Jul 26 	26 July: July 26
	July: continued
Jul 26*	Tuesday: Every Tuesday
Jul 27*	Wednesday-1: Last (-1) Wednesday
Jul 27*	Wed-1: Last (-1) Wednesday
Jul 27*	Wednesday+4: Fourth Wednesday
Jul 27*	Wed+4: Fourth Wednesday
Jul 27*	Wednesday+4: Fourth Wednesday in July
Jul 27*	Wed+4: Fourth Wednesday in July
Jul 27*	Fourth: Fourth Wednesday in July
Jul 27*	27 of every month
Jul 27 	7/27: July 27
Jul 27 	Jul. 27: July 27
Jul 27 	27 July: July 27
	July: continued
Jul 27*	Wednesday: Every Wednesday
