Nov 30*	Wednesday-1: Last (-1) Wednesday
Nov 30*	Wed-1: Last (-1) Wednesday
Nov 30*	Wednesday+5: Fifth Wednesday
Nov 30*	Wed+5: Fifth Wednesday
Nov 30*	Wednesday+5: Fifth Wednesday in November
Nov 30*	Wed+5: Fifth Wednesday in November
Nov 30*	Fifth: Fifth Wednesday in November
Nov 30*	30 of every month
Nov 30 	11/30: November 30
Nov 30 	Nov. 30: November 30
Nov 30 	30 November: November 30
	November: continued
Nov 30*	Wednesday: Every Wednesday
Dec 01*	Thursday+1: First Thursday
Dec 01*	Thu+1: First Thursday
Dec 01*	Thursday+1: First Thursday in December
Dec 01*	Thu+1: First Thursday in December
Dec 01*	First: First Thursday in December
Dec 01*	Thursday+5: Fifth Thursday in November
Dec 01*	Thu+5: Fifth Thursday in November
Dec 01*	Fifth: Fifth Thursday in November
Dec 01*	1 of every month
Dec 01 	12/1: December 1
Dec 01 	Dec. 1: December 1
Dec 01 	1 December: December 1
	December: continued
Dec 01*	*: Beginning of every month
Dec 01*	Thursday: Every Thursday
Dec 01 	December: Every December 1st
