Oct 15*	Saturday+3: Third Saturday
Oct 15*	Sat+3: Third Saturday
Oct 15*	Saturday-3: Last (-3) Saturday
Oct 15*	Sat-3: Last (-3) Saturday
Oct 15*	Saturday+3: Third Saturday in October
Oct 15*	Sat+3: Third Saturday in October
Oct 15*	Third: Third Saturday in October
Oct 15*	15 of every month
Oct 15 	10/15: October 15
Oct 15 	Oct. 15: October 15
Oct 15 	15 October: October 15
	October: continued
Oct 15*	Saturday: Every Saturday
Oct 16*	Sunday+3: Third Sunday
Oct 16*	Sun+3: Third Sunday
Oct 16*	Sunday-3: Last (-3) Sunday
Oct 16*	Sun-3: Last (-3) Sunday
Oct 16*	Sunday+3: Third Sunday in October
Oct 16*	Sun+3: Third Sunday in October
Oct 16*	Third: Third Sunday in October
Oct 16*	16 of every month
Oct 16 	10/16: October 16
Oct 16 	Oct. 16: October 16
Oct 16 	16 October: October 16
	October: continued
Oct 16*	Sunday: Every Sunday
