Jan 08*	Friday+2: Second Friday
Jan 08*	Fri+2: Second Friday
Jan 08*	Friday+2: Second Friday in January
Jan 08*	Fri+2: Second Friday in January
Jan 08*	Second: Second Friday in January
Jan 08*	Friday-4: Last (-4) Friday
Jan 08*	Fri-4: Last (-4) Friday
Jan 08*	8 of every month
Jan 08 	1/8: January 8
Jan 08 	Jan. 8: January 8
Jan 08 	8 January: January 8
	January: continued
Jan 08*	Friday: Every Friday
Jan 09*	Saturday+2: Second Saturday
Jan 09*	Sat+2: Second Saturday
Jan 09*	Saturday+2: Second Saturday in January
Jan 09*	Sat+2: Second Saturday in January
Jan 09*	Second: Second Saturday in January
Jan 09*	Saturday-4: Last (-4) Saturday
Jan 09*	Sat-4: Last (-4) Saturday
Jan 09*	9 of every month
Jan 09 	1/9: January 9
Jan 09 	Jan. 9: January 9
Jan 09 	9 January: January 9
	January: continued
Jan 09*	Saturday: Every Saturday
Jan 10*	Sunday+2: Second Sunday
Jan 10*	Sun+2: Second Sunday
Jan 10*	Sunday+2: Second Sunday in January
Jan 10*	Sun+2: Second Sunday in January
Jan 10*	Second: Second Sunday in January
Jan 10*	Sunday-4: Last (-4) Sunday
Jan 10*	Sun-4: Last (-4) Sunday
Jan 10*	10 of every month
Jan 10 	1/10: January 10
Jan 10 	Jan. 10: January 10
Jan 10 	10 January: January 10
	January: continued
Jan 10*	Sunday: Every Sunday
Jan 11*	Monday+2: Second Monday
Jan 11*	Mon+2: Second Monday
Jan 11*	Monday+2: Second Monday in January
Jan 11*	Mon+2: Second Monday in January
Jan 11*	Second: Second Monday in January
Jan 11*	Monday-3: Last (-3) Monday
Jan 11*	Mon-3: Last (-3) Monday
Jan 11*	11 of every month
Jan 11 	1/11: January 11
Jan 11 	Jan. 11: January 11
Jan 11 	11 January: January 11
	January: continued
Jan 11*	Monday: Every Monday
