Aug 01*	Monday+1: First Monday
Aug 01*	Mon+1: First Monday
Aug 01*	Monday+1: First Monday in August
Aug 01*	Mon+1: First Monday in August
Aug 01*	First: First Monday in August
Aug 01*	Monday+5: Fifth Monday in July
Aug 01*	Mon+5: Fifth Monday in July
Aug 01*	Fifth: Fifth Monday in July
Aug 01*	1 of every month
Aug 01*	*: Beginning of every month
Aug 01*	Monday: Every Monday
Aug 01 	August: Every August 1st
Aug 02*	Tuesday+1: First Tuesday
Aug 02*	Tue+1: First Tuesday
Aug 02*	Tuesday+1: First Tuesday in August
Aug 02*	Tue+1: First Tuesday in August
Aug 02*	First: First Tuesday in August
Aug 02*	Tuesday+5: Fifth Tuesday in July
Aug 02*	Tue+5: Fifth Tuesday in July
Aug 02*	Fifth: Fifth Tuesday in July
Aug 02*	2 of every month
Aug 02*	Tuesday: Every Tuesday
