Mar 21*	Monday-2: Last (-2) Monday
Mar 21*	Mon-2: Last (-2) Monday
Mar 21*	Monday+3: Third Monday
Mar 21*	Mon+3: Third Monday
Mar 21*	Monday+3: Third Monday in March
Mar 21*	Mon+3: Third Monday in March
Mar 21*	Third: Third Monday in March
Mar 21*	21 of every month
Mar 21 	3/21: March 21
Mar 21 	Mar. 21: March 21
Mar 21 	21 March: March 21
	March: continued
Mar 21*	Monday: Every Monday
Mar 22*	Tuesday-2: Last (-2) Tuesday
Mar 22*	Tue-2: Last (-2) Tuesday
Mar 22*	Tuesday+4: Fourth Tuesday
Mar 22*	Tue+4: Fourth Tuesday
Mar 22*	Tuesday+4: Fourth Tuesday in March
Mar 22*	Tue+4: Fourth Tuesday in March
Mar 22*	Fourth: Fourth Tuesday in March
Mar 22*	22 of every month
Mar 22 	3/22: March 22
Mar 22 	Mar. 22: March 22
Mar 22 	22 March: March 22
	March: continued
Mar 22*	Tuesday: Every Tuesday
