Feb 09*	Tuesday+2: Second Tuesday
Feb 09*	Tue+2: Second Tuesday
Feb 09*	Tuesday+2: Second Tuesday in February
Feb 09*	Tue+2: Second Tuesday in February
Feb 09*	Second: Second Tuesday in February
Feb 09*	Tuesday-3: Last (-3) Tuesday
Feb 09*	Tue-3: Last (-3) Tuesday
Feb 09*	9 of every month
Feb 09 	2/9: February 9
Feb 09 	Feb. 9: February 9
Feb 09 	9 February: February 9
	February: continued
Feb 09*	Tuesday: Every Tuesday
Feb 10*	Wednesday+2: Second Wednesday
Feb 10*	Wed+2: Second Wednesday
Feb 10*	Wednesday+2: Second Wednesday in February
Feb 10*	Wed+2: Second Wednesday in February
Feb 10*	Second: Second Wednesday in February
Feb 10*	Wednesday-3: Last (-3) Wednesday
Feb 10*	Wed-3: Last (-3) Wednesday
Feb 10*	10 of every month
Feb 10 	2/10: February 10
Feb 10 	Feb. 10: February 10
Feb 10 	10 February: February 10
	February: continued
Feb 10*	Wednesday: Every Wednesday
