Dec 25*	Sunday-1: Last (-1) Sunday
Dec 25*	Sun-1: Last (-1) Sunday
Dec 25*	Sunday+4: Fourth Sunday
Dec 25*	Sun+4: Fourth Sunday
Dec 25*	Sunday+4: Fourth Sunday in December
Dec 25*	Sun+4: Fourth Sunday in December
Dec 25*	Fourth: Fourth Sunday in December
Dec 25*	25 of every month
Dec 25 	12/25: December 25
Dec 25 	Dec. 25: December 25
Dec 25 	25 December: December 25
	December: continued
Dec 25*	Sunday: Every Sunday
Dec 26*	Monday-1: Last (-1) Monday
Dec 26*	Mon-1: Last (-1) Monday
Dec 26*	Monday+4: Fourth Monday
Dec 26*	Mon+4: Fourth Monday
Dec 26*	Monday+4: Fourth Monday in December
Dec 26*	Mon+4: Fourth Monday in December
Dec 26*	Fourth: Fourth Monday in December
Dec 26*	26 of every month
Dec 26 	12/26: December 26
Dec 26 	Dec. 26: December 26
Dec 26 	26 December: December 26
	December: continued
Dec 26*	Monday: Every Monday
