Jun 27*	Monday-1: Last (-1) Monday
Jun 27*	Mon-1: Last (-1) Monday
Jun 27*	Monday+4: Fourth Monday
Jun 27*	Mon+4: Fourth Monday
Jun 27*	Monday+4: Fourth Monday in June
Jun 27*	Mon+4: Fourth Monday in June
Jun 27*	Fourth: Fourth Monday in June
Jun 27*	27 of every month
Jun 27 	6/27: June 27
Jun 27 	Jun. 27: June 27
Jun 27 	27 June: June 27
	June: continued
Jun 27*	Monday: Every Monday
Jun 28*	Tuesday-1: Last (-1) Tuesday
Jun 28*	Tue-1: Last (-1) Tuesday
Jun 28*	Tuesday+4: Fourth Tuesday
Jun 28*	Tue+4: Fourth Tuesday
Jun 28*	Tuesday+4: Fourth Tuesday in June
Jun 28*	Tue+4: Fourth Tuesday in June
Jun 28*	Fourth: Fourth Tuesday in June
Jun 28*	28 of every month
Jun 28 	6/28: June 28
Jun 28 	Jun. 28: June 28
Jun 28 	28 June: June 28
	June: continued
Jun 28*	Tuesday: Every Tuesday
