Sep 09*	Friday+2: Second Friday
Sep 09*	Fri+2: Second Friday
Sep 09*	Friday+2: Second Friday in September
Sep 09*	Fri+2: Second Friday in September
Sep 09*	Second: Second Friday in September
Sep 09*	Friday-4: Last (-4) Friday
Sep 09*	Fri-4: Last (-4) Friday
Sep 09*	9 of every month
Sep 09*	Friday: Every Friday
Sep 10*	Saturday+2: Second Saturday
Sep 10*	Sat+2: Second Saturday
Sep 10*	Saturday+2: Second Saturday in September
Sep 10*	Sat+2: Second Saturday in September
Sep 10*	Second: Second Saturday in September
Sep 10*	Saturday-3: Last (-3) Saturday
Sep 10*	Sat-3: Last (-3) Saturday
Sep 10*	10 of every month
Sep 10*	Saturday: Every Saturday
Sep 11*	Sunday+2: Second Sunday
Sep 11*	Sun+2: Second Sunday
Sep 11*	Sunday+2: Second Sunday in September
Sep 11*	Sun+2: Second Sunday in September
Sep 11*	Second: Second Sunday in September
Sep 11*	Sunday-3: Last (-3) Sunday
Sep 11*	Sun-3: Last (-3) Sunday
Sep 11*	11 of every month
Sep 11*	Sunday: Every Sunday
Sep 12*	Monday+2: Second Monday
Sep 12*	Mon+2: Second Monday
Sep 12*	Monday+2: Second Monday in September
Sep 12*	Mon+2: Second Monday in September
Sep 12*	Second: Second Monday in September
Sep 12*	Monday-3: Last (-3) Monday
Sep 12*	Mon-3: Last (-3) Monday
Sep 12*	12 of every month
Sep 12*	Monday: Every Monday
