Jun 21*	Tuesday-2: Last (-2) Tuesday
Jun 21*	Tue-2: Last (-2) Tuesday
Jun 21*	Tuesday+3: Third Tuesday
Jun 21*	Tue+3: Third Tuesday
Jun 21*	Tuesday+3: Third Tuesday in June
Jun 21*	Tue+3: Third Tuesday in June
Jun 21*	Third: Third Tuesday in June
Jun 21*	21 of every month
Jun 21 	6/21: June 21
Jun 21 	Jun. 21: June 21
Jun 21 	21 June: June 21
	June: continued
Jun 21*	Tuesday: Every Tuesday
Jun 22*	Wednesday-2: Last (-2) Wednesday
Jun 22*	Wed-2: Last (-2) Wednesday
Jun 22*	Wednesday+4: Fourth Wednesday
Jun 22*	Wed+4: Fourth Wednesday
Jun 22*	Wednesday+4: Fourth Wednesday in June
Jun 22*	Wed+4: Fourth Wednesday in June
Jun 22*	Fourth: Fourth Wednesday in June
Jun 22*	22 of every month
Jun 22 	6/22: June 22
Jun 22 	Jun. 22: June 22
Jun 22 	22 June: June 22
	June: continued
Jun 22*	Wednesday: Every Wednesday
