Apr 18*	Monday-2: Last (-2) Monday
Apr 18*	Mon-2: Last (-2) Monday
Apr 18*	Monday+3: Third Monday
Apr 18*	Mon+3: Third Monday
Apr 18*	Monday+3: Third Monday in April
Apr 18*	Mon+3: Third Monday in April
Apr 18*	Third: Third Monday in April
Apr 18*	18 of every month
Apr 18 	4/18: April 18
Apr 18 	Apr. 18: April 18
Apr 18 	18 April: April 18
	April: continued
Apr 18*	Monday: Every Monday
Apr 19*	Tuesday-2: Last (-2) Tuesday
Apr 19*	Tue-2: Last (-2) Tuesday
Apr 19*	Tuesday+3: Third Tuesday
Apr 19*	Tue+3: Third Tuesday
Apr 19*	Tuesday+3: Third Tuesday in April
Apr 19*	Tue+3: Third Tuesday in April
Apr 19*	Third: Third Tuesday in April
Apr 19*	19 of every month
Apr 19 	4/19: April 19
Apr 19 	Apr. 19: April 19
Apr 19 	19 April: April 19
	April: continued
Apr 19*	Tuesday: Every Tuesday
