Mar 14*	Monday+2: Second Monday
Mar 14*	Mon+2: Second Monday
Mar 14*	Monday+2: Second Monday in March
Mar 14*	Mon+2: Second Monday in March
Mar 14*	Second: Second Monday in March
Mar 14*	Monday-3: Last (-3) Monday
Mar 14*	Mon-3: Last (-3) Monday
Mar 14*	14 of every month
Mar 14 	3/14: March 14
Mar 14 	Mar. 14: March 14
Mar 14 	14 March: March 14
	March: continued
Mar 14*	Monday: Every Monday
Mar 15*	Tuesday+3: Third Tuesday
Mar 15*	Tue+3: Third Tuesday
Mar 15*	Tuesday-3: Last (-3) Tuesday
Mar 15*	Tue-3: Last (-3) Tuesday
Mar 15*	Tuesday+3: Third Tuesday in March
Mar 15*	Tue+3: Third Tuesday in March
Mar 15*	Third: Third Tuesday in March
Mar 15*	15 of every month
Mar 15 	3/15: March 15
Mar 15 	Mar. 15: March 15
Mar 15 	15 March: March 15
	March: continued
Mar 15*	Tuesday: Every Tuesday
