Jul 09*	Saturday+2: Second Saturday
Jul 09*	Sat+2: Second Saturday
Jul 09*	Saturday+2: Second Saturday in July
Jul 09*	Sat+2: Second Saturday in July
Jul 09*	Second: Second Saturday in July
Jul 09*	Saturday-4: Last (-4) Saturday
Jul 09*	Sat-4: Last (-4) Saturday
Jul 09*	9 of every month
Jul 09 	7/9: July 9
Jul 09 	Jul. 9: July 9
Jul 09 	9 July: July 9
	July: continued
Jul 09*	Saturday: Every Saturday
Jul 10*	Sunday+2: Second Sunday
Jul 10*	Sun+2: Second Sunday
Jul 10*	Sunday+2: Second Sunday in July
Jul 10*	Sun+2: Second Sunday in July
Jul 10*	Second: Second Sunday in July
Jul 10*	Sunday-4: Last (-4) Sunday
Jul 10*	Sun-4: Last (-4) Sunday
Jul 10*	10 of every month
Jul 10 	7/10: July 10
Jul 10 	Jul. 10: July 10
Jul 10 	10 July: July 10
	July: continued
Jul 10*	Sunday: Every Sunday
