Jan 26*	Tuesday-1: Last (-1) Tuesday
Jan 26*	Tue-1: Last (-1) Tuesday
Jan 26*	Tuesday+4: Fourth Tuesday
Jan 26*	Tue+4: Fourth Tuesday
Jan 26*	Tuesday+4: Fourth Tuesday in January
Jan 26*	Tue+4: Fourth Tuesday in January
Jan 26*	Fourth: Fourth Tuesday in January
Jan 26*	26 of every month
Jan 26 	1/26: January 26
Jan 26 	Jan. 26: January 26
Jan 26 	26 January: January 26
	January: continued
Jan 26*	Tuesday: Every Tuesday
Jan 27*	Wednesday-1: Last (-1) Wednesday
Jan 27*	Wed-1: Last (-1) Wednesday
Jan 27*	Wednesday+4: Fourth Wednesday
Jan 27*	Wed+4: Fourth Wednesday
Jan 27*	Wednesday+4: Fourth Wednesday in January
Jan 27*	Wed+4: Fourth Wednesday in January
Jan 27*	Fourth: Fourth Wednesday in January
Jan 27*	27 of every month
Jan 27 	1/27: January 27
Jan 27 	Jan. 27: January 27
Jan 27 	27 January: January 27
	January: continued
Jan 27*	Wednesday: Every Wednesday
