Jun 22*	Wednesday-2: Last (-2) Wednesday
Jun 22*	Wed-2: Last (-2) Wednesday
Jun 22*	Wednesday+4: Fourth Wednesday
Jun 22*	Wed+4: Fourth Wednesday
Jun 22*	Wednesday+4: Fourth Wednesday in June
Jun 22*	Wed+4: Fourth Wednesday in June
Jun 22*	Fourth: Fourth Wednesday in June
Jun 22*	22 of every month
Jun 22 	6/22: June 22
Jun 22 	Jun. 22: June 22
Jun 22 	22 June: June 22
	June: continued
Jun 22*	Wednesday: Every Wednesday
Jun 23*	Thursday-2: Last (-2) Thursday
Jun 23*	Thu-2: Last (-2) Thursday
Jun 23*	Thursday+4: Fourth Thursday
Jun 23*	Thu+4: Fourth Thursday
Jun 23*	Thursday+4: Fourth Thursday in June
Jun 23*	Thu+4: Fourth Thursday in June
Jun 23*	Fourth: Fourth Thursday in June
Jun 23*	23 of every month
Jun 23 	6/23: June 23
Jun 23 	Jun. 23: June 23
Jun 23 	23 June: June 23
	June: continued
Jun 23*	Thursday: Every Thursday
