Apr 26*	Tuesday-1: Last (-1) Tuesday
Apr 26*	Tue-1: Last (-1) Tuesday
Apr 26*	Tuesday+4: Fourth Tuesday
Apr 26*	Tue+4: Fourth Tuesday
Apr 26*	Tuesday+4: Fourth Tuesday in April
Apr 26*	Tue+4: Fourth Tuesday in April
Apr 26*	Fourth: Fourth Tuesday in April
Apr 26*	26 of every month
Apr 26 	4/26: April 26
Apr 26 	Apr. 26: April 26
Apr 26 	26 April: April 26
	April: continued
Apr 26*	Tuesday: Every Tuesday
Apr 27*	Wednesday-1: Last (-1) Wednesday
Apr 27*	Wed-1: Last (-1) Wednesday
Apr 27*	Wednesday+4: Fourth Wednesday
Apr 27*	Wed+4: Fourth Wednesday
Apr 27*	Wednesday+4: Fourth Wednesday in April
Apr 27*	Wed+4: Fourth Wednesday in April
Apr 27*	Fourth: Fourth Wednesday in April
Apr 27*	27 of every month
Apr 27 	4/27: April 27
Apr 27 	Apr. 27: April 27
Apr 27 	27 April: April 27
	April: continued
Apr 27*	Wednesday: Every Wednesday
