Jan 31*	Sunday-1: Last (-1) Sunday
Jan 31*	Sun-1: Last (-1) Sunday
Jan 31*	Sunday+5: Fifth Sunday
Jan 31*	Sun+5: Fifth Sunday
Jan 31*	Sunday+5: Fifth Sunday in January
Jan 31*	Sun+5: Fifth Sunday in January
Jan 31*	Fifth: Fifth Sunday in January
Jan 31*	31 of every month
Jan 31 	1/31: January 31
Jan 31 	Jan. 31: January 31
Jan 31 	31 January: January 31
	January: continued
Jan 31*	Sunday: Every Sunday
Feb 01*	Monday+1: First Monday
Feb 01*	Mon+1: First Monday
Feb 01*	Monday+1: First Monday in February
Feb 01*	Mon+1: First Monday in February
Feb 01*	First: First Monday in February
Feb 01*	Monday+5: Fifth Monday in January
Feb 01*	Mon+5: Fifth Monday in January
Feb 01*	Fifth: Fifth Monday in January
Feb 01*	1 of every month
Feb 01 	2/1: February 1
Feb 01 	Feb. 1: February 1
Feb 01 	1 February: February 1
	February: continued
Feb 01*	*: Beginning of every month
Feb 01*	Monday: Every Monday
Feb 01 	February: Every February 1st
