Jul 11*	Monday+2: Second Monday
Jul 11*	Mon+2: Second Monday
Jul 11*	Monday+2: Second Monday in July
Jul 11*	Mon+2: Second Monday in July
Jul 11*	Second: Second Monday in July
Jul 11*	Monday-3: Last (-3) Monday
Jul 11*	Mon-3: Last (-3) Monday
Jul 11*	11 of every month
Jul 11 	7/11: July 11
Jul 11 	Jul. 11: July 11
Jul 11 	11 July: July 11
	July: continued
Jul 11*	Monday: Every Monday
Jul 12*	Tuesday+2: Second Tuesday
Jul 12*	Tue+2: Second Tuesday
Jul 12*	Tuesday+2: Second Tuesday in July
Jul 12*	Tue+2: Second Tuesday in July
Jul 12*	Second: Second Tuesday in July
Jul 12*	Tuesday-3: Last (-3) Tuesday
Jul 12*	Tue-3: Last (-3) Tuesday
Jul 12*	12 of every month
Jul 12 	7/12: July 12
Jul 12 	Jul. 12: July 12
Jul 12 	12 July: July 12
	July: continued
Jul 12*	Tuesday: Every Tuesday
