Dec 01*	Thursday+1: First Thursday
Dec 01*	Thu+1: First Thursday
Dec 01*	Thursday+1: First Thursday in December
Dec 01*	Thu+1: First Thursday in December
Dec 01*	First: First Thursday in December
Dec 01*	Thursday+5: Fifth Thursday in November
Dec 01*	Thu+5: Fifth Thursday in November
Dec 01*	Fifth: Fifth Thursday in November
Dec 01*	1 of every month
Dec 01 	12/1: December 1
Dec 01 	Dec. 1: December 1
Dec 01 	1 December: December 1
	December: continued
Dec 01*	*: Beginning of every month
Dec 01*	Thursday: Every Thursday
Dec 01 	December: Every December 1st
Dec 02*	Friday+1: First Friday
Dec 02*	Fri+1: First Friday
Dec 02*	Friday+1: First Friday in December
Dec 02*	Fri+1: First Friday in December
Dec 02*	First: First Friday in December
Dec 02*	Friday+5: Fifth Friday in November
Dec 02*	Fri+5: Fifth Friday in November
Dec 02*	Fifth: Fifth Friday in November
Dec 02*	2 of every month
Dec 02 	12/2: December 2
Dec 02 	Dec. 2: December 2
Dec 02 	2 December: December 2
	December: continued
Dec 02*	Friday: Every Friday
