Dec 21*	Wednesday-2: Last (-2) Wednesday
Dec 21*	Wed-2: Last (-2) Wednesday
Dec 21*	Wednesday+3: Third Wednesday
Dec 21*	Wed+3: Third Wednesday
Dec 21*	Wednesday+3: Third Wednesday in December
Dec 21*	Wed+3: Third Wednesday in December
Dec 21*	Third: Third Wednesday in December
Dec 21*	21 of every month
Dec 21 	12/21: December 21
Dec 21 	Dec. 21: December 21
Dec 21 	21 December: December 21
	December: continued
Dec 21*	Wednesday: Every Wednesday
Dec 22*	Thursday-2: Last (-2) Thursday
Dec 22*	Thu-2: Last (-2) Thursday
Dec 22*	Thursday+4: Fourth Thursday
Dec 22*	Thu+4: Fourth Thursday
Dec 22*	Thursday+4: Fourth Thursday in December
Dec 22*	Thu+4: Fourth Thursday in December
Dec 22*	Fourth: Fourth Thursday in December
Dec 22*	22 of every month
Dec 22 	12/22: December 22
Dec 22 	Dec. 22: December 22
Dec 22 	22 December: December 22
	December: continued
Dec 22*	Thursday: Every Thursday
