Jan 03*	Sunday+1: First Sunday
Jan 03*	Sun+1: First Sunday
Jan 03*	Sunday+1: First Sunday in January
Jan 03*	Sun+1: First Sunday in January
Jan 03*	First: First Sunday in January
Jan 03*	3 of every month
Jan 03 	1/3: January 3
Jan 03 	Jan. 3: January 3
Jan 03 	3 January: January 3
	January: continued
Jan 03*	Sunday: Every Sunday
Jan 04*	Monday+1: First Monday
Jan 04*	Mon+1: First Monday
Jan 04*	Monday+1: First Monday in January
Jan 04*	Mon+1: First Monday in January
Jan 04*	First: First Monday in January
Jan 04*	Monday-4: Last (-4) Monday
Jan 04*	Mon-4: Last (-4) Monday
Jan 04*	4 of every month
Jan 04 	1/4: January 4
Jan 04 	Jan. 4: January 4
Jan 04 	4 January: January 4
	January: continued
Jan 04*	Monday: Every Monday
