Apr 30*	Saturday-1: Last (-1) Saturday
Apr 30*	Sat-1: Last (-1) Saturday
Apr 30*	Saturday+5: Fifth Saturday
Apr 30*	Sat+5: Fifth Saturday
Apr 30*	Saturday+5: Fifth Saturday in April
Apr 30*	Sat+5: Fifth Saturday in April
Apr 30*	Fifth: Fifth Saturday in April
Apr 30*	30 of every month
Apr 30 	4/30: April 30
Apr 30 	Apr. 30: April 30
Apr 30 	30 April: April 30
	April: continued
Apr 30*	Saturday: Every Saturday
May 01*	Sunday+1: First Sunday
May 01*	Sun+1: First Sunday
May 01*	Sunday+1: First Sunday in May
May 01*	Sun+1: First Sunday in May
May 01*	First: First Sunday in May
May 01*	Sunday+5: Fifth Sunday in April
May 01*	Sun+5: Fifth Sunday in April
May 01*	Fifth: Fifth Sunday in April
May 01*	Orthodox Easter
May 01*	1 of every month
May 01 	5/1: May 1
May 01 	May. 1: May 1
May 01 	1 May: May 1
	May: continued
May 01*	*: Beginning of every month
May 01*	Sunday: Every Sunday
May 01 	May: Every May 1st
