Jul 23*	Saturday-2: Last (-2) Saturday
Jul 23*	Sat-2: Last (-2) Saturday
Jul 23*	Saturday+4: Fourth Saturday
Jul 23*	Sat+4: Fourth Saturday
Jul 23*	Saturday+4: Fourth Saturday in July
Jul 23*	Sat+4: Fourth Saturday in July
Jul 23*	Fourth: Fourth Saturday in July
Jul 23*	23 of every month
Jul 23 	7/23: July 23
Jul 23 	Jul. 23: July 23
Jul 23 	23 July: July 23
	July: continued
Jul 23*	Saturday: Every Saturday
Jul 24*	Sunday-2: Last (-2) Sunday
Jul 24*	Sun-2: Last (-2) Sunday
Jul 24*	Sunday+4: Fourth Sunday
Jul 24*	Sun+4: Fourth Sunday
Jul 24*	Sunday+4: Fourth Sunday in July
Jul 24*	Sun+4: Fourth Sunday in July
Jul 24*	Fourth: Fourth Sunday in July
Jul 24*	24 of every month
Jul 24 	7/24: July 24
Jul 24 	Jul. 24: July 24
Jul 24 	24 July: July 24
	July: continued
Jul 24*	Sunday: Every Sunday
