Apr 02*	Saturday+1: First Saturday
Apr 02*	Sat+1: First Saturday
Apr 02*	Saturday+1: First Saturday in April
Apr 02*	Sat+1: First Saturday in April
Apr 02*	First: First Saturday in April
Apr 02*	Saturday+5: Fifth Saturday in March
Apr 02*	Sat+5: Fifth Saturday in March
Apr 02*	Fifth: Fifth Saturday in March
Apr 02*	2 of every month
Apr 02 	4/2: April 2
Apr 02 	Apr. 2: April 2
Apr 02 	2 April: April 2
	April: continued
Apr 02*	Saturday: Every Saturday
Apr 03*	Sunday+1: First Sunday
Apr 03*	Sun+1: First Sunday
Apr 03*	Sunday+1: First Sunday in April
Apr 03*	Sun+1: First Sunday in April
Apr 03*	First: First Sunday in April
Apr 03*	Sunday-4: Last (-4) Sunday
Apr 03*	Sun-4: Last (-4) Sunday
Apr 03*	Sunday+5: Fifth Sunday in March
Apr 03*	Sun+5: Fifth Sunday in March
Apr 03*	Fifth: Fifth Sunday in March
Apr 03*	3 of every month
Apr 03 	4/3: April 3
Apr 03 	Apr. 3: April 3
Apr 03 	3 April: April 3
	April: continued
Apr 03*	Sunday: Every Sunday
