Dec 02*	Friday+1: First Friday
Dec 02*	Fri+1: First Friday
Dec 02*	Friday+1: First Friday in December
Dec 02*	Fri+1: First Friday in December
Dec 02*	First: First Friday in December
Dec 02*	Friday+5: Fifth Friday in November
Dec 02*	Fri+5: Fifth Friday in November
Dec 02*	Fifth: Fifth Friday in November
Dec 02*	2 of every month
Dec 02 	12/2: December 2
Dec 02 	Dec. 2: December 2
Dec 02 	2 December: December 2
	December: continued
Dec 02*	Friday: Every Friday
Dec 03*	Saturday+1: First Saturday
Dec 03*	Sat+1: First Saturday
Dec 03*	Saturday+1: First Saturday in December
Dec 03*	Sat+1: First Saturday in December
Dec 03*	First: First Saturday in December
Dec 03*	Saturday+5: Fifth Saturday in November
Dec 03*	Sat+5: Fifth Saturday in November
Dec 03*	Fifth: Fifth Saturday in November
Dec 03*	3 of every month
Dec 03 	12/3: December 3
Dec 03 	Dec. 3: December 3
Dec 03 	3 December: December 3
	December: continued
Dec 03*	Saturday: Every Saturday
Dec 04*	Sunday+1: First Sunday
Dec 04*	Sun+1: First Sunday
Dec 04*	Sunday+1: First Sunday in December
Dec 04*	Sun+1: First Sunday in December
Dec 04*	First: First Sunday in December
Dec 04*	Sunday-4: Last (-4) Sunday
Dec 04*	Sun-4: Last (-4) Sunday
Dec 04*	Sunday+5: Fifth Sunday in November
Dec 04*	Sun+5: Fifth Sunday in November
Dec 04*	Fifth: Fifth Sunday in November
Dec 04*	4 of every month
Dec 04 	12/4: December 4
Dec 04 	Dec. 4: December 4
Dec 04 	4 December: December 4
	December: continued
Dec 04*	Sunday: Every Sunday
Dec 05*	Monday+1: First Monday
Dec 05*	Mon+1: First Monday
Dec 05*	Monday+1: First Monday in December
Dec 05*	Mon+1: First Monday in December
Dec 05*	First: First Monday in December
Dec 05*	Monday-4: Last (-4) Monday
Dec 05*	Mon-4: Last (-4) Monday
Dec 05*	Monday+5: Fifth Monday in November
Dec 05*	Mon+5: Fifth Monday in November
Dec 05*	Fifth: Fifth Monday in November
Dec 05*	5 of every month
Dec 05 	12/5: December 5
Dec 05 	Dec. 5: December 5
Dec 05 	5 December: December 5
	December: continued
Dec 05*	Monday: Every Monday
