Jun 03*	Friday+1: First Friday
Jun 03*	Fri+1: First Friday
Jun 03*	Friday+1: First Friday in June
Jun 03*	Fri+1: First Friday in June
Jun 03*	First: First Friday in June
Jun 03*	Friday-4: Last (-4) Friday
Jun 03*	Fri-4: Last (-4) Friday
Jun 03*	Friday+5: Fifth Friday in May
Jun 03*	Fri+5: Fifth Friday in May
Jun 03*	Fifth: Fifth Friday in May
Jun 03*	3 of every month
Jun 03 	6/3: June 3
Jun 03 	Jun. 3: June 3
Jun 03 	3 June: June 3
	June: continued
Jun 03*	Friday: Every Friday
Jun 04*	Saturday+1: First Saturday
Jun 04*	Sat+1: First Saturday
Jun 04*	Saturday+1: First Saturday in June
Jun 04*	Sat+1: First Saturday in June
Jun 04*	First: First Saturday in June
Jun 04*	Saturday-4: Last (-4) Saturday
Jun 04*	Sat-4: Last (-4) Saturday
Jun 04*	Saturday+5: Fifth Saturday in May
Jun 04*	Sat+5: Fifth Saturday in May
Jun 04*	Fifth: Fifth Saturday in May
Jun 04*	4 of every month
Jun 04 	6/4: June 4
Jun 04 	Jun. 4: June 4
Jun 04 	4 June: June 4
	June: continued
Jun 04*	Saturday: Every Saturday
Jun 05*	Sunday+1: First Sunday
Jun 05*	Sun+1: First Sunday
Jun 05*	Sunday+1: First Sunday in June
Jun 05*	Sun+1: First Sunday in June
Jun 05*	First: First Sunday in June
Jun 05*	Sunday-4: Last (-4) Sunday
Jun 05*	Sun-4: Last (-4) Sunday
Jun 05*	5 of every month
Jun 05 	6/5: June 5
Jun 05 	Jun. 5: June 5
Jun 05 	5 June: June 5
	June: continued
Jun 05*	Sunday: Every Sunday
Jun 06*	Monday+1: First Monday
Jun 06*	Mon+1: First Monday
Jun 06*	Monday+1: First Monday in June
Jun 06*	Mon+1: First Monday in June
Jun 06*	First: First Monday in June
Jun 06*	Monday-4: Last (-4) Monday
Jun 06*	Mon-4: Last (-4) Monday
Jun 06*	6 of every month
Jun 06 	6/6: June 6
Jun 06 	Jun. 6: June 6
Jun 06 	6 June: June 6
	June: continued
Jun 06*	Monday: Every Monday
