Dec 13*	Tuesday+2: Second Tuesday
Dec 13*	Tue+2: Second Tuesday
Dec 13*	Tuesday+2: Second Tuesday in December
Dec 13*	Tue+2: Second Tuesday in December
Dec 13*	Second: Second Tuesday in December
Dec 13*	Tuesday-3: Last (-3) Tuesday
Dec 13*	Tue-3: Last (-3) Tuesday
Dec 13*	13 of every month
Dec 13 	12/13: December 13
Dec 13 	Dec. 13: December 13
Dec 13 	13 December: December 13
	December: continued
Dec 13*	Tuesday: Every Tuesday
Dec 14*	Wednesday+2: Second Wednesday
Dec 14*	Wed+2: Second Wednesday
Dec 14*	Wednesday+2: Second Wednesday in December
Dec 14*	Wed+2: Second Wednesday in December
Dec 14*	Second: Second Wednesday in December
Dec 14*	Wednesday-3: Last (-3) Wednesday
Dec 14*	Wed-3: Last (-3) Wednesday
Dec 14*	14 of every month
Dec 14 	12/14: December 14
Dec 14 	Dec. 14: December 14
Dec 14 	14 December: December 14
	December: continued
Dec 14*	Wednesday: Every Wednesday
