Dec 23*	Friday-2: Last (-2) Friday
Dec 23*	Fri-2: Last (-2) Friday
Dec 23*	Friday+4: Fourth Friday
Dec 23*	Fri+4: Fourth Friday
Dec 23*	Friday+4: Fourth Friday in December
Dec 23*	Fri+4: Fourth Friday in December
Dec 23*	Fourth: Fourth Friday in December
Dec 23*	23 of every month
Dec 23 	12/23: December 23
Dec 23 	Dec. 23: December 23
Dec 23 	23 December: December 23
	December: continued
Dec 23*	Friday: Every Friday
Dec 24*	Saturday-2: Last (-2) Saturday
Dec 24*	Sat-2: Last (-2) Saturday
Dec 24*	Saturday+4: Fourth Saturday
Dec 24*	Sat+4: Fourth Saturday
Dec 24*	Saturday+4: Fourth Saturday in December
Dec 24*	Sat+4: Fourth Saturday in December
Dec 24*	Fourth: Fourth Saturday in December
Dec 24*	24 of every month
Dec 24 	12/24: December 24
Dec 24 	Dec. 24: December 24
Dec 24 	24 December: December 24
	December: continued
Dec 24*	Saturday: Every Saturday
Dec 25*	Sunday-1: Last (-1) Sunday
Dec 25*	Sun-1: Last (-1) Sunday
Dec 25*	Sunday+4: Fourth Sunday
Dec 25*	Sun+4: Fourth Sunday
Dec 25*	Sunday+4: Fourth Sunday in December
Dec 25*	Sun+4: Fourth Sunday in December
Dec 25*	Fourth: Fourth Sunday in December
Dec 25*	25 of every month
Dec 25 	12/25: December 25
Dec 25 	Dec. 25: December 25
Dec 25 	25 December: December 25
	December: continued
Dec 25*	Sunday: Every Sunday
Dec 26*	Monday-1: Last (-1) Monday
Dec 26*	Mon-1: Last (-1) Monday
Dec 26*	Monday+4: Fourth Monday
Dec 26*	Mon+4: Fourth Monday
Dec 26*	Monday+4: Fourth Monday in December
Dec 26*	Mon+4: Fourth Monday in December
Dec 26*	Fourth: Fourth Monday in December
Dec 26*	26 of every month
Dec 26 	12/26: December 26
Dec 26 	Dec. 26: December 26
Dec 26 	26 December: December 26
	December: continued
Dec 26*	Monday: Every Monday
