Dec 22*	Thursday-2: Last (-2) Thursday
Dec 22*	Thu-2: Last (-2) Thursday
Dec 22*	Thursday+4: Fourth Thursday
Dec 22*	Thu+4: Fourth Thursday
Dec 22*	Thursday+4: Fourth Thursday in December
Dec 22*	Thu+4: Fourth Thursday in December
Dec 22*	Fourth: Fourth Thursday in December
Dec 22*	22 of every month
Dec 22 	12/22: December 22
Dec 22 	Dec. 22: December 22
Dec 22 	22 December: December 22
	December: continued
Dec 22*	Thursday: Every Thursday
Dec 23*	Friday-2: Last (-2) Friday
Dec 23*	Fri-2: Last (-2) Friday
Dec 23*	Friday+4: Fourth Friday
Dec 23*	Fri+4: Fourth Friday
Dec 23*	Friday+4: Fourth Friday in December
Dec 23*	Fri+4: Fourth Friday in December
Dec 23*	Fourth: Fourth Friday in December
Dec 23*	23 of every month
Dec 23 	12/23: December 23
Dec 23 	Dec. 23: December 23
Dec 23 	23 December: December 23
	December: continued
Dec 23*	Friday: Every Friday
