Nov 27*	Sunday-1: Last (-1) Sunday
Nov 27*	Sun-1: Last (-1) Sunday
Nov 27*	Sunday+4: Fourth Sunday
Nov 27*	Sun+4: Fourth Sunday
Nov 27*	Sunday+4: Fourth Sunday in November
Nov 27*	Sun+4: Fourth Sunday in November
Nov 27*	Fourth: Fourth Sunday in November
Nov 27*	27 of every month
Nov 27 	11/27: November 27
Nov 27 	Nov. 27: November 27
Nov 27 	27 November: November 27
	November: continued
Nov 27*	Sunday: Every Sunday
Nov 28*	Monday-1: Last (-1) Monday
Nov 28*	Mon-1: Last (-1) Monday
Nov 28*	Monday+4: Fourth Monday
Nov 28*	Mon+4: Fourth Monday
Nov 28*	Monday+4: Fourth Monday in November
Nov 28*	Mon+4: Fourth Monday in November
Nov 28*	Fourth: Fourth Monday in November
Nov 28*	28 of every month
Nov 28 	11/28: November 28
Nov 28 	Nov. 28: November 28
Nov 28 	28 November: November 28
	November: continued
Nov 28*	Monday: Every Monday
