Jun 08*	Wednesday+2: Second Wednesday
Jun 08*	Wed+2: Second Wednesday
Jun 08*	Wednesday+2: Second Wednesday in June
Jun 08*	Wed+2: Second Wednesday in June
Jun 08*	Second: Second Wednesday in June
Jun 08*	Wednesday-4: Last (-4) Wednesday
Jun 08*	Wed-4: Last (-4) Wednesday
Jun 08*	8 of every month
Jun 08 	6/8: June 8
Jun 08 	Jun. 8: June 8
Jun 08 	8 June: June 8
	June: continued
Jun 08*	Wednesday: Every Wednesday
Jun 09*	Thursday+2: Second Thursday
Jun 09*	Thu+2: Second Thursday
Jun 09*	Thursday+2: Second Thursday in June
Jun 09*	Thu+2: Second Thursday in June
Jun 09*	Second: Second Thursday in June
Jun 09*	Thursday-4: Last (-4) Thursday
Jun 09*	Thu-4: Last (-4) Thursday
Jun 09*	9 of every month
Jun 09 	6/9: June 9
Jun 09 	Jun. 9: June 9
Jun 09 	9 June: June 9
	June: continued
Jun 09*	Thursday: Every Thursday
