Dec 30*	Friday-1: Last (-1) Friday
Dec 30*	Fri-1: Last (-1) Friday
Dec 30*	Friday+5: Fifth Friday
Dec 30*	Fri+5: Fifth Friday
Dec 30*	Friday+5: Fifth Friday in December
Dec 30*	Fri+5: Fifth Friday in December
Dec 30*	Fifth: Fifth Friday in December
Dec 30*	30 of every month
Dec 30 	12/30: December 30
Dec 30 	Dec. 30: December 30
Dec 30 	30 December: December 30
	December: continued
Dec 30*	Friday: Every Friday
Dec 31*	Saturday-1: Last (-1) Saturday
Dec 31*	Sat-1: Last (-1) Saturday
Dec 31*	Saturday+5: Fifth Saturday
Dec 31*	Sat+5: Fifth Saturday
Dec 31*	Saturday+5: Fifth Saturday in December
Dec 31*	Sat+5: Fifth Saturday in December
Dec 31*	Fifth: Fifth Saturday in December
Dec 31*	31 of every month
Dec 31 	12/31: December 31
Dec 31 	Dec. 31: December 31
Dec 31 	31 December: December 31
	December: continued
Dec 31*	Saturday: Every Saturday
Jan 01*	Sunday+1: First Sunday
Jan 01*	Sun+1: First Sunday
Jan 01*	Sunday+1: First Sunday in January
Jan 01*	Sun+1: First Sunday in January
Jan 01*	First: First Sunday in January
Jan 01*	Sunday+5: Fifth Sunday in December
Jan 01*	Sun+5: Fifth Sunday in December
Jan 01*	Fifth: Fifth Sunday in December
Jan 01*	1 of every month
Jan 01 	1/1: January 1
Jan 01 	Jan. 1: January 1
Jan 01 	1 January: January 1
	January: continued
Jan 01*	*: Beginning of every month
Jan 01*	Sunday: Every Sunday
Jan 01 	January: Every January 1st
Jan 02*	Monday+1: First Monday
Jan 02*	Mon+1: First Monday
Jan 02*	Monday+1: First Monday in January
Jan 02*	Mon+1: First Monday in January
Jan 02*	First: First Monday in January
Jan 02*	Monday+5: Fifth Monday in December
Jan 02*	Mon+5: Fifth Monday in December
Jan 02*	Fifth: Fifth Monday in December
Jan 02*	2 of every month
Jan 02 	1/2: January 2
Jan 02 	Jan. 2: January 2
Jan 02 	2 January: January 2
	January: continued
Jan 02*	Monday: Every Monday
