Jul 18*	Monday-2: Last (-2) Monday
Jul 18*	Mon-2: Last (-2) Monday
Jul 18*	Monday+3: Third Monday
Jul 18*	Mon+3: Third Monday
Jul 18*	Monday+3: Third Monday in July
Jul 18*	Mon+3: Third Monday in July
Jul 18*	Third: Third Monday in July
Jul 18*	18 of every month
Jul 18 	7/18: July 18
Jul 18 	Jul. 18: July 18
Jul 18 	18 July: July 18
	July: continued
Jul 18*	Monday: Every Monday
Jul 19*	Tuesday-2: Last (-2) Tuesday
Jul 19*	Tue-2: Last (-2) Tuesday
Jul 19*	Tuesday+3: Third Tuesday
Jul 19*	Tue+3: Third Tuesday
Jul 19*	Tuesday+3: Third Tuesday in July
Jul 19*	Tue+3: Third Tuesday in July
Jul 19*	Third: Third Tuesday in July
Jul 19*	19 of every month
Jul 19 	7/19: July 19
Jul 19 	Jul. 19: July 19
Jul 19 	19 July: July 19
	July: continued
Jul 19*	Tuesday: Every Tuesday
