Oct 27*	Thursday-1: Last (-1) Thursday
Oct 27*	Thu-1: Last (-1) Thursday
Oct 27*	Thursday+4: Fourth Thursday
Oct 27*	Thu+4: Fourth Thursday
Oct 27*	Thursday+4: Fourth Thursday in October
Oct 27*	Thu+4: Fourth Thursday in October
Oct 27*	Fourth: Fourth Thursday in October
Oct 27*	27 of every month
Oct 27 	10/27: October 27
Oct 27 	Oct. 27: October 27
Oct 27 	27 October: October 27
	October: continued
Oct 27*	Thursday: Every Thursday
Oct 28*	Friday-1: Last (-1) Friday
Oct 28*	Fri-1: Last (-1) Friday
Oct 28*	Friday+4: Fourth Friday
Oct 28*	Fri+4: Fourth Friday
Oct 28*	Friday+4: Fourth Friday in October
Oct 28*	Fri+4: Fourth Friday in October
Oct 28*	Fourth: Fourth Friday in October
Oct 28*	28 of every month
Oct 28 	10/28: October 28
Oct 28 	Oct. 28: October 28
Oct 28 	28 October: October 28
	October: continued
Oct 28*	Friday: Every Friday
