Jun 24*	Friday-1: Last (-1) Friday
Jun 24*	Fri-1: Last (-1) Friday
Jun 24*	Friday+4: Fourth Friday
Jun 24*	Fri+4: Fourth Friday
Jun 24*	Friday+4: Fourth Friday in June
Jun 24*	Fri+4: Fourth Friday in June
Jun 24*	Fourth: Fourth Friday in June
Jun 24*	24 of every month
Jun 24 	6/24: June 24
Jun 24 	Jun. 24: June 24
Jun 24 	24 June: June 24
	June: continued
Jun 24*	Friday: Every Friday
Jun 25*	Saturday-1: Last (-1) Saturday
Jun 25*	Sat-1: Last (-1) Saturday
Jun 25*	Saturday+4: Fourth Saturday
Jun 25*	Sat+4: Fourth Saturday
Jun 25*	Saturday+4: Fourth Saturday in June
Jun 25*	Sat+4: Fourth Saturday in June
Jun 25*	Fourth: Fourth Saturday in June
Jun 25*	25 of every month
Jun 25 	6/25: June 25
Jun 25 	Jun. 25: June 25
Jun 25 	25 June: June 25
	June: continued
Jun 25*	Saturday: Every Saturday
Jun 26*	Sunday-1: Last (-1) Sunday
Jun 26*	Sun-1: Last (-1) Sunday
Jun 26*	Sunday+4: Fourth Sunday
Jun 26*	Sun+4: Fourth Sunday
Jun 26*	Sunday+4: Fourth Sunday in June
Jun 26*	Sun+4: Fourth Sunday in June
Jun 26*	Fourth: Fourth Sunday in June
Jun 26*	26 of every month
Jun 26 	6/26: June 26
Jun 26 	Jun. 26: June 26
Jun 26 	26 June: June 26
	June: continued
Jun 26*	Sunday: Every Sunday
Jun 27*	Monday-1: Last (-1) Monday
Jun 27*	Mon-1: Last (-1) Monday
Jun 27*	Monday+4: Fourth Monday
Jun 27*	Mon+4: Fourth Monday
Jun 27*	Monday+4: Fourth Monday in June
Jun 27*	Mon+4: Fourth Monday in June
Jun 27*	Fourth: Fourth Monday in June
Jun 27*	27 of every month
Jun 27 	6/27: June 27
Jun 27 	Jun. 27: June 27
Jun 27 	27 June: June 27
	June: continued
Jun 27*	Monday: Every Monday
