May 14*	Saturday+2: Second Saturday
May 14*	Sat+2: Second Saturday
May 14*	Saturday+2: Second Saturday in May
May 14*	Sat+2: Second Saturday in May
May 14*	Second: Second Saturday in May
May 14*	Saturday-3: Last (-3) Saturday
May 14*	Sat-3: Last (-3) Saturday
May 14*	14 of every month
May 14 	5/14: May 14
May 14 	May. 14: May 14
May 14 	14 May: May 14
	May: continued
May 14*	Saturday: Every Saturday
May 15*	Sunday+3: Third Sunday
May 15*	Sun+3: Third Sunday
May 15*	Sunday-3: Last (-3) Sunday
May 15*	Sun-3: Last (-3) Sunday
May 15*	Sunday+3: Third Sunday in May
May 15*	Sun+3: Third Sunday in May
May 15*	Third: Third Sunday in May
May 15*	15 of every month
May 15 	5/15: May 15
May 15 	May. 15: May 15
May 15 	15 May: May 15
	May: continued
May 15*	Sunday: Every Sunday
