Jul 07*	Thursday+1: First Thursday
Jul 07*	Thu+1: First Thursday
Jul 07*	Thursday+1: First Thursday in July
Jul 07*	Thu+1: First Thursday in July
Jul 07*	First: First Thursday in July
Jul 07*	Thursday-4: Last (-4) Thursday
Jul 07*	Thu-4: Last (-4) Thursday
Jul 07*	7 of every month
Jul 07 	7/7: July 7
Jul 07 	Jul. 7: July 7
Jul 07 	7 July: July 7
	July: continued
Jul 07*	Thursday: Every Thursday
Jul 08*	Friday+2: Second Friday
Jul 08*	Fri+2: Second Friday
Jul 08*	Friday+2: Second Friday in July
Jul 08*	Fri+2: Second Friday in July
Jul 08*	Second: Second Friday in July
Jul 08*	Friday-4: Last (-4) Friday
Jul 08*	Fri-4: Last (-4) Friday
Jul 08*	8 of every month
Jul 08 	7/8: July 8
Jul 08 	Jul. 8: July 8
Jul 08 	8 July: July 8
	July: continued
Jul 08*	Friday: Every Friday
