Nov 09*	Wednesday+2: Second Wednesday
Nov 09*	Wed+2: Second Wednesday
Nov 09*	Wednesday+2: Second Wednesday in November
Nov 09*	Wed+2: Second Wednesday in November
Nov 09*	Second: Second Wednesday in November
Nov 09*	Wednesday-4: Last (-4) Wednesday
Nov 09*	Wed-4: Last (-4) Wednesday
Nov 09*	9 of every month
Nov 09 	11/9: November 9
Nov 09 	Nov. 9: November 9
Nov 09 	9 November: November 9
	November: continued
Nov 09*	Wednesday: Every Wednesday
Nov 10*	Thursday+2: Second Thursday
Nov 10*	Thu+2: Second Thursday
Nov 10*	Thursday+2: Second Thursday in November
Nov 10*	Thu+2: Second Thursday in November
Nov 10*	Second: Second Thursday in November
Nov 10*	Thursday-3: Last (-3) Thursday
Nov 10*	Thu-3: Last (-3) Thursday
Nov 10*	10 of every month
Nov 10 	11/10: November 10
Nov 10 	Nov. 10: November 10
Nov 10 	10 November: November 10
	November: continued
Nov 10*	Thursday: Every Thursday
