Dec 28*	Wednesday-1: Last (-1) Wednesday
Dec 28*	Wed-1: Last (-1) Wednesday
Dec 28*	Wednesday+4: Fourth Wednesday
Dec 28*	Wed+4: Fourth Wednesday
Dec 28*	Wednesday+4: Fourth Wednesday in December
Dec 28*	Wed+4: Fourth Wednesday in December
Dec 28*	Fourth: Fourth Wednesday in December
Dec 28*	28 of every month
Dec 28 	12/28: December 28
Dec 28 	Dec. 28: December 28
Dec 28 	28 December: December 28
	December: continued
Dec 28*	Wednesday: Every Wednesday
Dec 29*	Thursday-1: Last (-1) Thursday
Dec 29*	Thu-1: Last (-1) Thursday
Dec 29*	Thursday+5: Fifth Thursday
Dec 29*	Thu+5: Fifth Thursday
Dec 29*	Thursday+5: Fifth Thursday in December
Dec 29*	Thu+5: Fifth Thursday in December
Dec 29*	Fifth: Fifth Thursday in December
Dec 29*	29 of every month
Dec 29 	12/29: December 29
Dec 29 	Dec. 29: December 29
Dec 29 	29 December: December 29
	December: continued
Dec 29*	Thursday: Every Thursday
