Jun 06*	Monday+1: First Monday
Jun 06*	Mon+1: First Monday
Jun 06*	Monday+1: First Monday in June
Jun 06*	Mon+1: First Monday in June
Jun 06*	First: First Monday in June
Jun 06*	Monday-4: Last (-4) Monday
Jun 06*	Mon-4: Last (-4) Monday
Jun 06*	6 of every month
Jun 06 	6/6: June 6
Jun 06 	Jun. 6: June 6
Jun 06 	6 June: June 6
	June: continued
Jun 06*	Monday: Every Monday
Jun 07*	Tuesday+1: First Tuesday
Jun 07*	Tue+1: First Tuesday
Jun 07*	Tuesday+1: First Tuesday in June
Jun 07*	Tue+1: First Tuesday in June
Jun 07*	First: First Tuesday in June
Jun 07*	Tuesday-4: Last (-4) Tuesday
Jun 07*	Tue-4: Last (-4) Tuesday
Jun 07*	7 of every month
Jun 07 	6/7: June 7
Jun 07 	Jun. 7: June 7
Jun 07 	7 June: June 7
	June: continued
Jun 07*	Tuesday: Every Tuesday
