May 16*	Monday+3: Third Monday
May 16*	Mon+3: Third Monday
May 16*	Monday-3: Last (-3) Monday
May 16*	Mon-3: Last (-3) Monday
May 16*	Monday+3: Third Monday in May
May 16*	Mon+3: Third Monday in May
May 16*	Third: Third Monday in May
May 16*	16 of every month
May 16 	5/16: May 16
May 16 	May. 16: May 16
May 16 	16 May: May 16
	May: continued
May 16*	Monday: Every Monday
May 17*	Tuesday+3: Third Tuesday
May 17*	Tue+3: Third Tuesday
May 17*	Tuesday-3: Last (-3) Tuesday
May 17*	Tue-3: Last (-3) Tuesday
May 17*	Tuesday+3: Third Tuesday in May
May 17*	Tue+3: Third Tuesday in May
May 17*	Third: Third Tuesday in May
May 17*	17 of every month
May 17 	5/17: May 17
May 17 	May. 17: May 17
May 17 	17 May: May 17
	May: continued
May 17*	Tuesday: Every Tuesday
