Oct 23*	Sunday-2: Last (-2) Sunday
Oct 23*	Sun-2: Last (-2) Sunday
Oct 23*	Sunday+4: Fourth Sunday
Oct 23*	Sun+4: Fourth Sunday
Oct 23*	Sunday+4: Fourth Sunday in October
Oct 23*	Sun+4: Fourth Sunday in October
Oct 23*	Fourth: Fourth Sunday in October
Oct 23*	23 of every month
Oct 23 	10/23: October 23
Oct 23 	Oct. 23: October 23
Oct 23 	23 October: October 23
	October: continued
Oct 23*	Sunday: Every Sunday
Oct 24*	Monday-2: Last (-2) Monday
Oct 24*	Mon-2: Last (-2) Monday
Oct 24*	Monday+4: Fourth Monday
Oct 24*	Mon+4: Fourth Monday
Oct 24*	Monday+4: Fourth Monday in October
Oct 24*	Mon+4: Fourth Monday in October
Oct 24*	Fourth: Fourth Monday in October
Oct 24*	24 of every month
Oct 24 	10/24: October 24
Oct 24 	Oct. 24: October 24
Oct 24 	24 October: October 24
	October: continued
Oct 24*	Monday: Every Monday
