May 12*	Thursday+2: Second Thursday
May 12*	Thu+2: Second Thursday
May 12*	Thursday+2: Second Thursday in May
May 12*	Thu+2: Second Thursday in May
May 12*	Second: Second Thursday in May
May 12*	Thursday-3: Last (-3) Thursday
May 12*	Thu-3: Last (-3) Thursday
May 12*	12 of every month
May 12 	5/12: May 12
May 12 	May. 12: May 12
May 12 	12 May: May 12
	May: continued
May 12*	Thursday: Every Thursday
May 13*	Friday+2: Second Friday
May 13*	Fri+2: Second Friday
May 13*	Friday+2: Second Friday in May
May 13*	Fri+2: Second Friday in May
May 13*	Second: Second Friday in May
May 13*	Friday-3: Last (-3) Friday
May 13*	Fri-3: Last (-3) Friday
May 13*	13 of every month
May 13 	5/13: May 13
May 13 	May. 13: May 13
May 13 	13 May: May 13
	May: continued
May 13*	Friday: Every Friday
