May 25*	Wednesday-1: Last (-1) Wednesday
May 25*	Wed-1: Last (-1) Wednesday
May 25*	Wednesday+4: Fourth Wednesday
May 25*	Wed+4: Fourth Wednesday
May 25*	Wednesday+4: Fourth Wednesday in May
May 25*	Wed+4: Fourth Wednesday in May
May 25*	Fourth: Fourth Wednesday in May
May 25*	25 of every month
May 25 	5/25: May 25
May 25 	May. 25: May 25
May 25 	25 May: May 25
	May: continued
May 25*	Wednesday: Every Wednesday
May 26*	Thursday-1: Last (-1) Thursday
May 26*	Thu-1: Last (-1) Thursday
May 26*	Thursday+4: Fourth Thursday
May 26*	Thu+4: Fourth Thursday
May 26*	Thursday+4: Fourth Thursday in May
May 26*	Thu+4: Fourth Thursday in May
May 26*	Fourth: Fourth Thursday in May
May 26*	26 of every month
May 26 	5/26: May 26
May 26 	May. 26: May 26
May 26 	26 May: May 26
	May: continued
May 26*	Thursday: Every Thursday
