Feb 07*	Sunday+1: First Sunday
Feb 07*	Sun+1: First Sunday
Feb 07*	Sunday+1: First Sunday in February
Feb 07*	Sun+1: First Sunday in February
Feb 07*	First: First Sunday in February
Feb 07*	Sunday-4: Last (-4) Sunday
Feb 07*	Sun-4: Last (-4) Sunday
Feb 07*	7 of every month
Feb 07 	2/7: February 7
Feb 07 	Feb. 7: February 7
Feb 07 	7 February: February 7
	February: continued
Feb 07*	Sunday: Every Sunday
Feb 08*	Monday+2: Second Monday
Feb 08*	Mon+2: Second Monday
Feb 08*	Monday+2: Second Monday in February
Feb 08*	Mon+2: Second Monday in February
Feb 08*	Second: Second Monday in February
Feb 08*	Monday-4: Last (-4) Monday
Feb 08*	Mon-4: Last (-4) Monday
Feb 08*	8 of every month
Feb 08 	2/8: February 8
Feb 08 	Feb. 8: February 8
Feb 08 	8 February: February 8
	February: continued
Feb 08*	Monday: Every Monday
