Dec 17*	Saturday+3: Third Saturday
Dec 17*	Sat+3: Third Saturday
Dec 17*	Saturday-3: Last (-3) Saturday
Dec 17*	Sat-3: Last (-3) Saturday
Dec 17*	Saturday+3: Third Saturday in December
Dec 17*	Sat+3: Third Saturday in December
Dec 17*	Third: Third Saturday in December
Dec 17*	17 of every month
Dec 17 	12/17: December 17
Dec 17 	Dec. 17: December 17
Dec 17 	17 December: December 17
	December: continued
Dec 17*	Saturday: Every Saturday
Dec 18*	Sunday-2: Last (-2) Sunday
Dec 18*	Sun-2: Last (-2) Sunday
Dec 18*	Sunday+3: Third Sunday
Dec 18*	Sun+3: Third Sunday
Dec 18*	Sunday+3: Third Sunday in December
Dec 18*	Sun+3: Third Sunday in December
Dec 18*	Third: Third Sunday in December
Dec 18*	18 of every month
Dec 18 	12/18: December 18
Dec 18 	Dec. 18: December 18
Dec 18 	18 December: December 18
	December: continued
Dec 18*	Sunday: Every Sunday
