Dec 11*	Sunday+2: Second Sunday
Dec 11*	Sun+2: Second Sunday
Dec 11*	Sunday+2: Second Sunday in December
Dec 11*	Sun+2: Second Sunday in December
Dec 11*	Second: Second Sunday in December
Dec 11*	Sunday-3: Last (-3) Sunday
Dec 11*	Sun-3: Last (-3) Sunday
Dec 11*	11 of every month
Dec 11 	12/11: December 11
Dec 11 	Dec. 11: December 11
Dec 11 	11 December: December 11
	December: continued
Dec 11*	Sunday: Every Sunday
Dec 12*	Monday+2: Second Monday
Dec 12*	Mon+2: Second Monday
Dec 12*	Monday+2: Second Monday in December
Dec 12*	Mon+2: Second Monday in December
Dec 12*	Second: Second Monday in December
Dec 12*	Monday-3: Last (-3) Monday
Dec 12*	Mon-3: Last (-3) Monday
Dec 12*	12 of every month
Dec 12 	12/12: December 12
Dec 12 	Dec. 12: December 12
Dec 12 	12 December: December 12
	December: continued
Dec 12*	Monday: Every Monday
