Feb 03*	Wednesday+1: First Wednesday
Feb 03*	Wed+1: First Wednesday
Feb 03*	Wednesday+1: First Wednesday in February
Feb 03*	Wed+1: First Wednesday in February
Feb 03*	First: First Wednesday in February
Feb 03*	Wednesday-4: Last (-4) Wednesday
Feb 03*	Wed-4: Last (-4) Wednesday
Feb 03*	Wednesday+5: Fifth Wednesday in January
Feb 03*	Wed+5: Fifth Wednesday in January
Feb 03*	Fifth: Fifth Wednesday in January
Feb 03*	3 of every month
Feb 03 	2/3: February 3
Feb 03 	Feb. 3: February 3
Feb 03 	3 February: February 3
	February: continued
Feb 03*	Wednesday: Every Wednesday
Feb 04*	Thursday+1: First Thursday
Feb 04*	Thu+1: First Thursday
Feb 04*	Thursday+1: First Thursday in February
Feb 04*	Thu+1: First Thursday in February
Feb 04*	First: First Thursday in February
Feb 04*	Thursday-4: Last (-4) Thursday
Feb 04*	Thu-4: Last (-4) Thursday
Feb 04*	Thursday+5: Fifth Thursday in January
Feb 04*	Thu+5: Fifth Thursday in January
Feb 04*	Fifth: Fifth Thursday in January
Feb 04*	4 of every month
Feb 04 	2/4: February 4
Feb 04 	Feb. 4: February 4
Feb 04 	4 February: February 4
	February: continued
Feb 04*	Thursday: Every Thursday
