Oct 06*	Thursday+1: First Thursday
Oct 06*	Thu+1: First Thursday
Oct 06*	Thursday+1: First Thursday in October
Oct 06*	Thu+1: First Thursday in October
Oct 06*	First: First Thursday in October
Oct 06*	Thursday-4: Last (-4) Thursday
Oct 06*	Thu-4: Last (-4) Thursday
Oct 06*	6 of every month
Oct 06 	10/6: October 6
Oct 06 	Oct. 6: October 6
Oct 06 	6 October: October 6
	October: continued
Oct 06*	Thursday: Every Thursday
Oct 07*	Friday+1: First Friday
Oct 07*	Fri+1: First Friday
Oct 07*	Friday+1: First Friday in October
Oct 07*	Fri+1: First Friday in October
Oct 07*	First: First Friday in October
Oct 07*	Friday-4: Last (-4) Friday
Oct 07*	Fri-4: Last (-4) Friday
Oct 07*	7 of every month
Oct 07 	10/7: October 7
Oct 07 	Oct. 7: October 7
Oct 07 	7 October: October 7
	October: continued
Oct 07*	Friday: Every Friday
