Jul 12*	Tuesday+2: Second Tuesday
Jul 12*	Tue+2: Second Tuesday
Jul 12*	Tuesday+2: Second Tuesday in July
Jul 12*	Tue+2: Second Tuesday in July
Jul 12*	Second: Second Tuesday in July
Jul 12*	Tuesday-3: Last (-3) Tuesday
Jul 12*	Tue-3: Last (-3) Tuesday
Jul 12*	12 of every month
Jul 12 	7/12: July 12
Jul 12 	Jul. 12: July 12
Jul 12 	12 July: July 12
	July: continued
Jul 12*	Tuesday: Every Tuesday
Jul 13*	Wednesday+2: Second Wednesday
Jul 13*	Wed+2: Second Wednesday
Jul 13*	Wednesday+2: Second Wednesday in July
Jul 13*	Wed+2: Second Wednesday in July
Jul 13*	Second: Second Wednesday in July
Jul 13*	Wednesday-3: Last (-3) Wednesday
Jul 13*	Wed-3: Last (-3) Wednesday
Jul 13*	13 of every month
Jul 13 	7/13: July 13
Jul 13 	Jul. 13: July 13
Jul 13 	13 July: July 13
	July: continued
Jul 13*	Wednesday: Every Wednesday
