Mar 16*	Wednesday+3: Third Wednesday
Mar 16*	Wed+3: Third Wednesday
Mar 16*	Wednesday-3: Last (-3) Wednesday
Mar 16*	Wed-3: Last (-3) Wednesday
Mar 16*	Wednesday+3: Third Wednesday in March
Mar 16*	Wed+3: Third Wednesday in March
Mar 16*	Third: Third Wednesday in March
Mar 16*	16 of every month
Mar 16 	3/16: March 16
Mar 16 	Mar. 16: March 16
Mar 16 	16 March: March 16
	March: continued
Mar 16*	Wednesday: Every Wednesday
Mar 17*	Thursday+3: Third Thursday
Mar 17*	Thu+3: Third Thursday
Mar 17*	Thursday-3: Last (-3) Thursday
Mar 17*	Thu-3: Last (-3) Thursday
Mar 17*	Thursday+3: Third Thursday in March
Mar 17*	Thu+3: Third Thursday in March
Mar 17*	Third: Third Thursday in March
Mar 17*	17 of every month
Mar 17 	3/17: March 17
Mar 17 	Mar. 17: March 17
Mar 17 	17 March: March 17
	March: continued
Mar 17*	Thursday: Every Thursday
