Jan 28*	Thursday-1: Last (-1) Thursday
Jan 28*	Thu-1: Last (-1) Thursday
Jan 28*	Thursday+4: Fourth Thursday
Jan 28*	Thu+4: Fourth Thursday
Jan 28*	Thursday+4: Fourth Thursday in January
Jan 28*	Thu+4: Fourth Thursday in January
Jan 28*	Fourth: Fourth Thursday in January
Jan 28*	28 of every month
Jan 28 	1/28: January 28
Jan 28 	Jan. 28: January 28
Jan 28 	28 January: January 28
	January: continued
Jan 28*	Thursday: Every Thursday
Jan 29*	Friday-1: Last (-1) Friday
Jan 29*	Fri-1: Last (-1) Friday
Jan 29*	Friday+5: Fifth Friday
Jan 29*	Fri+5: Fifth Friday
Jan 29*	Friday+5: Fifth Friday in January
Jan 29*	Fri+5: Fifth Friday in January
Jan 29*	Fifth: Fifth Friday in January
Jan 29*	29 of every month
Jan 29 	1/29: January 29
Jan 29 	Jan. 29: January 29
Jan 29 	29 January: January 29
	January: continued
Jan 29*	Friday: Every Friday
