Oct 07*	Friday+1: First Friday
Oct 07*	Fri+1: First Friday
Oct 07*	Friday+1: First Friday in October
Oct 07*	Fri+1: First Friday in October
Oct 07*	First: First Friday in October
Oct 07*	Friday-4: Last (-4) Friday
Oct 07*	Fri-4: Last (-4) Friday
Oct 07*	7 of every month
Oct 07 	10/7: October 7
Oct 07 	Oct. 7: October 7
Oct 07 	7 October: October 7
	October: continued
Oct 07*	Friday: Every Friday
Oct 08*	Saturday+2: Second Saturday
Oct 08*	Sat+2: Second Saturday
Oct 08*	Saturday+2: Second Saturday in October
Oct 08*	Sat+2: Second Saturday in October
Oct 08*	Second: Second Saturday in October
Oct 08*	Saturday-4: Last (-4) Saturday
Oct 08*	Sat-4: Last (-4) Saturday
Oct 08*	8 of every month
Oct 08 	10/8: October 8
Oct 08 	Oct. 8: October 8
Oct 08 	8 October: October 8
	October: continued
Oct 08*	Saturday: Every Saturday
Oct 09*	Sunday+2: Second Sunday
Oct 09*	Sun+2: Second Sunday
Oct 09*	Sunday+2: Second Sunday in October
Oct 09*	Sun+2: Second Sunday in October
Oct 09*	Second: Second Sunday in October
Oct 09*	Sunday-4: Last (-4) Sunday
Oct 09*	Sun-4: Last (-4) Sunday
Oct 09*	9 of every month
Oct 09 	10/9: October 9
Oct 09 	Oct. 9: October 9
Oct 09 	9 October: October 9
	October: continued
Oct 09*	Sunday: Every Sunday
Oct 10*	Monday+2: Second Monday
Oct 10*	Mon+2: Second Monday
Oct 10*	Monday+2: Second Monday in October
Oct 10*	Mon+2: Second Monday in October
Oct 10*	Second: Second Monday in October
Oct 10*	Monday-4: Last (-4) Monday
Oct 10*	Mon-4: Last (-4) Monday
Oct 10*	10 of every month
Oct 10 	10/10: October 10
Oct 10 	Oct. 10: October 10
Oct 10 	10 October: October 10
	October: continued
Oct 10*	Monday: Every Monday
