Nov 13*	Sunday+2: Second Sunday
Nov 13*	Sun+2: Second Sunday
Nov 13*	Sunday+2: Second Sunday in November
Nov 13*	Sun+2: Second Sunday in November
Nov 13*	Second: Second Sunday in November
Nov 13*	Sunday-3: Last (-3) Sunday
Nov 13*	Sun-3: Last (-3) Sunday
Nov 13*	13 of every month
Nov 13 	11/13: November 13
Nov 13 	Nov. 13: November 13
Nov 13 	13 November: November 13
	November: continued
Nov 13*	Sunday: Every Sunday
Nov 14*	Monday+2: Second Monday
Nov 14*	Mon+2: Second Monday
Nov 14*	Monday+2: Second Monday in November
Nov 14*	Mon+2: Second Monday in November
Nov 14*	Second: Second Monday in November
Nov 14*	Monday-3: Last (-3) Monday
Nov 14*	Mon-3: Last (-3) Monday
Nov 14*	14 of every month
Nov 14 	11/14: November 14
Nov 14 	Nov. 14: November 14
Nov 14 	14 November: November 14
	November: continued
Nov 14*	Monday: Every Monday
