Apr 06*	Wednesday+1: First Wednesday
Apr 06*	Wed+1: First Wednesday
Apr 06*	Wednesday+1: First Wednesday in April
Apr 06*	Wed+1: First Wednesday in April
Apr 06*	First: First Wednesday in April
Apr 06*	Wednesday-4: Last (-4) Wednesday
Apr 06*	Wed-4: Last (-4) Wednesday
Apr 06*	6 of every month
Apr 06 	4/6: April 6
Apr 06 	Apr. 6: April 6
Apr 06 	6 April: April 6
	April: continued
Apr 06*	Wednesday: Every Wednesday
Apr 07*	Thursday+1: First Thursday
Apr 07*	Thu+1: First Thursday
Apr 07*	Thursday+1: First Thursday in April
Apr 07*	Thu+1: First Thursday in April
Apr 07*	First: First Thursday in April
Apr 07*	Thursday-4: Last (-4) Thursday
Apr 07*	Thu-4: Last (-4) Thursday
Apr 07*	7 of every month
Apr 07 	4/7: April 7
Apr 07 	Apr. 7: April 7
Apr 07 	7 April: April 7
	April: continued
Apr 07*	Thursday: Every Thursday
