Oct 20*	Thursday-2: Last (-2) Thursday
Oct 20*	Thu-2: Last (-2) Thursday
Oct 20*	Thursday+3: Third Thursday
Oct 20*	Thu+3: Third Thursday
Oct 20*	Thursday+3: Third Thursday in October
Oct 20*	Thu+3: Third Thursday in October
Oct 20*	Third: Third Thursday in October
Oct 20*	20 of every month
Oct 20 	10/20: October 20
Oct 20 	Oct. 20: October 20
Oct 20 	20 October: October 20
	October: continued
Oct 20*	Thursday: Every Thursday
Oct 21*	Friday-2: Last (-2) Friday
Oct 21*	Fri-2: Last (-2) Friday
Oct 21*	Friday+3: Third Friday
Oct 21*	Fri+3: Third Friday
Oct 21*	Friday+3: Third Friday in October
Oct 21*	Fri+3: Third Friday in October
Oct 21*	Third: Third Friday in October
Oct 21*	21 of every month
Oct 21 	10/21: October 21
Oct 21 	Oct. 21: October 21
Oct 21 	21 October: October 21
	October: continued
Oct 21*	Friday: Every Friday
