Jul 08*	Friday+2: Second Friday
Jul 08*	Fri+2: Second Friday
Jul 08*	Friday+2: Second Friday in July
Jul 08*	Fri+2: Second Friday in July
Jul 08*	Second: Second Friday in July
Jul 08*	Friday-4: Last (-4) Friday
Jul 08*	Fri-4: Last (-4) Friday
Jul 08*	8 of every month
Jul 08 	7/8: July 8
Jul 08 	Jul. 8: July 8
Jul 08 	8 July: July 8
	July: continued
Jul 08*	Friday: Every Friday
Jul 09*	Saturday+2: Second Saturday
Jul 09*	Sat+2: Second Saturday
Jul 09*	Saturday+2: Second Saturday in July
Jul 09*	Sat+2: Second Saturday in July
Jul 09*	Second: Second Saturday in July
Jul 09*	Saturday-4: Last (-4) Saturday
Jul 09*	Sat-4: Last (-4) Saturday
Jul 09*	9 of every month
Jul 09 	7/9: July 9
Jul 09 	Jul. 9: July 9
Jul 09 	9 July: July 9
	July: continued
Jul 09*	Saturday: Every Saturday
Jul 10*	Sunday+2: Second Sunday
Jul 10*	Sun+2: Second Sunday
Jul 10*	Sunday+2: Second Sunday in July
Jul 10*	Sun+2: Second Sunday in July
Jul 10*	Second: Second Sunday in July
Jul 10*	Sunday-4: Last (-4) Sunday
Jul 10*	Sun-4: Last (-4) Sunday
Jul 10*	10 of every month
Jul 10 	7/10: July 10
Jul 10 	Jul. 10: July 10
Jul 10 	10 July: July 10
	July: continued
Jul 10*	Sunday: Every Sunday
Jul 11*	Monday+2: Second Monday
Jul 11*	Mon+2: Second Monday
Jul 11*	Monday+2: Second Monday in July
Jul 11*	Mon+2: Second Monday in July
Jul 11*	Second: Second Monday in July
Jul 11*	Monday-3: Last (-3) Monday
Jul 11*	Mon-3: Last (-3) Monday
Jul 11*	11 of every month
Jul 11 	7/11: July 11
Jul 11 	Jul. 11: July 11
Jul 11 	11 July: July 11
	July: continued
Jul 11*	Monday: Every Monday
