Jan 14*	Thursday+2: Second Thursday
Jan 14*	Thu+2: Second Thursday
Jan 14*	Thursday+2: Second Thursday in January
Jan 14*	Thu+2: Second Thursday in January
Jan 14*	Second: Second Thursday in January
Jan 14*	Thursday-3: Last (-3) Thursday
Jan 14*	Thu-3: Last (-3) Thursday
Jan 14*	14 of every month
Jan 14 	1/14: January 14
Jan 14 	Jan. 14: January 14
Jan 14 	14 January: January 14
	January: continued
Jan 14*	Thursday: Every Thursday
Jan 15*	Friday+3: Third Friday
Jan 15*	Fri+3: Third Friday
Jan 15*	Friday-3: Last (-3) Friday
Jan 15*	Fri-3: Last (-3) Friday
Jan 15*	Friday+3: Third Friday in January
Jan 15*	Fri+3: Third Friday in January
Jan 15*	Third: Third Friday in January
Jan 15*	15 of every month
Jan 15 	1/15: January 15
Jan 15 	Jan. 15: January 15
Jan 15 	15 January: January 15
	January: continued
Jan 15*	Friday: Every Friday
