May 31*	Tuesday-1: Last (-1) Tuesday
May 31*	Tue-1: Last (-1) Tuesday
May 31*	Tuesday+5: Fifth Tuesday
May 31*	Tue+5: Fifth Tuesday
May 31*	Tuesday+5: Fifth Tuesday in May
May 31*	Tue+5: Fifth Tuesday in May
May 31*	Fifth: Fifth Tuesday in May
May 31*	31 of every month
May 31 	5/31: May 31
May 31 	May. 31: May 31
May 31 	31 May: May 31
	May: continued
May 31*	Tuesday: Every Tuesday
Jun 01*	Wednesday+1: First Wednesday
Jun 01*	Wed+1: First Wednesday
Jun 01*	Wednesday+1: First Wednesday in June
Jun 01*	Wed+1: First Wednesday in June
Jun 01*	First: First Wednesday in June
Jun 01*	Wednesday+5: Fifth Wednesday in May
Jun 01*	Wed+5: Fifth Wednesday in May
Jun 01*	Fifth: Fifth Wednesday in May
Jun 01*	1 of every month
Jun 01 	6/1: June 1
Jun 01 	Jun. 1: June 1
Jun 01 	1 June: June 1
	June: continued
Jun 01*	*: Beginning of every month
Jun 01*	Wednesday: Every Wednesday
Jun 01 	June: Every June 1st
