Nov 29*	Tuesday-1: Last (-1) Tuesday
Nov 29*	Tue-1: Last (-1) Tuesday
Nov 29*	Tuesday+5: Fifth Tuesday
Nov 29*	Tue+5: Fifth Tuesday
Nov 29*	Tuesday+5: Fifth Tuesday in November
Nov 29*	Tue+5: Fifth Tuesday in November
Nov 29*	Fifth: Fifth Tuesday in November
Nov 29*	29 of every month
Nov 29 	11/29: November 29
Nov 29 	Nov. 29: November 29
Nov 29 	29 November: November 29
	November: continued
Nov 29*	Tuesday: Every Tuesday
Nov 30*	Wednesday-1: Last (-1) Wednesday
Nov 30*	Wed-1: Last (-1) Wednesday
Nov 30*	Wednesday+5: Fifth Wednesday
Nov 30*	Wed+5: Fifth Wednesday
Nov 30*	Wednesday+5: Fifth Wednesday in November
Nov 30*	Wed+5: Fifth Wednesday in November
Nov 30*	Fifth: Fifth Wednesday in November
Nov 30*	30 of every month
Nov 30 	11/30: November 30
Nov 30 	Nov. 30: November 30
Nov 30 	30 November: November 30
	November: continued
Nov 30*	Wednesday: Every Wednesday
