Jan 20*	Wednesday-2: Last (-2) Wednesday
Jan 20*	Wed-2: Last (-2) Wednesday
Jan 20*	Wednesday+3: Third Wednesday
Jan 20*	Wed+3: Third Wednesday
Jan 20*	Wednesday+3: Third Wednesday in January
Jan 20*	Wed+3: Third Wednesday in January
Jan 20*	Third: Third Wednesday in January
Jan 20*	20 of every month
Jan 20 	1/20: January 20
Jan 20 	Jan. 20: January 20
Jan 20 	20 January: January 20
	January: continued
Jan 20*	Wednesday: Every Wednesday
Jan 21*	Thursday-2: Last (-2) Thursday
Jan 21*	Thu-2: Last (-2) Thursday
Jan 21*	Thursday+3: Third Thursday
Jan 21*	Thu+3: Third Thursday
Jan 21*	Thursday+3: Third Thursday in January
Jan 21*	Thu+3: Third Thursday in January
Jan 21*	Third: Third Thursday in January
Jan 21*	21 of every month
Jan 21 	1/21: January 21
Jan 21 	Jan. 21: January 21
Jan 21 	21 January: January 21
	January: continued
Jan 21*	Thursday: Every Thursday
