May 11*	Wednesday+2: Second Wednesday
May 11*	Wed+2: Second Wednesday
May 11*	Wednesday+2: Second Wednesday in May
May 11*	Wed+2: Second Wednesday in May
May 11*	Second: Second Wednesday in May
May 11*	Wednesday-3: Last (-3) Wednesday
May 11*	Wed-3: Last (-3) Wednesday
May 11*	11 of every month
May 11 	5/11: May 11
May 11 	May. 11: May 11
May 11 	11 May: May 11
	May: continued
May 11*	Wednesday: Every Wednesday
May 12*	Thursday+2: Second Thursday
May 12*	Thu+2: Second Thursday
May 12*	Thursday+2: Second Thursday in May
May 12*	Thu+2: Second Thursday in May
May 12*	Second: Second Thursday in May
May 12*	Thursday-3: Last (-3) Thursday
May 12*	Thu-3: Last (-3) Thursday
May 12*	12 of every month
May 12 	5/12: May 12
May 12 	May. 12: May 12
May 12 	12 May: May 12
	May: continued
May 12*	Thursday: Every Thursday
