Jun 23*	Thursday-2: Last (-2) Thursday
Jun 23*	Thu-2: Last (-2) Thursday
Jun 23*	Thursday+4: Fourth Thursday
Jun 23*	Thu+4: Fourth Thursday
Jun 23*	Thursday+4: Fourth Thursday in June
Jun 23*	Thu+4: Fourth Thursday in June
Jun 23*	Fourth: Fourth Thursday in June
Jun 23*	23 of every month
Jun 23 	6/23: June 23
Jun 23 	Jun. 23: June 23
Jun 23 	23 June: June 23
	June: continued
Jun 23*	Thursday: Every Thursday
Jun 24*	Friday-1: Last (-1) Friday
Jun 24*	Fri-1: Last (-1) Friday
Jun 24*	Friday+4: Fourth Friday
Jun 24*	Fri+4: Fourth Friday
Jun 24*	Friday+4: Fourth Friday in June
Jun 24*	Fri+4: Fourth Friday in June
Jun 24*	Fourth: Fourth Friday in June
Jun 24*	24 of every month
Jun 24 	6/24: June 24
Jun 24 	Jun. 24: June 24
Jun 24 	24 June: June 24
	June: continued
Jun 24*	Friday: Every Friday
