Jan 27*	Wednesday-1: Last (-1) Wednesday
Jan 27*	Wed-1: Last (-1) Wednesday
Jan 27*	Wednesday+4: Fourth Wednesday
Jan 27*	Wed+4: Fourth Wednesday
Jan 27*	Wednesday+4: Fourth Wednesday in January
Jan 27*	Wed+4: Fourth Wednesday in January
Jan 27*	Fourth: Fourth Wednesday in January
Jan 27*	27 of every month
Jan 27 	1/27: January 27
Jan 27 	Jan. 27: January 27
Jan 27 	27 January: January 27
	January: continued
Jan 27*	Wednesday: Every Wednesday
Jan 28*	Thursday-1: Last (-1) Thursday
Jan 28*	Thu-1: Last (-1) Thursday
Jan 28*	Thursday+4: Fourth Thursday
Jan 28*	Thu+4: Fourth Thursday
Jan 28*	Thursday+4: Fourth Thursday in January
Jan 28*	Thu+4: Fourth Thursday in January
Jan 28*	Fourth: Fourth Thursday in January
Jan 28*	28 of every month
Jan 28 	1/28: January 28
Jan 28 	Jan. 28: January 28
Jan 28 	28 January: January 28
	January: continued
Jan 28*	Thursday: Every Thursday
