Oct 01*	Saturday+1: First Saturday
Oct 01*	Sat+1: First Saturday
Oct 01*	Saturday+1: First Saturday in October
Oct 01*	Sat+1: First Saturday in October
Oct 01*	First: First Saturday in October
Oct 01*	Saturday+5: Fifth Saturday in September
Oct 01*	Sat+5: Fifth Saturday in September
Oct 01*	Fifth: Fifth Saturday in September
Oct 01*	1 of every month
Oct 01 	10/1: October 1
Oct 01 	Oct. 1: October 1
Oct 01 	1 October: October 1
	October: continued
Oct 01*	*: Beginning of every month
Oct 01*	Saturday: Every Saturday
Oct 01 	October: Every October 1st
Oct 02*	Sunday+1: First Sunday
Oct 02*	Sun+1: First Sunday
Oct 02*	Sunday+1: First Sunday in October
Oct 02*	Sun+1: First Sunday in October
Oct 02*	First: First Sunday in October
Oct 02*	Sunday+5: Fifth Sunday in September
Oct 02*	Sun+5: Fifth Sunday in September
Oct 02*	Fifth: Fifth Sunday in September
Oct 02*	2 of every month
Oct 02 	10/2: October 2
Oct 02 	Oct. 2: October 2
Oct 02 	2 October: October 2
	October: continued
Oct 02*	Sunday: Every Sunday
