Mar 08*	Tuesday+2: Second Tuesday
Mar 08*	Tue+2: Second Tuesday
Mar 08*	Tuesday+2: Second Tuesday in March
Mar 08*	Tue+2: Second Tuesday in March
Mar 08*	Second: Second Tuesday in March
Mar 08*	Tuesday-4: Last (-4) Tuesday
Mar 08*	Tue-4: Last (-4) Tuesday
Mar 08*	8 of every month
Mar 08 	3/8: March 8
Mar 08 	Mar. 8: March 8
Mar 08 	8 March: March 8
	March: continued
Mar 08*	Tuesday: Every Tuesday
Mar 09*	Wednesday+2: Second Wednesday
Mar 09*	Wed+2: Second Wednesday
Mar 09*	Wednesday+2: Second Wednesday in March
Mar 09*	Wed+2: Second Wednesday in March
Mar 09*	Second: Second Wednesday in March
Mar 09*	Wednesday-4: Last (-4) Wednesday
Mar 09*	Wed-4: Last (-4) Wednesday
Mar 09*	9 of every month
Mar 09 	3/9: March 9
Mar 09 	Mar. 9: March 9
Mar 09 	9 March: March 9
	March: continued
Mar 09*	Wednesday: Every Wednesday
