May 29*	Sunday-1: Last (-1) Sunday
May 29*	Sun-1: Last (-1) Sunday
May 29*	Sunday+5: Fifth Sunday
May 29*	Sun+5: Fifth Sunday
May 29*	Sunday+5: Fifth Sunday in May
May 29*	Sun+5: Fifth Sunday in May
May 29*	Fifth: Fifth Sunday in May
May 29*	29 of every month
May 29 	5/29: May 29
May 29 	May. 29: May 29
May 29 	29 May: May 29
	May: continued
May 29*	Sunday: Every Sunday
May 30*	Monday-1: Last (-1) Monday
May 30*	Mon-1: Last (-1) Monday
May 30*	Monday+5: Fifth Monday
May 30*	Mon+5: Fifth Monday
May 30*	Monday+5: Fifth Monday in May
May 30*	Mon+5: Fifth Monday in May
May 30*	Fifth: Fifth Monday in May
May 30*	30 of every month
May 30 	5/30: May 30
May 30 	May. 30: May 30
May 30 	30 May: May 30
	May: continued
May 30*	Monday: Every Monday
