Dec 04*	Sunday+1: First Sunday
Dec 04*	Sun+1: First Sunday
Dec 04*	Sunday+1: First Sunday in December
Dec 04*	Sun+1: First Sunday in December
Dec 04*	First: First Sunday in December
Dec 04*	Sunday-4: Last (-4) Sunday
Dec 04*	Sun-4: Last (-4) Sunday
Dec 04*	Sunday+5: Fifth Sunday in November
Dec 04*	Sun+5: Fifth Sunday in November
Dec 04*	Fifth: Fifth Sunday in November
Dec 04*	4 of every month
Dec 04 	12/4: December 4
Dec 04 	Dec. 4: December 4
Dec 04 	4 December: December 4
	December: continued
Dec 04*	Sunday: Every Sunday
Dec 05*	Monday+1: First Monday
Dec 05*	Mon+1: First Monday
Dec 05*	Monday+1: First Monday in December
Dec 05*	Mon+1: First Monday in December
Dec 05*	First: First Monday in December
Dec 05*	Monday-4: Last (-4) Monday
Dec 05*	Mon-4: Last (-4) Monday
Dec 05*	Monday+5: Fifth Monday in November
Dec 05*	Mon+5: Fifth Monday in November
Dec 05*	Fifth: Fifth Monday in November
Dec 05*	5 of every month
Dec 05 	12/5: December 5
Dec 05 	Dec. 5: December 5
Dec 05 	5 December: December 5
	December: continued
Dec 05*	Monday: Every Monday
