Nov 08*	Tuesday+2: Second Tuesday
Nov 08*	Tue+2: Second Tuesday
Nov 08*	Tuesday+2: Second Tuesday in November
Nov 08*	Tue+2: Second Tuesday in November
Nov 08*	Second: Second Tuesday in November
Nov 08*	Tuesday-4: Last (-4) Tuesday
Nov 08*	Tue-4: Last (-4) Tuesday
Nov 08*	8 of every month
Nov 08 	11/8: November 8
Nov 08 	Nov. 8: November 8
Nov 08 	8 November: November 8
	November: continued
Nov 08*	Tuesday: Every Tuesday
Nov 09*	Wednesday+2: Second Wednesday
Nov 09*	Wed+2: Second Wednesday
Nov 09*	Wednesday+2: Second Wednesday in November
Nov 09*	Wed+2: Second Wednesday in November
Nov 09*	Second: Second Wednesday in November
Nov 09*	Wednesday-4: Last (-4) Wednesday
Nov 09*	Wed-4: Last (-4) Wednesday
Nov 09*	9 of every month
Nov 09 	11/9: November 9
Nov 09 	Nov. 9: November 9
Nov 09 	9 November: November 9
	November: continued
Nov 09*	Wednesday: Every Wednesday
