Jul 30*	Saturday-1: Last (-1) Saturday
Jul 30*	Sat-1: Last (-1) Saturday
Jul 30*	Saturday+5: Fifth Saturday
Jul 30*	Sat+5: Fifth Saturday
Jul 30*	Saturday+5: Fifth Saturday in July
Jul 30*	Sat+5: Fifth Saturday in July
Jul 30*	Fifth: Fifth Saturday in July
Jul 30*	30 of every month
Jul 30 	7/30: July 30
Jul 30 	Jul. 30: July 30
Jul 30 	30 July: July 30
	July: continued
Jul 30*	Saturday: Every Saturday
Jul 31*	Sunday-1: Last (-1) Sunday
Jul 31*	Sun-1: Last (-1) Sunday
Jul 31*	Sunday+5: Fifth Sunday
Jul 31*	Sun+5: Fifth Sunday
Jul 31*	Sunday+5: Fifth Sunday in July
Jul 31*	Sun+5: Fifth Sunday in July
Jul 31*	Fifth: Fifth Sunday in July
Jul 31*	31 of every month
Jul 31 	7/31: July 31
Jul 31 	Jul. 31: July 31
Jul 31 	31 July: July 31
	July: continued
Jul 31*	Sunday: Every Sunday
