Oct 19*	Wednesday-2: Last (-2) Wednesday
Oct 19*	Wed-2: Last (-2) Wednesday
Oct 19*	Wednesday+3: Third Wednesday
Oct 19*	Wed+3: Third Wednesday
Oct 19*	Wednesday+3: Third Wednesday in October
Oct 19*	Wed+3: Third Wednesday in October
Oct 19*	Third: Third Wednesday in October
Oct 19*	19 of every month
Oct 19 	10/19: October 19
Oct 19 	Oct. 19: October 19
Oct 19 	19 October: October 19
	October: continued
Oct 19*	Wednesday: Every Wednesday
Oct 20*	Thursday-2: Last (-2) Thursday
Oct 20*	Thu-2: Last (-2) Thursday
Oct 20*	Thursday+3: Third Thursday
Oct 20*	Thu+3: Third Thursday
Oct 20*	Thursday+3: Third Thursday in October
Oct 20*	Thu+3: Third Thursday in October
Oct 20*	Third: Third Thursday in October
Oct 20*	20 of every month
Oct 20 	10/20: October 20
Oct 20 	Oct. 20: October 20
Oct 20 	20 October: October 20
	October: continued
Oct 20*	Thursday: Every Thursday
