Jul 01*	Friday+1: First Friday
Jul 01*	Fri+1: First Friday
Jul 01*	Friday+1: First Friday in July
Jul 01*	Fri+1: First Friday in July
Jul 01*	First: First Friday in July
Jul 01*	Friday+5: Fifth Friday in June
Jul 01*	Fri+5: Fifth Friday in June
Jul 01*	Fifth: Fifth Friday in June
Jul 01*	1 of every month
Jul 01 	7/1: July 1
Jul 01 	Jul. 1: July 1
Jul 01 	1 July: July 1
	July: continued
Jul 01*	*: Beginning of every month
Jul 01*	Friday: Every Friday
Jul 01 	July: Every July 1st
Jul 02*	Saturday+1: First Saturday
Jul 02*	Sat+1: First Saturday
Jul 02*	Saturday+1: First Saturday in July
Jul 02*	Sat+1: First Saturday in July
Jul 02*	First: First Saturday in July
Jul 02*	Saturday+5: Fifth Saturday in June
Jul 02*	Sat+5: Fifth Saturday in June
Jul 02*	Fifth: Fifth Saturday in June
Jul 02*	2 of every month
Jul 02 	7/2: July 2
Jul 02 	Jul. 2: July 2
Jul 02 	2 July: July 2
	July: continued
Jul 02*	Saturday: Every Saturday
Jul 03*	Sunday+1: First Sunday
Jul 03*	Sun+1: First Sunday
Jul 03*	Sunday+1: First Sunday in July
Jul 03*	Sun+1: First Sunday in July
Jul 03*	First: First Sunday in July
Jul 03*	Sunday+5: Fifth Sunday in June
Jul 03*	Sun+5: Fifth Sunday in June
Jul 03*	Fifth: Fifth Sunday in June
Jul 03*	3 of every month
Jul 03 	7/3: July 3
Jul 03 	Jul. 3: July 3
Jul 03 	3 July: July 3
	July: continued
Jul 03*	Sunday: Every Sunday
Jul 04*	Monday+1: First Monday
Jul 04*	Mon+1: First Monday
Jul 04*	Monday+1: First Monday in July
Jul 04*	Mon+1: First Monday in July
Jul 04*	First: First Monday in July
Jul 04*	Monday-4: Last (-4) Monday
Jul 04*	Mon-4: Last (-4) Monday
Jul 04*	Monday+5: Fifth Monday in June
Jul 04*	Mon+5: Fifth Monday in June
Jul 04*	Fifth: Fifth Monday in June
Jul 04*	4 of every month
Jul 04 	7/4: July 4
Jul 04 	Jul. 4: July 4
Jul 04 	4 July: July 4
	July: continued
Jul 04*	Monday: Every Monday
