Aug 05*	Friday+1: First Friday
Aug 05*	Fri+1: First Friday
Aug 05*	Friday+1: First Friday in August
Aug 05*	Fri+1: First Friday in August
Aug 05*	First: First Friday in August
Aug 05*	Friday-4: Last (-4) Friday
Aug 05*	Fri-4: Last (-4) Friday
Aug 05*	5 of every month
Aug 05*	Friday: Every Friday
Aug 06*	Saturday+1: First Saturday
Aug 06*	Sat+1: First Saturday
Aug 06*	Saturday+1: First Saturday in August
Aug 06*	Sat+1: First Saturday in August
Aug 06*	First: First Saturday in August
Aug 06*	Saturday-4: Last (-4) Saturday
Aug 06*	Sat-4: Last (-4) Saturday
Aug 06*	6 of every month
Aug 06*	Saturday: Every Saturday
Aug 07*	Sunday+1: First Sunday
Aug 07*	Sun+1: First Sunday
Aug 07*	Sunday+1: First Sunday in August
Aug 07*	Sun+1: First Sunday in August
Aug 07*	First: First Sunday in August
Aug 07*	Sunday-4: Last (-4) Sunday
Aug 07*	Sun-4: Last (-4) Sunday
Aug 07*	7 of every month
Aug 07*	Sunday: Every Sunday
Aug 08*	Monday+2: Second Monday
Aug 08*	Mon+2: Second Monday
Aug 08*	Monday+2: Second Monday in August
Aug 08*	Mon+2: Second Monday in August
Aug 08*	Second: Second Monday in August
Aug 08*	Monday-4: Last (-4) Monday
Aug 08*	Mon-4: Last (-4) Monday
Aug 08*	8 of every month
Aug 08*	Monday: Every Monday
