Dec 10*	Saturday+2: Second Saturday
Dec 10*	Sat+2: Second Saturday
Dec 10*	Saturday+2: Second Saturday in December
Dec 10*	Sat+2: Second Saturday in December
Dec 10*	Second: Second Saturday in December
Dec 10*	Saturday-4: Last (-4) Saturday
Dec 10*	Sat-4: Last (-4) Saturday
Dec 10*	10 of every month
Dec 10 	12/10: December 10
Dec 10 	Dec. 10: December 10
Dec 10 	10 December: December 10
	December: continued
Dec 10*	Saturday: Every Saturday
Dec 11*	Sunday+2: Second Sunday
Dec 11*	Sun+2: Second Sunday
Dec 11*	Sunday+2: Second Sunday in December
Dec 11*	Sun+2: Second Sunday in December
Dec 11*	Second: Second Sunday in December
Dec 11*	Sunday-3: Last (-3) Sunday
Dec 11*	Sun-3: Last (-3) Sunday
Dec 11*	11 of every month
Dec 11 	12/11: December 11
Dec 11 	Dec. 11: December 11
Dec 11 	11 December: December 11
	December: continued
Dec 11*	Sunday: Every Sunday
