Mar 31*	Thursday-1: Last (-1) Thursday
Mar 31*	Thu-1: Last (-1) Thursday
Mar 31*	Thursday+5: Fifth Thursday
Mar 31*	Thu+5: Fifth Thursday
Mar 31*	Thursday+5: Fifth Thursday in March
Mar 31*	Thu+5: Fifth Thursday in March
Mar 31*	Fifth: Fifth Thursday in March
Mar 31*	31 of every month
Mar 31 	3/31: March 31
Mar 31 	Mar. 31: March 31
Mar 31 	31 March: March 31
	March: continued
Mar 31*	Thursday: Every Thursday
Apr 01*	Friday+1: First Friday
Apr 01*	Fri+1: First Friday
Apr 01*	Friday+1: First Friday in April
Apr 01*	Fri+1: First Friday in April
Apr 01*	First: First Friday in April
Apr 01*	Friday+5: Fifth Friday in March
Apr 01*	Fri+5: Fifth Friday in March
Apr 01*	Fifth: Fifth Friday in March
Apr 01*	1 of every month
Apr 01 	4/1: April 1
Apr 01 	Apr. 1: April 1
Apr 01 	1 April: April 1
	April: continued
Apr 01*	*: Beginning of every month
Apr 01*	Friday: Every Friday
Apr 01 	April: Every April 1st
