May 05*	Thursday+1: First Thursday
May 05*	Thu+1: First Thursday
May 05*	Thursday+1: First Thursday in May
May 05*	Thu+1: First Thursday in May
May 05*	First: First Thursday in May
May 05*	Thursday-4: Last (-4) Thursday
May 05*	Thu-4: Last (-4) Thursday
May 05*	Thursday+5: Fifth Thursday in April
May 05*	Thu+5: Fifth Thursday in April
May 05*	Fifth: Fifth Thursday in April
May 05*	5 of every month
May 05 	5/5: May 5
May 05 	May. 5: May 5
May 05 	5 May: May 5
	May: continued
May 05*	Thursday: Every Thursday
May 06*	Friday+1: First Friday
May 06*	Fri+1: First Friday
May 06*	Friday+1: First Friday in May
May 06*	Fri+1: First Friday in May
May 06*	First: First Friday in May
May 06*	Friday-4: Last (-4) Friday
May 06*	Fri-4: Last (-4) Friday
May 06*	6 of every month
May 06 	5/6: May 6
May 06 	May. 6: May 6
May 06 	6 May: May 6
	May: continued
May 06*	Friday: Every Friday
