Feb 10*	Wednesday+2: Second Wednesday
Feb 10*	Wed+2: Second Wednesday
Feb 10*	Wednesday+2: Second Wednesday in February
Feb 10*	Wed+2: Second Wednesday in February
Feb 10*	Second: Second Wednesday in February
Feb 10*	Wednesday-3: Last (-3) Wednesday
Feb 10*	Wed-3: Last (-3) Wednesday
Feb 10*	10 of every month
Feb 10 	2/10: February 10
Feb 10 	Feb. 10: February 10
Feb 10 	10 February: February 10
	February: continued
Feb 10*	Wednesday: Every Wednesday
Feb 11*	Thursday+2: Second Thursday
Feb 11*	Thu+2: Second Thursday
Feb 11*	Thursday+2: Second Thursday in February
Feb 11*	Thu+2: Second Thursday in February
Feb 11*	Second: Second Thursday in February
Feb 11*	Thursday-3: Last (-3) Thursday
Feb 11*	Thu-3: Last (-3) Thursday
Feb 11*	11 of every month
Feb 11 	2/11: February 11
Feb 11 	Feb. 11: February 11
Feb 11 	11 February: February 11
	February: continued
Feb 11*	Thursday: Every Thursday
