Jul 21*	Thursday-2: Last (-2) Thursday
Jul 21*	Thu-2: Last (-2) Thursday
Jul 21*	Thursday+3: Third Thursday
Jul 21*	Thu+3: Third Thursday
Jul 21*	Thursday+3: Third Thursday in July
Jul 21*	Thu+3: Third Thursday in July
Jul 21*	Third: Third Thursday in July
Jul 21*	21 of every month
Jul 21 	7/21: July 21
Jul 21 	Jul. 21: July 21
Jul 21 	21 July: July 21
	July: continued
Jul 21*	Thursday: Every Thursday
Jul 22*	Friday-2: Last (-2) Friday
Jul 22*	Fri-2: Last (-2) Friday
Jul 22*	Friday+4: Fourth Friday
Jul 22*	Fri+4: Fourth Friday
Jul 22*	Friday+4: Fourth Friday in July
Jul 22*	Fri+4: Fourth Friday in July
Jul 22*	Fourth: Fourth Friday in July
Jul 22*	22 of every month
Jul 22 	7/22: July 22
Jul 22 	Jul. 22: July 22
Jul 22 	22 July: July 22
	July: continued
Jul 22*	Friday: Every Friday
