Jun 18*	Saturday-2: Last (-2) Saturday
Jun 18*	Sat-2: Last (-2) Saturday
Jun 18*	Saturday+3: Third Saturday
Jun 18*	Sat+3: Third Saturday
Jun 18*	Saturday+3: Third Saturday in June
Jun 18*	Sat+3: Third Saturday in June
Jun 18*	Third: Third Saturday in June
Jun 18*	18 of every month
Jun 18 	6/18: June 18
Jun 18 	Jun. 18: June 18
Jun 18 	18 June: June 18
	June: continued
Jun 18*	Saturday: Every Saturday
Jun 19*	Sunday-2: Last (-2) Sunday
Jun 19*	Sun-2: Last (-2) Sunday
Jun 19*	Sunday+3: Third Sunday
Jun 19*	Sun+3: Third Sunday
Jun 19*	Sunday+3: Third Sunday in June
Jun 19*	Sun+3: Third Sunday in June
Jun 19*	Third: Third Sunday in June
Jun 19*	19 of every month
Jun 19 	6/19: June 19
Jun 19 	Jun. 19: June 19
Jun 19 	19 June: June 19
	June: continued
Jun 19*	Sunday: Every Sunday
