Jul 29*	Friday-1: Last (-1) Friday
Jul 29*	Fri-1: Last (-1) Friday
Jul 29*	Friday+5: Fifth Friday
Jul 29*	Fri+5: Fifth Friday
Jul 29*	Friday+5: Fifth Friday in July
Jul 29*	Fri+5: Fifth Friday in July
Jul 29*	Fifth: Fifth Friday in July
Jul 29*	29 of every month
Jul 29 	7/29: July 29
Jul 29 	Jul. 29: July 29
Jul 29 	29 July: July 29
	July: continued
Jul 29*	Friday: Every Friday
Jul 30*	Saturday-1: Last (-1) Saturday
Jul 30*	Sat-1: Last (-1) Saturday
Jul 30*	Saturday+5: Fifth Saturday
Jul 30*	Sat+5: Fifth Saturday
Jul 30*	Saturday+5: Fifth Saturday in July
Jul 30*	Sat+5: Fifth Saturday in July
Jul 30*	Fifth: Fifth Saturday in July
Jul 30*	30 of every month
Jul 30 	7/30: July 30
Jul 30 	Jul. 30: July 30
Jul 30 	30 July: July 30
	July: continued
Jul 30*	Saturday: Every Saturday
Jul 31*	Sunday-1: Last (-1) Sunday
Jul 31*	Sun-1: Last (-1) Sunday
Jul 31*	Sunday+5: Fifth Sunday
Jul 31*	Sun+5: Fifth Sunday
Jul 31*	Sunday+5: Fifth Sunday in July
Jul 31*	Sun+5: Fifth Sunday in July
Jul 31*	Fifth: Fifth Sunday in July
Jul 31*	31 of every month
Jul 31 	7/31: July 31
Jul 31 	Jul. 31: July 31
Jul 31 	31 July: July 31
	July: continued
Jul 31*	Sunday: Every Sunday
Aug 01*	Monday+1: First Monday
Aug 01*	Mon+1: First Monday
Aug 01*	Monday+1: First Monday in August
Aug 01*	Mon+1: First Monday in August
Aug 01*	First: First Monday in August
Aug 01*	Monday+5: Fifth Monday in July
Aug 01*	Mon+5: Fifth Monday in July
Aug 01*	Fifth: Fifth Monday in July
Aug 01*	1 of every month
Aug 01*	*: Beginning of every month
Aug 01*	Monday: Every Monday
Aug 01 	August: Every August 1st
