Nov 24*	Thursday-1: Last (-1) Thursday
Nov 24*	Thu-1: Last (-1) Thursday
Nov 24*	Thursday+4: Fourth Thursday
Nov 24*	Thu+4: Fourth Thursday
Nov 24*	Thursday+4: Fourth Thursday in November
Nov 24*	Thu+4: Fourth Thursday in November
Nov 24*	Fourth: Fourth Thursday in November
Nov 24*	24 of every month
Nov 24 	11/24: November 24
Nov 24 	Nov. 24: November 24
Nov 24 	24 November: November 24
	November: continued
Nov 24*	Thursday: Every Thursday
Nov 25*	Friday-1: Last (-1) Friday
Nov 25*	Fri-1: Last (-1) Friday
Nov 25*	Friday+4: Fourth Friday
Nov 25*	Fri+4: Fourth Friday
Nov 25*	Friday+4: Fourth Friday in November
Nov 25*	Fri+4: Fourth Friday in November
Nov 25*	Fourth: Fourth Friday in November
Nov 25*	25 of every month
Nov 25 	11/25: November 25
Nov 25 	Nov. 25: November 25
Nov 25 	25 November: November 25
	November: continued
Nov 25*	Friday: Every Friday
