Jun 05*	Sunday+1: First Sunday
Jun 05*	Sun+1: First Sunday
Jun 05*	Sunday+1: First Sunday in June
Jun 05*	Sun+1: First Sunday in June
Jun 05*	First: First Sunday in June
Jun 05*	Sunday-4: Last (-4) Sunday
Jun 05*	Sun-4: Last (-4) Sunday
Jun 05*	5 of every month
Jun 05 	6/5: June 5
Jun 05 	Jun. 5: June 5
Jun 05 	5 June: June 5
	June: continued
Jun 05*	Sunday: Every Sunday
Jun 06*	Monday+1: First Monday
Jun 06*	Mon+1: First Monday
Jun 06*	Monday+1: First Monday in June
Jun 06*	Mon+1: First Monday in June
Jun 06*	First: First Monday in June
Jun 06*	Monday-4: Last (-4) Monday
Jun 06*	Mon-4: Last (-4) Monday
Jun 06*	6 of every month
Jun 06 	6/6: June 6
Jun 06 	Jun. 6: June 6
Jun 06 	6 June: June 6
	June: continued
Jun 06*	Monday: Every Monday
