Nov 05*	Saturday+1: First Saturday
Nov 05*	Sat+1: First Saturday
Nov 05*	Saturday+1: First Saturday in November
Nov 05*	Sat+1: First Saturday in November
Nov 05*	First: First Saturday in November
Nov 05*	Saturday-4: Last (-4) Saturday
Nov 05*	Sat-4: Last (-4) Saturday
Nov 05*	5 of every month
Nov 05 	11/5: November 5
Nov 05 	Nov. 5: November 5
Nov 05 	5 November: November 5
	November: continued
Nov 05*	Saturday: Every Saturday
Nov 06*	Sunday+1: First Sunday
Nov 06*	Sun+1: First Sunday
Nov 06*	Sunday+1: First Sunday in November
Nov 06*	Sun+1: First Sunday in November
Nov 06*	First: First Sunday in November
Nov 06*	Sunday-4: Last (-4) Sunday
Nov 06*	Sun-4: Last (-4) Sunday
Nov 06*	6 of every month
Nov 06 	11/6: November 6
Nov 06 	Nov. 6: November 6
Nov 06 	6 November: November 6
	November: continued
Nov 06*	Sunday: Every Sunday
