Jun 26*	Sunday-1: Last (-1) Sunday
Jun 26*	Sun-1: Last (-1) Sunday
Jun 26*	Sunday+4: Fourth Sunday
Jun 26*	Sun+4: Fourth Sunday
Jun 26*	Sunday+4: Fourth Sunday in June
Jun 26*	Sun+4: Fourth Sunday in June
Jun 26*	Fourth: Fourth Sunday in June
Jun 26*	26 of every month
Jun 26 	6/26: June 26
Jun 26 	Jun. 26: June 26
Jun 26 	26 June: June 26
	June: continued
Jun 26*	Sunday: Every Sunday
Jun 27*	Monday-1: Last (-1) Monday
Jun 27*	Mon-1: Last (-1) Monday
Jun 27*	Monday+4: Fourth Monday
Jun 27*	Mon+4: Fourth Monday
Jun 27*	Monday+4: Fourth Monday in June
Jun 27*	Mon+4: Fourth Monday in June
Jun 27*	Fourth: Fourth Monday in June
Jun 27*	27 of every month
Jun 27 	6/27: June 27
Jun 27 	Jun. 27: June 27
Jun 27 	27 June: June 27
	June: continued
Jun 27*	Monday: Every Monday
