Nov 26*	Saturday-1: Last (-1) Saturday
Nov 26*	Sat-1: Last (-1) Saturday
Nov 26*	Saturday+4: Fourth Saturday
Nov 26*	Sat+4: Fourth Saturday
Nov 26*	Saturday+4: Fourth Saturday in November
Nov 26*	Sat+4: Fourth Saturday in November
Nov 26*	Fourth: Fourth Saturday in November
Nov 26*	26 of every month
Nov 26 	11/26: November 26
Nov 26 	Nov. 26: November 26
Nov 26 	26 November: November 26
	November: continued
Nov 26*	Saturday: Every Saturday
Nov 27*	Sunday-1: Last (-1) Sunday
Nov 27*	Sun-1: Last (-1) Sunday
Nov 27*	Sunday+4: Fourth Sunday
Nov 27*	Sun+4: Fourth Sunday
Nov 27*	Sunday+4: Fourth Sunday in November
Nov 27*	Sun+4: Fourth Sunday in November
Nov 27*	Fourth: Fourth Sunday in November
Nov 27*	27 of every month
Nov 27 	11/27: November 27
Nov 27 	Nov. 27: November 27
Nov 27 	27 November: November 27
	November: continued
Nov 27*	Sunday: Every Sunday
