Apr 24*	Sunday-1: Last (-1) Sunday
Apr 24*	Sun-1: Last (-1) Sunday
Apr 24*	Sunday+4: Fourth Sunday
Apr 24*	Sun+4: Fourth Sunday
Apr 24*	Sunday+4: Fourth Sunday in April
Apr 24*	Sun+4: Fourth Sunday in April
Apr 24*	Fourth: Fourth Sunday in April
Apr 24*	24 of every month
Apr 24 	4/24: April 24
Apr 24 	Apr. 24: April 24
Apr 24 	24 April: April 24
	April: continued
Apr 24*	Sunday: Every Sunday
Apr 25*	Monday-1: Last (-1) Monday
Apr 25*	Mon-1: Last (-1) Monday
Apr 25*	Monday+4: Fourth Monday
Apr 25*	Mon+4: Fourth Monday
Apr 25*	Monday+4: Fourth Monday in April
Apr 25*	Mon+4: Fourth Monday in April
Apr 25*	Fourth: Fourth Monday in April
Apr 25*	25 of every month
Apr 25 	4/25: April 25
Apr 25 	Apr. 25: April 25
Apr 25 	25 April: April 25
	April: continued
Apr 25*	Monday: Every Monday
