Nov 01*	Tuesday+1: First Tuesday
Nov 01*	Tue+1: First Tuesday
Nov 01*	Tuesday+1: First Tuesday in November
Nov 01*	Tue+1: First Tuesday in November
Nov 01*	First: First Tuesday in November
Nov 01*	Tuesday+5: Fifth Tuesday in October
Nov 01*	Tue+5: Fifth Tuesday in October
Nov 01*	Fifth: Fifth Tuesday in October
Nov 01*	1 of every month
Nov 01 	11/1: November 1
Nov 01 	Nov. 1: November 1
Nov 01 	1 November: November 1
	November: continued
Nov 01*	*: Beginning of every month
Nov 01*	Tuesday: Every Tuesday
Nov 01 	November: Every November 1st
Nov 02*	Wednesday+1: First Wednesday
Nov 02*	Wed+1: First Wednesday
Nov 02*	Wednesday+1: First Wednesday in November
Nov 02*	Wed+1: First Wednesday in November
Nov 02*	First: First Wednesday in November
Nov 02*	Wednesday+5: Fifth Wednesday in October
Nov 02*	Wed+5: Fifth Wednesday in October
Nov 02*	Fifth: Fifth Wednesday in October
Nov 02*	2 of every month
Nov 02 	11/2: November 2
Nov 02 	Nov. 2: November 2
Nov 02 	2 November: November 2
	November: continued
Nov 02*	Wednesday: Every Wednesday
