Mar 20*	Sunday-2: Last (-2) Sunday
Mar 20*	Sun-2: Last (-2) Sunday
Mar 20*	Sunday+3: Third Sunday
Mar 20*	Sun+3: Third Sunday
Mar 20*	Sunday+3: Third Sunday in March
Mar 20*	Sun+3: Third Sunday in March
Mar 20*	Third: Third Sunday in March
Mar 20*	20 of every month
Mar 20 	3/20: March 20
Mar 20 	Mar. 20: March 20
Mar 20 	20 March: March 20
	March: continued
Mar 20*	Sunday: Every Sunday
Mar 21*	Monday-2: Last (-2) Monday
Mar 21*	Mon-2: Last (-2) Monday
Mar 21*	Monday+3: Third Monday
Mar 21*	Mon+3: Third Monday
Mar 21*	Monday+3: Third Monday in March
Mar 21*	Mon+3: Third Monday in March
Mar 21*	Third: Third Monday in March
Mar 21*	21 of every month
Mar 21 	3/21: March 21
Mar 21 	Mar. 21: March 21
Mar 21 	21 March: March 21
	March: continued
Mar 21*	Monday: Every Monday
