May 24*	Tuesday-2: Last (-2) Tuesday
May 24*	Tue-2: Last (-2) Tuesday
May 24*	Tuesday+4: Fourth Tuesday
May 24*	Tue+4: Fourth Tuesday
May 24*	Tuesday+4: Fourth Tuesday in May
May 24*	Tue+4: Fourth Tuesday in May
May 24*	Fourth: Fourth Tuesday in May
May 24*	24 of every month
May 24 	5/24: May 24
May 24 	May. 24: May 24
May 24 	24 May: May 24
	May: continued
May 24*	Tuesday: Every Tuesday
May 25*	Wednesday-1: Last (-1) Wednesday
May 25*	Wed-1: Last (-1) Wednesday
May 25*	Wednesday+4: Fourth Wednesday
May 25*	Wed+4: Fourth Wednesday
May 25*	Wednesday+4: Fourth Wednesday in May
May 25*	Wed+4: Fourth Wednesday in May
May 25*	Fourth: Fourth Wednesday in May
May 25*	25 of every month
May 25 	5/25: May 25
May 25 	May. 25: May 25
May 25 	25 May: May 25
	May: continued
May 25*	Wednesday: Every Wednesday
