May 08*	Sunday+2: Second Sunday
May 08*	Sun+2: Second Sunday
May 08*	Sunday+2: Second Sunday in May
May 08*	Sun+2: Second Sunday in May
May 08*	Second: Second Sunday in May
May 08*	Sunday-4: Last (-4) Sunday
May 08*	Sun-4: Last (-4) Sunday
May 08*	8 of every month
May 08 	5/8: May 8
May 08 	May. 8: May 8
May 08 	8 May: May 8
	May: continued
May 08*	Sunday: Every Sunday
May 09*	Monday+2: Second Monday
May 09*	Mon+2: Second Monday
May 09*	Monday+2: Second Monday in May
May 09*	Mon+2: Second Monday in May
May 09*	Second: Second Monday in May
May 09*	Monday-4: Last (-4) Monday
May 09*	Mon-4: Last (-4) Monday
May 09*	9 of every month
May 09 	5/9: May 9
May 09 	May. 9: May 9
May 09 	9 May: May 9
	May: continued
May 09*	Monday: Every Monday
