Jun 19*	Sunday-2: Last (-2) Sunday
Jun 19*	Sun-2: Last (-2) Sunday
Jun 19*	Sunday+3: Third Sunday
Jun 19*	Sun+3: Third Sunday
Jun 19*	Sunday+3: Third Sunday in June
Jun 19*	Sun+3: Third Sunday in June
Jun 19*	Third: Third Sunday in June
Jun 19*	19 of every month
Jun 19 	6/19: June 19
Jun 19 	Jun. 19: June 19
Jun 19 	19 June: June 19
	June: continued
Jun 19*	Sunday: Every Sunday
Jun 20*	Monday-2: Last (-2) Monday
Jun 20*	Mon-2: Last (-2) Monday
Jun 20*	Monday+3: Third Monday
Jun 20*	Mon+3: Third Monday
Jun 20*	Monday+3: Third Monday in June
Jun 20*	Mon+3: Third Monday in June
Jun 20*	Third: Third Monday in June
Jun 20*	20 of every month
Jun 20 	6/20: June 20
Jun 20 	Jun. 20: June 20
Jun 20 	20 June: June 20
	June: continued
Jun 20*	Monday: Every Monday
