Feb 12*	Friday+2: Second Friday
Feb 12*	Fri+2: Second Friday
Feb 12*	Friday+2: Second Friday in February
Feb 12*	Fri+2: Second Friday in February
Feb 12*	Second: Second Friday in February
Feb 12*	Friday-3: Last (-3) Friday
Feb 12*	Fri-3: Last (-3) Friday
Feb 12*	12 of every month
Feb 12 	2/12: February 12
Feb 12 	Feb. 12: February 12
Feb 12 	12 February: February 12
	February: continued
Feb 12*	Friday: Every Friday
Feb 13*	Saturday+2: Second Saturday
Feb 13*	Sat+2: Second Saturday
Feb 13*	Saturday+2: Second Saturday in February
Feb 13*	Sat+2: Second Saturday in February
Feb 13*	Second: Second Saturday in February
Feb 13*	Saturday-3: Last (-3) Saturday
Feb 13*	Sat-3: Last (-3) Saturday
Feb 13*	13 of every month
Feb 13 	2/13: February 13
Feb 13 	Feb. 13: February 13
Feb 13 	13 February: February 13
	February: continued
Feb 13*	Saturday: Every Saturday
Feb 14*	Sunday+2: Second Sunday
Feb 14*	Sun+2: Second Sunday
Feb 14*	Sunday+2: Second Sunday in February
Feb 14*	Sun+2: Second Sunday in February
Feb 14*	Second: Second Sunday in February
Feb 14*	Sunday-3: Last (-3) Sunday
Feb 14*	Sun-3: Last (-3) Sunday
Feb 14*	14 of every month
Feb 14 	2/14: February 14
Feb 14 	Feb. 14: February 14
Feb 14 	14 February: February 14
	February: continued
Feb 14*	Sunday: Every Sunday
Feb 15*	Monday+3: Third Monday
Feb 15*	Mon+3: Third Monday
Feb 15*	Monday-3: Last (-3) Monday
Feb 15*	Mon-3: Last (-3) Monday
Feb 15*	Monday+3: Third Monday in February
Feb 15*	Mon+3: Third Monday in February
Feb 15*	Third: Third Monday in February
Feb 15*	15 of every month
Feb 15 	2/15: February 15
Feb 15 	Feb. 15: February 15
Feb 15 	15 February: February 15
	February: continued
Feb 15*	Monday: Every Monday
