Dec 14*	Wednesday+2: Second Wednesday
Dec 14*	Wed+2: Second Wednesday
Dec 14*	Wednesday+2: Second Wednesday in December
Dec 14*	Wed+2: Second Wednesday in December
Dec 14*	Second: Second Wednesday in December
Dec 14*	Wednesday-3: Last (-3) Wednesday
Dec 14*	Wed-3: Last (-3) Wednesday
Dec 14*	14 of every month
Dec 14 	12/14: December 14
Dec 14 	Dec. 14: December 14
Dec 14 	14 December: December 14
	December: continued
Dec 14*	Wednesday: Every Wednesday
Dec 15*	Thursday+3: Third Thursday
Dec 15*	Thu+3: Third Thursday
Dec 15*	Thursday-3: Last (-3) Thursday
Dec 15*	Thu-3: Last (-3) Thursday
Dec 15*	Thursday+3: Third Thursday in December
Dec 15*	Thu+3: Third Thursday in December
Dec 15*	Third: Third Thursday in December
Dec 15*	15 of every month
Dec 15 	12/15: December 15
Dec 15 	Dec. 15: December 15
Dec 15 	15 December: December 15
	December: continued
Dec 15*	Thursday: Every Thursday
