Jan 05*	Tuesday+1: First Tuesday
Jan 05*	Tue+1: First Tuesday
Jan 05*	Tuesday+1: First Tuesday in January
Jan 05*	Tue+1: First Tuesday in January
Jan 05*	First: First Tuesday in January
Jan 05*	Tuesday-4: Last (-4) Tuesday
Jan 05*	Tue-4: Last (-4) Tuesday
Jan 05*	5 of every month
Jan 05 	1/5: January 5
Jan 05 	Jan. 5: January 5
Jan 05 	5 January: January 5
	January: continued
Jan 05*	Tuesday: Every Tuesday
Jan 06*	Wednesday+1: First Wednesday
Jan 06*	Wed+1: First Wednesday
Jan 06*	Wednesday+1: First Wednesday in January
Jan 06*	Wed+1: First Wednesday in January
Jan 06*	First: First Wednesday in January
Jan 06*	Wednesday-4: Last (-4) Wednesday
Jan 06*	Wed-4: Last (-4) Wednesday
Jan 06*	6 of every month
Jan 06 	1/6: January 6
Jan 06 	Jan. 6: January 6
Jan 06 	6 January: January 6
	January: continued
Jan 06*	Wednesday: Every Wednesday
