Feb 28*	Sunday-1: Last (-1) Sunday
Feb 28*	Sun-1: Last (-1) Sunday
Feb 28*	Sunday+4: Fourth Sunday
Feb 28*	Sun+4: Fourth Sunday
Feb 28*	Sunday+4: Fourth Sunday in February
Feb 28*	Sun+4: Fourth Sunday in February
Feb 28*	Fourth: Fourth Sunday in February
Feb 28*	28 of every month
Feb 28 	2/28: February 28
Feb 28 	Feb. 28: February 28
Feb 28 	28 February: February 28
	February: continued
Feb 28*	Sunday: Every Sunday
Feb 29*	Monday-1: Last (-1) Monday
Feb 29*	Mon-1: Last (-1) Monday
Feb 29*	Monday+5: Fifth Monday
Feb 29*	Mon+5: Fifth Monday
Feb 29*	Monday+5: Fifth Monday in February
Feb 29*	Mon+5: Fifth Monday in February
Feb 29*	Fifth: Fifth Monday in February
Feb 29*	29 of every month
Feb 29 	2/29: February 29
Feb 29 	Feb. 29: February 29
Feb 29 	29 February: February 29
	February: continued
Feb 29*	Monday: Every Monday
