Oct 21*	Friday-2: Last (-2) Friday
Oct 21*	Fri-2: Last (-2) Friday
Oct 21*	Friday+3: Third Friday
Oct 21*	Fri+3: Third Friday
Oct 21*	Friday+3: Third Friday in October
Oct 21*	Fri+3: Third Friday in October
Oct 21*	Third: Third Friday in October
Oct 21*	21 of every month
Oct 21 	10/21: October 21
Oct 21 	Oct. 21: October 21
Oct 21 	21 October: October 21
	October: continued
Oct 21*	Friday: Every Friday
Oct 22*	Saturday-2: Last (-2) Saturday
Oct 22*	Sat-2: Last (-2) Saturday
Oct 22*	Saturday+4: Fourth Saturday
Oct 22*	Sat+4: Fourth Saturday
Oct 22*	Saturday+4: Fourth Saturday in October
Oct 22*	Sat+4: Fourth Saturday in October
Oct 22*	Fourth: Fourth Saturday in October
Oct 22*	22 of every month
Oct 22 	10/22: October 22
Oct 22 	Oct. 22: October 22
Oct 22 	22 October: October 22
	October: continued
Oct 22*	Saturday: Every Saturday
Oct 23*	Sunday-2: Last (-2) Sunday
Oct 23*	Sun-2: Last (-2) Sunday
Oct 23*	Sunday+4: Fourth Sunday
Oct 23*	Sun+4: Fourth Sunday
Oct 23*	Sunday+4: Fourth Sunday in October
Oct 23*	Sun+4: Fourth Sunday in October
Oct 23*	Fourth: Fourth Sunday in October
Oct 23*	23 of every month
Oct 23 	10/23: October 23
Oct 23 	Oct. 23: October 23
Oct 23 	23 October: October 23
	October: continued
Oct 23*	Sunday: Every Sunday
Oct 24*	Monday-2: Last (-2) Monday
Oct 24*	Mon-2: Last (-2) Monday
Oct 24*	Monday+4: Fourth Monday
Oct 24*	Mon+4: Fourth Monday
Oct 24*	Monday+4: Fourth Monday in October
Oct 24*	Mon+4: Fourth Monday in October
Oct 24*	Fourth: Fourth Monday in October
Oct 24*	24 of every month
Oct 24 	10/24: October 24
Oct 24 	Oct. 24: October 24
Oct 24 	24 October: October 24
	October: continued
Oct 24*	Monday: Every Monday
