Apr 14*	Thursday+2: Second Thursday
Apr 14*	Thu+2: Second Thursday
Apr 14*	Thursday+2: Second Thursday in April
Apr 14*	Thu+2: Second Thursday in April
Apr 14*	Second: Second Thursday in April
Apr 14*	Thursday-3: Last (-3) Thursday
Apr 14*	Thu-3: Last (-3) Thursday
Apr 14*	14 of every month
Apr 14 	4/14: April 14
Apr 14 	Apr. 14: April 14
Apr 14 	14 April: April 14
	April: continued
Apr 14*	Thursday: Every Thursday
Apr 15*	Friday+3: Third Friday
Apr 15*	Fri+3: Third Friday
Apr 15*	Friday-3: Last (-3) Friday
Apr 15*	Fri-3: Last (-3) Friday
Apr 15*	Friday+3: Third Friday in April
Apr 15*	Fri+3: Third Friday in April
Apr 15*	Third: Third Friday in April
Apr 15*	15 of every month
Apr 15 	4/15: April 15
Apr 15 	Apr. 15: April 15
Apr 15 	15 April: April 15
	April: continued
Apr 15*	Friday: Every Friday
