Oct 17*	Monday+3: Third Monday
Oct 17*	Mon+3: Third Monday
Oct 17*	Monday-3: Last (-3) Monday
Oct 17*	Mon-3: Last (-3) Monday
Oct 17*	Monday+3: Third Monday in October
Oct 17*	Mon+3: Third Monday in October
Oct 17*	Third: Third Monday in October
Oct 17*	17 of every month
Oct 17 	10/17: October 17
Oct 17 	Oct. 17: October 17
Oct 17 	17 October: October 17
	October: continued
Oct 17*	Monday: Every Monday
Oct 18*	Tuesday-2: Last (-2) Tuesday
Oct 18*	Tue-2: Last (-2) Tuesday
Oct 18*	Tuesday+3: Third Tuesday
Oct 18*	Tue+3: Third Tuesday
Oct 18*	Tuesday+3: Third Tuesday in October
Oct 18*	Tue+3: Third Tuesday in October
Oct 18*	Third: Third Tuesday in October
Oct 18*	18 of every month
Oct 18 	10/18: October 18
Oct 18 	Oct. 18: October 18
Oct 18 	18 October: October 18
	October: continued
Oct 18*	Tuesday: Every Tuesday
