Feb 11*	Thursday+2: Second Thursday
Feb 11*	Thu+2: Second Thursday
Feb 11*	Thursday+2: Second Thursday in February
Feb 11*	Thu+2: Second Thursday in February
Feb 11*	Second: Second Thursday in February
Feb 11*	Thursday-3: Last (-3) Thursday
Feb 11*	Thu-3: Last (-3) Thursday
Feb 11*	11 of every month
Feb 11 	2/11: February 11
Feb 11 	Feb. 11: February 11
Feb 11 	11 February: February 11
	February: continued
Feb 11*	Thursday: Every Thursday
Feb 12*	Friday+2: Second Friday
Feb 12*	Fri+2: Second Friday
Feb 12*	Friday+2: Second Friday in February
Feb 12*	Fri+2: Second Friday in February
Feb 12*	Second: Second Friday in February
Feb 12*	Friday-3: Last (-3) Friday
Feb 12*	Fri-3: Last (-3) Friday
Feb 12*	12 of every month
Feb 12 	2/12: February 12
Feb 12 	Feb. 12: February 12
Feb 12 	12 February: February 12
	February: continued
Feb 12*	Friday: Every Friday
