Mar 03*	Thursday+1: First Thursday
Mar 03*	Thu+1: First Thursday
Mar 03*	Thursday+1: First Thursday in March
Mar 03*	Thu+1: First Thursday in March
Mar 03*	First: First Thursday in March
Mar 03*	Thursday+5: Fifth Thursday in February
Mar 03*	Thu+5: Fifth Thursday in February
Mar 03*	Fifth: Fifth Thursday in February
Mar 03*	3 of every month
Mar 03 	3/3: March 3
Mar 03 	Mar. 3: March 3
Mar 03 	3 March: March 3
	March: continued
Mar 03*	Thursday: Every Thursday
Mar 04*	Friday+1: First Friday
Mar 04*	Fri+1: First Friday
Mar 04*	Friday+1: First Friday in March
Mar 04*	Fri+1: First Friday in March
Mar 04*	First: First Friday in March
Mar 04*	Friday-4: Last (-4) Friday
Mar 04*	Fri-4: Last (-4) Friday
Mar 04*	Friday+5: Fifth Friday in February
Mar 04*	Fri+5: Fifth Friday in February
Mar 04*	Fifth: Fifth Friday in February
Mar 04*	4 of every month
Mar 04 	3/4: March 4
Mar 04 	Mar. 4: March 4
Mar 04 	4 March: March 4
	March: continued
Mar 04*	Friday: Every Friday
