Apr 05*	Tuesday+1: First Tuesday
Apr 05*	Tue+1: First Tuesday
Apr 05*	Tuesday+1: First Tuesday in April
Apr 05*	Tue+1: First Tuesday in April
Apr 05*	First: First Tuesday in April
Apr 05*	Tuesday-4: Last (-4) Tuesday
Apr 05*	Tue-4: Last (-4) Tuesday
Apr 05*	5 of every month
Apr 05 	4/5: April 5
Apr 05 	Apr. 5: April 5
Apr 05 	5 April: April 5
	April: continued
Apr 05*	Tuesday: Every Tuesday
Apr 06*	Wednesday+1: First Wednesday
Apr 06*	Wed+1: First Wednesday
Apr 06*	Wednesday+1: First Wednesday in April
Apr 06*	Wed+1: First Wednesday in April
Apr 06*	First: First Wednesday in April
Apr 06*	Wednesday-4: Last (-4) Wednesday
Apr 06*	Wed-4: Last (-4) Wednesday
Apr 06*	6 of every month
Apr 06 	4/6: April 6
Apr 06 	Apr. 6: April 6
Apr 06 	6 April: April 6
	April: continued
Apr 06*	Wednesday: Every Wednesday
