May 20*	Friday-2: Last (-2) Friday
May 20*	Fri-2: Last (-2) Friday
May 20*	Friday+3: Third Friday
May 20*	Fri+3: Third Friday
May 20*	Friday+3: Third Friday in May
May 20*	Fri+3: Third Friday in May
May 20*	Third: Third Friday in May
May 20*	20 of every month
May 20 	5/20: May 20
May 20 	May. 20: May 20
May 20 	20 May: May 20
	May: continued
May 20*	Friday: Every Friday
May 21*	Saturday-2: Last (-2) Saturday
May 21*	Sat-2: Last (-2) Saturday
May 21*	Saturday+3: Third Saturday
May 21*	Sat+3: Third Saturday
May 21*	Saturday+3: Third Saturday in May
May 21*	Sat+3: Third Saturday in May
May 21*	Third: Third Saturday in May
May 21*	21 of every month
May 21 	5/21: May 21
May 21 	May. 21: May 21
May 21 	21 May: May 21
	May: continued
May 21*	Saturday: Every Saturday
May 22*	Sunday-2: Last (-2) Sunday
May 22*	Sun-2: Last (-2) Sunday
May 22*	Sunday+4: Fourth Sunday
May 22*	Sun+4: Fourth Sunday
May 22*	Sunday+4: Fourth Sunday in May
May 22*	Sun+4: Fourth Sunday in May
May 22*	Fourth: Fourth Sunday in May
May 22*	22 of every month
May 22 	5/22: May 22
May 22 	May. 22: May 22
May 22 	22 May: May 22
	May: continued
May 22*	Sunday: Every Sunday
May 23*	Monday-2: Last (-2) Monday
May 23*	Mon-2: Last (-2) Monday
May 23*	Monday+4: Fourth Monday
May 23*	Mon+4: Fourth Monday
May 23*	Monday+4: Fourth Monday in May
May 23*	Mon+4: Fourth Monday in May
May 23*	Fourth: Fourth Monday in May
May 23*	23 of every month
May 23 	5/23: May 23
May 23 	May. 23: May 23
May 23 	23 May: May 23
	May: continued
May 23*	Monday: Every Monday
