Dec 06*	Tuesday+1: First Tuesday
Dec 06*	Tue+1: First Tuesday
Dec 06*	Tuesday+1: First Tuesday in December
Dec 06*	Tue+1: First Tuesday in December
Dec 06*	First: First Tuesday in December
Dec 06*	Tuesday-4: Last (-4) Tuesday
Dec 06*	Tue-4: Last (-4) Tuesday
Dec 06*	6 of every month
Dec 06 	12/6: December 6
Dec 06 	Dec. 6: December 6
Dec 06 	6 December: December 6
	December: continued
Dec 06*	Tuesday: Every Tuesday
Dec 07*	Wednesday+1: First Wednesday
Dec 07*	Wed+1: First Wednesday
Dec 07*	Wednesday+1: First Wednesday in December
Dec 07*	Wed+1: First Wednesday in December
Dec 07*	First: First Wednesday in December
Dec 07*	Wednesday-4: Last (-4) Wednesday
Dec 07*	Wed-4: Last (-4) Wednesday
Dec 07*	7 of every month
Dec 07 	12/7: December 7
Dec 07 	Dec. 7: December 7
Dec 07 	7 December: December 7
	December: continued
Dec 07*	Wednesday: Every Wednesday
