Feb 13*	Saturday+2: Second Saturday
Feb 13*	Sat+2: Second Saturday
Feb 13*	Saturday+2: Second Saturday in February
Feb 13*	Sat+2: Second Saturday in February
Feb 13*	Second: Second Saturday in February
Feb 13*	Saturday-3: Last (-3) Saturday
Feb 13*	Sat-3: Last (-3) Saturday
Feb 13*	13 of every month
Feb 13 	2/13: February 13
Feb 13 	Feb. 13: February 13
Feb 13 	13 February: February 13
	February: continued
Feb 13*	Saturday: Every Saturday
Feb 14*	Sunday+2: Second Sunday
Feb 14*	Sun+2: Second Sunday
Feb 14*	Sunday+2: Second Sunday in February
Feb 14*	Sun+2: Second Sunday in February
Feb 14*	Second: Second Sunday in February
Feb 14*	Sunday-3: Last (-3) Sunday
Feb 14*	Sun-3: Last (-3) Sunday
Feb 14*	14 of every month
Feb 14 	2/14: February 14
Feb 14 	Feb. 14: February 14
Feb 14 	14 February: February 14
	February: continued
Feb 14*	Sunday: Every Sunday
