May 03*	Tuesday+1: First Tuesday
May 03*	Tue+1: First Tuesday
May 03*	Tuesday+1: First Tuesday in May
May 03*	Tue+1: First Tuesday in May
May 03*	First: First Tuesday in May
May 03*	Tuesday+5: Fifth Tuesday in April
May 03*	Tue+5: Fifth Tuesday in April
May 03*	Fifth: Fifth Tuesday in April
May 03*	3 of every month
May 03 	5/3: May 3
May 03 	May. 3: May 3
May 03 	3 May: May 3
	May: continued
May 03*	Tuesday: Every Tuesday
May 04*	Wednesday+1: First Wednesday
May 04*	Wed+1: First Wednesday
May 04*	Wednesday+1: First Wednesday in May
May 04*	Wed+1: First Wednesday in May
May 04*	First: First Wednesday in May
May 04*	Wednesday-4: Last (-4) Wednesday
May 04*	Wed-4: Last (-4) Wednesday
May 04*	Wednesday+5: Fifth Wednesday in April
May 04*	Wed+5: Fifth Wednesday in April
May 04*	Fifth: Fifth Wednesday in April
May 04*	4 of every month
May 04 	5/4: May 4
May 04 	May. 4: May 4
May 04 	4 May: May 4
	May: continued
May 04*	Wednesday: Every Wednesday
