Jun 09*	Thursday+2: Second Thursday
Jun 09*	Thu+2: Second Thursday
Jun 09*	Thursday+2: Second Thursday in June
Jun 09*	Thu+2: Second Thursday in June
Jun 09*	Second: Second Thursday in June
Jun 09*	Thursday-4: Last (-4) Thursday
Jun 09*	Thu-4: Last (-4) Thursday
Jun 09*	9 of every month
Jun 09 	6/9: June 9
Jun 09 	Jun. 9: June 9
Jun 09 	9 June: June 9
	June: continued
Jun 09*	Thursday: Every Thursday
Jun 10*	Friday+2: Second Friday
Jun 10*	Fri+2: Second Friday
Jun 10*	Friday+2: Second Friday in June
Jun 10*	Fri+2: Second Friday in June
Jun 10*	Second: Second Friday in June
Jun 10*	Friday-3: Last (-3) Friday
Jun 10*	Fri-3: Last (-3) Friday
Jun 10*	10 of every month
Jun 10 	6/10: June 10
Jun 10 	Jun. 10: June 10
Jun 10 	10 June: June 10
	June: continued
Jun 10*	Friday: Every Friday
