Jan 11*	Monday+2: Second Monday
Jan 11*	Mon+2: Second Monday
Jan 11*	Monday+2: Second Monday in January
Jan 11*	Mon+2: Second Monday in January
Jan 11*	Second: Second Monday in January
Jan 11*	Monday-3: Last (-3) Monday
Jan 11*	Mon-3: Last (-3) Monday
Jan 11*	11 of every month
Jan 11 	1/11: January 11
Jan 11 	Jan. 11: January 11
Jan 11 	11 January: January 11
	January: continued
Jan 11*	Monday: Every Monday
Jan 12*	Tuesday+2: Second Tuesday
Jan 12*	Tue+2: Second Tuesday
Jan 12*	Tuesday+2: Second Tuesday in January
Jan 12*	Tue+2: Second Tuesday in January
Jan 12*	Second: Second Tuesday in January
Jan 12*	Tuesday-3: Last (-3) Tuesday
Jan 12*	Tue-3: Last (-3) Tuesday
Jan 12*	12 of every month
Jan 12 	1/12: January 12
Jan 12 	Jan. 12: January 12
Jan 12 	12 January: January 12
	January: continued
Jan 12*	Tuesday: Every Tuesday
