Jul 15*	Friday+3: Third Friday
Jul 15*	Fri+3: Third Friday
Jul 15*	Friday-3: Last (-3) Friday
Jul 15*	Fri-3: Last (-3) Friday
Jul 15*	Friday+3: Third Friday in July
Jul 15*	Fri+3: Third Friday in July
Jul 15*	Third: Third Friday in July
Jul 15*	15 of every month
Jul 15 	7/15: July 15
Jul 15 	Jul. 15: July 15
Jul 15 	15 July: July 15
	July: continued
Jul 15*	Friday: Every Friday
Jul 16*	Saturday+3: Third Saturday
Jul 16*	Sat+3: Third Saturday
Jul 16*	Saturday-3: Last (-3) Saturday
Jul 16*	Sat-3: Last (-3) Saturday
Jul 16*	Saturday+3: Third Saturday in July
Jul 16*	Sat+3: Third Saturday in July
Jul 16*	Third: Third Saturday in July
Jul 16*	16 of every month
Jul 16 	7/16: July 16
Jul 16 	Jul. 16: July 16
Jul 16 	16 July: July 16
	July: continued
Jul 16*	Saturday: Every Saturday
Jul 17*	Sunday+3: Third Sunday
Jul 17*	Sun+3: Third Sunday
Jul 17*	Sunday-3: Last (-3) Sunday
Jul 17*	Sun-3: Last (-3) Sunday
Jul 17*	Sunday+3: Third Sunday in July
Jul 17*	Sun+3: Third Sunday in July
Jul 17*	Third: Third Sunday in July
Jul 17*	17 of every month
Jul 17 	7/17: July 17
Jul 17 	Jul. 17: July 17
Jul 17 	17 July: July 17
	July: continued
Jul 17*	Sunday: Every Sunday
Jul 18*	Monday-2: Last (-2) Monday
Jul 18*	Mon-2: Last (-2) Monday
Jul 18*	Monday+3: Third Monday
Jul 18*	Mon+3: Third Monday
Jul 18*	Monday+3: Third Monday in July
Jul 18*	Mon+3: Third Monday in July
Jul 18*	Third: Third Monday in July
Jul 18*	18 of every month
Jul 18 	7/18: July 18
Jul 18 	Jul. 18: July 18
Jul 18 	18 July: July 18
	July: continued
Jul 18*	Monday: Every Monday
