Mar 18*	Friday-2: Last (-2) Friday
Mar 18*	Fri-2: Last (-2) Friday
Mar 18*	Friday+3: Third Friday
Mar 18*	Fri+3: Third Friday
Mar 18*	Friday+3: Third Friday in March
Mar 18*	Fri+3: Third Friday in March
Mar 18*	Third: Third Friday in March
Mar 18*	18 of every month
Mar 18 	3/18: March 18
Mar 18 	Mar. 18: March 18
Mar 18 	18 March: March 18
	March: continued
Mar 18*	Friday: Every Friday
Mar 19*	Saturday-2: Last (-2) Saturday
Mar 19*	Sat-2: Last (-2) Saturday
Mar 19*	Saturday+3: Third Saturday
Mar 19*	Sat+3: Third Saturday
Mar 19*	Saturday+3: Third Saturday in March
Mar 19*	Sat+3: Third Saturday in March
Mar 19*	Third: Third Saturday in March
Mar 19*	19 of every month
Mar 19 	3/19: March 19
Mar 19 	Mar. 19: March 19
Mar 19 	19 March: March 19
	March: continued
Mar 19*	Saturday: Every Saturday
Mar 20*	Sunday-2: Last (-2) Sunday
Mar 20*	Sun-2: Last (-2) Sunday
Mar 20*	Sunday+3: Third Sunday
Mar 20*	Sun+3: Third Sunday
Mar 20*	Sunday+3: Third Sunday in March
Mar 20*	Sun+3: Third Sunday in March
Mar 20*	Third: Third Sunday in March
Mar 20*	20 of every month
Mar 20 	3/20: March 20
Mar 20 	Mar. 20: March 20
Mar 20 	20 March: March 20
	March: continued
Mar 20*	Sunday: Every Sunday
Mar 21*	Monday-2: Last (-2) Monday
Mar 21*	Mon-2: Last (-2) Monday
Mar 21*	Monday+3: Third Monday
Mar 21*	Mon+3: Third Monday
Mar 21*	Monday+3: Third Monday in March
Mar 21*	Mon+3: Third Monday in March
Mar 21*	Third: Third Monday in March
Mar 21*	21 of every month
Mar 21 	3/21: March 21
Mar 21 	Mar. 21: March 21
Mar 21 	21 March: March 21
	March: continued
Mar 21*	Monday: Every Monday
