Jun 13*	Monday+2: Second Monday
Jun 13*	Mon+2: Second Monday
Jun 13*	Monday+2: Second Monday in June
Jun 13*	Mon+2: Second Monday in June
Jun 13*	Second: Second Monday in June
Jun 13*	Monday-3: Last (-3) Monday
Jun 13*	Mon-3: Last (-3) Monday
Jun 13*	13 of every month
Jun 13 	6/13: June 13
Jun 13 	Jun. 13: June 13
Jun 13 	13 June: June 13
	June: continued
Jun 13*	Monday: Every Monday
Jun 14*	Tuesday+2: Second Tuesday
Jun 14*	Tue+2: Second Tuesday
Jun 14*	Tuesday+2: Second Tuesday in June
Jun 14*	Tue+2: Second Tuesday in June
Jun 14*	Second: Second Tuesday in June
Jun 14*	Tuesday-3: Last (-3) Tuesday
Jun 14*	Tue-3: Last (-3) Tuesday
Jun 14*	14 of every month
Jun 14 	6/14: June 14
Jun 14 	Jun. 14: June 14
Jun 14 	14 June: June 14
	June: continued
Jun 14*	Tuesday: Every Tuesday
