Jan 19*	Tuesday-2: Last (-2) Tuesday
Jan 19*	Tue-2: Last (-2) Tuesday
Jan 19*	Tuesday+3: Third Tuesday
Jan 19*	Tue+3: Third Tuesday
Jan 19*	Tuesday+3: Third Tuesday in January
Jan 19*	Tue+3: Third Tuesday in January
Jan 19*	Third: Third Tuesday in January
Jan 19*	19 of every month
Jan 19 	1/19: January 19
Jan 19 	Jan. 19: January 19
Jan 19 	19 January: January 19
	January: continued
Jan 19*	Tuesday: Every Tuesday
Jan 20*	Wednesday-2: Last (-2) Wednesday
Jan 20*	Wed-2: Last (-2) Wednesday
Jan 20*	Wednesday+3: Third Wednesday
Jan 20*	Wed+3: Third Wednesday
Jan 20*	Wednesday+3: Third Wednesday in January
Jan 20*	Wed+3: Third Wednesday in January
Jan 20*	Third: Third Wednesday in January
Jan 20*	20 of every month
Jan 20 	1/20: January 20
Jan 20 	Jan. 20: January 20
Jan 20 	20 January: January 20
	January: continued
Jan 20*	Wednesday: Every Wednesday
