May 27*	Friday-1: Last (-1) Friday
May 27*	Fri-1: Last (-1) Friday
May 27*	Friday+4: Fourth Friday
May 27*	Fri+4: Fourth Friday
May 27*	Friday+4: Fourth Friday in May
May 27*	Fri+4: Fourth Friday in May
May 27*	Fourth: Fourth Friday in May
May 27*	27 of every month
May 27 	5/27: May 27
May 27 	May. 27: May 27
May 27 	27 May: May 27
	May: continued
May 27*	Friday: Every Friday
May 28*	Saturday-1: Last (-1) Saturday
May 28*	Sat-1: Last (-1) Saturday
May 28*	Saturday+4: Fourth Saturday
May 28*	Sat+4: Fourth Saturday
May 28*	Saturday+4: Fourth Saturday in May
May 28*	Sat+4: Fourth Saturday in May
May 28*	Fourth: Fourth Saturday in May
May 28*	28 of every month
May 28 	5/28: May 28
May 28 	May. 28: May 28
May 28 	28 May: May 28
	May: continued
May 28*	Saturday: Every Saturday
May 29*	Sunday-1: Last (-1) Sunday
May 29*	Sun-1: Last (-1) Sunday
May 29*	Sunday+5: Fifth Sunday
May 29*	Sun+5: Fifth Sunday
May 29*	Sunday+5: Fifth Sunday in May
May 29*	Sun+5: Fifth Sunday in May
May 29*	Fifth: Fifth Sunday in May
May 29*	29 of every month
May 29 	5/29: May 29
May 29 	May. 29: May 29
May 29 	29 May: May 29
	May: continued
May 29*	Sunday: Every Sunday
May 30*	Monday-1: Last (-1) Monday
May 30*	Mon-1: Last (-1) Monday
May 30*	Monday+5: Fifth Monday
May 30*	Mon+5: Fifth Monday
May 30*	Monday+5: Fifth Monday in May
May 30*	Mon+5: Fifth Monday in May
May 30*	Fifth: Fifth Monday in May
May 30*	30 of every month
May 30 	5/30: May 30
May 30 	May. 30: May 30
May 30 	30 May: May 30
	May: continued
May 30*	Monday: Every Monday
