Feb 25*	Thursday-1: Last (-1) Thursday
Feb 25*	Thu-1: Last (-1) Thursday
Feb 25*	Thursday+4: Fourth Thursday
Feb 25*	Thu+4: Fourth Thursday
Feb 25*	Thursday+4: Fourth Thursday in February
Feb 25*	Thu+4: Fourth Thursday in February
Feb 25*	Fourth: Fourth Thursday in February
Feb 25*	25 of every month
Feb 25 	2/25: February 25
Feb 25 	Feb. 25: February 25
Feb 25 	25 February: February 25
	February: continued
Feb 25*	Thursday: Every Thursday
Feb 26*	Friday-1: Last (-1) Friday
Feb 26*	Fri-1: Last (-1) Friday
Feb 26*	Friday+4: Fourth Friday
Feb 26*	Fri+4: Fourth Friday
Feb 26*	Friday+4: Fourth Friday in February
Feb 26*	Fri+4: Fourth Friday in February
Feb 26*	Fourth: Fourth Friday in February
Feb 26*	26 of every month
Feb 26 	2/26: February 26
Feb 26 	Feb. 26: February 26
Feb 26 	26 February: February 26
	February: continued
Feb 26*	Friday: Every Friday
