Mar 01*	Tuesday+1: First Tuesday
Mar 01*	Tue+1: First Tuesday
Mar 01*	Tuesday+1: First Tuesday in March
Mar 01*	Tue+1: First Tuesday in March
Mar 01*	First: First Tuesday in March
Mar 01*	Tuesday+5: Fifth Tuesday in February
Mar 01*	Tue+5: Fifth Tuesday in February
Mar 01*	Fifth: Fifth Tuesday in February
Mar 01*	1 of every month
Mar 01 	3/1: March 1
Mar 01 	Mar. 1: March 1
Mar 01 	1 March: March 1
	March: continued
Mar 01*	*: Beginning of every month
Mar 01*	Tuesday: Every Tuesday
Mar 01 	March: Every March 1st
Mar 02*	Wednesday+1: First Wednesday
Mar 02*	Wed+1: First Wednesday
Mar 02*	Wednesday+1: First Wednesday in March
Mar 02*	Wed+1: First Wednesday in March
Mar 02*	First: First Wednesday in March
Mar 02*	Wednesday+5: Fifth Wednesday in February
Mar 02*	Wed+5: Fifth Wednesday in February
Mar 02*	Fifth: Fifth Wednesday in February
Mar 02*	2 of every month
Mar 02 	3/2: March 2
Mar 02 	Mar. 2: March 2
Mar 02 	2 March: March 2
	March: continued
Mar 02*	Wednesday: Every Wednesday
