Jun 01*	Wednesday+1: First Wednesday
Jun 01*	Wed+1: First Wednesday
Jun 01*	Wednesday+1: First Wednesday in June
Jun 01*	Wed+1: First Wednesday in June
Jun 01*	First: First Wednesday in June
Jun 01*	Wednesday+5: Fifth Wednesday in May
Jun 01*	Wed+5: Fifth Wednesday in May
Jun 01*	Fifth: Fifth Wednesday in May
Jun 01*	1 of every month
Jun 01 	6/1: June 1
Jun 01 	Jun. 1: June 1
Jun 01 	1 June: June 1
	June: continued
Jun 01*	*: Beginning of every month
Jun 01*	Wednesday: Every Wednesday
Jun 01 	June: Every June 1st
Jun 02*	Thursday+1: First Thursday
Jun 02*	Thu+1: First Thursday
Jun 02*	Thursday+1: First Thursday in June
Jun 02*	Thu+1: First Thursday in June
Jun 02*	First: First Thursday in June
Jun 02*	Thursday+5: Fifth Thursday in May
Jun 02*	Thu+5: Fifth Thursday in May
Jun 02*	Fifth: Fifth Thursday in May
Jun 02*	2 of every month
Jun 02 	6/2: June 2
Jun 02 	Jun. 2: June 2
Jun 02 	2 June: June 2
	June: continued
Jun 02*	Thursday: Every Thursday
