Mar 12*	Saturday+2: Second Saturday
Mar 12*	Sat+2: Second Saturday
Mar 12*	Saturday+2: Second Saturday in March
Mar 12*	Sat+2: Second Saturday in March
Mar 12*	Second: Second Saturday in March
Mar 12*	Saturday-3: Last (-3) Saturday
Mar 12*	Sat-3: Last (-3) Saturday
Mar 12*	12 of every month
Mar 12 	3/12: March 12
Mar 12 	Mar. 12: March 12
Mar 12 	12 March: March 12
	March: continued
Mar 12*	Saturday: Every Saturday
Mar 13*	Sunday+2: Second Sunday
Mar 13*	Sun+2: Second Sunday
Mar 13*	Sunday+2: Second Sunday in March
Mar 13*	Sun+2: Second Sunday in March
Mar 13*	Second: Second Sunday in March
Mar 13*	Sunday-3: Last (-3) Sunday
Mar 13*	Sun-3: Last (-3) Sunday
Mar 13*	13 of every month
Mar 13 	3/13: March 13
Mar 13 	Mar. 13: March 13
Mar 13 	13 March: March 13
	March: continued
Mar 13*	Sunday: Every Sunday
