Apr 01*	Friday+1: First Friday
Apr 01*	Fri+1: First Friday
Apr 01*	Friday+1: First Friday in April
Apr 01*	Fri+1: First Friday in April
Apr 01*	First: First Friday in April
Apr 01*	Friday+5: Fifth Friday in March
Apr 01*	Fri+5: Fifth Friday in March
Apr 01*	Fifth: Fifth Friday in March
Apr 01*	1 of every month
Apr 01 	4/1: April 1
Apr 01 	Apr. 1: April 1
Apr 01 	1 April: April 1
	April: continued
Apr 01*	*: Beginning of every month
Apr 01*	Friday: Every Friday
Apr 01 	April: Every April 1st
Apr 02*	Saturday+1: First Saturday
Apr 02*	Sat+1: First Saturday
Apr 02*	Saturday+1: First Saturday in April
Apr 02*	Sat+1: First Saturday in April
Apr 02*	First: First Saturday in April
Apr 02*	Saturday+5: Fifth Saturday in March
Apr 02*	Sat+5: Fifth Saturday in March
Apr 02*	Fifth: Fifth Saturday in March
Apr 02*	2 of every month
Apr 02 	4/2: April 2
Apr 02 	Apr. 2: April 2
Apr 02 	2 April: April 2
	April: continued
Apr 02*	Saturday: Every Saturday
Apr 03*	Sunday+1: First Sunday
Apr 03*	Sun+1: First Sunday
Apr 03*	Sunday+1: First Sunday in April
Apr 03*	Sun+1: First Sunday in April
Apr 03*	First: First Sunday in April
Apr 03*	Sunday-4: Last (-4) Sunday
Apr 03*	Sun-4: Last (-4) Sunday
Apr 03*	Sunday+5: Fifth Sunday in March
Apr 03*	Sun+5: Fifth Sunday in March
Apr 03*	Fifth: Fifth Sunday in March
Apr 03*	3 of every month
Apr 03 	4/3: April 3
Apr 03 	Apr. 3: April 3
Apr 03 	3 April: April 3
	April: continued
Apr 03*	Sunday: Every Sunday
Apr 04*	Monday+1: First Monday
Apr 04*	Mon+1: First Monday
Apr 04*	Monday+1: First Monday in April
Apr 04*	Mon+1: First Monday in April
Apr 04*	First: First Monday in April
Apr 04*	Monday-4: Last (-4) Monday
Apr 04*	Mon-4: Last (-4) Monday
Apr 04*	Monday+5: Fifth Monday in March
Apr 04*	Mon+5: Fifth Monday in March
Apr 04*	Fifth: Fifth Monday in March
Apr 04*	4 of every month
Apr 04 	4/4: April 4
Apr 04 	Apr. 4: April 4
Apr 04 	4 April: April 4
	April: continued
Apr 04*	Monday: Every Monday
