Apr 17*	Sunday-2: Last (-2) Sunday
Apr 17*	Sun-2: Last (-2) Sunday
Apr 17*	Sunday+3: Third Sunday
Apr 17*	Sun+3: Third Sunday
Apr 17*	Sunday+3: Third Sunday in April
Apr 17*	Sun+3: Third Sunday in April
Apr 17*	Third: Third Sunday in April
Apr 17*	17 of every month
Apr 17 	4/17: April 17
Apr 17 	Apr. 17: April 17
Apr 17 	17 April: April 17
	April: continued
Apr 17*	Sunday: Every Sunday
Apr 18*	Monday-2: Last (-2) Monday
Apr 18*	Mon-2: Last (-2) Monday
Apr 18*	Monday+3: Third Monday
Apr 18*	Mon+3: Third Monday
Apr 18*	Monday+3: Third Monday in April
Apr 18*	Mon+3: Third Monday in April
Apr 18*	Third: Third Monday in April
Apr 18*	18 of every month
Apr 18 	4/18: April 18
Apr 18 	Apr. 18: April 18
Apr 18 	18 April: April 18
	April: continued
Apr 18*	Monday: Every Monday
