Jul 04*	Monday+1: First Monday
Jul 04*	Mon+1: First Monday
Jul 04*	Monday+1: First Monday in July
Jul 04*	Mon+1: First Monday in July
Jul 04*	First: First Monday in July
Jul 04*	Monday-4: Last (-4) Monday
Jul 04*	Mon-4: Last (-4) Monday
Jul 04*	Monday+5: Fifth Monday in June
Jul 04*	Mon+5: Fifth Monday in June
Jul 04*	Fifth: Fifth Monday in June
Jul 04*	4 of every month
Jul 04 	7/4: July 4
Jul 04 	Jul. 4: July 4
Jul 04 	4 July: July 4
	July: continued
Jul 04*	Monday: Every Monday
Jul 05*	Tuesday+1: First Tuesday
Jul 05*	Tue+1: First Tuesday
Jul 05*	Tuesday+1: First Tuesday in July
Jul 05*	Tue+1: First Tuesday in July
Jul 05*	First: First Tuesday in July
Jul 05*	Tuesday-4: Last (-4) Tuesday
Jul 05*	Tue-4: Last (-4) Tuesday
Jul 05*	Tuesday+5: Fifth Tuesday in June
Jul 05*	Tue+5: Fifth Tuesday in June
Jul 05*	Fifth: Fifth Tuesday in June
Jul 05*	5 of every month
Jul 05 	7/5: July 5
Jul 05 	Jul. 5: July 5
Jul 05 	5 July: July 5
	July: continued
Jul 05*	Tuesday: Every Tuesday
