Nov 12*	Saturday+2: Second Saturday
Nov 12*	Sat+2: Second Saturday
Nov 12*	Saturday+2: Second Saturday in November
Nov 12*	Sat+2: Second Saturday in November
Nov 12*	Second: Second Saturday in November
Nov 12*	Saturday-3: Last (-3) Saturday
Nov 12*	Sat-3: Last (-3) Saturday
Nov 12*	12 of every month
Nov 12 	11/12: November 12
Nov 12 	Nov. 12: November 12
Nov 12 	12 November: November 12
	November: continued
Nov 12*	Saturday: Every Saturday
Nov 13*	Sunday+2: Second Sunday
Nov 13*	Sun+2: Second Sunday
Nov 13*	Sunday+2: Second Sunday in November
Nov 13*	Sun+2: Second Sunday in November
Nov 13*	Second: Second Sunday in November
Nov 13*	Sunday-3: Last (-3) Sunday
Nov 13*	Sun-3: Last (-3) Sunday
Nov 13*	13 of every month
Nov 13 	11/13: November 13
Nov 13 	Nov. 13: November 13
Nov 13 	13 November: November 13
	November: continued
Nov 13*	Sunday: Every Sunday
