Jun 12*	Sunday+2: Second Sunday
Jun 12*	Sun+2: Second Sunday
Jun 12*	Sunday+2: Second Sunday in June
Jun 12*	Sun+2: Second Sunday in June
Jun 12*	Second: Second Sunday in June
Jun 12*	Sunday-3: Last (-3) Sunday
Jun 12*	Sun-3: Last (-3) Sunday
Jun 12*	12 of every month
Jun 12 	6/12: June 12
Jun 12 	Jun. 12: June 12
Jun 12 	12 June: June 12
	June: continued
Jun 12*	Sunday: Every Sunday
Jun 13*	Monday+2: Second Monday
Jun 13*	Mon+2: Second Monday
Jun 13*	Monday+2: Second Monday in June
Jun 13*	Mon+2: Second Monday in June
Jun 13*	Second: Second Monday in June
Jun 13*	Monday-3: Last (-3) Monday
Jun 13*	Mon-3: Last (-3) Monday
Jun 13*	13 of every month
Jun 13 	6/13: June 13
Jun 13 	Jun. 13: June 13
Jun 13 	13 June: June 13
	June: continued
Jun 13*	Monday: Every Monday
