Oct 28*	Friday-1: Last (-1) Friday
Oct 28*	Fri-1: Last (-1) Friday
Oct 28*	Friday+4: Fourth Friday
Oct 28*	Fri+4: Fourth Friday
Oct 28*	Friday+4: Fourth Friday in October
Oct 28*	Fri+4: Fourth Friday in October
Oct 28*	Fourth: Fourth Friday in October
Oct 28*	28 of every month
Oct 28 	10/28: October 28
Oct 28 	Oct. 28: October 28
Oct 28 	28 October: October 28
	October: continued
Oct 28*	Friday: Every Friday
Oct 29*	Saturday-1: Last (-1) Saturday
Oct 29*	Sat-1: Last (-1) Saturday
Oct 29*	Saturday+5: Fifth Saturday
Oct 29*	Sat+5: Fifth Saturday
Oct 29*	Saturday+5: Fifth Saturday in October
Oct 29*	Sat+5: Fifth Saturday in October
Oct 29*	Fifth: Fifth Saturday in October
Oct 29*	29 of every month
Oct 29 	10/29: October 29
Oct 29 	Oct. 29: October 29
Oct 29 	29 October: October 29
	October: continued
Oct 29*	Saturday: Every Saturday
Oct 30*	Sunday-1: Last (-1) Sunday
Oct 30*	Sun-1: Last (-1) Sunday
Oct 30*	Sunday+5: Fifth Sunday
Oct 30*	Sun+5: Fifth Sunday
Oct 30*	Sunday+5: Fifth Sunday in October
Oct 30*	Sun+5: Fifth Sunday in October
Oct 30*	Fifth: Fifth Sunday in October
Oct 30*	30 of every month
Oct 30 	10/30: October 30
Oct 30 	Oct. 30: October 30
Oct 30 	30 October: October 30
	October: continued
Oct 30*	Sunday: Every Sunday
Oct 31*	Monday-1: Last (-1) Monday
Oct 31*	Mon-1: Last (-1) Monday
Oct 31*	Monday+5: Fifth Monday
Oct 31*	Mon+5: Fifth Monday
Oct 31*	Monday+5: Fifth Monday in October
Oct 31*	Mon+5: Fifth Monday in October
Oct 31*	Fifth: Fifth Monday in October
Oct 31*	31 of every month
Oct 31 	10/31: October 31
Oct 31 	Oct. 31: October 31
Oct 31 	31 October: October 31
	October: continued
Oct 31*	Monday: Every Monday
