Jul 31*	Sunday-1: Last (-1) Sunday
Jul 31*	Sun-1: Last (-1) Sunday
Jul 31*	Sunday+5: Fifth Sunday
Jul 31*	Sun+5: Fifth Sunday
Jul 31*	Sunday+5: Fifth Sunday in July
Jul 31*	Sun+5: Fifth Sunday in July
Jul 31*	Fifth: Fifth Sunday in July
Jul 31*	31 of every month
Jul 31 	7/31: July 31
Jul 31 	Jul. 31: July 31
Jul 31 	31 July: July 31
	July: continued
Jul 31*	Sunday: Every Sunday
Aug 01*	Monday+1: First Monday
Aug 01*	Mon+1: First Monday
Aug 01*	Monday+1: First Monday in August
Aug 01*	Mon+1: First Monday in August
Aug 01*	First: First Monday in August
Aug 01*	Monday+5: Fifth Monday in July
Aug 01*	Mon+5: Fifth Monday in July
Aug 01*	Fifth: Fifth Monday in July
Aug 01*	1 of every month
Aug 01*	*: Beginning of every month
Aug 01*	Monday: Every Monday
Aug 01 	August: Every August 1st
