Jul 28*	Thursday-1: Last (-1) Thursday
Jul 28*	Thu-1: Last (-1) Thursday
Jul 28*	Thursday+4: Fourth Thursday
Jul 28*	Thu+4: Fourth Thursday
Jul 28*	Thursday+4: Fourth Thursday in July
Jul 28*	Thu+4: Fourth Thursday in July
Jul 28*	Fourth: Fourth Thursday in July
Jul 28*	28 of every month
Jul 28 	7/28: July 28
Jul 28 	Jul. 28: July 28
Jul 28 	28 July: July 28
	July: continued
Jul 28*	Thursday: Every Thursday
Jul 29*	Friday-1: Last (-1) Friday
Jul 29*	Fri-1: Last (-1) Friday
Jul 29*	Friday+5: Fifth Friday
Jul 29*	Fri+5: Fifth Friday
Jul 29*	Friday+5: Fifth Friday in July
Jul 29*	Fri+5: Fifth Friday in July
Jul 29*	Fifth: Fifth Friday in July
Jul 29*	29 of every month
Jul 29 	7/29: July 29
Jul 29 	Jul. 29: July 29
Jul 29 	29 July: July 29
	July: continued
Jul 29*	Friday: Every Friday
