Nov 21*	Monday-2: Last (-2) Monday
Nov 21*	Mon-2: Last (-2) Monday
Nov 21*	Monday+3: Third Monday
Nov 21*	Mon+3: Third Monday
Nov 21*	Monday+3: Third Monday in November
Nov 21*	Mon+3: Third Monday in November
Nov 21*	Third: Third Monday in November
Nov 21*	21 of every month
Nov 21 	11/21: November 21
Nov 21 	Nov. 21: November 21
Nov 21 	21 November: November 21
	November: continued
Nov 21*	Monday: Every Monday
Nov 22*	Tuesday-2: Last (-2) Tuesday
Nov 22*	Tue-2: Last (-2) Tuesday
Nov 22*	Tuesday+4: Fourth Tuesday
Nov 22*	Tue+4: Fourth Tuesday
Nov 22*	Tuesday+4: Fourth Tuesday in November
Nov 22*	Tue+4: Fourth Tuesday in November
Nov 22*	Fourth: Fourth Tuesday in November
Nov 22*	22 of every month
Nov 22 	11/22: November 22
Nov 22 	Nov. 22: November 22
Nov 22 	22 November: November 22
	November: continued
Nov 22*	Tuesday: Every Tuesday
