Oct 02*	Sunday+1: First Sunday
Oct 02*	Sun+1: First Sunday
Oct 02*	Sunday+1: First Sunday in October
Oct 02*	Sun+1: First Sunday in October
Oct 02*	First: First Sunday in October
Oct 02*	Sunday+5: Fifth Sunday in September
Oct 02*	Sun+5: Fifth Sunday in September
Oct 02*	Fifth: Fifth Sunday in September
Oct 02*	2 of every month
Oct 02 	10/2: October 2
Oct 02 	Oct. 2: October 2
Oct 02 	2 October: October 2
	October: continued
Oct 02*	Sunday: Every Sunday
Oct 03*	Monday+1: First Monday
Oct 03*	Mon+1: First Monday
Oct 03*	Monday+1: First Monday in October
Oct 03*	Mon+1: First Monday in October
Oct 03*	First: First Monday in October
Oct 03*	Monday+5: Fifth Monday in September
Oct 03*	Mon+5: Fifth Monday in September
Oct 03*	Fifth: Fifth Monday in September
Oct 03*	3 of every month
Oct 03 	10/3: October 3
Oct 03 	Oct. 3: October 3
Oct 03 	3 October: October 3
	October: continued
Oct 03*	Monday: Every Monday
