Mar 22*	Tuesday-2: Last (-2) Tuesday
Mar 22*	Tue-2: Last (-2) Tuesday
Mar 22*	Tuesday+4: Fourth Tuesday
Mar 22*	Tue+4: Fourth Tuesday
Mar 22*	Tuesday+4: Fourth Tuesday in March
Mar 22*	Tue+4: Fourth Tuesday in March
Mar 22*	Fourth: Fourth Tuesday in March
Mar 22*	22 of every month
Mar 22 	3/22: March 22
Mar 22 	Mar. 22: March 22
Mar 22 	22 March: March 22
	March: continued
Mar 22*	Tuesday: Every Tuesday
Mar 23*	Wednesday-2: Last (-2) Wednesday
Mar 23*	Wed-2: Last (-2) Wednesday
Mar 23*	Wednesday+4: Fourth Wednesday
Mar 23*	Wed+4: Fourth Wednesday
Mar 23*	Wednesday+4: Fourth Wednesday in March
Mar 23*	Wed+4: Fourth Wednesday in March
Mar 23*	Fourth: Fourth Wednesday in March
Mar 23*	23 of every month
Mar 23 	3/23: March 23
Mar 23 	Mar. 23: March 23
Mar 23 	23 March: March 23
	March: continued
Mar 23*	Wednesday: Every Wednesday
