Aug 26*	Friday-1: Last (-1) Friday
Aug 26*	Fri-1: Last (-1) Friday
Aug 26*	Friday+4: Fourth Friday
Aug 26*	Fri+4: Fourth Friday
Aug 26*	Friday+4: Fourth Friday in August
Aug 26*	Fri+4: Fourth Friday in August
Aug 26*	Fourth: Fourth Friday in August
Aug 26*	26 of every month
Aug 26*	Friday: Every Friday
Aug 27*	Saturday-1: Last (-1) Saturday
Aug 27*	Sat-1: Last (-1) Saturday
Aug 27*	Saturday+4: Fourth Saturday
Aug 27*	Sat+4: Fourth Saturday
Aug 27*	Saturday+4: Fourth Saturday in August
Aug 27*	Sat+4: Fourth Saturday in August
Aug 27*	Fourth: Fourth Saturday in August
Aug 27*	27 of every month
Aug 27*	Saturday: Every Saturday
Aug 28*	Sunday-1: Last (-1) Sunday
Aug 28*	Sun-1: Last (-1) Sunday
Aug 28*	Sunday+4: Fourth Sunday
Aug 28*	Sun+4: Fourth Sunday
Aug 28*	Sunday+4: Fourth Sunday in August
Aug 28*	Sun+4: Fourth Sunday in August
Aug 28*	Fourth: Fourth Sunday in August
Aug 28*	28 of every month
Aug 28*	Sunday: Every Sunday
Aug 29*	Monday-1: Last (-1) Monday
Aug 29*	Mon-1: Last (-1) Monday
Aug 29*	Monday+5: Fifth Monday
Aug 29*	Mon+5: Fifth Monday
Aug 29*	Monday+5: Fifth Monday in August
Aug 29*	Mon+5: Fifth Monday in August
Aug 29*	Fifth: Fifth Monday in August
Aug 29*	29 of every month
Aug 29*	Monday: Every Monday
