Jul 16*	Saturday+3: Third Saturday
Jul 16*	Sat+3: Third Saturday
Jul 16*	Saturday-3: Last (-3) Saturday
Jul 16*	Sat-3: Last (-3) Saturday
Jul 16*	Saturday+3: Third Saturday in July
Jul 16*	Sat+3: Third Saturday in July
Jul 16*	Third: Third Saturday in July
Jul 16*	16 of every month
Jul 16 	7/16: July 16
Jul 16 	Jul. 16: July 16
Jul 16 	16 July: July 16
	July: continued
Jul 16*	Saturday: Every Saturday
Jul 17*	Sunday+3: Third Sunday
Jul 17*	Sun+3: Third Sunday
Jul 17*	Sunday-3: Last (-3) Sunday
Jul 17*	Sun-3: Last (-3) Sunday
Jul 17*	Sunday+3: Third Sunday in July
Jul 17*	Sun+3: Third Sunday in July
Jul 17*	Third: Third Sunday in July
Jul 17*	17 of every month
Jul 17 	7/17: July 17
Jul 17 	Jul. 17: July 17
Jul 17 	17 July: July 17
	July: continued
Jul 17*	Sunday: Every Sunday
