Oct 14*	Friday+2: Second Friday
Oct 14*	Fri+2: Second Friday
Oct 14*	Friday+2: Second Friday in October
Oct 14*	Fri+2: Second Friday in October
Oct 14*	Second: Second Friday in October
Oct 14*	Friday-3: Last (-3) Friday
Oct 14*	Fri-3: Last (-3) Friday
Oct 14*	14 of every month
Oct 14 	10/14: October 14
Oct 14 	Oct. 14: October 14
Oct 14 	14 October: October 14
	October: continued
Oct 14*	Friday: Every Friday
Oct 15*	Saturday+3: Third Saturday
Oct 15*	Sat+3: Third Saturday
Oct 15*	Saturday-3: Last (-3) Saturday
Oct 15*	Sat-3: Last (-3) Saturday
Oct 15*	Saturday+3: Third Saturday in October
Oct 15*	Sat+3: Third Saturday in October
Oct 15*	Third: Third Saturday in October
Oct 15*	15 of every month
Oct 15 	10/15: October 15
Oct 15 	Oct. 15: October 15
Oct 15 	15 October: October 15
	October: continued
Oct 15*	Saturday: Every Saturday
Oct 16*	Sunday+3: Third Sunday
Oct 16*	Sun+3: Third Sunday
Oct 16*	Sunday-3: Last (-3) Sunday
Oct 16*	Sun-3: Last (-3) Sunday
Oct 16*	Sunday+3: Third Sunday in October
Oct 16*	Sun+3: Third Sunday in October
Oct 16*	Third: Third Sunday in October
Oct 16*	16 of every month
Oct 16 	10/16: October 16
Oct 16 	Oct. 16: October 16
Oct 16 	16 October: October 16
	October: continued
Oct 16*	Sunday: Every Sunday
Oct 17*	Monday+3: Third Monday
Oct 17*	Mon+3: Third Monday
Oct 17*	Monday-3: Last (-3) Monday
Oct 17*	Mon-3: Last (-3) Monday
Oct 17*	Monday+3: Third Monday in October
Oct 17*	Mon+3: Third Monday in October
Oct 17*	Third: Third Monday in October
Oct 17*	17 of every month
Oct 17 	10/17: October 17
Oct 17 	Oct. 17: October 17
Oct 17 	17 October: October 17
	October: continued
Oct 17*	Monday: Every Monday
