Jan 12*	Tuesday+2: Second Tuesday
Jan 12*	Tue+2: Second Tuesday
Jan 12*	Tuesday+2: Second Tuesday in January
Jan 12*	Tue+2: Second Tuesday in January
Jan 12*	Second: Second Tuesday in January
Jan 12*	Tuesday-3: Last (-3) Tuesday
Jan 12*	Tue-3: Last (-3) Tuesday
Jan 12*	12 of every month
Jan 12 	1/12: January 12
Jan 12 	Jan. 12: January 12
Jan 12 	12 January: January 12
	January: continued
Jan 12*	Tuesday: Every Tuesday
Jan 13*	Wednesday+2: Second Wednesday
Jan 13*	Wed+2: Second Wednesday
Jan 13*	Wednesday+2: Second Wednesday in January
Jan 13*	Wed+2: Second Wednesday in January
Jan 13*	Second: Second Wednesday in January
Jan 13*	Wednesday-3: Last (-3) Wednesday
Jan 13*	Wed-3: Last (-3) Wednesday
Jan 13*	13 of every month
Jan 13 	1/13: January 13
Jan 13 	Jan. 13: January 13
Jan 13 	13 January: January 13
	January: continued
Jan 13*	Wednesday: Every Wednesday
