Jan 07*	Thursday+1: First Thursday
Jan 07*	Thu+1: First Thursday
Jan 07*	Thursday+1: First Thursday in January
Jan 07*	Thu+1: First Thursday in January
Jan 07*	First: First Thursday in January
Jan 07*	Thursday-4: Last (-4) Thursday
Jan 07*	Thu-4: Last (-4) Thursday
Jan 07*	7 of every month
Jan 07 	1/7: January 7
Jan 07 	Jan. 7: January 7
Jan 07 	7 January: January 7
	January: continued
Jan 07*	Thursday: Every Thursday
Jan 08*	Friday+2: Second Friday
Jan 08*	Fri+2: Second Friday
Jan 08*	Friday+2: Second Friday in January
Jan 08*	Fri+2: Second Friday in January
Jan 08*	Second: Second Friday in January
Jan 08*	Friday-4: Last (-4) Friday
Jan 08*	Fri-4: Last (-4) Friday
Jan 08*	8 of every month
Jan 08 	1/8: January 8
Jan 08 	Jan. 8: January 8
Jan 08 	8 January: January 8
	January: continued
Jan 08*	Friday: Every Friday
