Oct 26*	Thursday-1: Last (-1) Thursday
Oct 26*	Thu-1: Last (-1) Thursday
Oct 26*	Thursday+4: Fourth Thursday
Oct 26*	Thu+4: Fourth Thursday
Oct 26*	Thursday+4: Fourth Thursday in October
Oct 26*	Thu+4: Fourth Thursday in October
Oct 26*	Fourth: Fourth Thursday in October
Oct 26*	26 of every month
Oct 26 	10/26: October 26
Oct 26 	Oct. 26: October 26
Oct 26 	26 October: October 26
	October: continued
Oct 26*	Thursday: Every Thursday
Oct 27*	Friday-1: Last (-1) Friday
Oct 27*	Fri-1: Last (-1) Friday
Oct 27*	Friday+4: Fourth Friday
Oct 27*	Fri+4: Fourth Friday
Oct 27*	Friday+4: Fourth Friday in October
Oct 27*	Fri+4: Fourth Friday in October
Oct 27*	Fourth: Fourth Friday in October
Oct 27*	27 of every month
Oct 27 	10/27: October 27
Oct 27 	Oct. 27: October 27
Oct 27 	27 October: October 27
	October: continued
Oct 27*	Friday: Every Friday
