May 26*	Friday-1: Last (-1) Friday
May 26*	Fri-1: Last (-1) Friday
May 26*	Friday+4: Fourth Friday
May 26*	Fri+4: Fourth Friday
May 26*	Friday+4: Fourth Friday in May
May 26*	Fri+4: Fourth Friday in May
May 26*	Fourth: Fourth Friday in May
May 26*	26 of every month
May 26 	5/26: May 26
May 26 	May. 26: May 26
May 26 	26 May: May 26
	May: continued
May 26*	Friday: Every Friday
May 27*	Saturday-1: Last (-1) Saturday
May 27*	Sat-1: Last (-1) Saturday
May 27*	Saturday+4: Fourth Saturday
May 27*	Sat+4: Fourth Saturday
May 27*	Saturday+4: Fourth Saturday in May
May 27*	Sat+4: Fourth Saturday in May
May 27*	Fourth: Fourth Saturday in May
May 27*	27 of every month
May 27 	5/27: May 27
May 27 	May. 27: May 27
May 27 	27 May: May 27
	May: continued
May 27*	Saturday: Every Saturday
May 28*	Sunday-1: Last (-1) Sunday
May 28*	Sun-1: Last (-1) Sunday
May 28*	Sunday+4: Fourth Sunday
May 28*	Sun+4: Fourth Sunday
May 28*	Sunday+4: Fourth Sunday in May
May 28*	Sun+4: Fourth Sunday in May
May 28*	Fourth: Fourth Sunday in May
May 28*	28 of every month
May 28 	5/28: May 28
May 28 	May. 28: May 28
May 28 	28 May: May 28
	May: continued
May 28*	Sunday: Every Sunday
May 29*	Monday-1: Last (-1) Monday
May 29*	Mon-1: Last (-1) Monday
May 29*	Monday+5: Fifth Monday
May 29*	Mon+5: Fifth Monday
May 29*	Monday+5: Fifth Monday in May
May 29*	Mon+5: Fifth Monday in May
May 29*	Fifth: Fifth Monday in May
May 29*	29 of every month
May 29 	5/29: May 29
May 29 	May. 29: May 29
May 29 	29 May: May 29
	May: continued
May 29*	Monday: Every Monday
