Oct 19*	Thursday-2: Last (-2) Thursday
Oct 19*	Thu-2: Last (-2) Thursday
Oct 19*	Thursday+3: Third Thursday
Oct 19*	Thu+3: Third Thursday
Oct 19*	Thursday+3: Third Thursday in October
Oct 19*	Thu+3: Third Thursday in October
Oct 19*	Third: Third Thursday in October
Oct 19*	19 of every month
Oct 19 	10/19: October 19
Oct 19 	Oct. 19: October 19
Oct 19 	19 October: October 19
	October: continued
Oct 19*	Thursday: Every Thursday
Oct 20*	Friday-2: Last (-2) Friday
Oct 20*	Fri-2: Last (-2) Friday
Oct 20*	Friday+3: Third Friday
Oct 20*	Fri+3: Third Friday
Oct 20*	Friday+3: Third Friday in October
Oct 20*	Fri+3: Third Friday in October
Oct 20*	Third: Third Friday in October
Oct 20*	20 of every month
Oct 20 	10/20: October 20
Oct 20 	Oct. 20: October 20
Oct 20 	20 October: October 20
	October: continued
Oct 20*	Friday: Every Friday
