Oct 05*	Thursday+1: First Thursday
Oct 05*	Thu+1: First Thursday
Oct 05*	Thursday+1: First Thursday in October
Oct 05*	Thu+1: First Thursday in October
Oct 05*	First: First Thursday in October
Oct 05*	Thursday-4: Last (-4) Thursday
Oct 05*	Thu-4: Last (-4) Thursday
Oct 05*	Thursday+5: Fifth Thursday in September
Oct 05*	Thu+5: Fifth Thursday in September
Oct 05*	Fifth: Fifth Thursday in September
Oct 05*	5 of every month
Oct 05 	10/5: October 5
Oct 05 	Oct. 5: October 5
Oct 05 	5 October: October 5
	October: continued
Oct 05*	Thursday: Every Thursday
Oct 06*	Friday+1: First Friday
Oct 06*	Fri+1: First Friday
Oct 06*	Friday+1: First Friday in October
Oct 06*	Fri+1: First Friday in October
Oct 06*	First: First Friday in October
Oct 06*	Friday-4: Last (-4) Friday
Oct 06*	Fri-4: Last (-4) Friday
Oct 06*	6 of every month
Oct 06 	10/6: October 6
Oct 06 	Oct. 6: October 6
Oct 06 	6 October: October 6
	October: continued
Oct 06*	Friday: Every Friday
