Apr 26*	Wednesday-1: Last (-1) Wednesday
Apr 26*	Wed-1: Last (-1) Wednesday
Apr 26*	Wednesday+4: Fourth Wednesday
Apr 26*	Wed+4: Fourth Wednesday
Apr 26*	Wednesday+4: Fourth Wednesday in April
Apr 26*	Wed+4: Fourth Wednesday in April
Apr 26*	Fourth: Fourth Wednesday in April
Apr 26*	26 of every month
Apr 26 	4/26: April 26
Apr 26 	Apr. 26: April 26
Apr 26 	26 April: April 26
	April: continued
Apr 26*	Wednesday: Every Wednesday
Apr 27*	Thursday-1: Last (-1) Thursday
Apr 27*	Thu-1: Last (-1) Thursday
Apr 27*	Thursday+4: Fourth Thursday
Apr 27*	Thu+4: Fourth Thursday
Apr 27*	Thursday+4: Fourth Thursday in April
Apr 27*	Thu+4: Fourth Thursday in April
Apr 27*	Fourth: Fourth Thursday in April
Apr 27*	27 of every month
Apr 27 	4/27: April 27
Apr 27 	Apr. 27: April 27
Apr 27 	27 April: April 27
	April: continued
Apr 27*	Thursday: Every Thursday
