Jul 14*	Friday+2: Second Friday
Jul 14*	Fri+2: Second Friday
Jul 14*	Friday+2: Second Friday in July
Jul 14*	Fri+2: Second Friday in July
Jul 14*	Second: Second Friday in July
Jul 14*	Friday-3: Last (-3) Friday
Jul 14*	Fri-3: Last (-3) Friday
Jul 14*	14 of every month
Jul 14 	7/14: July 14
Jul 14 	Jul. 14: July 14
Jul 14 	14 July: July 14
	July: continued
Jul 14*	Friday: Every Friday
Jul 15*	Saturday+3: Third Saturday
Jul 15*	Sat+3: Third Saturday
Jul 15*	Saturday-3: Last (-3) Saturday
Jul 15*	Sat-3: Last (-3) Saturday
Jul 15*	Saturday+3: Third Saturday in July
Jul 15*	Sat+3: Third Saturday in July
Jul 15*	Third: Third Saturday in July
Jul 15*	15 of every month
Jul 15 	7/15: July 15
Jul 15 	Jul. 15: July 15
Jul 15 	15 July: July 15
	July: continued
Jul 15*	Saturday: Every Saturday
Jul 16*	Sunday+3: Third Sunday
Jul 16*	Sun+3: Third Sunday
Jul 16*	Sunday-3: Last (-3) Sunday
Jul 16*	Sun-3: Last (-3) Sunday
Jul 16*	Sunday+3: Third Sunday in July
Jul 16*	Sun+3: Third Sunday in July
Jul 16*	Third: Third Sunday in July
Jul 16*	16 of every month
Jul 16 	7/16: July 16
Jul 16 	Jul. 16: July 16
Jul 16 	16 July: July 16
	July: continued
Jul 16*	Sunday: Every Sunday
Jul 17*	Monday+3: Third Monday
Jul 17*	Mon+3: Third Monday
Jul 17*	Monday-3: Last (-3) Monday
Jul 17*	Mon-3: Last (-3) Monday
Jul 17*	Monday+3: Third Monday in July
Jul 17*	Mon+3: Third Monday in July
Jul 17*	Third: Third Monday in July
Jul 17*	17 of every month
Jul 17 	7/17: July 17
Jul 17 	Jul. 17: July 17
Jul 17 	17 July: July 17
	July: continued
Jul 17*	Monday: Every Monday
