Dec 08*	Friday+2: Second Friday
Dec 08*	Fri+2: Second Friday
Dec 08*	Friday+2: Second Friday in December
Dec 08*	Fri+2: Second Friday in December
Dec 08*	Second: Second Friday in December
Dec 08*	Friday-4: Last (-4) Friday
Dec 08*	Fri-4: Last (-4) Friday
Dec 08*	8 of every month
Dec 08 	12/8: December 8
Dec 08 	Dec. 8: December 8
Dec 08 	8 December: December 8
	December: continued
Dec 08*	Friday: Every Friday
Dec 09*	Saturday+2: Second Saturday
Dec 09*	Sat+2: Second Saturday
Dec 09*	Saturday+2: Second Saturday in December
Dec 09*	Sat+2: Second Saturday in December
Dec 09*	Second: Second Saturday in December
Dec 09*	Saturday-4: Last (-4) Saturday
Dec 09*	Sat-4: Last (-4) Saturday
Dec 09*	9 of every month
Dec 09 	12/9: December 9
Dec 09 	Dec. 9: December 9
Dec 09 	9 December: December 9
	December: continued
Dec 09*	Saturday: Every Saturday
Dec 10*	Sunday+2: Second Sunday
Dec 10*	Sun+2: Second Sunday
Dec 10*	Sunday+2: Second Sunday in December
Dec 10*	Sun+2: Second Sunday in December
Dec 10*	Second: Second Sunday in December
Dec 10*	Sunday-4: Last (-4) Sunday
Dec 10*	Sun-4: Last (-4) Sunday
Dec 10*	10 of every month
Dec 10 	12/10: December 10
Dec 10 	Dec. 10: December 10
Dec 10 	10 December: December 10
	December: continued
Dec 10*	Sunday: Every Sunday
Dec 11*	Monday+2: Second Monday
Dec 11*	Mon+2: Second Monday
Dec 11*	Monday+2: Second Monday in December
Dec 11*	Mon+2: Second Monday in December
Dec 11*	Second: Second Monday in December
Dec 11*	Monday-3: Last (-3) Monday
Dec 11*	Mon-3: Last (-3) Monday
Dec 11*	11 of every month
Dec 11 	12/11: December 11
Dec 11 	Dec. 11: December 11
Dec 11 	11 December: December 11
	December: continued
Dec 11*	Monday: Every Monday
