Mar 13*	Monday+2: Second Monday
Mar 13*	Mon+2: Second Monday
Mar 13*	Monday+2: Second Monday in March
Mar 13*	Mon+2: Second Monday in March
Mar 13*	Second: Second Monday in March
Mar 13*	Monday-3: Last (-3) Monday
Mar 13*	Mon-3: Last (-3) Monday
Mar 13*	13 of every month
Mar 13 	3/13: March 13
Mar 13 	Mar. 13: March 13
Mar 13 	13 March: March 13
	March: continued
Mar 13*	Monday: Every Monday
Mar 14*	Tuesday+2: Second Tuesday
Mar 14*	Tue+2: Second Tuesday
Mar 14*	Tuesday+2: Second Tuesday in March
Mar 14*	Tue+2: Second Tuesday in March
Mar 14*	Second: Second Tuesday in March
Mar 14*	Tuesday-3: Last (-3) Tuesday
Mar 14*	Tue-3: Last (-3) Tuesday
Mar 14*	14 of every month
Mar 14 	3/14: March 14
Mar 14 	Mar. 14: March 14
Mar 14 	14 March: March 14
	March: continued
Mar 14*	Tuesday: Every Tuesday
