Dec 27*	Wednesday-1: Last (-1) Wednesday
Dec 27*	Wed-1: Last (-1) Wednesday
Dec 27*	Wednesday+4: Fourth Wednesday
Dec 27*	Wed+4: Fourth Wednesday
Dec 27*	Wednesday+4: Fourth Wednesday in December
Dec 27*	Wed+4: Fourth Wednesday in December
Dec 27*	Fourth: Fourth Wednesday in December
Dec 27*	27 of every month
Dec 27 	12/27: December 27
Dec 27 	Dec. 27: December 27
Dec 27 	27 December: December 27
	December: continued
Dec 27*	Wednesday: Every Wednesday
Dec 28*	Thursday-1: Last (-1) Thursday
Dec 28*	Thu-1: Last (-1) Thursday
Dec 28*	Thursday+4: Fourth Thursday
Dec 28*	Thu+4: Fourth Thursday
Dec 28*	Thursday+4: Fourth Thursday in December
Dec 28*	Thu+4: Fourth Thursday in December
Dec 28*	Fourth: Fourth Thursday in December
Dec 28*	28 of every month
Dec 28 	12/28: December 28
Dec 28 	Dec. 28: December 28
Dec 28 	28 December: December 28
	December: continued
Dec 28*	Thursday: Every Thursday
