Feb 20*	Monday-2: Last (-2) Monday
Feb 20*	Mon-2: Last (-2) Monday
Feb 20*	Monday+3: Third Monday
Feb 20*	Mon+3: Third Monday
Feb 20*	Monday+3: Third Monday in February
Feb 20*	Mon+3: Third Monday in February
Feb 20*	Third: Third Monday in February
Feb 20*	20 of every month
Feb 20 	2/20: February 20
Feb 20 	Feb. 20: February 20
Feb 20 	20 February: February 20
	February: continued
Feb 20*	Monday: Every Monday
Feb 21*	Tuesday-2: Last (-2) Tuesday
Feb 21*	Tue-2: Last (-2) Tuesday
Feb 21*	Tuesday+3: Third Tuesday
Feb 21*	Tue+3: Third Tuesday
Feb 21*	Tuesday+3: Third Tuesday in February
Feb 21*	Tue+3: Third Tuesday in February
Feb 21*	Third: Third Tuesday in February
Feb 21*	21 of every month
Feb 21 	2/21: February 21
Feb 21 	Feb. 21: February 21
Feb 21 	21 February: February 21
	February: continued
Feb 21*	Tuesday: Every Tuesday
