Jan 10*	Tuesday+2: Second Tuesday
Jan 10*	Tue+2: Second Tuesday
Jan 10*	Tuesday+2: Second Tuesday in January
Jan 10*	Tue+2: Second Tuesday in January
Jan 10*	Second: Second Tuesday in January
Jan 10*	Tuesday-4: Last (-4) Tuesday
Jan 10*	Tue-4: Last (-4) Tuesday
Jan 10*	10 of every month
Jan 10 	1/10: January 10
Jan 10 	Jan. 10: January 10
Jan 10 	10 January: January 10
	January: continued
Jan 10*	Tuesday: Every Tuesday
Jan 11*	Wednesday+2: Second Wednesday
Jan 11*	Wed+2: Second Wednesday
Jan 11*	Wednesday+2: Second Wednesday in January
Jan 11*	Wed+2: Second Wednesday in January
Jan 11*	Second: Second Wednesday in January
Jan 11*	Wednesday-3: Last (-3) Wednesday
Jan 11*	Wed-3: Last (-3) Wednesday
Jan 11*	11 of every month
Jan 11 	1/11: January 11
Jan 11 	Jan. 11: January 11
Jan 11 	11 January: January 11
	January: continued
Jan 11*	Wednesday: Every Wednesday
