Oct 02*	Monday+1: First Monday
Oct 02*	Mon+1: First Monday
Oct 02*	Monday+1: First Monday in October
Oct 02*	Mon+1: First Monday in October
Oct 02*	First: First Monday in October
Oct 02*	Monday+5: Fifth Monday in September
Oct 02*	Mon+5: Fifth Monday in September
Oct 02*	Fifth: Fifth Monday in September
Oct 02*	2 of every month
Oct 02 	10/2: October 2
Oct 02 	Oct. 2: October 2
Oct 02 	2 October: October 2
	October: continued
Oct 02*	Monday: Every Monday
Oct 03*	Tuesday+1: First Tuesday
Oct 03*	Tue+1: First Tuesday
Oct 03*	Tuesday+1: First Tuesday in October
Oct 03*	Tue+1: First Tuesday in October
Oct 03*	First: First Tuesday in October
Oct 03*	Tuesday+5: Fifth Tuesday in September
Oct 03*	Tue+5: Fifth Tuesday in September
Oct 03*	Fifth: Fifth Tuesday in September
Oct 03*	3 of every month
Oct 03 	10/3: October 3
Oct 03 	Oct. 3: October 3
Oct 03 	3 October: October 3
	October: continued
Oct 03*	Tuesday: Every Tuesday
