Jun 01*	Thursday+1: First Thursday
Jun 01*	Thu+1: First Thursday
Jun 01*	Thursday+1: First Thursday in June
Jun 01*	Thu+1: First Thursday in June
Jun 01*	First: First Thursday in June
Jun 01*	Thursday+5: Fifth Thursday in May
Jun 01*	Thu+5: Fifth Thursday in May
Jun 01*	Fifth: Fifth Thursday in May
Jun 01*	1 of every month
Jun 01 	6/1: June 1
Jun 01 	Jun. 1: June 1
Jun 01 	1 June: June 1
	June: continued
Jun 01*	*: Beginning of every month
Jun 01*	Thursday: Every Thursday
Jun 01 	June: Every June 1st
Jun 02*	Friday+1: First Friday
Jun 02*	Fri+1: First Friday
Jun 02*	Friday+1: First Friday in June
Jun 02*	Fri+1: First Friday in June
Jun 02*	First: First Friday in June
Jun 02*	Friday+5: Fifth Friday in May
Jun 02*	Fri+5: Fifth Friday in May
Jun 02*	Fifth: Fifth Friday in May
Jun 02*	2 of every month
Jun 02 	6/2: June 2
Jun 02 	Jun. 2: June 2
Jun 02 	2 June: June 2
	June: continued
Jun 02*	Friday: Every Friday
