Jul 13*	Thursday+2: Second Thursday
Jul 13*	Thu+2: Second Thursday
Jul 13*	Thursday+2: Second Thursday in July
Jul 13*	Thu+2: Second Thursday in July
Jul 13*	Second: Second Thursday in July
Jul 13*	Thursday-3: Last (-3) Thursday
Jul 13*	Thu-3: Last (-3) Thursday
Jul 13*	13 of every month
Jul 13 	7/13: July 13
Jul 13 	Jul. 13: July 13
Jul 13 	13 July: July 13
	July: continued
Jul 13*	Thursday: Every Thursday
Jul 14*	Friday+2: Second Friday
Jul 14*	Fri+2: Second Friday
Jul 14*	Friday+2: Second Friday in July
Jul 14*	Fri+2: Second Friday in July
Jul 14*	Second: Second Friday in July
Jul 14*	Friday-3: Last (-3) Friday
Jul 14*	Fri-3: Last (-3) Friday
Jul 14*	14 of every month
Jul 14 	7/14: July 14
Jul 14 	Jul. 14: July 14
Jul 14 	14 July: July 14
	July: continued
Jul 14*	Friday: Every Friday
