Jul 27*	Thursday-1: Last (-1) Thursday
Jul 27*	Thu-1: Last (-1) Thursday
Jul 27*	Thursday+4: Fourth Thursday
Jul 27*	Thu+4: Fourth Thursday
Jul 27*	Thursday+4: Fourth Thursday in July
Jul 27*	Thu+4: Fourth Thursday in July
Jul 27*	Fourth: Fourth Thursday in July
Jul 27*	27 of every month
Jul 27 	7/27: July 27
Jul 27 	Jul. 27: July 27
Jul 27 	27 July: July 27
	July: continued
Jul 27*	Thursday: Every Thursday
Jul 28*	Friday-1: Last (-1) Friday
Jul 28*	Fri-1: Last (-1) Friday
Jul 28*	Friday+4: Fourth Friday
Jul 28*	Fri+4: Fourth Friday
Jul 28*	Friday+4: Fourth Friday in July
Jul 28*	Fri+4: Fourth Friday in July
Jul 28*	Fourth: Fourth Friday in July
Jul 28*	28 of every month
Jul 28 	7/28: July 28
Jul 28 	Jul. 28: July 28
Jul 28 	28 July: July 28
	July: continued
Jul 28*	Friday: Every Friday
