Mar 18*	Saturday-2: Last (-2) Saturday
Mar 18*	Sat-2: Last (-2) Saturday
Mar 18*	Saturday+3: Third Saturday
Mar 18*	Sat+3: Third Saturday
Mar 18*	Saturday+3: Third Saturday in March
Mar 18*	Sat+3: Third Saturday in March
Mar 18*	Third: Third Saturday in March
Mar 18*	18 of every month
Mar 18 	3/18: March 18
Mar 18 	Mar. 18: March 18
Mar 18 	18 March: March 18
	March: continued
Mar 18*	Saturday: Every Saturday
Mar 19*	Sunday-2: Last (-2) Sunday
Mar 19*	Sun-2: Last (-2) Sunday
Mar 19*	Sunday+3: Third Sunday
Mar 19*	Sun+3: Third Sunday
Mar 19*	Sunday+3: Third Sunday in March
Mar 19*	Sun+3: Third Sunday in March
Mar 19*	Third: Third Sunday in March
Mar 19*	19 of every month
Mar 19 	3/19: March 19
Mar 19 	Mar. 19: March 19
Mar 19 	19 March: March 19
	March: continued
Mar 19*	Sunday: Every Sunday
