May 28*	Sunday-1: Last (-1) Sunday
May 28*	Sun-1: Last (-1) Sunday
May 28*	Sunday+4: Fourth Sunday
May 28*	Sun+4: Fourth Sunday
May 28*	Sunday+4: Fourth Sunday in May
May 28*	Sun+4: Fourth Sunday in May
May 28*	Fourth: Fourth Sunday in May
May 28*	28 of every month
May 28 	5/28: May 28
May 28 	May. 28: May 28
May 28 	28 May: May 28
	May: continued
May 28*	Sunday: Every Sunday
May 29*	Monday-1: Last (-1) Monday
May 29*	Mon-1: Last (-1) Monday
May 29*	Monday+5: Fifth Monday
May 29*	Mon+5: Fifth Monday
May 29*	Monday+5: Fifth Monday in May
May 29*	Mon+5: Fifth Monday in May
May 29*	Fifth: Fifth Monday in May
May 29*	29 of every month
May 29 	5/29: May 29
May 29 	May. 29: May 29
May 29 	29 May: May 29
	May: continued
May 29*	Monday: Every Monday
