Mar 27*	Monday-1: Last (-1) Monday
Mar 27*	Mon-1: Last (-1) Monday
Mar 27*	Monday+4: Fourth Monday
Mar 27*	Mon+4: Fourth Monday
Mar 27*	Monday+4: Fourth Monday in March
Mar 27*	Mon+4: Fourth Monday in March
Mar 27*	Fourth: Fourth Monday in March
Mar 27*	27 of every month
Mar 27 	3/27: March 27
Mar 27 	Mar. 27: March 27
Mar 27 	27 March: March 27
	March: continued
Mar 27*	Monday: Every Monday
Mar 28*	Tuesday-1: Last (-1) Tuesday
Mar 28*	Tue-1: Last (-1) Tuesday
Mar 28*	Tuesday+4: Fourth Tuesday
Mar 28*	Tue+4: Fourth Tuesday
Mar 28*	Tuesday+4: Fourth Tuesday in March
Mar 28*	Tue+4: Fourth Tuesday in March
Mar 28*	Fourth: Fourth Tuesday in March
Mar 28*	28 of every month
Mar 28 	3/28: March 28
Mar 28 	Mar. 28: March 28
Mar 28 	28 March: March 28
	March: continued
Mar 28*	Tuesday: Every Tuesday
