Apr 06*	Thursday+1: First Thursday
Apr 06*	Thu+1: First Thursday
Apr 06*	Thursday+1: First Thursday in April
Apr 06*	Thu+1: First Thursday in April
Apr 06*	First: First Thursday in April
Apr 06*	Thursday-4: Last (-4) Thursday
Apr 06*	Thu-4: Last (-4) Thursday
Apr 06*	6 of every month
Apr 06 	4/6: April 6
Apr 06 	Apr. 6: April 6
Apr 06 	6 April: April 6
	April: continued
Apr 06*	Thursday: Every Thursday
Apr 07*	Friday+1: First Friday
Apr 07*	Fri+1: First Friday
Apr 07*	Friday+1: First Friday in April
Apr 07*	Fri+1: First Friday in April
Apr 07*	First: First Friday in April
Apr 07*	Friday-4: Last (-4) Friday
Apr 07*	Fri-4: Last (-4) Friday
Apr 07*	7 of every month
Apr 07 	4/7: April 7
Apr 07 	Apr. 7: April 7
Apr 07 	7 April: April 7
	April: continued
Apr 07*	Friday: Every Friday
