Dec 06*	Wednesday+1: First Wednesday
Dec 06*	Wed+1: First Wednesday
Dec 06*	Wednesday+1: First Wednesday in December
Dec 06*	Wed+1: First Wednesday in December
Dec 06*	First: First Wednesday in December
Dec 06*	Wednesday-4: Last (-4) Wednesday
Dec 06*	Wed-4: Last (-4) Wednesday
Dec 06*	6 of every month
Dec 06 	12/6: December 6
Dec 06 	Dec. 6: December 6
Dec 06 	6 December: December 6
	December: continued
Dec 06*	Wednesday: Every Wednesday
Dec 07*	Thursday+1: First Thursday
Dec 07*	Thu+1: First Thursday
Dec 07*	Thursday+1: First Thursday in December
Dec 07*	Thu+1: First Thursday in December
Dec 07*	First: First Thursday in December
Dec 07*	Thursday-4: Last (-4) Thursday
Dec 07*	Thu-4: Last (-4) Thursday
Dec 07*	7 of every month
Dec 07 	12/7: December 7
Dec 07 	Dec. 7: December 7
Dec 07 	7 December: December 7
	December: continued
Dec 07*	Thursday: Every Thursday
