Jan 02*	Monday+1: First Monday
Jan 02*	Mon+1: First Monday
Jan 02*	Monday+1: First Monday in January
Jan 02*	Mon+1: First Monday in January
Jan 02*	First: First Monday in January
Jan 02*	2 of every month
Jan 02 	1/2: January 2
Jan 02 	Jan. 2: January 2
Jan 02 	2 January: January 2
	January: continued
Jan 02*	Monday: Every Monday
Jan 03*	Tuesday+1: First Tuesday
Jan 03*	Tue+1: First Tuesday
Jan 03*	Tuesday+1: First Tuesday in January
Jan 03*	Tue+1: First Tuesday in January
Jan 03*	First: First Tuesday in January
Jan 03*	3 of every month
Jan 03 	1/3: January 3
Jan 03 	Jan. 3: January 3
Jan 03 	3 January: January 3
	January: continued
Jan 03*	Tuesday: Every Tuesday
