Oct 11*	Wednesday+2: Second Wednesday
Oct 11*	Wed+2: Second Wednesday
Oct 11*	Wednesday+2: Second Wednesday in October
Oct 11*	Wed+2: Second Wednesday in October
Oct 11*	Second: Second Wednesday in October
Oct 11*	Wednesday-3: Last (-3) Wednesday
Oct 11*	Wed-3: Last (-3) Wednesday
Oct 11*	11 of every month
Oct 11 	10/11: October 11
Oct 11 	Oct. 11: October 11
Oct 11 	11 October: October 11
	October: continued
Oct 11*	Wednesday: Every Wednesday
Oct 12*	Thursday+2: Second Thursday
Oct 12*	Thu+2: Second Thursday
Oct 12*	Thursday+2: Second Thursday in October
Oct 12*	Thu+2: Second Thursday in October
Oct 12*	Second: Second Thursday in October
Oct 12*	Thursday-3: Last (-3) Thursday
Oct 12*	Thu-3: Last (-3) Thursday
Oct 12*	12 of every month
Oct 12 	10/12: October 12
Oct 12 	Oct. 12: October 12
Oct 12 	12 October: October 12
	October: continued
Oct 12*	Thursday: Every Thursday
