Jun 22*	Thursday-2: Last (-2) Thursday
Jun 22*	Thu-2: Last (-2) Thursday
Jun 22*	Thursday+4: Fourth Thursday
Jun 22*	Thu+4: Fourth Thursday
Jun 22*	Thursday+4: Fourth Thursday in June
Jun 22*	Thu+4: Fourth Thursday in June
Jun 22*	Fourth: Fourth Thursday in June
Jun 22*	22 of every month
Jun 22 	6/22: June 22
Jun 22 	Jun. 22: June 22
Jun 22 	22 June: June 22
	June: continued
Jun 22*	Thursday: Every Thursday
Jun 23*	Friday-2: Last (-2) Friday
Jun 23*	Fri-2: Last (-2) Friday
Jun 23*	Friday+4: Fourth Friday
Jun 23*	Fri+4: Fourth Friday
Jun 23*	Friday+4: Fourth Friday in June
Jun 23*	Fri+4: Fourth Friday in June
Jun 23*	Fourth: Fourth Friday in June
Jun 23*	23 of every month
Jun 23 	6/23: June 23
Jun 23 	Jun. 23: June 23
Jun 23 	23 June: June 23
	June: continued
Jun 23*	Friday: Every Friday
