Oct 23*	Monday-2: Last (-2) Monday
Oct 23*	Mon-2: Last (-2) Monday
Oct 23*	Monday+4: Fourth Monday
Oct 23*	Mon+4: Fourth Monday
Oct 23*	Monday+4: Fourth Monday in October
Oct 23*	Mon+4: Fourth Monday in October
Oct 23*	Fourth: Fourth Monday in October
Oct 23*	23 of every month
Oct 23 	10/23: October 23
Oct 23 	Oct. 23: October 23
Oct 23 	23 October: October 23
	October: continued
Oct 23*	Monday: Every Monday
Oct 24*	Tuesday-2: Last (-2) Tuesday
Oct 24*	Tue-2: Last (-2) Tuesday
Oct 24*	Tuesday+4: Fourth Tuesday
Oct 24*	Tue+4: Fourth Tuesday
Oct 24*	Tuesday+4: Fourth Tuesday in October
Oct 24*	Tue+4: Fourth Tuesday in October
Oct 24*	Fourth: Fourth Tuesday in October
Oct 24*	24 of every month
Oct 24 	10/24: October 24
Oct 24 	Oct. 24: October 24
Oct 24 	24 October: October 24
	October: continued
Oct 24*	Tuesday: Every Tuesday
