Nov 01*	Wednesday+1: First Wednesday
Nov 01*	Wed+1: First Wednesday
Nov 01*	Wednesday+1: First Wednesday in November
Nov 01*	Wed+1: First Wednesday in November
Nov 01*	First: First Wednesday in November
Nov 01*	Wednesday+5: Fifth Wednesday in October
Nov 01*	Wed+5: Fifth Wednesday in October
Nov 01*	Fifth: Fifth Wednesday in October
Nov 01*	1 of every month
Nov 01 	11/1: November 1
Nov 01 	Nov. 1: November 1
Nov 01 	1 November: November 1
	November: continued
Nov 01*	*: Beginning of every month
Nov 01*	Wednesday: Every Wednesday
Nov 01 	November: Every November 1st
Nov 02*	Thursday+1: First Thursday
Nov 02*	Thu+1: First Thursday
Nov 02*	Thursday+1: First Thursday in November
Nov 02*	Thu+1: First Thursday in November
Nov 02*	First: First Thursday in November
Nov 02*	Thursday+5: Fifth Thursday in October
Nov 02*	Thu+5: Fifth Thursday in October
Nov 02*	Fifth: Fifth Thursday in October
Nov 02*	2 of every month
Nov 02 	11/2: November 2
Nov 02 	Nov. 2: November 2
Nov 02 	2 November: November 2
	November: continued
Nov 02*	Thursday: Every Thursday
