Feb 09*	Thursday+2: Second Thursday
Feb 09*	Thu+2: Second Thursday
Feb 09*	Thursday+2: Second Thursday in February
Feb 09*	Thu+2: Second Thursday in February
Feb 09*	Second: Second Thursday in February
Feb 09*	Thursday-3: Last (-3) Thursday
Feb 09*	Thu-3: Last (-3) Thursday
Feb 09*	9 of every month
Feb 09 	2/9: February 9
Feb 09 	Feb. 9: February 9
Feb 09 	9 February: February 9
	February: continued
Feb 09*	Thursday: Every Thursday
Feb 10*	Friday+2: Second Friday
Feb 10*	Fri+2: Second Friday
Feb 10*	Friday+2: Second Friday in February
Feb 10*	Fri+2: Second Friday in February
Feb 10*	Second: Second Friday in February
Feb 10*	Friday-3: Last (-3) Friday
Feb 10*	Fri-3: Last (-3) Friday
Feb 10*	10 of every month
Feb 10 	2/10: February 10
Feb 10 	Feb. 10: February 10
Feb 10 	10 February: February 10
	February: continued
Feb 10*	Friday: Every Friday
