May 15*	Monday+3: Third Monday
May 15*	Mon+3: Third Monday
May 15*	Monday-3: Last (-3) Monday
May 15*	Mon-3: Last (-3) Monday
May 15*	Monday+3: Third Monday in May
May 15*	Mon+3: Third Monday in May
May 15*	Third: Third Monday in May
May 15*	15 of every month
May 15 	5/15: May 15
May 15 	May. 15: May 15
May 15 	15 May: May 15
	May: continued
May 15*	Monday: Every Monday
May 16*	Tuesday+3: Third Tuesday
May 16*	Tue+3: Third Tuesday
May 16*	Tuesday-3: Last (-3) Tuesday
May 16*	Tue-3: Last (-3) Tuesday
May 16*	Tuesday+3: Third Tuesday in May
May 16*	Tue+3: Third Tuesday in May
May 16*	Third: Third Tuesday in May
May 16*	16 of every month
May 16 	5/16: May 16
May 16 	May. 16: May 16
May 16 	16 May: May 16
	May: continued
May 16*	Tuesday: Every Tuesday
