Jun 14*	Wednesday+2: Second Wednesday
Jun 14*	Wed+2: Second Wednesday
Jun 14*	Wednesday+2: Second Wednesday in June
Jun 14*	Wed+2: Second Wednesday in June
Jun 14*	Second: Second Wednesday in June
Jun 14*	Wednesday-3: Last (-3) Wednesday
Jun 14*	Wed-3: Last (-3) Wednesday
Jun 14*	14 of every month
Jun 14 	6/14: June 14
Jun 14 	Jun. 14: June 14
Jun 14 	14 June: June 14
	June: continued
Jun 14*	Wednesday: Every Wednesday
Jun 15*	Thursday+3: Third Thursday
Jun 15*	Thu+3: Third Thursday
Jun 15*	Thursday-3: Last (-3) Thursday
Jun 15*	Thu-3: Last (-3) Thursday
Jun 15*	Thursday+3: Third Thursday in June
Jun 15*	Thu+3: Third Thursday in June
Jun 15*	Third: Third Thursday in June
Jun 15*	15 of every month
Jun 15 	6/15: June 15
Jun 15 	Jun. 15: June 15
Jun 15 	15 June: June 15
	June: continued
Jun 15*	Thursday: Every Thursday
