Oct 15*	Sunday+3: Third Sunday
Oct 15*	Sun+3: Third Sunday
Oct 15*	Sunday-3: Last (-3) Sunday
Oct 15*	Sun-3: Last (-3) Sunday
Oct 15*	Sunday+3: Third Sunday in October
Oct 15*	Sun+3: Third Sunday in October
Oct 15*	Third: Third Sunday in October
Oct 15*	15 of every month
Oct 15 	10/15: October 15
Oct 15 	Oct. 15: October 15
Oct 15 	15 October: October 15
	October: continued
Oct 15*	Sunday: Every Sunday
Oct 16*	Monday+3: Third Monday
Oct 16*	Mon+3: Third Monday
Oct 16*	Monday-3: Last (-3) Monday
Oct 16*	Mon-3: Last (-3) Monday
Oct 16*	Monday+3: Third Monday in October
Oct 16*	Mon+3: Third Monday in October
Oct 16*	Third: Third Monday in October
Oct 16*	16 of every month
Oct 16 	10/16: October 16
Oct 16 	Oct. 16: October 16
Oct 16 	16 October: October 16
	October: continued
Oct 16*	Monday: Every Monday
