Apr 13*	Thursday+2: Second Thursday
Apr 13*	Thu+2: Second Thursday
Apr 13*	Thursday+2: Second Thursday in April
Apr 13*	Thu+2: Second Thursday in April
Apr 13*	Second: Second Thursday in April
Apr 13*	Thursday-3: Last (-3) Thursday
Apr 13*	Thu-3: Last (-3) Thursday
Apr 13*	13 of every month
Apr 13 	4/13: April 13
Apr 13 	Apr. 13: April 13
Apr 13 	13 April: April 13
	April: continued
Apr 13*	Thursday: Every Thursday
Apr 14*	Friday+2: Second Friday
Apr 14*	Fri+2: Second Friday
Apr 14*	Friday+2: Second Friday in April
Apr 14*	Fri+2: Second Friday in April
Apr 14*	Second: Second Friday in April
Apr 14*	Friday-3: Last (-3) Friday
Apr 14*	Fri-3: Last (-3) Friday
Apr 14*	Good Friday
Apr 14*	14 of every month
Apr 14 	4/14: April 14
Apr 14 	Apr. 14: April 14
Apr 14 	14 April: April 14
	April: continued
Apr 14*	Friday: Every Friday
