Jul 17*	Monday+3: Third Monday
Jul 17*	Mon+3: Third Monday
Jul 17*	Monday-3: Last (-3) Monday
Jul 17*	Mon-3: Last (-3) Monday
Jul 17*	Monday+3: Third Monday in July
Jul 17*	Mon+3: Third Monday in July
Jul 17*	Third: Third Monday in July
Jul 17*	17 of every month
Jul 17 	7/17: July 17
Jul 17 	Jul. 17: July 17
Jul 17 	17 July: July 17
	July: continued
Jul 17*	Monday: Every Monday
Jul 18*	Tuesday-2: Last (-2) Tuesday
Jul 18*	Tue-2: Last (-2) Tuesday
Jul 18*	Tuesday+3: Third Tuesday
Jul 18*	Tue+3: Third Tuesday
Jul 18*	Tuesday+3: Third Tuesday in July
Jul 18*	Tue+3: Third Tuesday in July
Jul 18*	Third: Third Tuesday in July
Jul 18*	18 of every month
Jul 18 	7/18: July 18
Jul 18 	Jul. 18: July 18
Jul 18 	18 July: July 18
	July: continued
Jul 18*	Tuesday: Every Tuesday
