Jun 19*	Monday-2: Last (-2) Monday
Jun 19*	Mon-2: Last (-2) Monday
Jun 19*	Monday+3: Third Monday
Jun 19*	Mon+3: Third Monday
Jun 19*	Monday+3: Third Monday in June
Jun 19*	Mon+3: Third Monday in June
Jun 19*	Third: Third Monday in June
Jun 19*	19 of every month
Jun 19 	6/19: June 19
Jun 19 	Jun. 19: June 19
Jun 19 	19 June: June 19
	June: continued
Jun 19*	Monday: Every Monday
Jun 20*	Tuesday-2: Last (-2) Tuesday
Jun 20*	Tue-2: Last (-2) Tuesday
Jun 20*	Tuesday+3: Third Tuesday
Jun 20*	Tue+3: Third Tuesday
Jun 20*	Tuesday+3: Third Tuesday in June
Jun 20*	Tue+3: Third Tuesday in June
Jun 20*	Third: Third Tuesday in June
Jun 20*	20 of every month
Jun 20 	6/20: June 20
Jun 20 	Jun. 20: June 20
Jun 20 	20 June: June 20
	June: continued
Jun 20*	Tuesday: Every Tuesday
