Sep 03*	Sunday+1: First Sunday
Sep 03*	Sun+1: First Sunday
Sep 03*	Sunday+1: First Sunday in September
Sep 03*	Sun+1: First Sunday in September
Sep 03*	First: First Sunday in September
Sep 03*	Sunday-4: Last (-4) Sunday
Sep 03*	Sun-4: Last (-4) Sunday
Sep 03*	Sunday+5: Fifth Sunday in August
Sep 03*	Sun+5: Fifth Sunday in August
Sep 03*	Fifth: Fifth Sunday in August
Sep 03*	3 of every month
Sep 03*	Sunday: Every Sunday
Sep 04*	Monday+1: First Monday
Sep 04*	Mon+1: First Monday
Sep 04*	Monday+1: First Monday in September
Sep 04*	Mon+1: First Monday in September
Sep 04*	First: First Monday in September
Sep 04*	Monday-4: Last (-4) Monday
Sep 04*	Mon-4: Last (-4) Monday
Sep 04*	Monday+5: Fifth Monday in August
Sep 04*	Mon+5: Fifth Monday in August
Sep 04*	Fifth: Fifth Monday in August
Sep 04*	4 of every month
Sep 04*	Monday: Every Monday
