Nov 26*	Sunday-1: Last (-1) Sunday
Nov 26*	Sun-1: Last (-1) Sunday
Nov 26*	Sunday+4: Fourth Sunday
Nov 26*	Sun+4: Fourth Sunday
Nov 26*	Sunday+4: Fourth Sunday in November
Nov 26*	Sun+4: Fourth Sunday in November
Nov 26*	Fourth: Fourth Sunday in November
Nov 26*	26 of every month
Nov 26 	11/26: November 26
Nov 26 	Nov. 26: November 26
Nov 26 	26 November: November 26
	November: continued
Nov 26*	Sunday: Every Sunday
Nov 27*	Monday-1: Last (-1) Monday
Nov 27*	Mon-1: Last (-1) Monday
Nov 27*	Monday+4: Fourth Monday
Nov 27*	Mon+4: Fourth Monday
Nov 27*	Monday+4: Fourth Monday in November
Nov 27*	Mon+4: Fourth Monday in November
Nov 27*	Fourth: Fourth Monday in November
Nov 27*	27 of every month
Nov 27 	11/27: November 27
Nov 27 	Nov. 27: November 27
Nov 27 	27 November: November 27
	November: continued
Nov 27*	Monday: Every Monday
