Jun 17*	Saturday-2: Last (-2) Saturday
Jun 17*	Sat-2: Last (-2) Saturday
Jun 17*	Saturday+3: Third Saturday
Jun 17*	Sat+3: Third Saturday
Jun 17*	Saturday+3: Third Saturday in June
Jun 17*	Sat+3: Third Saturday in June
Jun 17*	Third: Third Saturday in June
Jun 17*	17 of every month
Jun 17 	6/17: June 17
Jun 17 	Jun. 17: June 17
Jun 17 	17 June: June 17
	June: continued
Jun 17*	Saturday: Every Saturday
Jun 18*	Sunday-2: Last (-2) Sunday
Jun 18*	Sun-2: Last (-2) Sunday
Jun 18*	Sunday+3: Third Sunday
Jun 18*	Sun+3: Third Sunday
Jun 18*	Sunday+3: Third Sunday in June
Jun 18*	Sun+3: Third Sunday in June
Jun 18*	Third: Third Sunday in June
Jun 18*	18 of every month
Jun 18 	6/18: June 18
Jun 18 	Jun. 18: June 18
Jun 18 	18 June: June 18
	June: continued
Jun 18*	Sunday: Every Sunday
