May 22*	Monday-2: Last (-2) Monday
May 22*	Mon-2: Last (-2) Monday
May 22*	Monday+4: Fourth Monday
May 22*	Mon+4: Fourth Monday
May 22*	Monday+4: Fourth Monday in May
May 22*	Mon+4: Fourth Monday in May
May 22*	Fourth: Fourth Monday in May
May 22*	22 of every month
May 22 	5/22: May 22
May 22 	May. 22: May 22
May 22 	22 May: May 22
	May: continued
May 22*	Monday: Every Monday
May 23*	Tuesday-2: Last (-2) Tuesday
May 23*	Tue-2: Last (-2) Tuesday
May 23*	Tuesday+4: Fourth Tuesday
May 23*	Tue+4: Fourth Tuesday
May 23*	Tuesday+4: Fourth Tuesday in May
May 23*	Tue+4: Fourth Tuesday in May
May 23*	Fourth: Fourth Tuesday in May
May 23*	23 of every month
May 23 	5/23: May 23
May 23 	May. 23: May 23
May 23 	23 May: May 23
	May: continued
May 23*	Tuesday: Every Tuesday
