Jul 16*	Sunday+3: Third Sunday
Jul 16*	Sun+3: Third Sunday
Jul 16*	Sunday-3: Last (-3) Sunday
Jul 16*	Sun-3: Last (-3) Sunday
Jul 16*	Sunday+3: Third Sunday in July
Jul 16*	Sun+3: Third Sunday in July
Jul 16*	Third: Third Sunday in July
Jul 16*	16 of every month
Jul 16 	7/16: July 16
Jul 16 	Jul. 16: July 16
Jul 16 	16 July: July 16
	July: continued
Jul 16*	Sunday: Every Sunday
Jul 17*	Monday+3: Third Monday
Jul 17*	Mon+3: Third Monday
Jul 17*	Monday-3: Last (-3) Monday
Jul 17*	Mon-3: Last (-3) Monday
Jul 17*	Monday+3: Third Monday in July
Jul 17*	Mon+3: Third Monday in July
Jul 17*	Third: Third Monday in July
Jul 17*	17 of every month
Jul 17 	7/17: July 17
Jul 17 	Jul. 17: July 17
Jul 17 	17 July: July 17
	July: continued
Jul 17*	Monday: Every Monday
