Sep 04*	Monday+1: First Monday
Sep 04*	Mon+1: First Monday
Sep 04*	Monday+1: First Monday in September
Sep 04*	Mon+1: First Monday in September
Sep 04*	First: First Monday in September
Sep 04*	Monday-4: Last (-4) Monday
Sep 04*	Mon-4: Last (-4) Monday
Sep 04*	Monday+5: Fifth Monday in August
Sep 04*	Mon+5: Fifth Monday in August
Sep 04*	Fifth: Fifth Monday in August
Sep 04*	4 of every month
Sep 04*	Monday: Every Monday
Sep 05*	Tuesday+1: First Tuesday
Sep 05*	Tue+1: First Tuesday
Sep 05*	Tuesday+1: First Tuesday in September
Sep 05*	Tue+1: First Tuesday in September
Sep 05*	First: First Tuesday in September
Sep 05*	Tuesday-4: Last (-4) Tuesday
Sep 05*	Tue-4: Last (-4) Tuesday
Sep 05*	5 of every month
Sep 05*	Tuesday: Every Tuesday
