Jun 12*	Monday+2: Second Monday
Jun 12*	Mon+2: Second Monday
Jun 12*	Monday+2: Second Monday in June
Jun 12*	Mon+2: Second Monday in June
Jun 12*	Second: Second Monday in June
Jun 12*	Monday-3: Last (-3) Monday
Jun 12*	Mon-3: Last (-3) Monday
Jun 12*	12 of every month
Jun 12 	6/12: June 12
Jun 12 	Jun. 12: June 12
Jun 12 	12 June: June 12
	June: continued
Jun 12*	Monday: Every Monday
Jun 13*	Tuesday+2: Second Tuesday
Jun 13*	Tue+2: Second Tuesday
Jun 13*	Tuesday+2: Second Tuesday in June
Jun 13*	Tue+2: Second Tuesday in June
Jun 13*	Second: Second Tuesday in June
Jun 13*	Tuesday-3: Last (-3) Tuesday
Jun 13*	Tue-3: Last (-3) Tuesday
Jun 13*	13 of every month
Jun 13 	6/13: June 13
Jun 13 	Jun. 13: June 13
Jun 13 	13 June: June 13
	June: continued
Jun 13*	Tuesday: Every Tuesday
