Jun 10*	Saturday+2: Second Saturday
Jun 10*	Sat+2: Second Saturday
Jun 10*	Saturday+2: Second Saturday in June
Jun 10*	Sat+2: Second Saturday in June
Jun 10*	Second: Second Saturday in June
Jun 10*	Saturday-3: Last (-3) Saturday
Jun 10*	Sat-3: Last (-3) Saturday
Jun 10*	10 of every month
Jun 10 	6/10: June 10
Jun 10 	Jun. 10: June 10
Jun 10 	10 June: June 10
	June: continued
Jun 10*	Saturday: Every Saturday
Jun 11*	Sunday+2: Second Sunday
Jun 11*	Sun+2: Second Sunday
Jun 11*	Sunday+2: Second Sunday in June
Jun 11*	Sun+2: Second Sunday in June
Jun 11*	Second: Second Sunday in June
Jun 11*	Sunday-3: Last (-3) Sunday
Jun 11*	Sun-3: Last (-3) Sunday
Jun 11*	11 of every month
Jun 11 	6/11: June 11
Jun 11 	Jun. 11: June 11
Jun 11 	11 June: June 11
	June: continued
Jun 11*	Sunday: Every Sunday
