Feb 16*	Thursday-2: Last (-2) Thursday
Feb 16*	Thu-2: Last (-2) Thursday
Feb 16*	Thursday+3: Third Thursday
Feb 16*	Thu+3: Third Thursday
Feb 16*	Thursday+3: Third Thursday in February
Feb 16*	Thu+3: Third Thursday in February
Feb 16*	Third: Third Thursday in February
Feb 16*	16 of every month
Feb 16 	2/16: February 16
Feb 16 	Feb. 16: February 16
Feb 16 	16 February: February 16
	February: continued
Feb 16*	Thursday: Every Thursday
Feb 17*	Friday-2: Last (-2) Friday
Feb 17*	Fri-2: Last (-2) Friday
Feb 17*	Friday+3: Third Friday
Feb 17*	Fri+3: Third Friday
Feb 17*	Friday+3: Third Friday in February
Feb 17*	Fri+3: Third Friday in February
Feb 17*	Third: Third Friday in February
Feb 17*	17 of every month
Feb 17 	2/17: February 17
Feb 17 	Feb. 17: February 17
Feb 17 	17 February: February 17
	February: continued
Feb 17*	Friday: Every Friday
