Jan 07*	Saturday+1: First Saturday
Jan 07*	Sat+1: First Saturday
Jan 07*	Saturday+1: First Saturday in January
Jan 07*	Sat+1: First Saturday in January
Jan 07*	First: First Saturday in January
Jan 07*	Saturday-4: Last (-4) Saturday
Jan 07*	Sat-4: Last (-4) Saturday
Jan 07*	7 of every month
Jan 07 	1/7: January 7
Jan 07 	Jan. 7: January 7
Jan 07 	7 January: January 7
	January: continued
Jan 07*	Saturday: Every Saturday
Jan 08*	Sunday+2: Second Sunday
Jan 08*	Sun+2: Second Sunday
Jan 08*	Sunday+2: Second Sunday in January
Jan 08*	Sun+2: Second Sunday in January
Jan 08*	Second: Second Sunday in January
Jan 08*	Sunday-4: Last (-4) Sunday
Jan 08*	Sun-4: Last (-4) Sunday
Jan 08*	8 of every month
Jan 08 	1/8: January 8
Jan 08 	Jan. 8: January 8
Jan 08 	8 January: January 8
	January: continued
Jan 08*	Sunday: Every Sunday
