Aug 03*	Thursday+1: First Thursday
Aug 03*	Thu+1: First Thursday
Aug 03*	Thursday+1: First Thursday in August
Aug 03*	Thu+1: First Thursday in August
Aug 03*	First: First Thursday in August
Aug 03*	Thursday+5: Fifth Thursday in July
Aug 03*	Thu+5: Fifth Thursday in July
Aug 03*	Fifth: Fifth Thursday in July
Aug 03*	3 of every month
Aug 03*	Thursday: Every Thursday
Aug 04*	Friday+1: First Friday
Aug 04*	Fri+1: First Friday
Aug 04*	Friday+1: First Friday in August
Aug 04*	Fri+1: First Friday in August
Aug 04*	First: First Friday in August
Aug 04*	Friday-4: Last (-4) Friday
Aug 04*	Fri-4: Last (-4) Friday
Aug 04*	Friday+5: Fifth Friday in July
Aug 04*	Fri+5: Fifth Friday in July
Aug 04*	Fifth: Fifth Friday in July
Aug 04*	4 of every month
Aug 04*	Friday: Every Friday
