May 02*	Tuesday+1: First Tuesday
May 02*	Tue+1: First Tuesday
May 02*	Tuesday+1: First Tuesday in May
May 02*	Tue+1: First Tuesday in May
May 02*	First: First Tuesday in May
May 02*	Tuesday+5: Fifth Tuesday in April
May 02*	Tue+5: Fifth Tuesday in April
May 02*	Fifth: Fifth Tuesday in April
May 02*	2 of every month
May 02 	5/2: May 2
May 02 	May. 2: May 2
May 02 	2 May: May 2
	May: continued
May 02*	Tuesday: Every Tuesday
May 03*	Wednesday+1: First Wednesday
May 03*	Wed+1: First Wednesday
May 03*	Wednesday+1: First Wednesday in May
May 03*	Wed+1: First Wednesday in May
May 03*	First: First Wednesday in May
May 03*	Wednesday+5: Fifth Wednesday in April
May 03*	Wed+5: Fifth Wednesday in April
May 03*	Fifth: Fifth Wednesday in April
May 03*	3 of every month
May 03 	5/3: May 3
May 03 	May. 3: May 3
May 03 	3 May: May 3
	May: continued
May 03*	Wednesday: Every Wednesday
