Nov 05*	Sunday+1: First Sunday
Nov 05*	Sun+1: First Sunday
Nov 05*	Sunday+1: First Sunday in November
Nov 05*	Sun+1: First Sunday in November
Nov 05*	First: First Sunday in November
Nov 05*	Sunday-4: Last (-4) Sunday
Nov 05*	Sun-4: Last (-4) Sunday
Nov 05*	5 of every month
Nov 05 	11/5: November 5
Nov 05 	Nov. 5: November 5
Nov 05 	5 November: November 5
	November: continued
Nov 05*	Sunday: Every Sunday
Nov 06*	Monday+1: First Monday
Nov 06*	Mon+1: First Monday
Nov 06*	Monday+1: First Monday in November
Nov 06*	Mon+1: First Monday in November
Nov 06*	First: First Monday in November
Nov 06*	Monday-4: Last (-4) Monday
Nov 06*	Mon-4: Last (-4) Monday
Nov 06*	6 of every month
Nov 06 	11/6: November 6
Nov 06 	Nov. 6: November 6
Nov 06 	6 November: November 6
	November: continued
Nov 06*	Monday: Every Monday
