Mar 14*	Tuesday+2: Second Tuesday
Mar 14*	Tue+2: Second Tuesday
Mar 14*	Tuesday+2: Second Tuesday in March
Mar 14*	Tue+2: Second Tuesday in March
Mar 14*	Second: Second Tuesday in March
Mar 14*	Tuesday-3: Last (-3) Tuesday
Mar 14*	Tue-3: Last (-3) Tuesday
Mar 14*	14 of every month
Mar 14 	3/14: March 14
Mar 14 	Mar. 14: March 14
Mar 14 	14 March: March 14
	March: continued
Mar 14*	Tuesday: Every Tuesday
Mar 15*	Wednesday+3: Third Wednesday
Mar 15*	Wed+3: Third Wednesday
Mar 15*	Wednesday-3: Last (-3) Wednesday
Mar 15*	Wed-3: Last (-3) Wednesday
Mar 15*	Wednesday+3: Third Wednesday in March
Mar 15*	Wed+3: Third Wednesday in March
Mar 15*	Third: Third Wednesday in March
Mar 15*	15 of every month
Mar 15 	3/15: March 15
Mar 15 	Mar. 15: March 15
Mar 15 	15 March: March 15
	March: continued
Mar 15*	Wednesday: Every Wednesday
