Oct 12*	Thursday+2: Second Thursday
Oct 12*	Thu+2: Second Thursday
Oct 12*	Thursday+2: Second Thursday in October
Oct 12*	Thu+2: Second Thursday in October
Oct 12*	Second: Second Thursday in October
Oct 12*	Thursday-3: Last (-3) Thursday
Oct 12*	Thu-3: Last (-3) Thursday
Oct 12*	12 of every month
Oct 12 	10/12: October 12
Oct 12 	Oct. 12: October 12
Oct 12 	12 October: October 12
	October: continued
Oct 12*	Thursday: Every Thursday
Oct 13*	Friday+2: Second Friday
Oct 13*	Fri+2: Second Friday
Oct 13*	Friday+2: Second Friday in October
Oct 13*	Fri+2: Second Friday in October
Oct 13*	Second: Second Friday in October
Oct 13*	Friday-3: Last (-3) Friday
Oct 13*	Fri-3: Last (-3) Friday
Oct 13*	13 of every month
Oct 13 	10/13: October 13
Oct 13 	Oct. 13: October 13
Oct 13 	13 October: October 13
	October: continued
Oct 13*	Friday: Every Friday
