Jul 03*	Monday+1: First Monday
Jul 03*	Mon+1: First Monday
Jul 03*	Monday+1: First Monday in July
Jul 03*	Mon+1: First Monday in July
Jul 03*	First: First Monday in July
Jul 03*	Monday+5: Fifth Monday in June
Jul 03*	Mon+5: Fifth Monday in June
Jul 03*	Fifth: Fifth Monday in June
Jul 03*	3 of every month
Jul 03 	7/3: July 3
Jul 03 	Jul. 3: July 3
Jul 03 	3 July: July 3
	July: continued
Jul 03*	Monday: Every Monday
Jul 04*	Tuesday+1: First Tuesday
Jul 04*	Tue+1: First Tuesday
Jul 04*	Tuesday+1: First Tuesday in July
Jul 04*	Tue+1: First Tuesday in July
Jul 04*	First: First Tuesday in July
Jul 04*	Tuesday-4: Last (-4) Tuesday
Jul 04*	Tue-4: Last (-4) Tuesday
Jul 04*	Tuesday+5: Fifth Tuesday in June
Jul 04*	Tue+5: Fifth Tuesday in June
Jul 04*	Fifth: Fifth Tuesday in June
Jul 04*	4 of every month
Jul 04 	7/4: July 4
Jul 04 	Jul. 4: July 4
Jul 04 	4 July: July 4
	July: continued
Jul 04*	Tuesday: Every Tuesday
