Jun 11*	Sunday+2: Second Sunday
Jun 11*	Sun+2: Second Sunday
Jun 11*	Sunday+2: Second Sunday in June
Jun 11*	Sun+2: Second Sunday in June
Jun 11*	Second: Second Sunday in June
Jun 11*	Sunday-3: Last (-3) Sunday
Jun 11*	Sun-3: Last (-3) Sunday
Jun 11*	11 of every month
Jun 11 	6/11: June 11
Jun 11 	Jun. 11: June 11
Jun 11 	11 June: June 11
	June: continued
Jun 11*	Sunday: Every Sunday
Jun 12*	Monday+2: Second Monday
Jun 12*	Mon+2: Second Monday
Jun 12*	Monday+2: Second Monday in June
Jun 12*	Mon+2: Second Monday in June
Jun 12*	Second: Second Monday in June
Jun 12*	Monday-3: Last (-3) Monday
Jun 12*	Mon-3: Last (-3) Monday
Jun 12*	12 of every month
Jun 12 	6/12: June 12
Jun 12 	Jun. 12: June 12
Jun 12 	12 June: June 12
	June: continued
Jun 12*	Monday: Every Monday
