Oct 13*	Friday+2: Second Friday
Oct 13*	Fri+2: Second Friday
Oct 13*	Friday+2: Second Friday in October
Oct 13*	Fri+2: Second Friday in October
Oct 13*	Second: Second Friday in October
Oct 13*	Friday-3: Last (-3) Friday
Oct 13*	Fri-3: Last (-3) Friday
Oct 13*	13 of every month
Oct 13 	10/13: October 13
Oct 13 	Oct. 13: October 13
Oct 13 	13 October: October 13
	October: continued
Oct 13*	Friday: Every Friday
Oct 14*	Saturday+2: Second Saturday
Oct 14*	Sat+2: Second Saturday
Oct 14*	Saturday+2: Second Saturday in October
Oct 14*	Sat+2: Second Saturday in October
Oct 14*	Second: Second Saturday in October
Oct 14*	Saturday-3: Last (-3) Saturday
Oct 14*	Sat-3: Last (-3) Saturday
Oct 14*	14 of every month
Oct 14 	10/14: October 14
Oct 14 	Oct. 14: October 14
Oct 14 	14 October: October 14
	October: continued
Oct 14*	Saturday: Every Saturday
Oct 15*	Sunday+3: Third Sunday
Oct 15*	Sun+3: Third Sunday
Oct 15*	Sunday-3: Last (-3) Sunday
Oct 15*	Sun-3: Last (-3) Sunday
Oct 15*	Sunday+3: Third Sunday in October
Oct 15*	Sun+3: Third Sunday in October
Oct 15*	Third: Third Sunday in October
Oct 15*	15 of every month
Oct 15 	10/15: October 15
Oct 15 	Oct. 15: October 15
Oct 15 	15 October: October 15
	October: continued
Oct 15*	Sunday: Every Sunday
Oct 16*	Monday+3: Third Monday
Oct 16*	Mon+3: Third Monday
Oct 16*	Monday-3: Last (-3) Monday
Oct 16*	Mon-3: Last (-3) Monday
Oct 16*	Monday+3: Third Monday in October
Oct 16*	Mon+3: Third Monday in October
Oct 16*	Third: Third Monday in October
Oct 16*	16 of every month
Oct 16 	10/16: October 16
Oct 16 	Oct. 16: October 16
Oct 16 	16 October: October 16
	October: continued
Oct 16*	Monday: Every Monday
