May 06*	Saturday+1: First Saturday
May 06*	Sat+1: First Saturday
May 06*	Saturday+1: First Saturday in May
May 06*	Sat+1: First Saturday in May
May 06*	First: First Saturday in May
May 06*	Saturday-4: Last (-4) Saturday
May 06*	Sat-4: Last (-4) Saturday
May 06*	6 of every month
May 06 	5/6: May 6
May 06 	May. 6: May 6
May 06 	6 May: May 6
	May: continued
May 06*	Saturday: Every Saturday
May 07*	Sunday+1: First Sunday
May 07*	Sun+1: First Sunday
May 07*	Sunday+1: First Sunday in May
May 07*	Sun+1: First Sunday in May
May 07*	First: First Sunday in May
May 07*	Sunday-4: Last (-4) Sunday
May 07*	Sun-4: Last (-4) Sunday
May 07*	7 of every month
May 07 	5/7: May 7
May 07 	May. 7: May 7
May 07 	7 May: May 7
	May: continued
May 07*	Sunday: Every Sunday
