Apr 12*	Wednesday+2: Second Wednesday
Apr 12*	Wed+2: Second Wednesday
Apr 12*	Wednesday+2: Second Wednesday in April
Apr 12*	Wed+2: Second Wednesday in April
Apr 12*	Second: Second Wednesday in April
Apr 12*	Wednesday-3: Last (-3) Wednesday
Apr 12*	Wed-3: Last (-3) Wednesday
Apr 12*	12 of every month
Apr 12 	4/12: April 12
Apr 12 	Apr. 12: April 12
Apr 12 	12 April: April 12
	April: continued
Apr 12*	Wednesday: Every Wednesday
Apr 13*	Thursday+2: Second Thursday
Apr 13*	Thu+2: Second Thursday
Apr 13*	Thursday+2: Second Thursday in April
Apr 13*	Thu+2: Second Thursday in April
Apr 13*	Second: Second Thursday in April
Apr 13*	Thursday-3: Last (-3) Thursday
Apr 13*	Thu-3: Last (-3) Thursday
Apr 13*	13 of every month
Apr 13 	4/13: April 13
Apr 13 	Apr. 13: April 13
Apr 13 	13 April: April 13
	April: continued
Apr 13*	Thursday: Every Thursday
