May 31*	Wednesday-1: Last (-1) Wednesday
May 31*	Wed-1: Last (-1) Wednesday
May 31*	Wednesday+5: Fifth Wednesday
May 31*	Wed+5: Fifth Wednesday
May 31*	Wednesday+5: Fifth Wednesday in May
May 31*	Wed+5: Fifth Wednesday in May
May 31*	Fifth: Fifth Wednesday in May
May 31*	31 of every month
May 31 	5/31: May 31
May 31 	May. 31: May 31
May 31 	31 May: May 31
	May: continued
May 31*	Wednesday: Every Wednesday
Jun 01*	Thursday+1: First Thursday
Jun 01*	Thu+1: First Thursday
Jun 01*	Thursday+1: First Thursday in June
Jun 01*	Thu+1: First Thursday in June
Jun 01*	First: First Thursday in June
Jun 01*	Thursday+5: Fifth Thursday in May
Jun 01*	Thu+5: Fifth Thursday in May
Jun 01*	Fifth: Fifth Thursday in May
Jun 01*	1 of every month
Jun 01 	6/1: June 1
Jun 01 	Jun. 1: June 1
Jun 01 	1 June: June 1
	June: continued
Jun 01*	*: Beginning of every month
Jun 01*	Thursday: Every Thursday
Jun 01 	June: Every June 1st
