Jan 18*	Wednesday-2: Last (-2) Wednesday
Jan 18*	Wed-2: Last (-2) Wednesday
Jan 18*	Wednesday+3: Third Wednesday
Jan 18*	Wed+3: Third Wednesday
Jan 18*	Wednesday+3: Third Wednesday in January
Jan 18*	Wed+3: Third Wednesday in January
Jan 18*	Third: Third Wednesday in January
Jan 18*	18 of every month
Jan 18 	1/18: January 18
Jan 18 	Jan. 18: January 18
Jan 18 	18 January: January 18
	January: continued
Jan 18*	Wednesday: Every Wednesday
Jan 19*	Thursday-2: Last (-2) Thursday
Jan 19*	Thu-2: Last (-2) Thursday
Jan 19*	Thursday+3: Third Thursday
Jan 19*	Thu+3: Third Thursday
Jan 19*	Thursday+3: Third Thursday in January
Jan 19*	Thu+3: Third Thursday in January
Jan 19*	Third: Third Thursday in January
Jan 19*	19 of every month
Jan 19 	1/19: January 19
Jan 19 	Jan. 19: January 19
Jan 19 	19 January: January 19
	January: continued
Jan 19*	Thursday: Every Thursday
