Dec 09*	Saturday+2: Second Saturday
Dec 09*	Sat+2: Second Saturday
Dec 09*	Saturday+2: Second Saturday in December
Dec 09*	Sat+2: Second Saturday in December
Dec 09*	Second: Second Saturday in December
Dec 09*	Saturday-4: Last (-4) Saturday
Dec 09*	Sat-4: Last (-4) Saturday
Dec 09*	9 of every month
Dec 09 	12/9: December 9
Dec 09 	Dec. 9: December 9
Dec 09 	9 December: December 9
	December: continued
Dec 09*	Saturday: Every Saturday
Dec 10*	Sunday+2: Second Sunday
Dec 10*	Sun+2: Second Sunday
Dec 10*	Sunday+2: Second Sunday in December
Dec 10*	Sun+2: Second Sunday in December
Dec 10*	Second: Second Sunday in December
Dec 10*	Sunday-4: Last (-4) Sunday
Dec 10*	Sun-4: Last (-4) Sunday
Dec 10*	10 of every month
Dec 10 	12/10: December 10
Dec 10 	Dec. 10: December 10
Dec 10 	10 December: December 10
	December: continued
Dec 10*	Sunday: Every Sunday
