Mar 25*	Saturday-1: Last (-1) Saturday
Mar 25*	Sat-1: Last (-1) Saturday
Mar 25*	Saturday+4: Fourth Saturday
Mar 25*	Sat+4: Fourth Saturday
Mar 25*	Saturday+4: Fourth Saturday in March
Mar 25*	Sat+4: Fourth Saturday in March
Mar 25*	Fourth: Fourth Saturday in March
Mar 25*	25 of every month
Mar 25 	3/25: March 25
Mar 25 	Mar. 25: March 25
Mar 25 	25 March: March 25
	March: continued
Mar 25*	Saturday: Every Saturday
Mar 26*	Sunday-1: Last (-1) Sunday
Mar 26*	Sun-1: Last (-1) Sunday
Mar 26*	Sunday+4: Fourth Sunday
Mar 26*	Sun+4: Fourth Sunday
Mar 26*	Sunday+4: Fourth Sunday in March
Mar 26*	Sun+4: Fourth Sunday in March
Mar 26*	Fourth: Fourth Sunday in March
Mar 26*	26 of every month
Mar 26 	3/26: March 26
Mar 26 	Mar. 26: March 26
Mar 26 	26 March: March 26
	March: continued
Mar 26*	Sunday: Every Sunday
