Apr 25*	Tuesday-1: Last (-1) Tuesday
Apr 25*	Tue-1: Last (-1) Tuesday
Apr 25*	Tuesday+4: Fourth Tuesday
Apr 25*	Tue+4: Fourth Tuesday
Apr 25*	Tuesday+4: Fourth Tuesday in April
Apr 25*	Tue+4: Fourth Tuesday in April
Apr 25*	Fourth: Fourth Tuesday in April
Apr 25*	25 of every month
Apr 25 	4/25: April 25
Apr 25 	Apr. 25: April 25
Apr 25 	25 April: April 25
	April: continued
Apr 25*	Tuesday: Every Tuesday
Apr 26*	Wednesday-1: Last (-1) Wednesday
Apr 26*	Wed-1: Last (-1) Wednesday
Apr 26*	Wednesday+4: Fourth Wednesday
Apr 26*	Wed+4: Fourth Wednesday
Apr 26*	Wednesday+4: Fourth Wednesday in April
Apr 26*	Wed+4: Fourth Wednesday in April
Apr 26*	Fourth: Fourth Wednesday in April
Apr 26*	26 of every month
Apr 26 	4/26: April 26
Apr 26 	Apr. 26: April 26
Apr 26 	26 April: April 26
	April: continued
Apr 26*	Wednesday: Every Wednesday
