Jun 16*	Friday+3: Third Friday
Jun 16*	Fri+3: Third Friday
Jun 16*	Friday-3: Last (-3) Friday
Jun 16*	Fri-3: Last (-3) Friday
Jun 16*	Friday+3: Third Friday in June
Jun 16*	Fri+3: Third Friday in June
Jun 16*	Third: Third Friday in June
Jun 16*	16 of every month
Jun 16 	6/16: June 16
Jun 16 	Jun. 16: June 16
Jun 16 	16 June: June 16
	June: continued
Jun 16*	Friday: Every Friday
Jun 17*	Saturday-2: Last (-2) Saturday
Jun 17*	Sat-2: Last (-2) Saturday
Jun 17*	Saturday+3: Third Saturday
Jun 17*	Sat+3: Third Saturday
Jun 17*	Saturday+3: Third Saturday in June
Jun 17*	Sat+3: Third Saturday in June
Jun 17*	Third: Third Saturday in June
Jun 17*	17 of every month
Jun 17 	6/17: June 17
Jun 17 	Jun. 17: June 17
Jun 17 	17 June: June 17
	June: continued
Jun 17*	Saturday: Every Saturday
Jun 18*	Sunday-2: Last (-2) Sunday
Jun 18*	Sun-2: Last (-2) Sunday
Jun 18*	Sunday+3: Third Sunday
Jun 18*	Sun+3: Third Sunday
Jun 18*	Sunday+3: Third Sunday in June
Jun 18*	Sun+3: Third Sunday in June
Jun 18*	Third: Third Sunday in June
Jun 18*	18 of every month
Jun 18 	6/18: June 18
Jun 18 	Jun. 18: June 18
Jun 18 	18 June: June 18
	June: continued
Jun 18*	Sunday: Every Sunday
Jun 19*	Monday-2: Last (-2) Monday
Jun 19*	Mon-2: Last (-2) Monday
Jun 19*	Monday+3: Third Monday
Jun 19*	Mon+3: Third Monday
Jun 19*	Monday+3: Third Monday in June
Jun 19*	Mon+3: Third Monday in June
Jun 19*	Third: Third Monday in June
Jun 19*	19 of every month
Jun 19 	6/19: June 19
Jun 19 	Jun. 19: June 19
Jun 19 	19 June: June 19
	June: continued
Jun 19*	Monday: Every Monday
