Jul 08*	Saturday+2: Second Saturday
Jul 08*	Sat+2: Second Saturday
Jul 08*	Saturday+2: Second Saturday in July
Jul 08*	Sat+2: Second Saturday in July
Jul 08*	Second: Second Saturday in July
Jul 08*	Saturday-4: Last (-4) Saturday
Jul 08*	Sat-4: Last (-4) Saturday
Jul 08*	8 of every month
Jul 08 	7/8: July 8
Jul 08 	Jul. 8: July 8
Jul 08 	8 July: July 8
	July: continued
Jul 08*	Saturday: Every Saturday
Jul 09*	Sunday+2: Second Sunday
Jul 09*	Sun+2: Second Sunday
Jul 09*	Sunday+2: Second Sunday in July
Jul 09*	Sun+2: Second Sunday in July
Jul 09*	Second: Second Sunday in July
Jul 09*	Sunday-4: Last (-4) Sunday
Jul 09*	Sun-4: Last (-4) Sunday
Jul 09*	9 of every month
Jul 09 	7/9: July 9
Jul 09 	Jul. 9: July 9
Jul 09 	9 July: July 9
	July: continued
Jul 09*	Sunday: Every Sunday
