Jan 28*	Saturday-1: Last (-1) Saturday
Jan 28*	Sat-1: Last (-1) Saturday
Jan 28*	Saturday+4: Fourth Saturday
Jan 28*	Sat+4: Fourth Saturday
Jan 28*	Saturday+4: Fourth Saturday in January
Jan 28*	Sat+4: Fourth Saturday in January
Jan 28*	Fourth: Fourth Saturday in January
Jan 28*	28 of every month
Jan 28 	1/28: January 28
Jan 28 	Jan. 28: January 28
Jan 28 	28 January: January 28
	January: continued
Jan 28*	Saturday: Every Saturday
Jan 29*	Sunday-1: Last (-1) Sunday
Jan 29*	Sun-1: Last (-1) Sunday
Jan 29*	Sunday+5: Fifth Sunday
Jan 29*	Sun+5: Fifth Sunday
Jan 29*	Sunday+5: Fifth Sunday in January
Jan 29*	Sun+5: Fifth Sunday in January
Jan 29*	Fifth: Fifth Sunday in January
Jan 29*	29 of every month
Jan 29 	1/29: January 29
Jan 29 	Jan. 29: January 29
Jan 29 	29 January: January 29
	January: continued
Jan 29*	Sunday: Every Sunday
