Feb 24*	Friday-1: Last (-1) Friday
Feb 24*	Fri-1: Last (-1) Friday
Feb 24*	Friday+4: Fourth Friday
Feb 24*	Fri+4: Fourth Friday
Feb 24*	Friday+4: Fourth Friday in February
Feb 24*	Fri+4: Fourth Friday in February
Feb 24*	Fourth: Fourth Friday in February
Feb 24*	24 of every month
Feb 24 	2/24: February 24
Feb 24 	Feb. 24: February 24
Feb 24 	24 February: February 24
	February: continued
Feb 24*	Friday: Every Friday
Feb 25*	Saturday-1: Last (-1) Saturday
Feb 25*	Sat-1: Last (-1) Saturday
Feb 25*	Saturday+4: Fourth Saturday
Feb 25*	Sat+4: Fourth Saturday
Feb 25*	Saturday+4: Fourth Saturday in February
Feb 25*	Sat+4: Fourth Saturday in February
Feb 25*	Fourth: Fourth Saturday in February
Feb 25*	25 of every month
Feb 25 	2/25: February 25
Feb 25 	Feb. 25: February 25
Feb 25 	25 February: February 25
	February: continued
Feb 25*	Saturday: Every Saturday
Feb 26*	Sunday-1: Last (-1) Sunday
Feb 26*	Sun-1: Last (-1) Sunday
Feb 26*	Sunday+4: Fourth Sunday
Feb 26*	Sun+4: Fourth Sunday
Feb 26*	Sunday+4: Fourth Sunday in February
Feb 26*	Sun+4: Fourth Sunday in February
Feb 26*	Fourth: Fourth Sunday in February
Feb 26*	26 of every month
Feb 26 	2/26: February 26
Feb 26 	Feb. 26: February 26
Feb 26 	26 February: February 26
	February: continued
Feb 26*	Sunday: Every Sunday
Feb 27*	Monday-1: Last (-1) Monday
Feb 27*	Mon-1: Last (-1) Monday
Feb 27*	Monday+4: Fourth Monday
Feb 27*	Mon+4: Fourth Monday
Feb 27*	Monday+4: Fourth Monday in February
Feb 27*	Mon+4: Fourth Monday in February
Feb 27*	Fourth: Fourth Monday in February
Feb 27*	27 of every month
Feb 27 	2/27: February 27
Feb 27 	Feb. 27: February 27
Feb 27 	27 February: February 27
	February: continued
Feb 27*	Monday: Every Monday
