Jun 13*	Tuesday+2: Second Tuesday
Jun 13*	Tue+2: Second Tuesday
Jun 13*	Tuesday+2: Second Tuesday in June
Jun 13*	Tue+2: Second Tuesday in June
Jun 13*	Second: Second Tuesday in June
Jun 13*	Tuesday-3: Last (-3) Tuesday
Jun 13*	Tue-3: Last (-3) Tuesday
Jun 13*	13 of every month
Jun 13 	6/13: June 13
Jun 13 	Jun. 13: June 13
Jun 13 	13 June: June 13
	June: continued
Jun 13*	Tuesday: Every Tuesday
Jun 14*	Wednesday+2: Second Wednesday
Jun 14*	Wed+2: Second Wednesday
Jun 14*	Wednesday+2: Second Wednesday in June
Jun 14*	Wed+2: Second Wednesday in June
Jun 14*	Second: Second Wednesday in June
Jun 14*	Wednesday-3: Last (-3) Wednesday
Jun 14*	Wed-3: Last (-3) Wednesday
Jun 14*	14 of every month
Jun 14 	6/14: June 14
Jun 14 	Jun. 14: June 14
Jun 14 	14 June: June 14
	June: continued
Jun 14*	Wednesday: Every Wednesday
