Sep 22*	Friday-2: Last (-2) Friday
Sep 22*	Fri-2: Last (-2) Friday
Sep 22*	Friday+4: Fourth Friday
Sep 22*	Fri+4: Fourth Friday
Sep 22*	Friday+4: Fourth Friday in September
Sep 22*	Fri+4: Fourth Friday in September
Sep 22*	Fourth: Fourth Friday in September
Sep 22*	22 of every month
Sep 22*	Friday: Every Friday
Sep 23*	Saturday-2: Last (-2) Saturday
Sep 23*	Sat-2: Last (-2) Saturday
Sep 23*	Saturday+4: Fourth Saturday
Sep 23*	Sat+4: Fourth Saturday
Sep 23*	Saturday+4: Fourth Saturday in September
Sep 23*	Sat+4: Fourth Saturday in September
Sep 23*	Fourth: Fourth Saturday in September
Sep 23*	23 of every month
Sep 23*	Saturday: Every Saturday
Sep 24*	Sunday-1: Last (-1) Sunday
Sep 24*	Sun-1: Last (-1) Sunday
Sep 24*	Sunday+4: Fourth Sunday
Sep 24*	Sun+4: Fourth Sunday
Sep 24*	Sunday+4: Fourth Sunday in September
Sep 24*	Sun+4: Fourth Sunday in September
Sep 24*	Fourth: Fourth Sunday in September
Sep 24*	24 of every month
Sep 24*	Sunday: Every Sunday
Sep 25*	Monday-1: Last (-1) Monday
Sep 25*	Mon-1: Last (-1) Monday
Sep 25*	Monday+4: Fourth Monday
Sep 25*	Mon+4: Fourth Monday
Sep 25*	Monday+4: Fourth Monday in September
Sep 25*	Mon+4: Fourth Monday in September
Sep 25*	Fourth: Fourth Monday in September
Sep 25*	25 of every month
Sep 25*	Monday: Every Monday
