Jul 19*	Wednesday-2: Last (-2) Wednesday
Jul 19*	Wed-2: Last (-2) Wednesday
Jul 19*	Wednesday+3: Third Wednesday
Jul 19*	Wed+3: Third Wednesday
Jul 19*	Wednesday+3: Third Wednesday in July
Jul 19*	Wed+3: Third Wednesday in July
Jul 19*	Third: Third Wednesday in July
Jul 19*	19 of every month
Jul 19 	7/19: July 19
Jul 19 	Jul. 19: July 19
Jul 19 	19 July: July 19
	July: continued
Jul 19*	Wednesday: Every Wednesday
Jul 20*	Thursday-2: Last (-2) Thursday
Jul 20*	Thu-2: Last (-2) Thursday
Jul 20*	Thursday+3: Third Thursday
Jul 20*	Thu+3: Third Thursday
Jul 20*	Thursday+3: Third Thursday in July
Jul 20*	Thu+3: Third Thursday in July
Jul 20*	Third: Third Thursday in July
Jul 20*	20 of every month
Jul 20 	7/20: July 20
Jul 20 	Jul. 20: July 20
Jul 20 	20 July: July 20
	July: continued
Jul 20*	Thursday: Every Thursday
