Nov 29*	Wednesday-1: Last (-1) Wednesday
Nov 29*	Wed-1: Last (-1) Wednesday
Nov 29*	Wednesday+5: Fifth Wednesday
Nov 29*	Wed+5: Fifth Wednesday
Nov 29*	Wednesday+5: Fifth Wednesday in November
Nov 29*	Wed+5: Fifth Wednesday in November
Nov 29*	Fifth: Fifth Wednesday in November
Nov 29*	29 of every month
Nov 29 	11/29: November 29
Nov 29 	Nov. 29: November 29
Nov 29 	29 November: November 29
	November: continued
Nov 29*	Wednesday: Every Wednesday
Nov 30*	Thursday-1: Last (-1) Thursday
Nov 30*	Thu-1: Last (-1) Thursday
Nov 30*	Thursday+5: Fifth Thursday
Nov 30*	Thu+5: Fifth Thursday
Nov 30*	Thursday+5: Fifth Thursday in November
Nov 30*	Thu+5: Fifth Thursday in November
Nov 30*	Fifth: Fifth Thursday in November
Nov 30*	30 of every month
Nov 30 	11/30: November 30
Nov 30 	Nov. 30: November 30
Nov 30 	30 November: November 30
	November: continued
Nov 30*	Thursday: Every Thursday
