Jan 03*	Tuesday+1: First Tuesday
Jan 03*	Tue+1: First Tuesday
Jan 03*	Tuesday+1: First Tuesday in January
Jan 03*	Tue+1: First Tuesday in January
Jan 03*	First: First Tuesday in January
Jan 03*	3 of every month
Jan 03 	1/3: January 3
Jan 03 	Jan. 3: January 3
Jan 03 	3 January: January 3
	January: continued
Jan 03*	Tuesday: Every Tuesday
Jan 04*	Wednesday+1: First Wednesday
Jan 04*	Wed+1: First Wednesday
Jan 04*	Wednesday+1: First Wednesday in January
Jan 04*	Wed+1: First Wednesday in January
Jan 04*	First: First Wednesday in January
Jan 04*	Wednesday-4: Last (-4) Wednesday
Jan 04*	Wed-4: Last (-4) Wednesday
Jan 04*	4 of every month
Jan 04 	1/4: January 4
Jan 04 	Jan. 4: January 4
Jan 04 	4 January: January 4
	January: continued
Jan 04*	Wednesday: Every Wednesday
