Mar 04*	Saturday+1: First Saturday
Mar 04*	Sat+1: First Saturday
Mar 04*	Saturday+1: First Saturday in March
Mar 04*	Sat+1: First Saturday in March
Mar 04*	First: First Saturday in March
Mar 04*	Saturday-4: Last (-4) Saturday
Mar 04*	Sat-4: Last (-4) Saturday
Mar 04*	Saturday+5: Fifth Saturday in February
Mar 04*	Sat+5: Fifth Saturday in February
Mar 04*	Fifth: Fifth Saturday in February
Mar 04*	4 of every month
Mar 04 	3/4: March 4
Mar 04 	Mar. 4: March 4
Mar 04 	4 March: March 4
	March: continued
Mar 04*	Saturday: Every Saturday
Mar 05*	Sunday+1: First Sunday
Mar 05*	Sun+1: First Sunday
Mar 05*	Sunday+1: First Sunday in March
Mar 05*	Sun+1: First Sunday in March
Mar 05*	First: First Sunday in March
Mar 05*	Sunday-4: Last (-4) Sunday
Mar 05*	Sun-4: Last (-4) Sunday
Mar 05*	Sunday+5: Fifth Sunday in February
Mar 05*	Sun+5: Fifth Sunday in February
Mar 05*	Fifth: Fifth Sunday in February
Mar 05*	5 of every month
Mar 05 	3/5: March 5
Mar 05 	Mar. 5: March 5
Mar 05 	5 March: March 5
	March: continued
Mar 05*	Sunday: Every Sunday
