Oct 03*	Tuesday+1: First Tuesday
Oct 03*	Tue+1: First Tuesday
Oct 03*	Tuesday+1: First Tuesday in October
Oct 03*	Tue+1: First Tuesday in October
Oct 03*	First: First Tuesday in October
Oct 03*	Tuesday+5: Fifth Tuesday in September
Oct 03*	Tue+5: Fifth Tuesday in September
Oct 03*	Fifth: Fifth Tuesday in September
Oct 03*	3 of every month
Oct 03 	10/3: October 3
Oct 03 	Oct. 3: October 3
Oct 03 	3 October: October 3
	October: continued
Oct 03*	Tuesday: Every Tuesday
Oct 04*	Wednesday+1: First Wednesday
Oct 04*	Wed+1: First Wednesday
Oct 04*	Wednesday+1: First Wednesday in October
Oct 04*	Wed+1: First Wednesday in October
Oct 04*	First: First Wednesday in October
Oct 04*	Wednesday-4: Last (-4) Wednesday
Oct 04*	Wed-4: Last (-4) Wednesday
Oct 04*	Wednesday+5: Fifth Wednesday in September
Oct 04*	Wed+5: Fifth Wednesday in September
Oct 04*	Fifth: Fifth Wednesday in September
Oct 04*	4 of every month
Oct 04 	10/4: October 4
Oct 04 	Oct. 4: October 4
Oct 04 	4 October: October 4
	October: continued
Oct 04*	Wednesday: Every Wednesday
