Mar 07*	Tuesday+1: First Tuesday
Mar 07*	Tue+1: First Tuesday
Mar 07*	Tuesday+1: First Tuesday in March
Mar 07*	Tue+1: First Tuesday in March
Mar 07*	First: First Tuesday in March
Mar 07*	Tuesday-4: Last (-4) Tuesday
Mar 07*	Tue-4: Last (-4) Tuesday
Mar 07*	Tuesday+5: Fifth Tuesday in February
Mar 07*	Tue+5: Fifth Tuesday in February
Mar 07*	Fifth: Fifth Tuesday in February
Mar 07*	7 of every month
Mar 07 	3/7: March 7
Mar 07 	Mar. 7: March 7
Mar 07 	7 March: March 7
	March: continued
Mar 07*	Tuesday: Every Tuesday
Mar 08*	Wednesday+2: Second Wednesday
Mar 08*	Wed+2: Second Wednesday
Mar 08*	Wednesday+2: Second Wednesday in March
Mar 08*	Wed+2: Second Wednesday in March
Mar 08*	Second: Second Wednesday in March
Mar 08*	Wednesday-4: Last (-4) Wednesday
Mar 08*	Wed-4: Last (-4) Wednesday
Mar 08*	8 of every month
Mar 08 	3/8: March 8
Mar 08 	Mar. 8: March 8
Mar 08 	8 March: March 8
	March: continued
Mar 08*	Wednesday: Every Wednesday
