Dec 03*	Sunday+1: First Sunday
Dec 03*	Sun+1: First Sunday
Dec 03*	Sunday+1: First Sunday in December
Dec 03*	Sun+1: First Sunday in December
Dec 03*	First: First Sunday in December
Dec 03*	Sunday+5: Fifth Sunday in November
Dec 03*	Sun+5: Fifth Sunday in November
Dec 03*	Fifth: Fifth Sunday in November
Dec 03*	3 of every month
Dec 03 	12/3: December 3
Dec 03 	Dec. 3: December 3
Dec 03 	3 December: December 3
	December: continued
Dec 03*	Sunday: Every Sunday
Dec 04*	Monday+1: First Monday
Dec 04*	Mon+1: First Monday
Dec 04*	Monday+1: First Monday in December
Dec 04*	Mon+1: First Monday in December
Dec 04*	First: First Monday in December
Dec 04*	Monday-4: Last (-4) Monday
Dec 04*	Mon-4: Last (-4) Monday
Dec 04*	Monday+5: Fifth Monday in November
Dec 04*	Mon+5: Fifth Monday in November
Dec 04*	Fifth: Fifth Monday in November
Dec 04*	4 of every month
Dec 04 	12/4: December 4
Dec 04 	Dec. 4: December 4
Dec 04 	4 December: December 4
	December: continued
Dec 04*	Monday: Every Monday
