Mar 02*	Thursday+1: First Thursday
Mar 02*	Thu+1: First Thursday
Mar 02*	Thursday+1: First Thursday in March
Mar 02*	Thu+1: First Thursday in March
Mar 02*	First: First Thursday in March
Mar 02*	Thursday+5: Fifth Thursday in February
Mar 02*	Thu+5: Fifth Thursday in February
Mar 02*	Fifth: Fifth Thursday in February
Mar 02*	2 of every month
Mar 02 	3/2: March 2
Mar 02 	Mar. 2: March 2
Mar 02 	2 March: March 2
	March: continued
Mar 02*	Thursday: Every Thursday
Mar 03*	Friday+1: First Friday
Mar 03*	Fri+1: First Friday
Mar 03*	Friday+1: First Friday in March
Mar 03*	Fri+1: First Friday in March
Mar 03*	First: First Friday in March
Mar 03*	Friday+5: Fifth Friday in February
Mar 03*	Fri+5: Fifth Friday in February
Mar 03*	Fifth: Fifth Friday in February
Mar 03*	3 of every month
Mar 03 	3/3: March 3
Mar 03 	Mar. 3: March 3
Mar 03 	3 March: March 3
	March: continued
Mar 03*	Friday: Every Friday
