Apr 09*	Sunday+2: Second Sunday
Apr 09*	Sun+2: Second Sunday
Apr 09*	Sunday+2: Second Sunday in April
Apr 09*	Sun+2: Second Sunday in April
Apr 09*	Second: Second Sunday in April
Apr 09*	Sunday-4: Last (-4) Sunday
Apr 09*	Sun-4: Last (-4) Sunday
Apr 09*	9 of every month
Apr 09 	4/9: April 9
Apr 09 	Apr. 9: April 9
Apr 09 	9 April: April 9
	April: continued
Apr 09*	Sunday: Every Sunday
Apr 10*	Monday+2: Second Monday
Apr 10*	Mon+2: Second Monday
Apr 10*	Monday+2: Second Monday in April
Apr 10*	Mon+2: Second Monday in April
Apr 10*	Second: Second Monday in April
Apr 10*	Monday-3: Last (-3) Monday
Apr 10*	Mon-3: Last (-3) Monday
Apr 10*	10 of every month
Apr 10 	4/10: April 10
Apr 10 	Apr. 10: April 10
Apr 10 	10 April: April 10
	April: continued
Apr 10*	Monday: Every Monday
