Jan 14*	Saturday+2: Second Saturday
Jan 14*	Sat+2: Second Saturday
Jan 14*	Saturday+2: Second Saturday in January
Jan 14*	Sat+2: Second Saturday in January
Jan 14*	Second: Second Saturday in January
Jan 14*	Saturday-3: Last (-3) Saturday
Jan 14*	Sat-3: Last (-3) Saturday
Jan 14*	14 of every month
Jan 14 	1/14: January 14
Jan 14 	Jan. 14: January 14
Jan 14 	14 January: January 14
	January: continued
Jan 14*	Saturday: Every Saturday
Jan 15*	Sunday+3: Third Sunday
Jan 15*	Sun+3: Third Sunday
Jan 15*	Sunday-3: Last (-3) Sunday
Jan 15*	Sun-3: Last (-3) Sunday
Jan 15*	Sunday+3: Third Sunday in January
Jan 15*	Sun+3: Third Sunday in January
Jan 15*	Third: Third Sunday in January
Jan 15*	15 of every month
Jan 15 	1/15: January 15
Jan 15 	Jan. 15: January 15
Jan 15 	15 January: January 15
	January: continued
Jan 15*	Sunday: Every Sunday
