Jan 04*	Wednesday+1: First Wednesday
Jan 04*	Wed+1: First Wednesday
Jan 04*	Wednesday+1: First Wednesday in January
Jan 04*	Wed+1: First Wednesday in January
Jan 04*	First: First Wednesday in January
Jan 04*	Wednesday-4: Last (-4) Wednesday
Jan 04*	Wed-4: Last (-4) Wednesday
Jan 04*	4 of every month
Jan 04 	1/4: January 4
Jan 04 	Jan. 4: January 4
Jan 04 	4 January: January 4
	January: continued
Jan 04*	Wednesday: Every Wednesday
Jan 05*	Thursday+1: First Thursday
Jan 05*	Thu+1: First Thursday
Jan 05*	Thursday+1: First Thursday in January
Jan 05*	Thu+1: First Thursday in January
Jan 05*	First: First Thursday in January
Jan 05*	Thursday-4: Last (-4) Thursday
Jan 05*	Thu-4: Last (-4) Thursday
Jan 05*	5 of every month
Jan 05 	1/5: January 5
Jan 05 	Jan. 5: January 5
Jan 05 	5 January: January 5
	January: continued
Jan 05*	Thursday: Every Thursday
