Jan 26*	Thursday-1: Last (-1) Thursday
Jan 26*	Thu-1: Last (-1) Thursday
Jan 26*	Thursday+4: Fourth Thursday
Jan 26*	Thu+4: Fourth Thursday
Jan 26*	Thursday+4: Fourth Thursday in January
Jan 26*	Thu+4: Fourth Thursday in January
Jan 26*	Fourth: Fourth Thursday in January
Jan 26*	26 of every month
Jan 26 	1/26: January 26
Jan 26 	Jan. 26: January 26
Jan 26 	26 January: January 26
	January: continued
Jan 26*	Thursday: Every Thursday
Jan 27*	Friday-1: Last (-1) Friday
Jan 27*	Fri-1: Last (-1) Friday
Jan 27*	Friday+4: Fourth Friday
Jan 27*	Fri+4: Fourth Friday
Jan 27*	Friday+4: Fourth Friday in January
Jan 27*	Fri+4: Fourth Friday in January
Jan 27*	Fourth: Fourth Friday in January
Jan 27*	27 of every month
Jan 27 	1/27: January 27
Jan 27 	Jan. 27: January 27
Jan 27 	27 January: January 27
	January: continued
Jan 27*	Friday: Every Friday
