Jan 31*	Tuesday-1: Last (-1) Tuesday
Jan 31*	Tue-1: Last (-1) Tuesday
Jan 31*	Tuesday+5: Fifth Tuesday
Jan 31*	Tue+5: Fifth Tuesday
Jan 31*	Tuesday+5: Fifth Tuesday in January
Jan 31*	Tue+5: Fifth Tuesday in January
Jan 31*	Fifth: Fifth Tuesday in January
Jan 31*	31 of every month
Jan 31 	1/31: January 31
Jan 31 	Jan. 31: January 31
Jan 31 	31 January: January 31
	January: continued
Jan 31*	Tuesday: Every Tuesday
Feb 01*	Wednesday+1: First Wednesday
Feb 01*	Wed+1: First Wednesday
Feb 01*	Wednesday+1: First Wednesday in February
Feb 01*	Wed+1: First Wednesday in February
Feb 01*	First: First Wednesday in February
Feb 01*	Wednesday-4: Last (-4) Wednesday
Feb 01*	Wed-4: Last (-4) Wednesday
Feb 01*	Wednesday+5: Fifth Wednesday in January
Feb 01*	Wed+5: Fifth Wednesday in January
Feb 01*	Fifth: Fifth Wednesday in January
Feb 01*	1 of every month
Feb 01 	2/1: February 1
Feb 01 	Feb. 1: February 1
Feb 01 	1 February: February 1
	February: continued
Feb 01*	*: Beginning of every month
Feb 01*	Wednesday: Every Wednesday
Feb 01 	February: Every February 1st
