May 08*	Monday+2: Second Monday
May 08*	Mon+2: Second Monday
May 08*	Monday+2: Second Monday in May
May 08*	Mon+2: Second Monday in May
May 08*	Second: Second Monday in May
May 08*	Monday-4: Last (-4) Monday
May 08*	Mon-4: Last (-4) Monday
May 08*	8 of every month
May 08 	5/8: May 8
May 08 	May. 8: May 8
May 08 	8 May: May 8
	May: continued
May 08*	Monday: Every Monday
May 09*	Tuesday+2: Second Tuesday
May 09*	Tue+2: Second Tuesday
May 09*	Tuesday+2: Second Tuesday in May
May 09*	Tue+2: Second Tuesday in May
May 09*	Second: Second Tuesday in May
May 09*	Tuesday-4: Last (-4) Tuesday
May 09*	Tue-4: Last (-4) Tuesday
May 09*	9 of every month
May 09 	5/9: May 9
May 09 	May. 9: May 9
May 09 	9 May: May 9
	May: continued
May 09*	Tuesday: Every Tuesday
