Apr 17*	Monday-2: Last (-2) Monday
Apr 17*	Mon-2: Last (-2) Monday
Apr 17*	Monday+3: Third Monday
Apr 17*	Mon+3: Third Monday
Apr 17*	Monday+3: Third Monday in April
Apr 17*	Mon+3: Third Monday in April
Apr 17*	Third: Third Monday in April
Apr 17*	17 of every month
Apr 17 	4/17: April 17
Apr 17 	Apr. 17: April 17
Apr 17 	17 April: April 17
	April: continued
Apr 17*	Monday: Every Monday
Apr 18*	Tuesday-2: Last (-2) Tuesday
Apr 18*	Tue-2: Last (-2) Tuesday
Apr 18*	Tuesday+3: Third Tuesday
Apr 18*	Tue+3: Third Tuesday
Apr 18*	Tuesday+3: Third Tuesday in April
Apr 18*	Tue+3: Third Tuesday in April
Apr 18*	Third: Third Tuesday in April
Apr 18*	18 of every month
Apr 18 	4/18: April 18
Apr 18 	Apr. 18: April 18
Apr 18 	18 April: April 18
	April: continued
Apr 18*	Tuesday: Every Tuesday
