Apr 22*	Saturday-2: Last (-2) Saturday
Apr 22*	Sat-2: Last (-2) Saturday
Apr 22*	Saturday+4: Fourth Saturday
Apr 22*	Sat+4: Fourth Saturday
Apr 22*	Saturday+4: Fourth Saturday in April
Apr 22*	Sat+4: Fourth Saturday in April
Apr 22*	Fourth: Fourth Saturday in April
Apr 22*	22 of every month
Apr 22 	4/22: April 22
Apr 22 	Apr. 22: April 22
Apr 22 	22 April: April 22
	April: continued
Apr 22*	Saturday: Every Saturday
Apr 23*	Sunday-2: Last (-2) Sunday
Apr 23*	Sun-2: Last (-2) Sunday
Apr 23*	Sunday+4: Fourth Sunday
Apr 23*	Sun+4: Fourth Sunday
Apr 23*	Sunday+4: Fourth Sunday in April
Apr 23*	Sun+4: Fourth Sunday in April
Apr 23*	Fourth: Fourth Sunday in April
Apr 23*	23 of every month
Apr 23 	4/23: April 23
Apr 23 	Apr. 23: April 23
Apr 23 	23 April: April 23
	April: continued
Apr 23*	Sunday: Every Sunday
