May 14*	Sunday+2: Second Sunday
May 14*	Sun+2: Second Sunday
May 14*	Sunday+2: Second Sunday in May
May 14*	Sun+2: Second Sunday in May
May 14*	Second: Second Sunday in May
May 14*	Sunday-3: Last (-3) Sunday
May 14*	Sun-3: Last (-3) Sunday
May 14*	14 of every month
May 14 	5/14: May 14
May 14 	May. 14: May 14
May 14 	14 May: May 14
	May: continued
May 14*	Sunday: Every Sunday
May 15*	Monday+3: Third Monday
May 15*	Mon+3: Third Monday
May 15*	Monday-3: Last (-3) Monday
May 15*	Mon-3: Last (-3) Monday
May 15*	Monday+3: Third Monday in May
May 15*	Mon+3: Third Monday in May
May 15*	Third: Third Monday in May
May 15*	15 of every month
May 15 	5/15: May 15
May 15 	May. 15: May 15
May 15 	15 May: May 15
	May: continued
May 15*	Monday: Every Monday
