Aug 01*	Tuesday+1: First Tuesday
Aug 01*	Tue+1: First Tuesday
Aug 01*	Tuesday+1: First Tuesday in August
Aug 01*	Tue+1: First Tuesday in August
Aug 01*	First: First Tuesday in August
Aug 01*	Tuesday+5: Fifth Tuesday in July
Aug 01*	Tue+5: Fifth Tuesday in July
Aug 01*	Fifth: Fifth Tuesday in July
Aug 01*	1 of every month
Aug 01*	*: Beginning of every month
Aug 01*	Tuesday: Every Tuesday
Aug 01 	August: Every August 1st
Aug 02*	Wednesday+1: First Wednesday
Aug 02*	Wed+1: First Wednesday
Aug 02*	Wednesday+1: First Wednesday in August
Aug 02*	Wed+1: First Wednesday in August
Aug 02*	First: First Wednesday in August
Aug 02*	Wednesday+5: Fifth Wednesday in July
Aug 02*	Wed+5: Fifth Wednesday in July
Aug 02*	Fifth: Fifth Wednesday in July
Aug 02*	2 of every month
Aug 02*	Wednesday: Every Wednesday
