Dec 29*	Friday-1: Last (-1) Friday
Dec 29*	Fri-1: Last (-1) Friday
Dec 29*	Friday+5: Fifth Friday
Dec 29*	Fri+5: Fifth Friday
Dec 29*	Friday+5: Fifth Friday in December
Dec 29*	Fri+5: Fifth Friday in December
Dec 29*	Fifth: Fifth Friday in December
Dec 29*	29 of every month
Dec 29 	12/29: December 29
Dec 29 	Dec. 29: December 29
Dec 29 	29 December: December 29
	December: continued
Dec 29*	Friday: Every Friday
Dec 30*	Saturday-1: Last (-1) Saturday
Dec 30*	Sat-1: Last (-1) Saturday
Dec 30*	Saturday+5: Fifth Saturday
Dec 30*	Sat+5: Fifth Saturday
Dec 30*	Saturday+5: Fifth Saturday in December
Dec 30*	Sat+5: Fifth Saturday in December
Dec 30*	Fifth: Fifth Saturday in December
Dec 30*	30 of every month
Dec 30 	12/30: December 30
Dec 30 	Dec. 30: December 30
Dec 30 	30 December: December 30
	December: continued
Dec 30*	Saturday: Every Saturday
Dec 31*	Sunday-1: Last (-1) Sunday
Dec 31*	Sun-1: Last (-1) Sunday
Dec 31*	Sunday+5: Fifth Sunday
Dec 31*	Sun+5: Fifth Sunday
Dec 31*	Sunday+5: Fifth Sunday in December
Dec 31*	Sun+5: Fifth Sunday in December
Dec 31*	Fifth: Fifth Sunday in December
Dec 31*	31 of every month
Dec 31 	12/31: December 31
Dec 31 	Dec. 31: December 31
Dec 31 	31 December: December 31
	December: continued
Dec 31*	Sunday: Every Sunday
Jan 01*	Monday+1: First Monday
Jan 01*	Mon+1: First Monday
Jan 01*	Monday+1: First Monday in January
Jan 01*	Mon+1: First Monday in January
Jan 01*	First: First Monday in January
Jan 01*	Monday+5: Fifth Monday in December
Jan 01*	Mon+5: Fifth Monday in December
Jan 01*	Fifth: Fifth Monday in December
Jan 01*	1 of every month
Jan 01 	1/1: January 1
Jan 01 	Jan. 1: January 1
Jan 01 	1 January: January 1
	January: continued
Jan 01*	*: Beginning of every month
Jan 01*	Monday: Every Monday
Jan 01 	January: Every January 1st
