May 25*	Thursday-1: Last (-1) Thursday
May 25*	Thu-1: Last (-1) Thursday
May 25*	Thursday+4: Fourth Thursday
May 25*	Thu+4: Fourth Thursday
May 25*	Thursday+4: Fourth Thursday in May
May 25*	Thu+4: Fourth Thursday in May
May 25*	Fourth: Fourth Thursday in May
May 25*	25 of every month
May 25 	5/25: May 25
May 25 	May. 25: May 25
May 25 	25 May: May 25
	May: continued
May 25*	Thursday: Every Thursday
May 26*	Friday-1: Last (-1) Friday
May 26*	Fri-1: Last (-1) Friday
May 26*	Friday+4: Fourth Friday
May 26*	Fri+4: Fourth Friday
May 26*	Friday+4: Fourth Friday in May
May 26*	Fri+4: Fourth Friday in May
May 26*	Fourth: Fourth Friday in May
May 26*	26 of every month
May 26 	5/26: May 26
May 26 	May. 26: May 26
May 26 	26 May: May 26
	May: continued
May 26*	Friday: Every Friday
