May 05*	Friday+1: First Friday
May 05*	Fri+1: First Friday
May 05*	Friday+1: First Friday in May
May 05*	Fri+1: First Friday in May
May 05*	First: First Friday in May
May 05*	Friday-4: Last (-4) Friday
May 05*	Fri-4: Last (-4) Friday
May 05*	Friday+5: Fifth Friday in April
May 05*	Fri+5: Fifth Friday in April
May 05*	Fifth: Fifth Friday in April
May 05*	5 of every month
May 05 	5/5: May 5
May 05 	May. 5: May 5
May 05 	5 May: May 5
	May: continued
May 05*	Friday: Every Friday
May 06*	Saturday+1: First Saturday
May 06*	Sat+1: First Saturday
May 06*	Saturday+1: First Saturday in May
May 06*	Sat+1: First Saturday in May
May 06*	First: First Saturday in May
May 06*	Saturday-4: Last (-4) Saturday
May 06*	Sat-4: Last (-4) Saturday
May 06*	6 of every month
May 06 	5/6: May 6
May 06 	May. 6: May 6
May 06 	6 May: May 6
	May: continued
May 06*	Saturday: Every Saturday
May 07*	Sunday+1: First Sunday
May 07*	Sun+1: First Sunday
May 07*	Sunday+1: First Sunday in May
May 07*	Sun+1: First Sunday in May
May 07*	First: First Sunday in May
May 07*	Sunday-4: Last (-4) Sunday
May 07*	Sun-4: Last (-4) Sunday
May 07*	7 of every month
May 07 	5/7: May 7
May 07 	May. 7: May 7
May 07 	7 May: May 7
	May: continued
May 07*	Sunday: Every Sunday
May 08*	Monday+2: Second Monday
May 08*	Mon+2: Second Monday
May 08*	Monday+2: Second Monday in May
May 08*	Mon+2: Second Monday in May
May 08*	Second: Second Monday in May
May 08*	Monday-4: Last (-4) Monday
May 08*	Mon-4: Last (-4) Monday
May 08*	8 of every month
May 08 	5/8: May 8
May 08 	May. 8: May 8
May 08 	8 May: May 8
	May: continued
May 08*	Monday: Every Monday
