Dec 18*	Monday-2: Last (-2) Monday
Dec 18*	Mon-2: Last (-2) Monday
Dec 18*	Monday+3: Third Monday
Dec 18*	Mon+3: Third Monday
Dec 18*	Monday+3: Third Monday in December
Dec 18*	Mon+3: Third Monday in December
Dec 18*	Third: Third Monday in December
Dec 18*	18 of every month
Dec 18 	12/18: December 18
Dec 18 	Dec. 18: December 18
Dec 18 	18 December: December 18
	December: continued
Dec 18*	Monday: Every Monday
Dec 19*	Tuesday-2: Last (-2) Tuesday
Dec 19*	Tue-2: Last (-2) Tuesday
Dec 19*	Tuesday+3: Third Tuesday
Dec 19*	Tue+3: Third Tuesday
Dec 19*	Tuesday+3: Third Tuesday in December
Dec 19*	Tue+3: Third Tuesday in December
Dec 19*	Third: Third Tuesday in December
Dec 19*	19 of every month
Dec 19 	12/19: December 19
Dec 19 	Dec. 19: December 19
Dec 19 	19 December: December 19
	December: continued
Dec 19*	Tuesday: Every Tuesday
