Feb 15*	Wednesday-2: Last (-2) Wednesday
Feb 15*	Wed-2: Last (-2) Wednesday
Feb 15*	Wednesday+3: Third Wednesday
Feb 15*	Wed+3: Third Wednesday
Feb 15*	Wednesday+3: Third Wednesday in February
Feb 15*	Wed+3: Third Wednesday in February
Feb 15*	Third: Third Wednesday in February
Feb 15*	15 of every month
Feb 15 	2/15: February 15
Feb 15 	Feb. 15: February 15
Feb 15 	15 February: February 15
	February: continued
Feb 15*	Wednesday: Every Wednesday
Feb 16*	Thursday-2: Last (-2) Thursday
Feb 16*	Thu-2: Last (-2) Thursday
Feb 16*	Thursday+3: Third Thursday
Feb 16*	Thu+3: Third Thursday
Feb 16*	Thursday+3: Third Thursday in February
Feb 16*	Thu+3: Third Thursday in February
Feb 16*	Third: Third Thursday in February
Feb 16*	16 of every month
Feb 16 	2/16: February 16
Feb 16 	Feb. 16: February 16
Feb 16 	16 February: February 16
	February: continued
Feb 16*	Thursday: Every Thursday
