Jul 18*	Tuesday-2: Last (-2) Tuesday
Jul 18*	Tue-2: Last (-2) Tuesday
Jul 18*	Tuesday+3: Third Tuesday
Jul 18*	Tue+3: Third Tuesday
Jul 18*	Tuesday+3: Third Tuesday in July
Jul 18*	Tue+3: Third Tuesday in July
Jul 18*	Third: Third Tuesday in July
Jul 18*	18 of every month
Jul 18 	7/18: July 18
Jul 18 	Jul. 18: July 18
Jul 18 	18 July: July 18
	July: continued
Jul 18*	Tuesday: Every Tuesday
Jul 19*	Wednesday-2: Last (-2) Wednesday
Jul 19*	Wed-2: Last (-2) Wednesday
Jul 19*	Wednesday+3: Third Wednesday
Jul 19*	Wed+3: Third Wednesday
Jul 19*	Wednesday+3: Third Wednesday in July
Jul 19*	Wed+3: Third Wednesday in July
Jul 19*	Third: Third Wednesday in July
Jul 19*	19 of every month
Jul 19 	7/19: July 19
Jul 19 	Jul. 19: July 19
Jul 19 	19 July: July 19
	July: continued
Jul 19*	Wednesday: Every Wednesday
