Apr 29*	Saturday-1: Last (-1) Saturday
Apr 29*	Sat-1: Last (-1) Saturday
Apr 29*	Saturday+5: Fifth Saturday
Apr 29*	Sat+5: Fifth Saturday
Apr 29*	Saturday+5: Fifth Saturday in April
Apr 29*	Sat+5: Fifth Saturday in April
Apr 29*	Fifth: Fifth Saturday in April
Apr 29*	29 of every month
Apr 29 	4/29: April 29
Apr 29 	Apr. 29: April 29
Apr 29 	29 April: April 29
	April: continued
Apr 29*	Saturday: Every Saturday
Apr 30*	Sunday-1: Last (-1) Sunday
Apr 30*	Sun-1: Last (-1) Sunday
Apr 30*	Sunday+5: Fifth Sunday
Apr 30*	Sun+5: Fifth Sunday
Apr 30*	Sunday+5: Fifth Sunday in April
Apr 30*	Sun+5: Fifth Sunday in April
Apr 30*	Fifth: Fifth Sunday in April
Apr 30*	30 of every month
Apr 30 	4/30: April 30
Apr 30 	Apr. 30: April 30
Apr 30 	30 April: April 30
	April: continued
Apr 30*	Sunday: Every Sunday
