Nov 19*	Sunday-2: Last (-2) Sunday
Nov 19*	Sun-2: Last (-2) Sunday
Nov 19*	Sunday+3: Third Sunday
Nov 19*	Sun+3: Third Sunday
Nov 19*	Sunday+3: Third Sunday in November
Nov 19*	Sun+3: Third Sunday in November
Nov 19*	Third: Third Sunday in November
Nov 19*	19 of every month
Nov 19 	11/19: November 19
Nov 19 	Nov. 19: November 19
Nov 19 	19 November: November 19
	November: continued
Nov 19*	Sunday: Every Sunday
Nov 20*	Monday-2: Last (-2) Monday
Nov 20*	Mon-2: Last (-2) Monday
Nov 20*	Monday+3: Third Monday
Nov 20*	Mon+3: Third Monday
Nov 20*	Monday+3: Third Monday in November
Nov 20*	Mon+3: Third Monday in November
Nov 20*	Third: Third Monday in November
Nov 20*	20 of every month
Nov 20 	11/20: November 20
Nov 20 	Nov. 20: November 20
Nov 20 	20 November: November 20
	November: continued
Nov 20*	Monday: Every Monday
