Feb 21*	Tuesday-2: Last (-2) Tuesday
Feb 21*	Tue-2: Last (-2) Tuesday
Feb 21*	Tuesday+3: Third Tuesday
Feb 21*	Tue+3: Third Tuesday
Feb 21*	Tuesday+3: Third Tuesday in February
Feb 21*	Tue+3: Third Tuesday in February
Feb 21*	Third: Third Tuesday in February
Feb 21*	21 of every month
Feb 21 	2/21: February 21
Feb 21 	Feb. 21: February 21
Feb 21 	21 February: February 21
	February: continued
Feb 21*	Tuesday: Every Tuesday
Feb 22*	Wednesday-1: Last (-1) Wednesday
Feb 22*	Wed-1: Last (-1) Wednesday
Feb 22*	Wednesday+4: Fourth Wednesday
Feb 22*	Wed+4: Fourth Wednesday
Feb 22*	Wednesday+4: Fourth Wednesday in February
Feb 22*	Wed+4: Fourth Wednesday in February
Feb 22*	Fourth: Fourth Wednesday in February
Feb 22*	22 of every month
Feb 22 	2/22: February 22
Feb 22 	Feb. 22: February 22
Feb 22 	22 February: February 22
	February: continued
Feb 22*	Wednesday: Every Wednesday
