May 29*	Monday-1: Last (-1) Monday
May 29*	Mon-1: Last (-1) Monday
May 29*	Monday+5: Fifth Monday
May 29*	Mon+5: Fifth Monday
May 29*	Monday+5: Fifth Monday in May
May 29*	Mon+5: Fifth Monday in May
May 29*	Fifth: Fifth Monday in May
May 29*	29 of every month
May 29 	5/29: May 29
May 29 	May. 29: May 29
May 29 	29 May: May 29
	May: continued
May 29*	Monday: Every Monday
May 30*	Tuesday-1: Last (-1) Tuesday
May 30*	Tue-1: Last (-1) Tuesday
May 30*	Tuesday+5: Fifth Tuesday
May 30*	Tue+5: Fifth Tuesday
May 30*	Tuesday+5: Fifth Tuesday in May
May 30*	Tue+5: Fifth Tuesday in May
May 30*	Fifth: Fifth Tuesday in May
May 30*	30 of every month
May 30 	5/30: May 30
May 30 	May. 30: May 30
May 30 	30 May: May 30
	May: continued
May 30*	Tuesday: Every Tuesday
