Mar 10*	Friday+2: Second Friday
Mar 10*	Fri+2: Second Friday
Mar 10*	Friday+2: Second Friday in March
Mar 10*	Fri+2: Second Friday in March
Mar 10*	Second: Second Friday in March
Mar 10*	Friday-4: Last (-4) Friday
Mar 10*	Fri-4: Last (-4) Friday
Mar 10*	10 of every month
Mar 10 	3/10: March 10
Mar 10 	Mar. 10: March 10
Mar 10 	10 March: March 10
	March: continued
Mar 10*	Friday: Every Friday
Mar 11*	Saturday+2: Second Saturday
Mar 11*	Sat+2: Second Saturday
Mar 11*	Saturday+2: Second Saturday in March
Mar 11*	Sat+2: Second Saturday in March
Mar 11*	Second: Second Saturday in March
Mar 11*	Saturday-3: Last (-3) Saturday
Mar 11*	Sat-3: Last (-3) Saturday
Mar 11*	11 of every month
Mar 11 	3/11: March 11
Mar 11 	Mar. 11: March 11
Mar 11 	11 March: March 11
	March: continued
Mar 11*	Saturday: Every Saturday
Mar 12*	Sunday+2: Second Sunday
Mar 12*	Sun+2: Second Sunday
Mar 12*	Sunday+2: Second Sunday in March
Mar 12*	Sun+2: Second Sunday in March
Mar 12*	Second: Second Sunday in March
Mar 12*	Sunday-3: Last (-3) Sunday
Mar 12*	Sun-3: Last (-3) Sunday
Mar 12*	12 of every month
Mar 12 	3/12: March 12
Mar 12 	Mar. 12: March 12
Mar 12 	12 March: March 12
	March: continued
Mar 12*	Sunday: Every Sunday
Mar 13*	Monday+2: Second Monday
Mar 13*	Mon+2: Second Monday
Mar 13*	Monday+2: Second Monday in March
Mar 13*	Mon+2: Second Monday in March
Mar 13*	Second: Second Monday in March
Mar 13*	Monday-3: Last (-3) Monday
Mar 13*	Mon-3: Last (-3) Monday
Mar 13*	13 of every month
Mar 13 	3/13: March 13
Mar 13 	Mar. 13: March 13
Mar 13 	13 March: March 13
	March: continued
Mar 13*	Monday: Every Monday
