Apr 16*	Sunday+3: Third Sunday
Apr 16*	Sun+3: Third Sunday
Apr 16*	Sunday-3: Last (-3) Sunday
Apr 16*	Sun-3: Last (-3) Sunday
Apr 16*	Sunday+3: Third Sunday in April
Apr 16*	Sun+3: Third Sunday in April
Apr 16*	Third: Third Sunday in April
Apr 16*	Easter
Apr 16*	Orthodox Easter
Apr 16*	16 of every month
Apr 16 	4/16: April 16
Apr 16 	Apr. 16: April 16
Apr 16 	16 April: April 16
	April: continued
Apr 16*	Sunday: Every Sunday
Apr 17*	Monday-2: Last (-2) Monday
Apr 17*	Mon-2: Last (-2) Monday
Apr 17*	Monday+3: Third Monday
Apr 17*	Mon+3: Third Monday
Apr 17*	Monday+3: Third Monday in April
Apr 17*	Mon+3: Third Monday in April
Apr 17*	Third: Third Monday in April
Apr 17*	17 of every month
Apr 17 	4/17: April 17
Apr 17 	Apr. 17: April 17
Apr 17 	17 April: April 17
	April: continued
Apr 17*	Monday: Every Monday
