Nov 13*	Monday+2: Second Monday
Nov 13*	Mon+2: Second Monday
Nov 13*	Monday+2: Second Monday in November
Nov 13*	Mon+2: Second Monday in November
Nov 13*	Second: Second Monday in November
Nov 13*	Monday-3: Last (-3) Monday
Nov 13*	Mon-3: Last (-3) Monday
Nov 13*	13 of every month
Nov 13 	11/13: November 13
Nov 13 	Nov. 13: November 13
Nov 13 	13 November: November 13
	November: continued
Nov 13*	Monday: Every Monday
Nov 14*	Tuesday+2: Second Tuesday
Nov 14*	Tue+2: Second Tuesday
Nov 14*	Tuesday+2: Second Tuesday in November
Nov 14*	Tue+2: Second Tuesday in November
Nov 14*	Second: Second Tuesday in November
Nov 14*	Tuesday-3: Last (-3) Tuesday
Nov 14*	Tue-3: Last (-3) Tuesday
Nov 14*	14 of every month
Nov 14 	11/14: November 14
Nov 14 	Nov. 14: November 14
Nov 14 	14 November: November 14
	November: continued
Nov 14*	Tuesday: Every Tuesday
