Nov 08*	Wednesday+2: Second Wednesday
Nov 08*	Wed+2: Second Wednesday
Nov 08*	Wednesday+2: Second Wednesday in November
Nov 08*	Wed+2: Second Wednesday in November
Nov 08*	Second: Second Wednesday in November
Nov 08*	Wednesday-4: Last (-4) Wednesday
Nov 08*	Wed-4: Last (-4) Wednesday
Nov 08*	8 of every month
Nov 08 	11/8: November 8
Nov 08 	Nov. 8: November 8
Nov 08 	8 November: November 8
	November: continued
Nov 08*	Wednesday: Every Wednesday
Nov 09*	Thursday+2: Second Thursday
Nov 09*	Thu+2: Second Thursday
Nov 09*	Thursday+2: Second Thursday in November
Nov 09*	Thu+2: Second Thursday in November
Nov 09*	Second: Second Thursday in November
Nov 09*	Thursday-4: Last (-4) Thursday
Nov 09*	Thu-4: Last (-4) Thursday
Nov 09*	9 of every month
Nov 09 	11/9: November 9
Nov 09 	Nov. 9: November 9
Nov 09 	9 November: November 9
	November: continued
Nov 09*	Thursday: Every Thursday
