Jan 29*	Sunday-1: Last (-1) Sunday
Jan 29*	Sun-1: Last (-1) Sunday
Jan 29*	Sunday+5: Fifth Sunday
Jan 29*	Sun+5: Fifth Sunday
Jan 29*	Sunday+5: Fifth Sunday in January
Jan 29*	Sun+5: Fifth Sunday in January
Jan 29*	Fifth: Fifth Sunday in January
Jan 29*	29 of every month
Jan 29 	1/29: January 29
Jan 29 	Jan. 29: January 29
Jan 29 	29 January: January 29
	January: continued
Jan 29*	Sunday: Every Sunday
Jan 30*	Monday-1: Last (-1) Monday
Jan 30*	Mon-1: Last (-1) Monday
Jan 30*	Monday+5: Fifth Monday
Jan 30*	Mon+5: Fifth Monday
Jan 30*	Monday+5: Fifth Monday in January
Jan 30*	Mon+5: Fifth Monday in January
Jan 30*	Fifth: Fifth Monday in January
Jan 30*	30 of every month
Jan 30 	1/30: January 30
Jan 30 	Jan. 30: January 30
Jan 30 	30 January: January 30
	January: continued
Jan 30*	Monday: Every Monday
