Oct 17*	Tuesday+3: Third Tuesday
Oct 17*	Tue+3: Third Tuesday
Oct 17*	Tuesday-3: Last (-3) Tuesday
Oct 17*	Tue-3: Last (-3) Tuesday
Oct 17*	Tuesday+3: Third Tuesday in October
Oct 17*	Tue+3: Third Tuesday in October
Oct 17*	Third: Third Tuesday in October
Oct 17*	17 of every month
Oct 17 	10/17: October 17
Oct 17 	Oct. 17: October 17
Oct 17 	17 October: October 17
	October: continued
Oct 17*	Tuesday: Every Tuesday
Oct 18*	Wednesday-2: Last (-2) Wednesday
Oct 18*	Wed-2: Last (-2) Wednesday
Oct 18*	Wednesday+3: Third Wednesday
Oct 18*	Wed+3: Third Wednesday
Oct 18*	Wednesday+3: Third Wednesday in October
Oct 18*	Wed+3: Third Wednesday in October
Oct 18*	Third: Third Wednesday in October
Oct 18*	18 of every month
Oct 18 	10/18: October 18
Oct 18 	Oct. 18: October 18
Oct 18 	18 October: October 18
	October: continued
Oct 18*	Wednesday: Every Wednesday
