Jul 30*	Sunday-1: Last (-1) Sunday
Jul 30*	Sun-1: Last (-1) Sunday
Jul 30*	Sunday+5: Fifth Sunday
Jul 30*	Sun+5: Fifth Sunday
Jul 30*	Sunday+5: Fifth Sunday in July
Jul 30*	Sun+5: Fifth Sunday in July
Jul 30*	Fifth: Fifth Sunday in July
Jul 30*	30 of every month
Jul 30 	7/30: July 30
Jul 30 	Jul. 30: July 30
Jul 30 	30 July: July 30
	July: continued
Jul 30*	Sunday: Every Sunday
Jul 31*	Monday-1: Last (-1) Monday
Jul 31*	Mon-1: Last (-1) Monday
Jul 31*	Monday+5: Fifth Monday
Jul 31*	Mon+5: Fifth Monday
Jul 31*	Monday+5: Fifth Monday in July
Jul 31*	Mon+5: Fifth Monday in July
Jul 31*	Fifth: Fifth Monday in July
Jul 31*	31 of every month
Jul 31 	7/31: July 31
Jul 31 	Jul. 31: July 31
Jul 31 	31 July: July 31
	July: continued
Jul 31*	Monday: Every Monday
