Dec 22*	Friday-2: Last (-2) Friday
Dec 22*	Fri-2: Last (-2) Friday
Dec 22*	Friday+4: Fourth Friday
Dec 22*	Fri+4: Fourth Friday
Dec 22*	Friday+4: Fourth Friday in December
Dec 22*	Fri+4: Fourth Friday in December
Dec 22*	Fourth: Fourth Friday in December
Dec 22*	22 of every month
Dec 22 	12/22: December 22
Dec 22 	Dec. 22: December 22
Dec 22 	22 December: December 22
	December: continued
Dec 22*	Friday: Every Friday
Dec 23*	Saturday-2: Last (-2) Saturday
Dec 23*	Sat-2: Last (-2) Saturday
Dec 23*	Saturday+4: Fourth Saturday
Dec 23*	Sat+4: Fourth Saturday
Dec 23*	Saturday+4: Fourth Saturday in December
Dec 23*	Sat+4: Fourth Saturday in December
Dec 23*	Fourth: Fourth Saturday in December
Dec 23*	23 of every month
Dec 23 	12/23: December 23
Dec 23 	Dec. 23: December 23
Dec 23 	23 December: December 23
	December: continued
Dec 23*	Saturday: Every Saturday
Dec 24*	Sunday-2: Last (-2) Sunday
Dec 24*	Sun-2: Last (-2) Sunday
Dec 24*	Sunday+4: Fourth Sunday
Dec 24*	Sun+4: Fourth Sunday
Dec 24*	Sunday+4: Fourth Sunday in December
Dec 24*	Sun+4: Fourth Sunday in December
Dec 24*	Fourth: Fourth Sunday in December
Dec 24*	24 of every month
Dec 24 	12/24: December 24
Dec 24 	Dec. 24: December 24
Dec 24 	24 December: December 24
	December: continued
Dec 24*	Sunday: Every Sunday
Dec 25*	Monday-1: Last (-1) Monday
Dec 25*	Mon-1: Last (-1) Monday
Dec 25*	Monday+4: Fourth Monday
Dec 25*	Mon+4: Fourth Monday
Dec 25*	Monday+4: Fourth Monday in December
Dec 25*	Mon+4: Fourth Monday in December
Dec 25*	Fourth: Fourth Monday in December
Dec 25*	25 of every month
Dec 25 	12/25: December 25
Dec 25 	Dec. 25: December 25
Dec 25 	25 December: December 25
	December: continued
Dec 25*	Monday: Every Monday
