Oct 06*	Friday+1: First Friday
Oct 06*	Fri+1: First Friday
Oct 06*	Friday+1: First Friday in October
Oct 06*	Fri+1: First Friday in October
Oct 06*	First: First Friday in October
Oct 06*	Friday-4: Last (-4) Friday
Oct 06*	Fri-4: Last (-4) Friday
Oct 06*	6 of every month
Oct 06 	10/6: October 6
Oct 06 	Oct. 6: October 6
Oct 06 	6 October: October 6
	October: continued
Oct 06*	Friday: Every Friday
Oct 07*	Saturday+1: First Saturday
Oct 07*	Sat+1: First Saturday
Oct 07*	Saturday+1: First Saturday in October
Oct 07*	Sat+1: First Saturday in October
Oct 07*	First: First Saturday in October
Oct 07*	Saturday-4: Last (-4) Saturday
Oct 07*	Sat-4: Last (-4) Saturday
Oct 07*	7 of every month
Oct 07 	10/7: October 7
Oct 07 	Oct. 7: October 7
Oct 07 	7 October: October 7
	October: continued
Oct 07*	Saturday: Every Saturday
Oct 08*	Sunday+2: Second Sunday
Oct 08*	Sun+2: Second Sunday
Oct 08*	Sunday+2: Second Sunday in October
Oct 08*	Sun+2: Second Sunday in October
Oct 08*	Second: Second Sunday in October
Oct 08*	Sunday-4: Last (-4) Sunday
Oct 08*	Sun-4: Last (-4) Sunday
Oct 08*	8 of every month
Oct 08 	10/8: October 8
Oct 08 	Oct. 8: October 8
Oct 08 	8 October: October 8
	October: continued
Oct 08*	Sunday: Every Sunday
Oct 09*	Monday+2: Second Monday
Oct 09*	Mon+2: Second Monday
Oct 09*	Monday+2: Second Monday in October
Oct 09*	Mon+2: Second Monday in October
Oct 09*	Second: Second Monday in October
Oct 09*	Monday-4: Last (-4) Monday
Oct 09*	Mon-4: Last (-4) Monday
Oct 09*	9 of every month
Oct 09 	10/9: October 9
Oct 09 	Oct. 9: October 9
Oct 09 	9 October: October 9
	October: continued
Oct 09*	Monday: Every Monday
