Apr 01*	Saturday+1: First Saturday
Apr 01*	Sat+1: First Saturday
Apr 01*	Saturday+1: First Saturday in April
Apr 01*	Sat+1: First Saturday in April
Apr 01*	First: First Saturday in April
Apr 01*	Saturday+5: Fifth Saturday in March
Apr 01*	Sat+5: Fifth Saturday in March
Apr 01*	Fifth: Fifth Saturday in March
Apr 01*	1 of every month
Apr 01 	4/1: April 1
Apr 01 	Apr. 1: April 1
Apr 01 	1 April: April 1
	April: continued
Apr 01*	*: Beginning of every month
Apr 01*	Saturday: Every Saturday
Apr 01 	April: Every April 1st
Apr 02*	Sunday+1: First Sunday
Apr 02*	Sun+1: First Sunday
Apr 02*	Sunday+1: First Sunday in April
Apr 02*	Sun+1: First Sunday in April
Apr 02*	First: First Sunday in April
Apr 02*	Sunday+5: Fifth Sunday in March
Apr 02*	Sun+5: Fifth Sunday in March
Apr 02*	Fifth: Fifth Sunday in March
Apr 02*	2 of every month
Apr 02 	4/2: April 2
Apr 02 	Apr. 2: April 2
Apr 02 	2 April: April 2
	April: continued
Apr 02*	Sunday: Every Sunday
