Feb 23*	Thursday-1: Last (-1) Thursday
Feb 23*	Thu-1: Last (-1) Thursday
Feb 23*	Thursday+4: Fourth Thursday
Feb 23*	Thu+4: Fourth Thursday
Feb 23*	Thursday+4: Fourth Thursday in February
Feb 23*	Thu+4: Fourth Thursday in February
Feb 23*	Fourth: Fourth Thursday in February
Feb 23*	23 of every month
Feb 23 	2/23: February 23
Feb 23 	Feb. 23: February 23
Feb 23 	23 February: February 23
	February: continued
Feb 23*	Thursday: Every Thursday
Feb 24*	Friday-1: Last (-1) Friday
Feb 24*	Fri-1: Last (-1) Friday
Feb 24*	Friday+4: Fourth Friday
Feb 24*	Fri+4: Fourth Friday
Feb 24*	Friday+4: Fourth Friday in February
Feb 24*	Fri+4: Fourth Friday in February
Feb 24*	Fourth: Fourth Friday in February
Feb 24*	24 of every month
Feb 24 	2/24: February 24
Feb 24 	Feb. 24: February 24
Feb 24 	24 February: February 24
	February: continued
Feb 24*	Friday: Every Friday
