Apr 10*	Monday+2: Second Monday
Apr 10*	Mon+2: Second Monday
Apr 10*	Monday+2: Second Monday in April
Apr 10*	Mon+2: Second Monday in April
Apr 10*	Second: Second Monday in April
Apr 10*	Monday-3: Last (-3) Monday
Apr 10*	Mon-3: Last (-3) Monday
Apr 10*	10 of every month
Apr 10 	4/10: April 10
Apr 10 	Apr. 10: April 10
Apr 10 	10 April: April 10
	April: continued
Apr 10*	Monday: Every Monday
Apr 11*	Tuesday+2: Second Tuesday
Apr 11*	Tue+2: Second Tuesday
Apr 11*	Tuesday+2: Second Tuesday in April
Apr 11*	Tue+2: Second Tuesday in April
Apr 11*	Second: Second Tuesday in April
Apr 11*	Tuesday-3: Last (-3) Tuesday
Apr 11*	Tue-3: Last (-3) Tuesday
Apr 11*	11 of every month
Apr 11 	4/11: April 11
Apr 11 	Apr. 11: April 11
Apr 11 	11 April: April 11
	April: continued
Apr 11*	Tuesday: Every Tuesday
