Feb 07*	Tuesday+1: First Tuesday
Feb 07*	Tue+1: First Tuesday
Feb 07*	Tuesday+1: First Tuesday in February
Feb 07*	Tue+1: First Tuesday in February
Feb 07*	First: First Tuesday in February
Feb 07*	Tuesday-4: Last (-4) Tuesday
Feb 07*	Tue-4: Last (-4) Tuesday
Feb 07*	7 of every month
Feb 07 	2/7: February 7
Feb 07 	Feb. 7: February 7
Feb 07 	7 February: February 7
	February: continued
Feb 07*	Tuesday: Every Tuesday
Feb 08*	Wednesday+2: Second Wednesday
Feb 08*	Wed+2: Second Wednesday
Feb 08*	Wednesday+2: Second Wednesday in February
Feb 08*	Wed+2: Second Wednesday in February
Feb 08*	Second: Second Wednesday in February
Feb 08*	Wednesday-3: Last (-3) Wednesday
Feb 08*	Wed-3: Last (-3) Wednesday
Feb 08*	8 of every month
Feb 08 	2/8: February 8
Feb 08 	Feb. 8: February 8
Feb 08 	8 February: February 8
	February: continued
Feb 08*	Wednesday: Every Wednesday
