Aug 04*	Friday+1: First Friday
Aug 04*	Fri+1: First Friday
Aug 04*	Friday+1: First Friday in August
Aug 04*	Fri+1: First Friday in August
Aug 04*	First: First Friday in August
Aug 04*	Friday-4: Last (-4) Friday
Aug 04*	Fri-4: Last (-4) Friday
Aug 04*	Friday+5: Fifth Friday in July
Aug 04*	Fri+5: Fifth Friday in July
Aug 04*	Fifth: Fifth Friday in July
Aug 04*	4 of every month
Aug 04*	Friday: Every Friday
Aug 05*	Saturday+1: First Saturday
Aug 05*	Sat+1: First Saturday
Aug 05*	Saturday+1: First Saturday in August
Aug 05*	Sat+1: First Saturday in August
Aug 05*	First: First Saturday in August
Aug 05*	Saturday-4: Last (-4) Saturday
Aug 05*	Sat-4: Last (-4) Saturday
Aug 05*	5 of every month
Aug 05*	Saturday: Every Saturday
Aug 06*	Sunday+1: First Sunday
Aug 06*	Sun+1: First Sunday
Aug 06*	Sunday+1: First Sunday in August
Aug 06*	Sun+1: First Sunday in August
Aug 06*	First: First Sunday in August
Aug 06*	Sunday-4: Last (-4) Sunday
Aug 06*	Sun-4: Last (-4) Sunday
Aug 06*	6 of every month
Aug 06*	Sunday: Every Sunday
Aug 07*	Monday+1: First Monday
Aug 07*	Mon+1: First Monday
Aug 07*	Monday+1: First Monday in August
Aug 07*	Mon+1: First Monday in August
Aug 07*	First: First Monday in August
Aug 07*	Monday-4: Last (-4) Monday
Aug 07*	Mon-4: Last (-4) Monday
Aug 07*	7 of every month
Aug 07*	Monday: Every Monday
