Feb 14*	Tuesday+2: Second Tuesday
Feb 14*	Tue+2: Second Tuesday
Feb 14*	Tuesday+2: Second Tuesday in February
Feb 14*	Tue+2: Second Tuesday in February
Feb 14*	Second: Second Tuesday in February
Feb 14*	Tuesday-3: Last (-3) Tuesday
Feb 14*	Tue-3: Last (-3) Tuesday
Feb 14*	14 of every month
Feb 14 	2/14: February 14
Feb 14 	Feb. 14: February 14
Feb 14 	14 February: February 14
	February: continued
Feb 14*	Tuesday: Every Tuesday
Feb 15*	Wednesday-2: Last (-2) Wednesday
Feb 15*	Wed-2: Last (-2) Wednesday
Feb 15*	Wednesday+3: Third Wednesday
Feb 15*	Wed+3: Third Wednesday
Feb 15*	Wednesday+3: Third Wednesday in February
Feb 15*	Wed+3: Third Wednesday in February
Feb 15*	Third: Third Wednesday in February
Feb 15*	15 of every month
Feb 15 	2/15: February 15
Feb 15 	Feb. 15: February 15
Feb 15 	15 February: February 15
	February: continued
Feb 15*	Wednesday: Every Wednesday
