Nov 14*	Tuesday+2: Second Tuesday
Nov 14*	Tue+2: Second Tuesday
Nov 14*	Tuesday+2: Second Tuesday in November
Nov 14*	Tue+2: Second Tuesday in November
Nov 14*	Second: Second Tuesday in November
Nov 14*	Tuesday-3: Last (-3) Tuesday
Nov 14*	Tue-3: Last (-3) Tuesday
Nov 14*	14 of every month
Nov 14 	11/14: November 14
Nov 14 	Nov. 14: November 14
Nov 14 	14 November: November 14
	November: continued
Nov 14*	Tuesday: Every Tuesday
Nov 15*	Wednesday+3: Third Wednesday
Nov 15*	Wed+3: Third Wednesday
Nov 15*	Wednesday-3: Last (-3) Wednesday
Nov 15*	Wed-3: Last (-3) Wednesday
Nov 15*	Wednesday+3: Third Wednesday in November
Nov 15*	Wed+3: Third Wednesday in November
Nov 15*	Third: Third Wednesday in November
Nov 15*	15 of every month
Nov 15 	11/15: November 15
Nov 15 	Nov. 15: November 15
Nov 15 	15 November: November 15
	November: continued
Nov 15*	Wednesday: Every Wednesday
