Mar 29*	Wednesday-1: Last (-1) Wednesday
Mar 29*	Wed-1: Last (-1) Wednesday
Mar 29*	Wednesday+5: Fifth Wednesday
Mar 29*	Wed+5: Fifth Wednesday
Mar 29*	Wednesday+5: Fifth Wednesday in March
Mar 29*	Wed+5: Fifth Wednesday in March
Mar 29*	Fifth: Fifth Wednesday in March
Mar 29*	29 of every month
Mar 29 	3/29: March 29
Mar 29 	Mar. 29: March 29
Mar 29 	29 March: March 29
	March: continued
Mar 29*	Wednesday: Every Wednesday
Mar 30*	Thursday-1: Last (-1) Thursday
Mar 30*	Thu-1: Last (-1) Thursday
Mar 30*	Thursday+5: Fifth Thursday
Mar 30*	Thu+5: Fifth Thursday
Mar 30*	Thursday+5: Fifth Thursday in March
Mar 30*	Thu+5: Fifth Thursday in March
Mar 30*	Fifth: Fifth Thursday in March
Mar 30*	30 of every month
Mar 30 	3/30: March 30
Mar 30 	Mar. 30: March 30
Mar 30 	30 March: March 30
	March: continued
Mar 30*	Thursday: Every Thursday
