Apr 11*	Tuesday+2: Second Tuesday
Apr 11*	Tue+2: Second Tuesday
Apr 11*	Tuesday+2: Second Tuesday in April
Apr 11*	Tue+2: Second Tuesday in April
Apr 11*	Second: Second Tuesday in April
Apr 11*	Tuesday-3: Last (-3) Tuesday
Apr 11*	Tue-3: Last (-3) Tuesday
Apr 11*	11 of every month
Apr 11 	4/11: April 11
Apr 11 	Apr. 11: April 11
Apr 11 	11 April: April 11
	April: continued
Apr 11*	Tuesday: Every Tuesday
Apr 12*	Wednesday+2: Second Wednesday
Apr 12*	Wed+2: Second Wednesday
Apr 12*	Wednesday+2: Second Wednesday in April
Apr 12*	Wed+2: Second Wednesday in April
Apr 12*	Second: Second Wednesday in April
Apr 12*	Wednesday-3: Last (-3) Wednesday
Apr 12*	Wed-3: Last (-3) Wednesday
Apr 12*	12 of every month
Apr 12 	4/12: April 12
Apr 12 	Apr. 12: April 12
Apr 12 	12 April: April 12
	April: continued
Apr 12*	Wednesday: Every Wednesday
