Jun 08*	Thursday+2: Second Thursday
Jun 08*	Thu+2: Second Thursday
Jun 08*	Thursday+2: Second Thursday in June
Jun 08*	Thu+2: Second Thursday in June
Jun 08*	Second: Second Thursday in June
Jun 08*	Thursday-4: Last (-4) Thursday
Jun 08*	Thu-4: Last (-4) Thursday
Jun 08*	8 of every month
Jun 08 	6/8: June 8
Jun 08 	Jun. 8: June 8
Jun 08 	8 June: June 8
	June: continued
Jun 08*	Thursday: Every Thursday
Jun 09*	Friday+2: Second Friday
Jun 09*	Fri+2: Second Friday
Jun 09*	Friday+2: Second Friday in June
Jun 09*	Fri+2: Second Friday in June
Jun 09*	Second: Second Friday in June
Jun 09*	Friday-4: Last (-4) Friday
Jun 09*	Fri-4: Last (-4) Friday
Jun 09*	9 of every month
Jun 09 	6/9: June 9
Jun 09 	Jun. 9: June 9
Jun 09 	9 June: June 9
	June: continued
Jun 09*	Friday: Every Friday
