Mar 01*	Wednesday+1: First Wednesday
Mar 01*	Wed+1: First Wednesday
Mar 01*	Wednesday+1: First Wednesday in March
Mar 01*	Wed+1: First Wednesday in March
Mar 01*	First: First Wednesday in March
Mar 01*	Wednesday+5: Fifth Wednesday in February
Mar 01*	Wed+5: Fifth Wednesday in February
Mar 01*	Fifth: Fifth Wednesday in February
Mar 01*	1 of every month
Mar 01 	3/1: March 1
Mar 01 	Mar. 1: March 1
Mar 01 	1 March: March 1
	March: continued
Mar 01 	2/29: February 29
Mar 01 	Feb. 29: February 29
Mar 01 	29 February: February 29
	February: continued
Mar 01*	*: Beginning of every month
Mar 01*	Wednesday: Every Wednesday
Mar 01 	March: Every March 1st
Mar 02*	Thursday+1: First Thursday
Mar 02*	Thu+1: First Thursday
Mar 02*	Thursday+1: First Thursday in March
Mar 02*	Thu+1: First Thursday in March
Mar 02*	First: First Thursday in March
Mar 02*	Thursday+5: Fifth Thursday in February
Mar 02*	Thu+5: Fifth Thursday in February
Mar 02*	Fifth: Fifth Thursday in February
Mar 02*	2 of every month
Mar 02 	3/2: March 2
Mar 02 	Mar. 2: March 2
Mar 02 	2 March: March 2
	March: continued
Mar 02*	Thursday: Every Thursday
