Apr 19*	Wednesday-2: Last (-2) Wednesday
Apr 19*	Wed-2: Last (-2) Wednesday
Apr 19*	Wednesday+3: Third Wednesday
Apr 19*	Wed+3: Third Wednesday
Apr 19*	Wednesday+3: Third Wednesday in April
Apr 19*	Wed+3: Third Wednesday in April
Apr 19*	Third: Third Wednesday in April
Apr 19*	19 of every month
Apr 19 	4/19: April 19
Apr 19 	Apr. 19: April 19
Apr 19 	19 April: April 19
	April: continued
Apr 19*	Wednesday: Every Wednesday
Apr 20*	Thursday-2: Last (-2) Thursday
Apr 20*	Thu-2: Last (-2) Thursday
Apr 20*	Thursday+3: Third Thursday
Apr 20*	Thu+3: Third Thursday
Apr 20*	Thursday+3: Third Thursday in April
Apr 20*	Thu+3: Third Thursday in April
Apr 20*	Third: Third Thursday in April
Apr 20*	20 of every month
Apr 20 	4/20: April 20
Apr 20 	Apr. 20: April 20
Apr 20 	20 April: April 20
	April: continued
Apr 20*	Thursday: Every Thursday
