Apr 27*	Thursday-1: Last (-1) Thursday
Apr 27*	Thu-1: Last (-1) Thursday
Apr 27*	Thursday+4: Fourth Thursday
Apr 27*	Thu+4: Fourth Thursday
Apr 27*	Thursday+4: Fourth Thursday in April
Apr 27*	Thu+4: Fourth Thursday in April
Apr 27*	Fourth: Fourth Thursday in April
Apr 27*	27 of every month
Apr 27 	4/27: April 27
Apr 27 	Apr. 27: April 27
Apr 27 	27 April: April 27
	April: continued
Apr 27*	Thursday: Every Thursday
Apr 28*	Friday-1: Last (-1) Friday
Apr 28*	Fri-1: Last (-1) Friday
Apr 28*	Friday+4: Fourth Friday
Apr 28*	Fri+4: Fourth Friday
Apr 28*	Friday+4: Fourth Friday in April
Apr 28*	Fri+4: Fourth Friday in April
Apr 28*	Fourth: Fourth Friday in April
Apr 28*	28 of every month
Apr 28 	4/28: April 28
Apr 28 	Apr. 28: April 28
Apr 28 	28 April: April 28
	April: continued
Apr 28*	Friday: Every Friday
