Mar 09*	Thursday+2: Second Thursday
Mar 09*	Thu+2: Second Thursday
Mar 09*	Thursday+2: Second Thursday in March
Mar 09*	Thu+2: Second Thursday in March
Mar 09*	Second: Second Thursday in March
Mar 09*	Thursday-4: Last (-4) Thursday
Mar 09*	Thu-4: Last (-4) Thursday
Mar 09*	9 of every month
Mar 09 	3/9: March 9
Mar 09 	Mar. 9: March 9
Mar 09 	9 March: March 9
	March: continued
Mar 09*	Thursday: Every Thursday
Mar 10*	Friday+2: Second Friday
Mar 10*	Fri+2: Second Friday
Mar 10*	Friday+2: Second Friday in March
Mar 10*	Fri+2: Second Friday in March
Mar 10*	Second: Second Friday in March
Mar 10*	Friday-4: Last (-4) Friday
Mar 10*	Fri-4: Last (-4) Friday
Mar 10*	10 of every month
Mar 10 	3/10: March 10
Mar 10 	Mar. 10: March 10
Mar 10 	10 March: March 10
	March: continued
Mar 10*	Friday: Every Friday
