Feb 06*	Monday+1: First Monday
Feb 06*	Mon+1: First Monday
Feb 06*	Monday+1: First Monday in February
Feb 06*	Mon+1: First Monday in February
Feb 06*	First: First Monday in February
Feb 06*	Monday-4: Last (-4) Monday
Feb 06*	Mon-4: Last (-4) Monday
Feb 06*	6 of every month
Feb 06 	2/6: February 6
Feb 06 	Feb. 6: February 6
Feb 06 	6 February: February 6
	February: continued
Feb 06*	Monday: Every Monday
Feb 07*	Tuesday+1: First Tuesday
Feb 07*	Tue+1: First Tuesday
Feb 07*	Tuesday+1: First Tuesday in February
Feb 07*	Tue+1: First Tuesday in February
Feb 07*	First: First Tuesday in February
Feb 07*	Tuesday-4: Last (-4) Tuesday
Feb 07*	Tue-4: Last (-4) Tuesday
Feb 07*	7 of every month
Feb 07 	2/7: February 7
Feb 07 	Feb. 7: February 7
Feb 07 	7 February: February 7
	February: continued
Feb 07*	Tuesday: Every Tuesday
