Jul 25*	Tuesday-1: Last (-1) Tuesday
Jul 25*	Tue-1: Last (-1) Tuesday
Jul 25*	Tuesday+4: Fourth Tuesday
Jul 25*	Tue+4: Fourth Tuesday
Jul 25*	Tuesday+4: Fourth Tuesday in July
Jul 25*	Tue+4: Fourth Tuesday in July
Jul 25*	Fourth: Fourth Tuesday in July
Jul 25*	25 of every month
Jul 25 	7/25: July 25
Jul 25 	Jul. 25: July 25
Jul 25 	25 July: July 25
	July: continued
Jul 25*	Tuesday: Every Tuesday
Jul 26*	Wednesday-1: Last (-1) Wednesday
Jul 26*	Wed-1: Last (-1) Wednesday
Jul 26*	Wednesday+4: Fourth Wednesday
Jul 26*	Wed+4: Fourth Wednesday
Jul 26*	Wednesday+4: Fourth Wednesday in July
Jul 26*	Wed+4: Fourth Wednesday in July
Jul 26*	Fourth: Fourth Wednesday in July
Jul 26*	26 of every month
Jul 26 	7/26: July 26
Jul 26 	Jul. 26: July 26
Jul 26 	26 July: July 26
	July: continued
Jul 26*	Wednesday: Every Wednesday
