Nov 30*	Thursday-1: Last (-1) Thursday
Nov 30*	Thu-1: Last (-1) Thursday
Nov 30*	Thursday+5: Fifth Thursday
Nov 30*	Thu+5: Fifth Thursday
Nov 30*	Thursday+5: Fifth Thursday in November
Nov 30*	Thu+5: Fifth Thursday in November
Nov 30*	Fifth: Fifth Thursday in November
Nov 30*	30 of every month
Nov 30 	11/30: November 30
Nov 30 	Nov. 30: November 30
Nov 30 	30 November: November 30
	November: continued
Nov 30*	Thursday: Every Thursday
Dec 01*	Friday+1: First Friday
Dec 01*	Fri+1: First Friday
Dec 01*	Friday+1: First Friday in December
Dec 01*	Fri+1: First Friday in December
Dec 01*	First: First Friday in December
Dec 01*	Friday+5: Fifth Friday in November
Dec 01*	Fri+5: Fifth Friday in November
Dec 01*	Fifth: Fifth Friday in November
Dec 01*	1 of every month
Dec 01 	12/1: December 1
Dec 01 	Dec. 1: December 1
Dec 01 	1 December: December 1
	December: continued
Dec 01*	*: Beginning of every month
Dec 01*	Friday: Every Friday
Dec 01 	December: Every December 1st
