Apr 15*	Saturday+3: Third Saturday
Apr 15*	Sat+3: Third Saturday
Apr 15*	Saturday-3: Last (-3) Saturday
Apr 15*	Sat-3: Last (-3) Saturday
Apr 15*	Saturday+3: Third Saturday in April
Apr 15*	Sat+3: Third Saturday in April
Apr 15*	Third: Third Saturday in April
Apr 15*	15 of every month
Apr 15 	4/15: April 15
Apr 15 	Apr. 15: April 15
Apr 15 	15 April: April 15
	April: continued
Apr 15*	Saturday: Every Saturday
Apr 16*	Sunday+3: Third Sunday
Apr 16*	Sun+3: Third Sunday
Apr 16*	Sunday-3: Last (-3) Sunday
Apr 16*	Sun-3: Last (-3) Sunday
Apr 16*	Sunday+3: Third Sunday in April
Apr 16*	Sun+3: Third Sunday in April
Apr 16*	Third: Third Sunday in April
Apr 16*	Easter
Apr 16*	Orthodox Easter
Apr 16*	16 of every month
Apr 16 	4/16: April 16
Apr 16 	Apr. 16: April 16
Apr 16 	16 April: April 16
	April: continued
Apr 16*	Sunday: Every Sunday
