Oct 08*	Sunday+2: Second Sunday
Oct 08*	Sun+2: Second Sunday
Oct 08*	Sunday+2: Second Sunday in October
Oct 08*	Sun+2: Second Sunday in October
Oct 08*	Second: Second Sunday in October
Oct 08*	Sunday-4: Last (-4) Sunday
Oct 08*	Sun-4: Last (-4) Sunday
Oct 08*	8 of every month
Oct 08 	10/8: October 8
Oct 08 	Oct. 8: October 8
Oct 08 	8 October: October 8
	October: continued
Oct 08*	Sunday: Every Sunday
Oct 09*	Monday+2: Second Monday
Oct 09*	Mon+2: Second Monday
Oct 09*	Monday+2: Second Monday in October
Oct 09*	Mon+2: Second Monday in October
Oct 09*	Second: Second Monday in October
Oct 09*	Monday-4: Last (-4) Monday
Oct 09*	Mon-4: Last (-4) Monday
Oct 09*	9 of every month
Oct 09 	10/9: October 9
Oct 09 	Oct. 9: October 9
Oct 09 	9 October: October 9
	October: continued
Oct 09*	Monday: Every Monday
