Mar 23*	Thursday-2: Last (-2) Thursday
Mar 23*	Thu-2: Last (-2) Thursday
Mar 23*	Thursday+4: Fourth Thursday
Mar 23*	Thu+4: Fourth Thursday
Mar 23*	Thursday+4: Fourth Thursday in March
Mar 23*	Thu+4: Fourth Thursday in March
Mar 23*	Fourth: Fourth Thursday in March
Mar 23*	23 of every month
Mar 23 	3/23: March 23
Mar 23 	Mar. 23: March 23
Mar 23 	23 March: March 23
	March: continued
Mar 23*	Thursday: Every Thursday
Mar 24*	Friday-2: Last (-2) Friday
Mar 24*	Fri-2: Last (-2) Friday
Mar 24*	Friday+4: Fourth Friday
Mar 24*	Fri+4: Fourth Friday
Mar 24*	Friday+4: Fourth Friday in March
Mar 24*	Fri+4: Fourth Friday in March
Mar 24*	Fourth: Fourth Friday in March
Mar 24*	24 of every month
Mar 24 	3/24: March 24
Mar 24 	Mar. 24: March 24
Mar 24 	24 March: March 24
	March: continued
Mar 24*	Friday: Every Friday
