Jun 29*	Thursday-1: Last (-1) Thursday
Jun 29*	Thu-1: Last (-1) Thursday
Jun 29*	Thursday+5: Fifth Thursday
Jun 29*	Thu+5: Fifth Thursday
Jun 29*	Thursday+5: Fifth Thursday in June
Jun 29*	Thu+5: Fifth Thursday in June
Jun 29*	Fifth: Fifth Thursday in June
Jun 29*	29 of every month
Jun 29 	6/29: June 29
Jun 29 	Jun. 29: June 29
Jun 29 	29 June: June 29
	June: continued
Jun 29*	Thursday: Every Thursday
Jun 30*	Friday-1: Last (-1) Friday
Jun 30*	Fri-1: Last (-1) Friday
Jun 30*	Friday+5: Fifth Friday
Jun 30*	Fri+5: Fifth Friday
Jun 30*	Friday+5: Fifth Friday in June
Jun 30*	Fri+5: Fifth Friday in June
Jun 30*	Fifth: Fifth Friday in June
Jun 30*	30 of every month
Jun 30 	6/30: June 30
Jun 30 	Jun. 30: June 30
Jun 30 	30 June: June 30
	June: continued
Jun 30*	Friday: Every Friday
