Dec 28*	Thursday-1: Last (-1) Thursday
Dec 28*	Thu-1: Last (-1) Thursday
Dec 28*	Thursday+4: Fourth Thursday
Dec 28*	Thu+4: Fourth Thursday
Dec 28*	Thursday+4: Fourth Thursday in December
Dec 28*	Thu+4: Fourth Thursday in December
Dec 28*	Fourth: Fourth Thursday in December
Dec 28*	28 of every month
Dec 28 	12/28: December 28
Dec 28 	Dec. 28: December 28
Dec 28 	28 December: December 28
	December: continued
Dec 28*	Thursday: Every Thursday
Dec 29*	Friday-1: Last (-1) Friday
Dec 29*	Fri-1: Last (-1) Friday
Dec 29*	Friday+5: Fifth Friday
Dec 29*	Fri+5: Fifth Friday
Dec 29*	Friday+5: Fifth Friday in December
Dec 29*	Fri+5: Fifth Friday in December
Dec 29*	Fifth: Fifth Friday in December
Dec 29*	29 of every month
Dec 29 	12/29: December 29
Dec 29 	Dec. 29: December 29
Dec 29 	29 December: December 29
	December: continued
Dec 29*	Friday: Every Friday
