Aug 02*	Wednesday+1: First Wednesday
Aug 02*	Wed+1: First Wednesday
Aug 02*	Wednesday+1: First Wednesday in August
Aug 02*	Wed+1: First Wednesday in August
Aug 02*	First: First Wednesday in August
Aug 02*	Wednesday+5: Fifth Wednesday in July
Aug 02*	Wed+5: Fifth Wednesday in July
Aug 02*	Fifth: Fifth Wednesday in July
Aug 02*	2 of every month
Aug 02*	Wednesday: Every Wednesday
Aug 03*	Thursday+1: First Thursday
Aug 03*	Thu+1: First Thursday
Aug 03*	Thursday+1: First Thursday in August
Aug 03*	Thu+1: First Thursday in August
Aug 03*	First: First Thursday in August
Aug 03*	Thursday+5: Fifth Thursday in July
Aug 03*	Thu+5: Fifth Thursday in July
Aug 03*	Fifth: Fifth Thursday in July
Aug 03*	3 of every month
Aug 03*	Thursday: Every Thursday
