Mar 22*	Wednesday-2: Last (-2) Wednesday
Mar 22*	Wed-2: Last (-2) Wednesday
Mar 22*	Wednesday+4: Fourth Wednesday
Mar 22*	Wed+4: Fourth Wednesday
Mar 22*	Wednesday+4: Fourth Wednesday in March
Mar 22*	Wed+4: Fourth Wednesday in March
Mar 22*	Fourth: Fourth Wednesday in March
Mar 22*	22 of every month
Mar 22 	3/22: March 22
Mar 22 	Mar. 22: March 22
Mar 22 	22 March: March 22
	March: continued
Mar 22*	Wednesday: Every Wednesday
Mar 23*	Thursday-2: Last (-2) Thursday
Mar 23*	Thu-2: Last (-2) Thursday
Mar 23*	Thursday+4: Fourth Thursday
Mar 23*	Thu+4: Fourth Thursday
Mar 23*	Thursday+4: Fourth Thursday in March
Mar 23*	Thu+4: Fourth Thursday in March
Mar 23*	Fourth: Fourth Thursday in March
Mar 23*	23 of every month
Mar 23 	3/23: March 23
Mar 23 	Mar. 23: March 23
Mar 23 	23 March: March 23
	March: continued
Mar 23*	Thursday: Every Thursday
