Dec 10*	Sunday+2: Second Sunday
Dec 10*	Sun+2: Second Sunday
Dec 10*	Sunday+2: Second Sunday in December
Dec 10*	Sun+2: Second Sunday in December
Dec 10*	Second: Second Sunday in December
Dec 10*	Sunday-4: Last (-4) Sunday
Dec 10*	Sun-4: Last (-4) Sunday
Dec 10*	10 of every month
Dec 10 	12/10: December 10
Dec 10 	Dec. 10: December 10
Dec 10 	10 December: December 10
	December: continued
Dec 10*	Sunday: Every Sunday
Dec 11*	Monday+2: Second Monday
Dec 11*	Mon+2: Second Monday
Dec 11*	Monday+2: Second Monday in December
Dec 11*	Mon+2: Second Monday in December
Dec 11*	Second: Second Monday in December
Dec 11*	Monday-3: Last (-3) Monday
Dec 11*	Mon-3: Last (-3) Monday
Dec 11*	11 of every month
Dec 11 	12/11: December 11
Dec 11 	Dec. 11: December 11
Dec 11 	11 December: December 11
	December: continued
Dec 11*	Monday: Every Monday
