Apr 07*	Friday+1: First Friday
Apr 07*	Fri+1: First Friday
Apr 07*	Friday+1: First Friday in April
Apr 07*	Fri+1: First Friday in April
Apr 07*	First: First Friday in April
Apr 07*	Friday-4: Last (-4) Friday
Apr 07*	Fri-4: Last (-4) Friday
Apr 07*	7 of every month
Apr 07 	4/7: April 7
Apr 07 	Apr. 7: April 7
Apr 07 	7 April: April 7
	April: continued
Apr 07*	Friday: Every Friday
Apr 08*	Saturday+2: Second Saturday
Apr 08*	Sat+2: Second Saturday
Apr 08*	Saturday+2: Second Saturday in April
Apr 08*	Sat+2: Second Saturday in April
Apr 08*	Second: Second Saturday in April
Apr 08*	Saturday-4: Last (-4) Saturday
Apr 08*	Sat-4: Last (-4) Saturday
Apr 08*	8 of every month
Apr 08 	4/8: April 8
Apr 08 	Apr. 8: April 8
Apr 08 	8 April: April 8
	April: continued
Apr 08*	Saturday: Every Saturday
Apr 09*	Sunday+2: Second Sunday
Apr 09*	Sun+2: Second Sunday
Apr 09*	Sunday+2: Second Sunday in April
Apr 09*	Sun+2: Second Sunday in April
Apr 09*	Second: Second Sunday in April
Apr 09*	Sunday-4: Last (-4) Sunday
Apr 09*	Sun-4: Last (-4) Sunday
Apr 09*	9 of every month
Apr 09 	4/9: April 9
Apr 09 	Apr. 9: April 9
Apr 09 	9 April: April 9
	April: continued
Apr 09*	Sunday: Every Sunday
Apr 10*	Monday+2: Second Monday
Apr 10*	Mon+2: Second Monday
Apr 10*	Monday+2: Second Monday in April
Apr 10*	Mon+2: Second Monday in April
Apr 10*	Second: Second Monday in April
Apr 10*	Monday-3: Last (-3) Monday
Apr 10*	Mon-3: Last (-3) Monday
Apr 10*	10 of every month
Apr 10 	4/10: April 10
Apr 10 	Apr. 10: April 10
Apr 10 	10 April: April 10
	April: continued
Apr 10*	Monday: Every Monday
