Mar 17*	Friday+3: Third Friday
Mar 17*	Fri+3: Third Friday
Mar 17*	Friday-3: Last (-3) Friday
Mar 17*	Fri-3: Last (-3) Friday
Mar 17*	Friday+3: Third Friday in March
Mar 17*	Fri+3: Third Friday in March
Mar 17*	Third: Third Friday in March
Mar 17*	17 of every month
Mar 17 	3/17: March 17
Mar 17 	Mar. 17: March 17
Mar 17 	17 March: March 17
	March: continued
Mar 17*	Friday: Every Friday
Mar 18*	Saturday-2: Last (-2) Saturday
Mar 18*	Sat-2: Last (-2) Saturday
Mar 18*	Saturday+3: Third Saturday
Mar 18*	Sat+3: Third Saturday
Mar 18*	Saturday+3: Third Saturday in March
Mar 18*	Sat+3: Third Saturday in March
Mar 18*	Third: Third Saturday in March
Mar 18*	18 of every month
Mar 18 	3/18: March 18
Mar 18 	Mar. 18: March 18
Mar 18 	18 March: March 18
	March: continued
Mar 18*	Saturday: Every Saturday
Mar 19*	Sunday-2: Last (-2) Sunday
Mar 19*	Sun-2: Last (-2) Sunday
Mar 19*	Sunday+3: Third Sunday
Mar 19*	Sun+3: Third Sunday
Mar 19*	Sunday+3: Third Sunday in March
Mar 19*	Sun+3: Third Sunday in March
Mar 19*	Third: Third Sunday in March
Mar 19*	19 of every month
Mar 19 	3/19: March 19
Mar 19 	Mar. 19: March 19
Mar 19 	19 March: March 19
	March: continued
Mar 19*	Sunday: Every Sunday
Mar 20*	Monday-2: Last (-2) Monday
Mar 20*	Mon-2: Last (-2) Monday
Mar 20*	Monday+3: Third Monday
Mar 20*	Mon+3: Third Monday
Mar 20*	Monday+3: Third Monday in March
Mar 20*	Mon+3: Third Monday in March
Mar 20*	Third: Third Monday in March
Mar 20*	20 of every month
Mar 20 	3/20: March 20
Mar 20 	Mar. 20: March 20
Mar 20 	20 March: March 20
	March: continued
Mar 20*	Monday: Every Monday
