May 13*	Saturday+2: Second Saturday
May 13*	Sat+2: Second Saturday
May 13*	Saturday+2: Second Saturday in May
May 13*	Sat+2: Second Saturday in May
May 13*	Second: Second Saturday in May
May 13*	Saturday-3: Last (-3) Saturday
May 13*	Sat-3: Last (-3) Saturday
May 13*	13 of every month
May 13 	5/13: May 13
May 13 	May. 13: May 13
May 13 	13 May: May 13
	May: continued
May 13*	Saturday: Every Saturday
May 14*	Sunday+2: Second Sunday
May 14*	Sun+2: Second Sunday
May 14*	Sunday+2: Second Sunday in May
May 14*	Sun+2: Second Sunday in May
May 14*	Second: Second Sunday in May
May 14*	Sunday-3: Last (-3) Sunday
May 14*	Sun-3: Last (-3) Sunday
May 14*	14 of every month
May 14 	5/14: May 14
May 14 	May. 14: May 14
May 14 	14 May: May 14
	May: continued
May 14*	Sunday: Every Sunday
