Aug 25*	Friday-1: Last (-1) Friday
Aug 25*	Fri-1: Last (-1) Friday
Aug 25*	Friday+4: Fourth Friday
Aug 25*	Fri+4: Fourth Friday
Aug 25*	Friday+4: Fourth Friday in August
Aug 25*	Fri+4: Fourth Friday in August
Aug 25*	Fourth: Fourth Friday in August
Aug 25*	25 of every month
Aug 25*	Friday: Every Friday
Aug 26*	Saturday-1: Last (-1) Saturday
Aug 26*	Sat-1: Last (-1) Saturday
Aug 26*	Saturday+4: Fourth Saturday
Aug 26*	Sat+4: Fourth Saturday
Aug 26*	Saturday+4: Fourth Saturday in August
Aug 26*	Sat+4: Fourth Saturday in August
Aug 26*	Fourth: Fourth Saturday in August
Aug 26*	26 of every month
Aug 26*	Saturday: Every Saturday
Aug 27*	Sunday-1: Last (-1) Sunday
Aug 27*	Sun-1: Last (-1) Sunday
Aug 27*	Sunday+4: Fourth Sunday
Aug 27*	Sun+4: Fourth Sunday
Aug 27*	Sunday+4: Fourth Sunday in August
Aug 27*	Sun+4: Fourth Sunday in August
Aug 27*	Fourth: Fourth Sunday in August
Aug 27*	27 of every month
Aug 27*	Sunday: Every Sunday
Aug 28*	Monday-1: Last (-1) Monday
Aug 28*	Mon-1: Last (-1) Monday
Aug 28*	Monday+4: Fourth Monday
Aug 28*	Mon+4: Fourth Monday
Aug 28*	Monday+4: Fourth Monday in August
Aug 28*	Mon+4: Fourth Monday in August
Aug 28*	Fourth: Fourth Monday in August
Aug 28*	28 of every month
Aug 28*	Monday: Every Monday
