Jun 23*	Friday-2: Last (-2) Friday
Jun 23*	Fri-2: Last (-2) Friday
Jun 23*	Friday+4: Fourth Friday
Jun 23*	Fri+4: Fourth Friday
Jun 23*	Friday+4: Fourth Friday in June
Jun 23*	Fri+4: Fourth Friday in June
Jun 23*	Fourth: Fourth Friday in June
Jun 23*	23 of every month
Jun 23 	6/23: June 23
Jun 23 	Jun. 23: June 23
Jun 23 	23 June: June 23
	June: continued
Jun 23*	Friday: Every Friday
Jun 24*	Saturday-1: Last (-1) Saturday
Jun 24*	Sat-1: Last (-1) Saturday
Jun 24*	Saturday+4: Fourth Saturday
Jun 24*	Sat+4: Fourth Saturday
Jun 24*	Saturday+4: Fourth Saturday in June
Jun 24*	Sat+4: Fourth Saturday in June
Jun 24*	Fourth: Fourth Saturday in June
Jun 24*	24 of every month
Jun 24 	6/24: June 24
Jun 24 	Jun. 24: June 24
Jun 24 	24 June: June 24
	June: continued
Jun 24*	Saturday: Every Saturday
Jun 25*	Sunday-1: Last (-1) Sunday
Jun 25*	Sun-1: Last (-1) Sunday
Jun 25*	Sunday+4: Fourth Sunday
Jun 25*	Sun+4: Fourth Sunday
Jun 25*	Sunday+4: Fourth Sunday in June
Jun 25*	Sun+4: Fourth Sunday in June
Jun 25*	Fourth: Fourth Sunday in June
Jun 25*	25 of every month
Jun 25 	6/25: June 25
Jun 25 	Jun. 25: June 25
Jun 25 	25 June: June 25
	June: continued
Jun 25*	Sunday: Every Sunday
Jun 26*	Monday-1: Last (-1) Monday
Jun 26*	Mon-1: Last (-1) Monday
Jun 26*	Monday+4: Fourth Monday
Jun 26*	Mon+4: Fourth Monday
Jun 26*	Monday+4: Fourth Monday in June
Jun 26*	Mon+4: Fourth Monday in June
Jun 26*	Fourth: Fourth Monday in June
Jun 26*	26 of every month
Jun 26 	6/26: June 26
Jun 26 	Jun. 26: June 26
Jun 26 	26 June: June 26
	June: continued
Jun 26*	Monday: Every Monday
