Oct 31*	Tuesday-1: Last (-1) Tuesday
Oct 31*	Tue-1: Last (-1) Tuesday
Oct 31*	Tuesday+5: Fifth Tuesday
Oct 31*	Tue+5: Fifth Tuesday
Oct 31*	Tuesday+5: Fifth Tuesday in October
Oct 31*	Tue+5: Fifth Tuesday in October
Oct 31*	Fifth: Fifth Tuesday in October
Oct 31*	31 of every month
Oct 31 	10/31: October 31
Oct 31 	Oct. 31: October 31
Oct 31 	31 October: October 31
	October: continued
Oct 31*	Tuesday: Every Tuesday
Nov 01*	Wednesday+1: First Wednesday
Nov 01*	Wed+1: First Wednesday
Nov 01*	Wednesday+1: First Wednesday in November
Nov 01*	Wed+1: First Wednesday in November
Nov 01*	First: First Wednesday in November
Nov 01*	Wednesday+5: Fifth Wednesday in October
Nov 01*	Wed+5: Fifth Wednesday in October
Nov 01*	Fifth: Fifth Wednesday in October
Nov 01*	1 of every month
Nov 01 	11/1: November 1
Nov 01 	Nov. 1: November 1
Nov 01 	1 November: November 1
	November: continued
Nov 01*	*: Beginning of every month
Nov 01*	Wednesday: Every Wednesday
Nov 01 	November: Every November 1st
