Nov 27*	Monday-1: Last (-1) Monday
Nov 27*	Mon-1: Last (-1) Monday
Nov 27*	Monday+4: Fourth Monday
Nov 27*	Mon+4: Fourth Monday
Nov 27*	Monday+4: Fourth Monday in November
Nov 27*	Mon+4: Fourth Monday in November
Nov 27*	Fourth: Fourth Monday in November
Nov 27*	27 of every month
Nov 27 	11/27: November 27
Nov 27 	Nov. 27: November 27
Nov 27 	27 November: November 27
	November: continued
Nov 27*	Monday: Every Monday
Nov 28*	Tuesday-1: Last (-1) Tuesday
Nov 28*	Tue-1: Last (-1) Tuesday
Nov 28*	Tuesday+4: Fourth Tuesday
Nov 28*	Tue+4: Fourth Tuesday
Nov 28*	Tuesday+4: Fourth Tuesday in November
Nov 28*	Tue+4: Fourth Tuesday in November
Nov 28*	Fourth: Fourth Tuesday in November
Nov 28*	28 of every month
Nov 28 	11/28: November 28
Nov 28 	Nov. 28: November 28
Nov 28 	28 November: November 28
	November: continued
Nov 28*	Tuesday: Every Tuesday
