Dec 19*	Tuesday-2: Last (-2) Tuesday
Dec 19*	Tue-2: Last (-2) Tuesday
Dec 19*	Tuesday+3: Third Tuesday
Dec 19*	Tue+3: Third Tuesday
Dec 19*	Tuesday+3: Third Tuesday in December
Dec 19*	Tue+3: Third Tuesday in December
Dec 19*	Third: Third Tuesday in December
Dec 19*	19 of every month
Dec 19 	12/19: December 19
Dec 19 	Dec. 19: December 19
Dec 19 	19 December: December 19
	December: continued
Dec 19*	Tuesday: Every Tuesday
Dec 20*	Wednesday-2: Last (-2) Wednesday
Dec 20*	Wed-2: Last (-2) Wednesday
Dec 20*	Wednesday+3: Third Wednesday
Dec 20*	Wed+3: Third Wednesday
Dec 20*	Wednesday+3: Third Wednesday in December
Dec 20*	Wed+3: Third Wednesday in December
Dec 20*	Third: Third Wednesday in December
Dec 20*	20 of every month
Dec 20 	12/20: December 20
Dec 20 	Dec. 20: December 20
Dec 20 	20 December: December 20
	December: continued
Dec 20*	Wednesday: Every Wednesday
