Jan 08*	Sunday+2: Second Sunday
Jan 08*	Sun+2: Second Sunday
Jan 08*	Sunday+2: Second Sunday in January
Jan 08*	Sun+2: Second Sunday in January
Jan 08*	Second: Second Sunday in January
Jan 08*	Sunday-4: Last (-4) Sunday
Jan 08*	Sun-4: Last (-4) Sunday
Jan 08*	8 of every month
Jan 08 	1/8: January 8
Jan 08 	Jan. 8: January 8
Jan 08 	8 January: January 8
	January: continued
Jan 08*	Sunday: Every Sunday
Jan 09*	Monday+2: Second Monday
Jan 09*	Mon+2: Second Monday
Jan 09*	Monday+2: Second Monday in January
Jan 09*	Mon+2: Second Monday in January
Jan 09*	Second: Second Monday in January
Jan 09*	Monday-4: Last (-4) Monday
Jan 09*	Mon-4: Last (-4) Monday
Jan 09*	9 of every month
Jan 09 	1/9: January 9
Jan 09 	Jan. 9: January 9
Jan 09 	9 January: January 9
	January: continued
Jan 09*	Monday: Every Monday
