Jul 11*	Tuesday+2: Second Tuesday
Jul 11*	Tue+2: Second Tuesday
Jul 11*	Tuesday+2: Second Tuesday in July
Jul 11*	Tue+2: Second Tuesday in July
Jul 11*	Second: Second Tuesday in July
Jul 11*	Tuesday-3: Last (-3) Tuesday
Jul 11*	Tue-3: Last (-3) Tuesday
Jul 11*	11 of every month
Jul 11 	7/11: July 11
Jul 11 	Jul. 11: July 11
Jul 11 	11 July: July 11
	July: continued
Jul 11*	Tuesday: Every Tuesday
Jul 12*	Wednesday+2: Second Wednesday
Jul 12*	Wed+2: Second Wednesday
Jul 12*	Wednesday+2: Second Wednesday in July
Jul 12*	Wed+2: Second Wednesday in July
Jul 12*	Second: Second Wednesday in July
Jul 12*	Wednesday-3: Last (-3) Wednesday
Jul 12*	Wed-3: Last (-3) Wednesday
Jul 12*	12 of every month
Jul 12 	7/12: July 12
Jul 12 	Jul. 12: July 12
Jul 12 	12 July: July 12
	July: continued
Jul 12*	Wednesday: Every Wednesday
