Oct 25*	Wednesday-1: Last (-1) Wednesday
Oct 25*	Wed-1: Last (-1) Wednesday
Oct 25*	Wednesday+4: Fourth Wednesday
Oct 25*	Wed+4: Fourth Wednesday
Oct 25*	Wednesday+4: Fourth Wednesday in October
Oct 25*	Wed+4: Fourth Wednesday in October
Oct 25*	Fourth: Fourth Wednesday in October
Oct 25*	25 of every month
Oct 25 	10/25: October 25
Oct 25 	Oct. 25: October 25
Oct 25 	25 October: October 25
	October: continued
Oct 25*	Wednesday: Every Wednesday
Oct 26*	Thursday-1: Last (-1) Thursday
Oct 26*	Thu-1: Last (-1) Thursday
Oct 26*	Thursday+4: Fourth Thursday
Oct 26*	Thu+4: Fourth Thursday
Oct 26*	Thursday+4: Fourth Thursday in October
Oct 26*	Thu+4: Fourth Thursday in October
Oct 26*	Fourth: Fourth Thursday in October
Oct 26*	26 of every month
Oct 26 	10/26: October 26
Oct 26 	Oct. 26: October 26
Oct 26 	26 October: October 26
	October: continued
Oct 26*	Thursday: Every Thursday
