Jul 31*	Monday-1: Last (-1) Monday
Jul 31*	Mon-1: Last (-1) Monday
Jul 31*	Monday+5: Fifth Monday
Jul 31*	Mon+5: Fifth Monday
Jul 31*	Monday+5: Fifth Monday in July
Jul 31*	Mon+5: Fifth Monday in July
Jul 31*	Fifth: Fifth Monday in July
Jul 31*	31 of every month
Jul 31 	7/31: July 31
Jul 31 	Jul. 31: July 31
Jul 31 	31 July: July 31
	July: continued
Jul 31*	Monday: Every Monday
Aug 01*	Tuesday+1: First Tuesday
Aug 01*	Tue+1: First Tuesday
Aug 01*	Tuesday+1: First Tuesday in August
Aug 01*	Tue+1: First Tuesday in August
Aug 01*	First: First Tuesday in August
Aug 01*	Tuesday+5: Fifth Tuesday in July
Aug 01*	Tue+5: Fifth Tuesday in July
Aug 01*	Fifth: Fifth Tuesday in July
Aug 01*	1 of every month
Aug 01*	*: Beginning of every month
Aug 01*	Tuesday: Every Tuesday
Aug 01 	August: Every August 1st
