Jul 12*	Wednesday+2: Second Wednesday
Jul 12*	Wed+2: Second Wednesday
Jul 12*	Wednesday+2: Second Wednesday in July
Jul 12*	Wed+2: Second Wednesday in July
Jul 12*	Second: Second Wednesday in July
Jul 12*	Wednesday-3: Last (-3) Wednesday
Jul 12*	Wed-3: Last (-3) Wednesday
Jul 12*	12 of every month
Jul 12 	7/12: July 12
Jul 12 	Jul. 12: July 12
Jul 12 	12 July: July 12
	July: continued
Jul 12*	Wednesday: Every Wednesday
Jul 13*	Thursday+2: Second Thursday
Jul 13*	Thu+2: Second Thursday
Jul 13*	Thursday+2: Second Thursday in July
Jul 13*	Thu+2: Second Thursday in July
Jul 13*	Second: Second Thursday in July
Jul 13*	Thursday-3: Last (-3) Thursday
Jul 13*	Thu-3: Last (-3) Thursday
Jul 13*	13 of every month
Jul 13 	7/13: July 13
Jul 13 	Jul. 13: July 13
Jul 13 	13 July: July 13
	July: continued
Jul 13*	Thursday: Every Thursday
