May 30*	Tuesday-1: Last (-1) Tuesday
May 30*	Tue-1: Last (-1) Tuesday
May 30*	Tuesday+5: Fifth Tuesday
May 30*	Tue+5: Fifth Tuesday
May 30*	Tuesday+5: Fifth Tuesday in May
May 30*	Tue+5: Fifth Tuesday in May
May 30*	Fifth: Fifth Tuesday in May
May 30*	30 of every month
May 30 	5/30: May 30
May 30 	May. 30: May 30
May 30 	30 May: May 30
	May: continued
May 30*	Tuesday: Every Tuesday
May 31*	Wednesday-1: Last (-1) Wednesday
May 31*	Wed-1: Last (-1) Wednesday
May 31*	Wednesday+5: Fifth Wednesday
May 31*	Wed+5: Fifth Wednesday
May 31*	Wednesday+5: Fifth Wednesday in May
May 31*	Wed+5: Fifth Wednesday in May
May 31*	Fifth: Fifth Wednesday in May
May 31*	31 of every month
May 31 	5/31: May 31
May 31 	May. 31: May 31
May 31 	31 May: May 31
	May: continued
May 31*	Wednesday: Every Wednesday
