Jan 23*	Monday-2: Last (-2) Monday
Jan 23*	Mon-2: Last (-2) Monday
Jan 23*	Monday+4: Fourth Monday
Jan 23*	Mon+4: Fourth Monday
Jan 23*	Monday+4: Fourth Monday in January
Jan 23*	Mon+4: Fourth Monday in January
Jan 23*	Fourth: Fourth Monday in January
Jan 23*	23 of every month
Jan 23 	1/23: January 23
Jan 23 	Jan. 23: January 23
Jan 23 	23 January: January 23
	January: continued
Jan 23*	Monday: Every Monday
Jan 24*	Tuesday-2: Last (-2) Tuesday
Jan 24*	Tue-2: Last (-2) Tuesday
Jan 24*	Tuesday+4: Fourth Tuesday
Jan 24*	Tue+4: Fourth Tuesday
Jan 24*	Tuesday+4: Fourth Tuesday in January
Jan 24*	Tue+4: Fourth Tuesday in January
Jan 24*	Fourth: Fourth Tuesday in January
Jan 24*	24 of every month
Jan 24 	1/24: January 24
Jan 24 	Jan. 24: January 24
Jan 24 	24 January: January 24
	January: continued
Jan 24*	Tuesday: Every Tuesday
