May 07*	Sunday+1: First Sunday
May 07*	Sun+1: First Sunday
May 07*	Sunday+1: First Sunday in May
May 07*	Sun+1: First Sunday in May
May 07*	First: First Sunday in May
May 07*	Sunday-4: Last (-4) Sunday
May 07*	Sun-4: Last (-4) Sunday
May 07*	7 of every month
May 07 	5/7: May 7
May 07 	May. 7: May 7
May 07 	7 May: May 7
	May: continued
May 07*	Sunday: Every Sunday
May 08*	Monday+2: Second Monday
May 08*	Mon+2: Second Monday
May 08*	Monday+2: Second Monday in May
May 08*	Mon+2: Second Monday in May
May 08*	Second: Second Monday in May
May 08*	Monday-4: Last (-4) Monday
May 08*	Mon-4: Last (-4) Monday
May 08*	8 of every month
May 08 	5/8: May 8
May 08 	May. 8: May 8
May 08 	8 May: May 8
	May: continued
May 08*	Monday: Every Monday
