Jan 24*	Tuesday-2: Last (-2) Tuesday
Jan 24*	Tue-2: Last (-2) Tuesday
Jan 24*	Tuesday+4: Fourth Tuesday
Jan 24*	Tue+4: Fourth Tuesday
Jan 24*	Tuesday+4: Fourth Tuesday in January
Jan 24*	Tue+4: Fourth Tuesday in January
Jan 24*	Fourth: Fourth Tuesday in January
Jan 24*	24 of every month
Jan 24 	1/24: January 24
Jan 24 	Jan. 24: January 24
Jan 24 	24 January: January 24
	January: continued
Jan 24*	Tuesday: Every Tuesday
Jan 25*	Wednesday-1: Last (-1) Wednesday
Jan 25*	Wed-1: Last (-1) Wednesday
Jan 25*	Wednesday+4: Fourth Wednesday
Jan 25*	Wed+4: Fourth Wednesday
Jan 25*	Wednesday+4: Fourth Wednesday in January
Jan 25*	Wed+4: Fourth Wednesday in January
Jan 25*	Fourth: Fourth Wednesday in January
Jan 25*	25 of every month
Jan 25 	1/25: January 25
Jan 25 	Jan. 25: January 25
Jan 25 	25 January: January 25
	January: continued
Jan 25*	Wednesday: Every Wednesday
