Jul 01*	Saturday+1: First Saturday
Jul 01*	Sat+1: First Saturday
Jul 01*	Saturday+1: First Saturday in July
Jul 01*	Sat+1: First Saturday in July
Jul 01*	First: First Saturday in July
Jul 01*	Saturday+5: Fifth Saturday in June
Jul 01*	Sat+5: Fifth Saturday in June
Jul 01*	Fifth: Fifth Saturday in June
Jul 01*	1 of every month
Jul 01 	7/1: July 1
Jul 01 	Jul. 1: July 1
Jul 01 	1 July: July 1
	July: continued
Jul 01*	*: Beginning of every month
Jul 01*	Saturday: Every Saturday
Jul 01 	July: Every July 1st
Jul 02*	Sunday+1: First Sunday
Jul 02*	Sun+1: First Sunday
Jul 02*	Sunday+1: First Sunday in July
Jul 02*	Sun+1: First Sunday in July
Jul 02*	First: First Sunday in July
Jul 02*	Sunday+5: Fifth Sunday in June
Jul 02*	Sun+5: Fifth Sunday in June
Jul 02*	Fifth: Fifth Sunday in June
Jul 02*	2 of every month
Jul 02 	7/2: July 2
Jul 02 	Jul. 2: July 2
Jul 02 	2 July: July 2
	July: continued
Jul 02*	Sunday: Every Sunday
