Nov 24*	Friday-1: Last (-1) Friday
Nov 24*	Fri-1: Last (-1) Friday
Nov 24*	Friday+4: Fourth Friday
Nov 24*	Fri+4: Fourth Friday
Nov 24*	Friday+4: Fourth Friday in November
Nov 24*	Fri+4: Fourth Friday in November
Nov 24*	Fourth: Fourth Friday in November
Nov 24*	24 of every month
Nov 24 	11/24: November 24
Nov 24 	Nov. 24: November 24
Nov 24 	24 November: November 24
	November: continued
Nov 24*	Friday: Every Friday
Nov 25*	Saturday-1: Last (-1) Saturday
Nov 25*	Sat-1: Last (-1) Saturday
Nov 25*	Saturday+4: Fourth Saturday
Nov 25*	Sat+4: Fourth Saturday
Nov 25*	Saturday+4: Fourth Saturday in November
Nov 25*	Sat+4: Fourth Saturday in November
Nov 25*	Fourth: Fourth Saturday in November
Nov 25*	25 of every month
Nov 25 	11/25: November 25
Nov 25 	Nov. 25: November 25
Nov 25 	25 November: November 25
	November: continued
Nov 25*	Saturday: Every Saturday
Nov 26*	Sunday-1: Last (-1) Sunday
Nov 26*	Sun-1: Last (-1) Sunday
Nov 26*	Sunday+4: Fourth Sunday
Nov 26*	Sun+4: Fourth Sunday
Nov 26*	Sunday+4: Fourth Sunday in November
Nov 26*	Sun+4: Fourth Sunday in November
Nov 26*	Fourth: Fourth Sunday in November
Nov 26*	26 of every month
Nov 26 	11/26: November 26
Nov 26 	Nov. 26: November 26
Nov 26 	26 November: November 26
	November: continued
Nov 26*	Sunday: Every Sunday
Nov 27*	Monday-1: Last (-1) Monday
Nov 27*	Mon-1: Last (-1) Monday
Nov 27*	Monday+4: Fourth Monday
Nov 27*	Mon+4: Fourth Monday
Nov 27*	Monday+4: Fourth Monday in November
Nov 27*	Mon+4: Fourth Monday in November
Nov 27*	Fourth: Fourth Monday in November
Nov 27*	27 of every month
Nov 27 	11/27: November 27
Nov 27 	Nov. 27: November 27
Nov 27 	27 November: November 27
	November: continued
Nov 27*	Monday: Every Monday
