Apr 30*	Sunday-1: Last (-1) Sunday
Apr 30*	Sun-1: Last (-1) Sunday
Apr 30*	Sunday+5: Fifth Sunday
Apr 30*	Sun+5: Fifth Sunday
Apr 30*	Sunday+5: Fifth Sunday in April
Apr 30*	Sun+5: Fifth Sunday in April
Apr 30*	Fifth: Fifth Sunday in April
Apr 30*	30 of every month
Apr 30 	4/30: April 30
Apr 30 	Apr. 30: April 30
Apr 30 	30 April: April 30
	April: continued
Apr 30*	Sunday: Every Sunday
May 01*	Monday+1: First Monday
May 01*	Mon+1: First Monday
May 01*	Monday+1: First Monday in May
May 01*	Mon+1: First Monday in May
May 01*	First: First Monday in May
May 01*	Monday+5: Fifth Monday in April
May 01*	Mon+5: Fifth Monday in April
May 01*	Fifth: Fifth Monday in April
May 01*	1 of every month
May 01 	5/1: May 1
May 01 	May. 1: May 1
May 01 	1 May: May 1
	May: continued
May 01*	*: Beginning of every month
May 01*	Monday: Every Monday
May 01 	May: Every May 1st
