Aug 11*	Friday+2: Second Friday
Aug 11*	Fri+2: Second Friday
Aug 11*	Friday+2: Second Friday in August
Aug 11*	Fri+2: Second Friday in August
Aug 11*	Second: Second Friday in August
Aug 11*	Friday-3: Last (-3) Friday
Aug 11*	Fri-3: Last (-3) Friday
Aug 11*	11 of every month
Aug 11*	Friday: Every Friday
Aug 12*	Saturday+2: Second Saturday
Aug 12*	Sat+2: Second Saturday
Aug 12*	Saturday+2: Second Saturday in August
Aug 12*	Sat+2: Second Saturday in August
Aug 12*	Second: Second Saturday in August
Aug 12*	Saturday-3: Last (-3) Saturday
Aug 12*	Sat-3: Last (-3) Saturday
Aug 12*	12 of every month
Aug 12*	Saturday: Every Saturday
Aug 13*	Sunday+2: Second Sunday
Aug 13*	Sun+2: Second Sunday
Aug 13*	Sunday+2: Second Sunday in August
Aug 13*	Sun+2: Second Sunday in August
Aug 13*	Second: Second Sunday in August
Aug 13*	Sunday-3: Last (-3) Sunday
Aug 13*	Sun-3: Last (-3) Sunday
Aug 13*	13 of every month
Aug 13*	Sunday: Every Sunday
Aug 14*	Monday+2: Second Monday
Aug 14*	Mon+2: Second Monday
Aug 14*	Monday+2: Second Monday in August
Aug 14*	Mon+2: Second Monday in August
Aug 14*	Second: Second Monday in August
Aug 14*	Monday-3: Last (-3) Monday
Aug 14*	Mon-3: Last (-3) Monday
Aug 14*	14 of every month
Aug 14*	Monday: Every Monday
