Jul 24*	Monday-2: Last (-2) Monday
Jul 24*	Mon-2: Last (-2) Monday
Jul 24*	Monday+4: Fourth Monday
Jul 24*	Mon+4: Fourth Monday
Jul 24*	Monday+4: Fourth Monday in July
Jul 24*	Mon+4: Fourth Monday in July
Jul 24*	Fourth: Fourth Monday in July
Jul 24*	24 of every month
Jul 24 	7/24: July 24
Jul 24 	Jul. 24: July 24
Jul 24 	24 July: July 24
	July: continued
Jul 24*	Monday: Every Monday
Jul 25*	Tuesday-1: Last (-1) Tuesday
Jul 25*	Tue-1: Last (-1) Tuesday
Jul 25*	Tuesday+4: Fourth Tuesday
Jul 25*	Tue+4: Fourth Tuesday
Jul 25*	Tuesday+4: Fourth Tuesday in July
Jul 25*	Tue+4: Fourth Tuesday in July
Jul 25*	Fourth: Fourth Tuesday in July
Jul 25*	25 of every month
Jul 25 	7/25: July 25
Jul 25 	Jul. 25: July 25
Jul 25 	25 July: July 25
	July: continued
Jul 25*	Tuesday: Every Tuesday
