Sep 08*	Friday+2: Second Friday
Sep 08*	Fri+2: Second Friday
Sep 08*	Friday+2: Second Friday in September
Sep 08*	Fri+2: Second Friday in September
Sep 08*	Second: Second Friday in September
Sep 08*	Friday-4: Last (-4) Friday
Sep 08*	Fri-4: Last (-4) Friday
Sep 08*	8 of every month
Sep 08*	Friday: Every Friday
Sep 09*	Saturday+2: Second Saturday
Sep 09*	Sat+2: Second Saturday
Sep 09*	Saturday+2: Second Saturday in September
Sep 09*	Sat+2: Second Saturday in September
Sep 09*	Second: Second Saturday in September
Sep 09*	Saturday-4: Last (-4) Saturday
Sep 09*	Sat-4: Last (-4) Saturday
Sep 09*	9 of every month
Sep 09*	Saturday: Every Saturday
Sep 10*	Sunday+2: Second Sunday
Sep 10*	Sun+2: Second Sunday
Sep 10*	Sunday+2: Second Sunday in September
Sep 10*	Sun+2: Second Sunday in September
Sep 10*	Second: Second Sunday in September
Sep 10*	Sunday-3: Last (-3) Sunday
Sep 10*	Sun-3: Last (-3) Sunday
Sep 10*	10 of every month
Sep 10*	Sunday: Every Sunday
Sep 11*	Monday+2: Second Monday
Sep 11*	Mon+2: Second Monday
Sep 11*	Monday+2: Second Monday in September
Sep 11*	Mon+2: Second Monday in September
Sep 11*	Second: Second Monday in September
Sep 11*	Monday-3: Last (-3) Monday
Sep 11*	Mon-3: Last (-3) Monday
Sep 11*	11 of every month
Sep 11*	Monday: Every Monday
