Jan 13*	Friday+2: Second Friday
Jan 13*	Fri+2: Second Friday
Jan 13*	Friday+2: Second Friday in January
Jan 13*	Fri+2: Second Friday in January
Jan 13*	Second: Second Friday in January
Jan 13*	Friday-3: Last (-3) Friday
Jan 13*	Fri-3: Last (-3) Friday
Jan 13*	13 of every month
Jan 13 	1/13: January 13
Jan 13 	Jan. 13: January 13
Jan 13 	13 January: January 13
	January: continued
Jan 13*	Friday: Every Friday
Jan 14*	Saturday+2: Second Saturday
Jan 14*	Sat+2: Second Saturday
Jan 14*	Saturday+2: Second Saturday in January
Jan 14*	Sat+2: Second Saturday in January
Jan 14*	Second: Second Saturday in January
Jan 14*	Saturday-3: Last (-3) Saturday
Jan 14*	Sat-3: Last (-3) Saturday
Jan 14*	14 of every month
Jan 14 	1/14: January 14
Jan 14 	Jan. 14: January 14
Jan 14 	14 January: January 14
	January: continued
Jan 14*	Saturday: Every Saturday
Jan 15*	Sunday+3: Third Sunday
Jan 15*	Sun+3: Third Sunday
Jan 15*	Sunday-3: Last (-3) Sunday
Jan 15*	Sun-3: Last (-3) Sunday
Jan 15*	Sunday+3: Third Sunday in January
Jan 15*	Sun+3: Third Sunday in January
Jan 15*	Third: Third Sunday in January
Jan 15*	15 of every month
Jan 15 	1/15: January 15
Jan 15 	Jan. 15: January 15
Jan 15 	15 January: January 15
	January: continued
Jan 15*	Sunday: Every Sunday
Jan 16*	Monday+3: Third Monday
Jan 16*	Mon+3: Third Monday
Jan 16*	Monday-3: Last (-3) Monday
Jan 16*	Mon-3: Last (-3) Monday
Jan 16*	Monday+3: Third Monday in January
Jan 16*	Mon+3: Third Monday in January
Jan 16*	Third: Third Monday in January
Jan 16*	16 of every month
Jan 16 	1/16: January 16
Jan 16 	Jan. 16: January 16
Jan 16 	16 January: January 16
	January: continued
Jan 16*	Monday: Every Monday
