Mar 30*	Thursday-1: Last (-1) Thursday
Mar 30*	Thu-1: Last (-1) Thursday
Mar 30*	Thursday+5: Fifth Thursday
Mar 30*	Thu+5: Fifth Thursday
Mar 30*	Thursday+5: Fifth Thursday in March
Mar 30*	Thu+5: Fifth Thursday in March
Mar 30*	Fifth: Fifth Thursday in March
Mar 30*	30 of every month
Mar 30 	3/30: March 30
Mar 30 	Mar. 30: March 30
Mar 30 	30 March: March 30
	March: continued
Mar 30*	Thursday: Every Thursday
Mar 31*	Friday-1: Last (-1) Friday
Mar 31*	Fri-1: Last (-1) Friday
Mar 31*	Friday+5: Fifth Friday
Mar 31*	Fri+5: Fifth Friday
Mar 31*	Friday+5: Fifth Friday in March
Mar 31*	Fri+5: Fifth Friday in March
Mar 31*	Fifth: Fifth Friday in March
Mar 31*	31 of every month
Mar 31 	3/31: March 31
Mar 31 	Mar. 31: March 31
Mar 31 	31 March: March 31
	March: continued
Mar 31*	Friday: Every Friday
