Jun 24*	Saturday-1: Last (-1) Saturday
Jun 24*	Sat-1: Last (-1) Saturday
Jun 24*	Saturday+4: Fourth Saturday
Jun 24*	Sat+4: Fourth Saturday
Jun 24*	Saturday+4: Fourth Saturday in June
Jun 24*	Sat+4: Fourth Saturday in June
Jun 24*	Fourth: Fourth Saturday in June
Jun 24*	24 of every month
Jun 24 	6/24: June 24
Jun 24 	Jun. 24: June 24
Jun 24 	24 June: June 24
	June: continued
Jun 24*	Saturday: Every Saturday
Jun 25*	Sunday-1: Last (-1) Sunday
Jun 25*	Sun-1: Last (-1) Sunday
Jun 25*	Sunday+4: Fourth Sunday
Jun 25*	Sun+4: Fourth Sunday
Jun 25*	Sunday+4: Fourth Sunday in June
Jun 25*	Sun+4: Fourth Sunday in June
Jun 25*	Fourth: Fourth Sunday in June
Jun 25*	25 of every month
Jun 25 	6/25: June 25
Jun 25 	Jun. 25: June 25
Jun 25 	25 June: June 25
	June: continued
Jun 25*	Sunday: Every Sunday
