Jun 27*	Tuesday-1: Last (-1) Tuesday
Jun 27*	Tue-1: Last (-1) Tuesday
Jun 27*	Tuesday+4: Fourth Tuesday
Jun 27*	Tue+4: Fourth Tuesday
Jun 27*	Tuesday+4: Fourth Tuesday in June
Jun 27*	Tue+4: Fourth Tuesday in June
Jun 27*	Fourth: Fourth Tuesday in June
Jun 27*	27 of every month
Jun 27 	6/27: June 27
Jun 27 	Jun. 27: June 27
Jun 27 	27 June: June 27
	June: continued
Jun 27*	Tuesday: Every Tuesday
Jun 28*	Wednesday-1: Last (-1) Wednesday
Jun 28*	Wed-1: Last (-1) Wednesday
Jun 28*	Wednesday+4: Fourth Wednesday
Jun 28*	Wed+4: Fourth Wednesday
Jun 28*	Wednesday+4: Fourth Wednesday in June
Jun 28*	Wed+4: Fourth Wednesday in June
Jun 28*	Fourth: Fourth Wednesday in June
Jun 28*	28 of every month
Jun 28 	6/28: June 28
Jun 28 	Jun. 28: June 28
Jun 28 	28 June: June 28
	June: continued
Jun 28*	Wednesday: Every Wednesday
