May 19*	Friday-2: Last (-2) Friday
May 19*	Fri-2: Last (-2) Friday
May 19*	Friday+3: Third Friday
May 19*	Fri+3: Third Friday
May 19*	Friday+3: Third Friday in May
May 19*	Fri+3: Third Friday in May
May 19*	Third: Third Friday in May
May 19*	19 of every month
May 19 	5/19: May 19
May 19 	May. 19: May 19
May 19 	19 May: May 19
	May: continued
May 19*	Friday: Every Friday
May 20*	Saturday-2: Last (-2) Saturday
May 20*	Sat-2: Last (-2) Saturday
May 20*	Saturday+3: Third Saturday
May 20*	Sat+3: Third Saturday
May 20*	Saturday+3: Third Saturday in May
May 20*	Sat+3: Third Saturday in May
May 20*	Third: Third Saturday in May
May 20*	20 of every month
May 20 	5/20: May 20
May 20 	May. 20: May 20
May 20 	20 May: May 20
	May: continued
May 20*	Saturday: Every Saturday
May 21*	Sunday-2: Last (-2) Sunday
May 21*	Sun-2: Last (-2) Sunday
May 21*	Sunday+3: Third Sunday
May 21*	Sun+3: Third Sunday
May 21*	Sunday+3: Third Sunday in May
May 21*	Sun+3: Third Sunday in May
May 21*	Third: Third Sunday in May
May 21*	21 of every month
May 21 	5/21: May 21
May 21 	May. 21: May 21
May 21 	21 May: May 21
	May: continued
May 21*	Sunday: Every Sunday
May 22*	Monday-2: Last (-2) Monday
May 22*	Mon-2: Last (-2) Monday
May 22*	Monday+4: Fourth Monday
May 22*	Mon+4: Fourth Monday
May 22*	Monday+4: Fourth Monday in May
May 22*	Mon+4: Fourth Monday in May
May 22*	Fourth: Fourth Monday in May
May 22*	22 of every month
May 22 	5/22: May 22
May 22 	May. 22: May 22
May 22 	22 May: May 22
	May: continued
May 22*	Monday: Every Monday
