Oct 04*	Wednesday+1: First Wednesday
Oct 04*	Wed+1: First Wednesday
Oct 04*	Wednesday+1: First Wednesday in October
Oct 04*	Wed+1: First Wednesday in October
Oct 04*	First: First Wednesday in October
Oct 04*	Wednesday-4: Last (-4) Wednesday
Oct 04*	Wed-4: Last (-4) Wednesday
Oct 04*	Wednesday+5: Fifth Wednesday in September
Oct 04*	Wed+5: Fifth Wednesday in September
Oct 04*	Fifth: Fifth Wednesday in September
Oct 04*	4 of every month
Oct 04 	10/4: October 4
Oct 04 	Oct. 4: October 4
Oct 04 	4 October: October 4
	October: continued
Oct 04*	Wednesday: Every Wednesday
Oct 05*	Thursday+1: First Thursday
Oct 05*	Thu+1: First Thursday
Oct 05*	Thursday+1: First Thursday in October
Oct 05*	Thu+1: First Thursday in October
Oct 05*	First: First Thursday in October
Oct 05*	Thursday-4: Last (-4) Thursday
Oct 05*	Thu-4: Last (-4) Thursday
Oct 05*	Thursday+5: Fifth Thursday in September
Oct 05*	Thu+5: Fifth Thursday in September
Oct 05*	Fifth: Fifth Thursday in September
Oct 05*	5 of every month
Oct 05 	10/5: October 5
Oct 05 	Oct. 5: October 5
Oct 05 	5 October: October 5
	October: continued
Oct 05*	Thursday: Every Thursday
