Jun 25*	Sunday-1: Last (-1) Sunday
Jun 25*	Sun-1: Last (-1) Sunday
Jun 25*	Sunday+4: Fourth Sunday
Jun 25*	Sun+4: Fourth Sunday
Jun 25*	Sunday+4: Fourth Sunday in June
Jun 25*	Sun+4: Fourth Sunday in June
Jun 25*	Fourth: Fourth Sunday in June
Jun 25*	25 of every month
Jun 25 	6/25: June 25
Jun 25 	Jun. 25: June 25
Jun 25 	25 June: June 25
	June: continued
Jun 25*	Sunday: Every Sunday
Jun 26*	Monday-1: Last (-1) Monday
Jun 26*	Mon-1: Last (-1) Monday
Jun 26*	Monday+4: Fourth Monday
Jun 26*	Mon+4: Fourth Monday
Jun 26*	Monday+4: Fourth Monday in June
Jun 26*	Mon+4: Fourth Monday in June
Jun 26*	Fourth: Fourth Monday in June
Jun 26*	26 of every month
Jun 26 	6/26: June 26
Jun 26 	Jun. 26: June 26
Jun 26 	26 June: June 26
	June: continued
Jun 26*	Monday: Every Monday
