Nov 23*	Thursday-2: Last (-2) Thursday
Nov 23*	Thu-2: Last (-2) Thursday
Nov 23*	Thursday+4: Fourth Thursday
Nov 23*	Thu+4: Fourth Thursday
Nov 23*	Thursday+4: Fourth Thursday in November
Nov 23*	Thu+4: Fourth Thursday in November
Nov 23*	Fourth: Fourth Thursday in November
Nov 23*	23 of every month
Nov 23 	11/23: November 23
Nov 23 	Nov. 23: November 23
Nov 23 	23 November: November 23
	November: continued
Nov 23*	Thursday: Every Thursday
Nov 24*	Friday-1: Last (-1) Friday
Nov 24*	Fri-1: Last (-1) Friday
Nov 24*	Friday+4: Fourth Friday
Nov 24*	Fri+4: Fourth Friday
Nov 24*	Friday+4: Fourth Friday in November
Nov 24*	Fri+4: Fourth Friday in November
Nov 24*	Fourth: Fourth Friday in November
Nov 24*	24 of every month
Nov 24 	11/24: November 24
Nov 24 	Nov. 24: November 24
Nov 24 	24 November: November 24
	November: continued
Nov 24*	Friday: Every Friday
