May 16*	Tuesday+3: Third Tuesday
May 16*	Tue+3: Third Tuesday
May 16*	Tuesday-3: Last (-3) Tuesday
May 16*	Tue-3: Last (-3) Tuesday
May 16*	Tuesday+3: Third Tuesday in May
May 16*	Tue+3: Third Tuesday in May
May 16*	Third: Third Tuesday in May
May 16*	16 of every month
May 16 	5/16: May 16
May 16 	May. 16: May 16
May 16 	16 May: May 16
	May: continued
May 16*	Tuesday: Every Tuesday
May 17*	Wednesday+3: Third Wednesday
May 17*	Wed+3: Third Wednesday
May 17*	Wednesday-3: Last (-3) Wednesday
May 17*	Wed-3: Last (-3) Wednesday
May 17*	Wednesday+3: Third Wednesday in May
May 17*	Wed+3: Third Wednesday in May
May 17*	Third: Third Wednesday in May
May 17*	17 of every month
May 17 	5/17: May 17
May 17 	May. 17: May 17
May 17 	17 May: May 17
	May: continued
May 17*	Wednesday: Every Wednesday
