May 09*	Tuesday+2: Second Tuesday
May 09*	Tue+2: Second Tuesday
May 09*	Tuesday+2: Second Tuesday in May
May 09*	Tue+2: Second Tuesday in May
May 09*	Second: Second Tuesday in May
May 09*	Tuesday-4: Last (-4) Tuesday
May 09*	Tue-4: Last (-4) Tuesday
May 09*	9 of every month
May 09 	5/9: May 9
May 09 	May. 9: May 9
May 09 	9 May: May 9
	May: continued
May 09*	Tuesday: Every Tuesday
May 10*	Wednesday+2: Second Wednesday
May 10*	Wed+2: Second Wednesday
May 10*	Wednesday+2: Second Wednesday in May
May 10*	Wed+2: Second Wednesday in May
May 10*	Second: Second Wednesday in May
May 10*	Wednesday-4: Last (-4) Wednesday
May 10*	Wed-4: Last (-4) Wednesday
May 10*	10 of every month
May 10 	5/10: May 10
May 10 	May. 10: May 10
May 10 	10 May: May 10
	May: continued
May 10*	Wednesday: Every Wednesday
