Jul 22*	Saturday-2: Last (-2) Saturday
Jul 22*	Sat-2: Last (-2) Saturday
Jul 22*	Saturday+4: Fourth Saturday
Jul 22*	Sat+4: Fourth Saturday
Jul 22*	Saturday+4: Fourth Saturday in July
Jul 22*	Sat+4: Fourth Saturday in July
Jul 22*	Fourth: Fourth Saturday in July
Jul 22*	22 of every month
Jul 22 	7/22: July 22
Jul 22 	Jul. 22: July 22
Jul 22 	22 July: July 22
	July: continued
Jul 22*	Saturday: Every Saturday
Jul 23*	Sunday-2: Last (-2) Sunday
Jul 23*	Sun-2: Last (-2) Sunday
Jul 23*	Sunday+4: Fourth Sunday
Jul 23*	Sun+4: Fourth Sunday
Jul 23*	Sunday+4: Fourth Sunday in July
Jul 23*	Sun+4: Fourth Sunday in July
Jul 23*	Fourth: Fourth Sunday in July
Jul 23*	23 of every month
Jul 23 	7/23: July 23
Jul 23 	Jul. 23: July 23
Jul 23 	23 July: July 23
	July: continued
Jul 23*	Sunday: Every Sunday
