Sep 15*	Friday+3: Third Friday
Sep 15*	Fri+3: Third Friday
Sep 15*	Friday-3: Last (-3) Friday
Sep 15*	Fri-3: Last (-3) Friday
Sep 15*	Friday+3: Third Friday in September
Sep 15*	Fri+3: Third Friday in September
Sep 15*	Third: Third Friday in September
Sep 15*	15 of every month
Sep 15*	Friday: Every Friday
Sep 16*	Saturday+3: Third Saturday
Sep 16*	Sat+3: Third Saturday
Sep 16*	Saturday-3: Last (-3) Saturday
Sep 16*	Sat-3: Last (-3) Saturday
Sep 16*	Saturday+3: Third Saturday in September
Sep 16*	Sat+3: Third Saturday in September
Sep 16*	Third: Third Saturday in September
Sep 16*	16 of every month
Sep 16*	Saturday: Every Saturday
Sep 17*	Sunday-2: Last (-2) Sunday
Sep 17*	Sun-2: Last (-2) Sunday
Sep 17*	Sunday+3: Third Sunday
Sep 17*	Sun+3: Third Sunday
Sep 17*	Sunday+3: Third Sunday in September
Sep 17*	Sun+3: Third Sunday in September
Sep 17*	Third: Third Sunday in September
Sep 17*	17 of every month
Sep 17*	Sunday: Every Sunday
Sep 18*	Monday-2: Last (-2) Monday
Sep 18*	Mon-2: Last (-2) Monday
Sep 18*	Monday+3: Third Monday
Sep 18*	Mon+3: Third Monday
Sep 18*	Monday+3: Third Monday in September
Sep 18*	Mon+3: Third Monday in September
Sep 18*	Third: Third Monday in September
Sep 18*	18 of every month
Sep 18*	Monday: Every Monday
