Apr 18*	Tuesday-2: Last (-2) Tuesday
Apr 18*	Tue-2: Last (-2) Tuesday
Apr 18*	Tuesday+3: Third Tuesday
Apr 18*	Tue+3: Third Tuesday
Apr 18*	Tuesday+3: Third Tuesday in April
Apr 18*	Tue+3: Third Tuesday in April
Apr 18*	Third: Third Tuesday in April
Apr 18*	18 of every month
Apr 18 	4/18: April 18
Apr 18 	Apr. 18: April 18
Apr 18 	18 April: April 18
	April: continued
Apr 18*	Tuesday: Every Tuesday
Apr 19*	Wednesday-2: Last (-2) Wednesday
Apr 19*	Wed-2: Last (-2) Wednesday
Apr 19*	Wednesday+3: Third Wednesday
Apr 19*	Wed+3: Third Wednesday
Apr 19*	Wednesday+3: Third Wednesday in April
Apr 19*	Wed+3: Third Wednesday in April
Apr 19*	Third: Third Wednesday in April
Apr 19*	19 of every month
Apr 19 	4/19: April 19
Apr 19 	Apr. 19: April 19
Apr 19 	19 April: April 19
	April: continued
Apr 19*	Wednesday: Every Wednesday
