Jun 07*	Wednesday+1: First Wednesday
Jun 07*	Wed+1: First Wednesday
Jun 07*	Wednesday+1: First Wednesday in June
Jun 07*	Wed+1: First Wednesday in June
Jun 07*	First: First Wednesday in June
Jun 07*	Wednesday-4: Last (-4) Wednesday
Jun 07*	Wed-4: Last (-4) Wednesday
Jun 07*	7 of every month
Jun 07 	6/7: June 7
Jun 07 	Jun. 7: June 7
Jun 07 	7 June: June 7
	June: continued
Jun 07*	Wednesday: Every Wednesday
Jun 08*	Thursday+2: Second Thursday
Jun 08*	Thu+2: Second Thursday
Jun 08*	Thursday+2: Second Thursday in June
Jun 08*	Thu+2: Second Thursday in June
Jun 08*	Second: Second Thursday in June
Jun 08*	Thursday-4: Last (-4) Thursday
Jun 08*	Thu-4: Last (-4) Thursday
Jun 08*	8 of every month
Jun 08 	6/8: June 8
Jun 08 	Jun. 8: June 8
Jun 08 	8 June: June 8
	June: continued
Jun 08*	Thursday: Every Thursday
