Jul 06*	Thursday+1: First Thursday
Jul 06*	Thu+1: First Thursday
Jul 06*	Thursday+1: First Thursday in July
Jul 06*	Thu+1: First Thursday in July
Jul 06*	First: First Thursday in July
Jul 06*	Thursday-4: Last (-4) Thursday
Jul 06*	Thu-4: Last (-4) Thursday
Jul 06*	6 of every month
Jul 06 	7/6: July 6
Jul 06 	Jul. 6: July 6
Jul 06 	6 July: July 6
	July: continued
Jul 06*	Thursday: Every Thursday
Jul 07*	Friday+1: First Friday
Jul 07*	Fri+1: First Friday
Jul 07*	Friday+1: First Friday in July
Jul 07*	Fri+1: First Friday in July
Jul 07*	First: First Friday in July
Jul 07*	Friday-4: Last (-4) Friday
Jul 07*	Fri-4: Last (-4) Friday
Jul 07*	7 of every month
Jul 07 	7/7: July 7
Jul 07 	Jul. 7: July 7
Jul 07 	7 July: July 7
	July: continued
Jul 07*	Friday: Every Friday
