Dec 13*	Wednesday+2: Second Wednesday
Dec 13*	Wed+2: Second Wednesday
Dec 13*	Wednesday+2: Second Wednesday in December
Dec 13*	Wed+2: Second Wednesday in December
Dec 13*	Second: Second Wednesday in December
Dec 13*	Wednesday-3: Last (-3) Wednesday
Dec 13*	Wed-3: Last (-3) Wednesday
Dec 13*	13 of every month
Dec 13 	12/13: December 13
Dec 13 	Dec. 13: December 13
Dec 13 	13 December: December 13
	December: continued
Dec 13*	Wednesday: Every Wednesday
Dec 14*	Thursday+2: Second Thursday
Dec 14*	Thu+2: Second Thursday
Dec 14*	Thursday+2: Second Thursday in December
Dec 14*	Thu+2: Second Thursday in December
Dec 14*	Second: Second Thursday in December
Dec 14*	Thursday-3: Last (-3) Thursday
Dec 14*	Thu-3: Last (-3) Thursday
Dec 14*	14 of every month
Dec 14 	12/14: December 14
Dec 14 	Dec. 14: December 14
Dec 14 	14 December: December 14
	December: continued
Dec 14*	Thursday: Every Thursday
