Nov 12*	Sunday+2: Second Sunday
Nov 12*	Sun+2: Second Sunday
Nov 12*	Sunday+2: Second Sunday in November
Nov 12*	Sun+2: Second Sunday in November
Nov 12*	Second: Second Sunday in November
Nov 12*	Sunday-3: Last (-3) Sunday
Nov 12*	Sun-3: Last (-3) Sunday
Nov 12*	12 of every month
Nov 12 	11/12: November 12
Nov 12 	Nov. 12: November 12
Nov 12 	12 November: November 12
	November: continued
Nov 12*	Sunday: Every Sunday
Nov 13*	Monday+2: Second Monday
Nov 13*	Mon+2: Second Monday
Nov 13*	Monday+2: Second Monday in November
Nov 13*	Mon+2: Second Monday in November
Nov 13*	Second: Second Monday in November
Nov 13*	Monday-3: Last (-3) Monday
Nov 13*	Mon-3: Last (-3) Monday
Nov 13*	13 of every month
Nov 13 	11/13: November 13
Nov 13 	Nov. 13: November 13
Nov 13 	13 November: November 13
	November: continued
Nov 13*	Monday: Every Monday
