Aug 31*	Thursday-1: Last (-1) Thursday
Aug 31*	Thu-1: Last (-1) Thursday
Aug 31*	Thursday+5: Fifth Thursday
Aug 31*	Thu+5: Fifth Thursday
Aug 31*	Thursday+5: Fifth Thursday in August
Aug 31*	Thu+5: Fifth Thursday in August
Aug 31*	Fifth: Fifth Thursday in August
Aug 31*	31 of every month
Aug 31*	Thursday: Every Thursday
Sep 01*	Friday+1: First Friday
Sep 01*	Fri+1: First Friday
Sep 01*	Friday+1: First Friday in September
Sep 01*	Fri+1: First Friday in September
Sep 01*	First: First Friday in September
Sep 01*	Friday+5: Fifth Friday in August
Sep 01*	Fri+5: Fifth Friday in August
Sep 01*	Fifth: Fifth Friday in August
Sep 01*	1 of every month
Sep 01*	*: Beginning of every month
Sep 01*	Friday: Every Friday
Sep 01 	September: Every September 1st
