Jan 25*	Wednesday-1: Last (-1) Wednesday
Jan 25*	Wed-1: Last (-1) Wednesday
Jan 25*	Wednesday+4: Fourth Wednesday
Jan 25*	Wed+4: Fourth Wednesday
Jan 25*	Wednesday+4: Fourth Wednesday in January
Jan 25*	Wed+4: Fourth Wednesday in January
Jan 25*	Fourth: Fourth Wednesday in January
Jan 25*	25 of every month
Jan 25 	1/25: January 25
Jan 25 	Jan. 25: January 25
Jan 25 	25 January: January 25
	January: continued
Jan 25*	Wednesday: Every Wednesday
Jan 26*	Thursday-1: Last (-1) Thursday
Jan 26*	Thu-1: Last (-1) Thursday
Jan 26*	Thursday+4: Fourth Thursday
Jan 26*	Thu+4: Fourth Thursday
Jan 26*	Thursday+4: Fourth Thursday in January
Jan 26*	Thu+4: Fourth Thursday in January
Jan 26*	Fourth: Fourth Thursday in January
Jan 26*	26 of every month
Jan 26 	1/26: January 26
Jan 26 	Jan. 26: January 26
Jan 26 	26 January: January 26
	January: continued
Jan 26*	Thursday: Every Thursday
