Oct 29*	Sunday-1: Last (-1) Sunday
Oct 29*	Sun-1: Last (-1) Sunday
Oct 29*	Sunday+5: Fifth Sunday
Oct 29*	Sun+5: Fifth Sunday
Oct 29*	Sunday+5: Fifth Sunday in October
Oct 29*	Sun+5: Fifth Sunday in October
Oct 29*	Fifth: Fifth Sunday in October
Oct 29*	29 of every month
Oct 29 	10/29: October 29
Oct 29 	Oct. 29: October 29
Oct 29 	29 October: October 29
	October: continued
Oct 29*	Sunday: Every Sunday
Oct 30*	Monday-1: Last (-1) Monday
Oct 30*	Mon-1: Last (-1) Monday
Oct 30*	Monday+5: Fifth Monday
Oct 30*	Mon+5: Fifth Monday
Oct 30*	Monday+5: Fifth Monday in October
Oct 30*	Mon+5: Fifth Monday in October
Oct 30*	Fifth: Fifth Monday in October
Oct 30*	30 of every month
Oct 30 	10/30: October 30
Oct 30 	Oct. 30: October 30
Oct 30 	30 October: October 30
	October: continued
Oct 30*	Monday: Every Monday
