Apr 04*	Tuesday+1: First Tuesday
Apr 04*	Tue+1: First Tuesday
Apr 04*	Tuesday+1: First Tuesday in April
Apr 04*	Tue+1: First Tuesday in April
Apr 04*	First: First Tuesday in April
Apr 04*	Tuesday-4: Last (-4) Tuesday
Apr 04*	Tue-4: Last (-4) Tuesday
Apr 04*	Tuesday+5: Fifth Tuesday in March
Apr 04*	Tue+5: Fifth Tuesday in March
Apr 04*	Fifth: Fifth Tuesday in March
Apr 04*	4 of every month
Apr 04 	4/4: April 4
Apr 04 	Apr. 4: April 4
Apr 04 	4 April: April 4
	April: continued
Apr 04*	Tuesday: Every Tuesday
Apr 05*	Wednesday+1: First Wednesday
Apr 05*	Wed+1: First Wednesday
Apr 05*	Wednesday+1: First Wednesday in April
Apr 05*	Wed+1: First Wednesday in April
Apr 05*	First: First Wednesday in April
Apr 05*	Wednesday-4: Last (-4) Wednesday
Apr 05*	Wed-4: Last (-4) Wednesday
Apr 05*	5 of every month
Apr 05 	4/5: April 5
Apr 05 	Apr. 5: April 5
Apr 05 	5 April: April 5
	April: continued
Apr 05*	Wednesday: Every Wednesday
