May 17*	Wednesday+3: Third Wednesday
May 17*	Wed+3: Third Wednesday
May 17*	Wednesday-3: Last (-3) Wednesday
May 17*	Wed-3: Last (-3) Wednesday
May 17*	Wednesday+3: Third Wednesday in May
May 17*	Wed+3: Third Wednesday in May
May 17*	Third: Third Wednesday in May
May 17*	17 of every month
May 17 	5/17: May 17
May 17 	May. 17: May 17
May 17 	17 May: May 17
	May: continued
May 17*	Wednesday: Every Wednesday
May 18*	Thursday-2: Last (-2) Thursday
May 18*	Thu-2: Last (-2) Thursday
May 18*	Thursday+3: Third Thursday
May 18*	Thu+3: Third Thursday
May 18*	Thursday+3: Third Thursday in May
May 18*	Thu+3: Third Thursday in May
May 18*	Third: Third Thursday in May
May 18*	18 of every month
May 18 	5/18: May 18
May 18 	May. 18: May 18
May 18 	18 May: May 18
	May: continued
May 18*	Thursday: Every Thursday
