Mar 21*	Tuesday-2: Last (-2) Tuesday
Mar 21*	Tue-2: Last (-2) Tuesday
Mar 21*	Tuesday+3: Third Tuesday
Mar 21*	Tue+3: Third Tuesday
Mar 21*	Tuesday+3: Third Tuesday in March
Mar 21*	Tue+3: Third Tuesday in March
Mar 21*	Third: Third Tuesday in March
Mar 21*	21 of every month
Mar 21 	3/21: March 21
Mar 21 	Mar. 21: March 21
Mar 21 	21 March: March 21
	March: continued
Mar 21*	Tuesday: Every Tuesday
Mar 22*	Wednesday-2: Last (-2) Wednesday
Mar 22*	Wed-2: Last (-2) Wednesday
Mar 22*	Wednesday+4: Fourth Wednesday
Mar 22*	Wed+4: Fourth Wednesday
Mar 22*	Wednesday+4: Fourth Wednesday in March
Mar 22*	Wed+4: Fourth Wednesday in March
Mar 22*	Fourth: Fourth Wednesday in March
Mar 22*	22 of every month
Mar 22 	3/22: March 22
Mar 22 	Mar. 22: March 22
Mar 22 	22 March: March 22
	March: continued
Mar 22*	Wednesday: Every Wednesday
