Jan 30*	Monday-1: Last (-1) Monday
Jan 30*	Mon-1: Last (-1) Monday
Jan 30*	Monday+5: Fifth Monday
Jan 30*	Mon+5: Fifth Monday
Jan 30*	Monday+5: Fifth Monday in January
Jan 30*	Mon+5: Fifth Monday in January
Jan 30*	Fifth: Fifth Monday in January
Jan 30*	30 of every month
Jan 30 	1/30: January 30
Jan 30 	Jan. 30: January 30
Jan 30 	30 January: January 30
	January: continued
Jan 30*	Monday: Every Monday
Jan 31*	Tuesday-1: Last (-1) Tuesday
Jan 31*	Tue-1: Last (-1) Tuesday
Jan 31*	Tuesday+5: Fifth Tuesday
Jan 31*	Tue+5: Fifth Tuesday
Jan 31*	Tuesday+5: Fifth Tuesday in January
Jan 31*	Tue+5: Fifth Tuesday in January
Jan 31*	Fifth: Fifth Tuesday in January
Jan 31*	31 of every month
Jan 31 	1/31: January 31
Jan 31 	Jan. 31: January 31
Jan 31 	31 January: January 31
	January: continued
Jan 31*	Tuesday: Every Tuesday
