Nov 25*	Saturday-1: Last (-1) Saturday
Nov 25*	Sat-1: Last (-1) Saturday
Nov 25*	Saturday+4: Fourth Saturday
Nov 25*	Sat+4: Fourth Saturday
Nov 25*	Saturday+4: Fourth Saturday in November
Nov 25*	Sat+4: Fourth Saturday in November
Nov 25*	Fourth: Fourth Saturday in November
Nov 25*	25 of every month
Nov 25 	11/25: November 25
Nov 25 	Nov. 25: November 25
Nov 25 	25 November: November 25
	November: continued
Nov 25*	Saturday: Every Saturday
Nov 26*	Sunday-1: Last (-1) Sunday
Nov 26*	Sun-1: Last (-1) Sunday
Nov 26*	Sunday+4: Fourth Sunday
Nov 26*	Sun+4: Fourth Sunday
Nov 26*	Sunday+4: Fourth Sunday in November
Nov 26*	Sun+4: Fourth Sunday in November
Nov 26*	Fourth: Fourth Sunday in November
Nov 26*	26 of every month
Nov 26 	11/26: November 26
Nov 26 	Nov. 26: November 26
Nov 26 	26 November: November 26
	November: continued
Nov 26*	Sunday: Every Sunday
