Feb 10*	Friday+2: Second Friday
Feb 10*	Fri+2: Second Friday
Feb 10*	Friday+2: Second Friday in February
Feb 10*	Fri+2: Second Friday in February
Feb 10*	Second: Second Friday in February
Feb 10*	Friday-3: Last (-3) Friday
Feb 10*	Fri-3: Last (-3) Friday
Feb 10*	10 of every month
Feb 10 	2/10: February 10
Feb 10 	Feb. 10: February 10
Feb 10 	10 February: February 10
	February: continued
Feb 10*	Friday: Every Friday
Feb 11*	Saturday+2: Second Saturday
Feb 11*	Sat+2: Second Saturday
Feb 11*	Saturday+2: Second Saturday in February
Feb 11*	Sat+2: Second Saturday in February
Feb 11*	Second: Second Saturday in February
Feb 11*	Saturday-3: Last (-3) Saturday
Feb 11*	Sat-3: Last (-3) Saturday
Feb 11*	11 of every month
Feb 11 	2/11: February 11
Feb 11 	Feb. 11: February 11
Feb 11 	11 February: February 11
	February: continued
Feb 11*	Saturday: Every Saturday
Feb 12*	Sunday+2: Second Sunday
Feb 12*	Sun+2: Second Sunday
Feb 12*	Sunday+2: Second Sunday in February
Feb 12*	Sun+2: Second Sunday in February
Feb 12*	Second: Second Sunday in February
Feb 12*	Sunday-3: Last (-3) Sunday
Feb 12*	Sun-3: Last (-3) Sunday
Feb 12*	12 of every month
Feb 12 	2/12: February 12
Feb 12 	Feb. 12: February 12
Feb 12 	12 February: February 12
	February: continued
Feb 12*	Sunday: Every Sunday
Feb 13*	Monday+2: Second Monday
Feb 13*	Mon+2: Second Monday
Feb 13*	Monday+2: Second Monday in February
Feb 13*	Mon+2: Second Monday in February
Feb 13*	Second: Second Monday in February
Feb 13*	Monday-3: Last (-3) Monday
Feb 13*	Mon-3: Last (-3) Monday
Feb 13*	13 of every month
Feb 13 	2/13: February 13
Feb 13 	Feb. 13: February 13
Feb 13 	13 February: February 13
	February: continued
Feb 13*	Monday: Every Monday
