Mar 15*	Wednesday+3: Third Wednesday
Mar 15*	Wed+3: Third Wednesday
Mar 15*	Wednesday-3: Last (-3) Wednesday
Mar 15*	Wed-3: Last (-3) Wednesday
Mar 15*	Wednesday+3: Third Wednesday in March
Mar 15*	Wed+3: Third Wednesday in March
Mar 15*	Third: Third Wednesday in March
Mar 15*	15 of every month
Mar 15 	3/15: March 15
Mar 15 	Mar. 15: March 15
Mar 15 	15 March: March 15
	March: continued
Mar 15*	Wednesday: Every Wednesday
Mar 16*	Thursday+3: Third Thursday
Mar 16*	Thu+3: Third Thursday
Mar 16*	Thursday-3: Last (-3) Thursday
Mar 16*	Thu-3: Last (-3) Thursday
Mar 16*	Thursday+3: Third Thursday in March
Mar 16*	Thu+3: Third Thursday in March
Mar 16*	Third: Third Thursday in March
Mar 16*	16 of every month
Mar 16 	3/16: March 16
Mar 16 	Mar. 16: March 16
Mar 16 	16 March: March 16
	March: continued
Mar 16*	Thursday: Every Thursday
