Nov 28*	Tuesday-1: Last (-1) Tuesday
Nov 28*	Tue-1: Last (-1) Tuesday
Nov 28*	Tuesday+4: Fourth Tuesday
Nov 28*	Tue+4: Fourth Tuesday
Nov 28*	Tuesday+4: Fourth Tuesday in November
Nov 28*	Tue+4: Fourth Tuesday in November
Nov 28*	Fourth: Fourth Tuesday in November
Nov 28*	28 of every month
Nov 28 	11/28: November 28
Nov 28 	Nov. 28: November 28
Nov 28 	28 November: November 28
	November: continued
Nov 28*	Tuesday: Every Tuesday
Nov 29*	Wednesday-1: Last (-1) Wednesday
Nov 29*	Wed-1: Last (-1) Wednesday
Nov 29*	Wednesday+5: Fifth Wednesday
Nov 29*	Wed+5: Fifth Wednesday
Nov 29*	Wednesday+5: Fifth Wednesday in November
Nov 29*	Wed+5: Fifth Wednesday in November
Nov 29*	Fifth: Fifth Wednesday in November
Nov 29*	29 of every month
Nov 29 	11/29: November 29
Nov 29 	Nov. 29: November 29
Nov 29 	29 November: November 29
	November: continued
Nov 29*	Wednesday: Every Wednesday
