May 23*	Tuesday-2: Last (-2) Tuesday
May 23*	Tue-2: Last (-2) Tuesday
May 23*	Tuesday+4: Fourth Tuesday
May 23*	Tue+4: Fourth Tuesday
May 23*	Tuesday+4: Fourth Tuesday in May
May 23*	Tue+4: Fourth Tuesday in May
May 23*	Fourth: Fourth Tuesday in May
May 23*	23 of every month
May 23 	5/23: May 23
May 23 	May. 23: May 23
May 23 	23 May: May 23
	May: continued
May 23*	Tuesday: Every Tuesday
May 24*	Wednesday-2: Last (-2) Wednesday
May 24*	Wed-2: Last (-2) Wednesday
May 24*	Wednesday+4: Fourth Wednesday
May 24*	Wed+4: Fourth Wednesday
May 24*	Wednesday+4: Fourth Wednesday in May
May 24*	Wed+4: Fourth Wednesday in May
May 24*	Fourth: Fourth Wednesday in May
May 24*	24 of every month
May 24 	5/24: May 24
May 24 	May. 24: May 24
May 24 	24 May: May 24
	May: continued
May 24*	Wednesday: Every Wednesday
