Jul 15*	Saturday+3: Third Saturday
Jul 15*	Sat+3: Third Saturday
Jul 15*	Saturday-3: Last (-3) Saturday
Jul 15*	Sat-3: Last (-3) Saturday
Jul 15*	Saturday+3: Third Saturday in July
Jul 15*	Sat+3: Third Saturday in July
Jul 15*	Third: Third Saturday in July
Jul 15*	15 of every month
Jul 15 	7/15: July 15
Jul 15 	Jul. 15: July 15
Jul 15 	15 July: July 15
	July: continued
Jul 15*	Saturday: Every Saturday
Jul 16*	Sunday+3: Third Sunday
Jul 16*	Sun+3: Third Sunday
Jul 16*	Sunday-3: Last (-3) Sunday
Jul 16*	Sun-3: Last (-3) Sunday
Jul 16*	Sunday+3: Third Sunday in July
Jul 16*	Sun+3: Third Sunday in July
Jul 16*	Third: Third Sunday in July
Jul 16*	16 of every month
Jul 16 	7/16: July 16
Jul 16 	Jul. 16: July 16
Jul 16 	16 July: July 16
	July: continued
Jul 16*	Sunday: Every Sunday
