Dec 20*	Wednesday-2: Last (-2) Wednesday
Dec 20*	Wed-2: Last (-2) Wednesday
Dec 20*	Wednesday+3: Third Wednesday
Dec 20*	Wed+3: Third Wednesday
Dec 20*	Wednesday+3: Third Wednesday in December
Dec 20*	Wed+3: Third Wednesday in December
Dec 20*	Third: Third Wednesday in December
Dec 20*	20 of every month
Dec 20 	12/20: December 20
Dec 20 	Dec. 20: December 20
Dec 20 	20 December: December 20
	December: continued
Dec 20*	Wednesday: Every Wednesday
Dec 21*	Thursday-2: Last (-2) Thursday
Dec 21*	Thu-2: Last (-2) Thursday
Dec 21*	Thursday+3: Third Thursday
Dec 21*	Thu+3: Third Thursday
Dec 21*	Thursday+3: Third Thursday in December
Dec 21*	Thu+3: Third Thursday in December
Dec 21*	Third: Third Thursday in December
Dec 21*	21 of every month
Dec 21 	12/21: December 21
Dec 21 	Dec. 21: December 21
Dec 21 	21 December: December 21
	December: continued
Dec 21*	Thursday: Every Thursday
