May 24*	Wednesday-2: Last (-2) Wednesday
May 24*	Wed-2: Last (-2) Wednesday
May 24*	Wednesday+4: Fourth Wednesday
May 24*	Wed+4: Fourth Wednesday
May 24*	Wednesday+4: Fourth Wednesday in May
May 24*	Wed+4: Fourth Wednesday in May
May 24*	Fourth: Fourth Wednesday in May
May 24*	24 of every month
May 24 	5/24: May 24
May 24 	May. 24: May 24
May 24 	24 May: May 24
	May: continued
May 24*	Wednesday: Every Wednesday
May 25*	Thursday-1: Last (-1) Thursday
May 25*	Thu-1: Last (-1) Thursday
May 25*	Thursday+4: Fourth Thursday
May 25*	Thu+4: Fourth Thursday
May 25*	Thursday+4: Fourth Thursday in May
May 25*	Thu+4: Fourth Thursday in May
May 25*	Fourth: Fourth Thursday in May
May 25*	25 of every month
May 25 	5/25: May 25
May 25 	May. 25: May 25
May 25 	25 May: May 25
	May: continued
May 25*	Thursday: Every Thursday
