Feb 12*	Sunday+2: Second Sunday
Feb 12*	Sun+2: Second Sunday
Feb 12*	Sunday+2: Second Sunday in February
Feb 12*	Sun+2: Second Sunday in February
Feb 12*	Second: Second Sunday in February
Feb 12*	Sunday-3: Last (-3) Sunday
Feb 12*	Sun-3: Last (-3) Sunday
Feb 12*	12 of every month
Feb 12 	2/12: February 12
Feb 12 	Feb. 12: February 12
Feb 12 	12 February: February 12
	February: continued
Feb 12*	Sunday: Every Sunday
Feb 13*	Monday+2: Second Monday
Feb 13*	Mon+2: Second Monday
Feb 13*	Monday+2: Second Monday in February
Feb 13*	Mon+2: Second Monday in February
Feb 13*	Second: Second Monday in February
Feb 13*	Monday-3: Last (-3) Monday
Feb 13*	Mon-3: Last (-3) Monday
Feb 13*	13 of every month
Feb 13 	2/13: February 13
Feb 13 	Feb. 13: February 13
Feb 13 	13 February: February 13
	February: continued
Feb 13*	Monday: Every Monday
