Dec 17*	Sunday+3: Third Sunday
Dec 17*	Sun+3: Third Sunday
Dec 17*	Sunday-3: Last (-3) Sunday
Dec 17*	Sun-3: Last (-3) Sunday
Dec 17*	Sunday+3: Third Sunday in December
Dec 17*	Sun+3: Third Sunday in December
Dec 17*	Third: Third Sunday in December
Dec 17*	17 of every month
Dec 17 	12/17: December 17
Dec 17 	Dec. 17: December 17
Dec 17 	17 December: December 17
	December: continued
Dec 17*	Sunday: Every Sunday
Dec 18*	Monday-2: Last (-2) Monday
Dec 18*	Mon-2: Last (-2) Monday
Dec 18*	Monday+3: Third Monday
Dec 18*	Mon+3: Third Monday
Dec 18*	Monday+3: Third Monday in December
Dec 18*	Mon+3: Third Monday in December
Dec 18*	Third: Third Monday in December
Dec 18*	18 of every month
Dec 18 	12/18: December 18
Dec 18 	Dec. 18: December 18
Dec 18 	18 December: December 18
	December: continued
Dec 18*	Monday: Every Monday
