Jan 16*	Monday+3: Third Monday
Jan 16*	Mon+3: Third Monday
Jan 16*	Monday-3: Last (-3) Monday
Jan 16*	Mon-3: Last (-3) Monday
Jan 16*	Monday+3: Third Monday in January
Jan 16*	Mon+3: Third Monday in January
Jan 16*	Third: Third Monday in January
Jan 16*	16 of every month
Jan 16 	1/16: January 16
Jan 16 	Jan. 16: January 16
Jan 16 	16 January: January 16
	January: continued
Jan 16*	Monday: Every Monday
Jan 17*	Tuesday+3: Third Tuesday
Jan 17*	Tue+3: Third Tuesday
Jan 17*	Tuesday-3: Last (-3) Tuesday
Jan 17*	Tue-3: Last (-3) Tuesday
Jan 17*	Tuesday+3: Third Tuesday in January
Jan 17*	Tue+3: Third Tuesday in January
Jan 17*	Third: Third Tuesday in January
Jan 17*	17 of every month
Jan 17 	1/17: January 17
Jan 17 	Jan. 17: January 17
Jan 17 	17 January: January 17
	January: continued
Jan 17*	Tuesday: Every Tuesday
