Nov 09*	Thursday+2: Second Thursday
Nov 09*	Thu+2: Second Thursday
Nov 09*	Thursday+2: Second Thursday in November
Nov 09*	Thu+2: Second Thursday in November
Nov 09*	Second: Second Thursday in November
Nov 09*	Thursday-4: Last (-4) Thursday
Nov 09*	Thu-4: Last (-4) Thursday
Nov 09*	9 of every month
Nov 09 	11/9: November 9
Nov 09 	Nov. 9: November 9
Nov 09 	9 November: November 9
	November: continued
Nov 09*	Thursday: Every Thursday
Nov 10*	Friday+2: Second Friday
Nov 10*	Fri+2: Second Friday
Nov 10*	Friday+2: Second Friday in November
Nov 10*	Fri+2: Second Friday in November
Nov 10*	Second: Second Friday in November
Nov 10*	Friday-3: Last (-3) Friday
Nov 10*	Fri-3: Last (-3) Friday
Nov 10*	10 of every month
Nov 10 	11/10: November 10
Nov 10 	Nov. 10: November 10
Nov 10 	10 November: November 10
	November: continued
Nov 10*	Friday: Every Friday
