Mar 20*	Monday-2: Last (-2) Monday
Mar 20*	Mon-2: Last (-2) Monday
Mar 20*	Monday+3: Third Monday
Mar 20*	Mon+3: Third Monday
Mar 20*	Monday+3: Third Monday in March
Mar 20*	Mon+3: Third Monday in March
Mar 20*	Third: Third Monday in March
Mar 20*	20 of every month
Mar 20 	3/20: March 20
Mar 20 	Mar. 20: March 20
Mar 20 	20 March: March 20
	March: continued
Mar 20*	Monday: Every Monday
Mar 21*	Tuesday-2: Last (-2) Tuesday
Mar 21*	Tue-2: Last (-2) Tuesday
Mar 21*	Tuesday+3: Third Tuesday
Mar 21*	Tue+3: Third Tuesday
Mar 21*	Tuesday+3: Third Tuesday in March
Mar 21*	Tue+3: Third Tuesday in March
Mar 21*	Third: Third Tuesday in March
Mar 21*	21 of every month
Mar 21 	3/21: March 21
Mar 21 	Mar. 21: March 21
Mar 21 	21 March: March 21
	March: continued
Mar 21*	Tuesday: Every Tuesday
