Nov 20*	Monday-2: Last (-2) Monday
Nov 20*	Mon-2: Last (-2) Monday
Nov 20*	Monday+3: Third Monday
Nov 20*	Mon+3: Third Monday
Nov 20*	Monday+3: Third Monday in November
Nov 20*	Mon+3: Third Monday in November
Nov 20*	Third: Third Monday in November
Nov 20*	20 of every month
Nov 20 	11/20: November 20
Nov 20 	Nov. 20: November 20
Nov 20 	20 November: November 20
	November: continued
Nov 20*	Monday: Every Monday
Nov 21*	Tuesday-2: Last (-2) Tuesday
Nov 21*	Tue-2: Last (-2) Tuesday
Nov 21*	Tuesday+3: Third Tuesday
Nov 21*	Tue+3: Third Tuesday
Nov 21*	Tuesday+3: Third Tuesday in November
Nov 21*	Tue+3: Third Tuesday in November
Nov 21*	Third: Third Tuesday in November
Nov 21*	21 of every month
Nov 21 	11/21: November 21
Nov 21 	Nov. 21: November 21
Nov 21 	21 November: November 21
	November: continued
Nov 21*	Tuesday: Every Tuesday
