Nov 21*	Tuesday-2: Last (-2) Tuesday
Nov 21*	Tue-2: Last (-2) Tuesday
Nov 21*	Tuesday+3: Third Tuesday
Nov 21*	Tue+3: Third Tuesday
Nov 21*	Tuesday+3: Third Tuesday in November
Nov 21*	Tue+3: Third Tuesday in November
Nov 21*	Third: Third Tuesday in November
Nov 21*	21 of every month
Nov 21 	11/21: November 21
Nov 21 	Nov. 21: November 21
Nov 21 	21 November: November 21
	November: continued
Nov 21*	Tuesday: Every Tuesday
Nov 22*	Wednesday-2: Last (-2) Wednesday
Nov 22*	Wed-2: Last (-2) Wednesday
Nov 22*	Wednesday+4: Fourth Wednesday
Nov 22*	Wed+4: Fourth Wednesday
Nov 22*	Wednesday+4: Fourth Wednesday in November
Nov 22*	Wed+4: Fourth Wednesday in November
Nov 22*	Fourth: Fourth Wednesday in November
Nov 22*	22 of every month
Nov 22 	11/22: November 22
Nov 22 	Nov. 22: November 22
Nov 22 	22 November: November 22
	November: continued
Nov 22*	Wednesday: Every Wednesday
