Jul 05*	Wednesday+1: First Wednesday
Jul 05*	Wed+1: First Wednesday
Jul 05*	Wednesday+1: First Wednesday in July
Jul 05*	Wed+1: First Wednesday in July
Jul 05*	First: First Wednesday in July
Jul 05*	Wednesday-4: Last (-4) Wednesday
Jul 05*	Wed-4: Last (-4) Wednesday
Jul 05*	Wednesday+5: Fifth Wednesday in June
Jul 05*	Wed+5: Fifth Wednesday in June
Jul 05*	Fifth: Fifth Wednesday in June
Jul 05*	5 of every month
Jul 05 	7/5: July 5
Jul 05 	Jul. 5: July 5
Jul 05 	5 July: July 5
	July: continued
Jul 05*	Wednesday: Every Wednesday
Jul 06*	Thursday+1: First Thursday
Jul 06*	Thu+1: First Thursday
Jul 06*	Thursday+1: First Thursday in July
Jul 06*	Thu+1: First Thursday in July
Jul 06*	First: First Thursday in July
Jul 06*	Thursday-4: Last (-4) Thursday
Jul 06*	Thu-4: Last (-4) Thursday
Jul 06*	6 of every month
Jul 06 	7/6: July 6
Jul 06 	Jul. 6: July 6
Jul 06 	6 July: July 6
	July: continued
Jul 06*	Thursday: Every Thursday
