Jun 20*	Tuesday-2: Last (-2) Tuesday
Jun 20*	Tue-2: Last (-2) Tuesday
Jun 20*	Tuesday+3: Third Tuesday
Jun 20*	Tue+3: Third Tuesday
Jun 20*	Tuesday+3: Third Tuesday in June
Jun 20*	Tue+3: Third Tuesday in June
Jun 20*	Third: Third Tuesday in June
Jun 20*	20 of every month
Jun 20 	6/20: June 20
Jun 20 	Jun. 20: June 20
Jun 20 	20 June: June 20
	June: continued
Jun 20*	Tuesday: Every Tuesday
Jun 21*	Wednesday-2: Last (-2) Wednesday
Jun 21*	Wed-2: Last (-2) Wednesday
Jun 21*	Wednesday+3: Third Wednesday
Jun 21*	Wed+3: Third Wednesday
Jun 21*	Wednesday+3: Third Wednesday in June
Jun 21*	Wed+3: Third Wednesday in June
Jun 21*	Third: Third Wednesday in June
Jun 21*	21 of every month
Jun 21 	6/21: June 21
Jun 21 	Jun. 21: June 21
Jun 21 	21 June: June 21
	June: continued
Jun 21*	Wednesday: Every Wednesday
