Dec 25*	Monday-1: Last (-1) Monday
Dec 25*	Mon-1: Last (-1) Monday
Dec 25*	Monday+4: Fourth Monday
Dec 25*	Mon+4: Fourth Monday
Dec 25*	Monday+4: Fourth Monday in December
Dec 25*	Mon+4: Fourth Monday in December
Dec 25*	Fourth: Fourth Monday in December
Dec 25*	25 of every month
Dec 25 	12/25: December 25
Dec 25 	Dec. 25: December 25
Dec 25 	25 December: December 25
	December: continued
Dec 25*	Monday: Every Monday
Dec 26*	Tuesday-1: Last (-1) Tuesday
Dec 26*	Tue-1: Last (-1) Tuesday
Dec 26*	Tuesday+4: Fourth Tuesday
Dec 26*	Tue+4: Fourth Tuesday
Dec 26*	Tuesday+4: Fourth Tuesday in December
Dec 26*	Tue+4: Fourth Tuesday in December
Dec 26*	Fourth: Fourth Tuesday in December
Dec 26*	26 of every month
Dec 26 	12/26: December 26
Dec 26 	Dec. 26: December 26
Dec 26 	26 December: December 26
	December: continued
Dec 26*	Tuesday: Every Tuesday
