Sep 01*	Friday+1: First Friday
Sep 01*	Fri+1: First Friday
Sep 01*	Friday+1: First Friday in September
Sep 01*	Fri+1: First Friday in September
Sep 01*	First: First Friday in September
Sep 01*	Friday+5: Fifth Friday in August
Sep 01*	Fri+5: Fifth Friday in August
Sep 01*	Fifth: Fifth Friday in August
Sep 01*	1 of every month
Sep 01*	*: Beginning of every month
Sep 01*	Friday: Every Friday
Sep 01 	September: Every September 1st
Sep 02*	Saturday+1: First Saturday
Sep 02*	Sat+1: First Saturday
Sep 02*	Saturday+1: First Saturday in September
Sep 02*	Sat+1: First Saturday in September
Sep 02*	First: First Saturday in September
Sep 02*	Saturday+5: Fifth Saturday in August
Sep 02*	Sat+5: Fifth Saturday in August
Sep 02*	Fifth: Fifth Saturday in August
Sep 02*	2 of every month
Sep 02*	Saturday: Every Saturday
Sep 03*	Sunday+1: First Sunday
Sep 03*	Sun+1: First Sunday
Sep 03*	Sunday+1: First Sunday in September
Sep 03*	Sun+1: First Sunday in September
Sep 03*	First: First Sunday in September
Sep 03*	Sunday-4: Last (-4) Sunday
Sep 03*	Sun-4: Last (-4) Sunday
Sep 03*	Sunday+5: Fifth Sunday in August
Sep 03*	Sun+5: Fifth Sunday in August
Sep 03*	Fifth: Fifth Sunday in August
Sep 03*	3 of every month
Sep 03*	Sunday: Every Sunday
Sep 04*	Monday+1: First Monday
Sep 04*	Mon+1: First Monday
Sep 04*	Monday+1: First Monday in September
Sep 04*	Mon+1: First Monday in September
Sep 04*	First: First Monday in September
Sep 04*	Monday-4: Last (-4) Monday
Sep 04*	Mon-4: Last (-4) Monday
Sep 04*	Monday+5: Fifth Monday in August
Sep 04*	Mon+5: Fifth Monday in August
Sep 04*	Fifth: Fifth Monday in August
Sep 04*	4 of every month
Sep 04*	Monday: Every Monday
