Apr 28*	Friday-1: Last (-1) Friday
Apr 28*	Fri-1: Last (-1) Friday
Apr 28*	Friday+4: Fourth Friday
Apr 28*	Fri+4: Fourth Friday
Apr 28*	Friday+4: Fourth Friday in April
Apr 28*	Fri+4: Fourth Friday in April
Apr 28*	Fourth: Fourth Friday in April
Apr 28*	28 of every month
Apr 28 	4/28: April 28
Apr 28 	Apr. 28: April 28
Apr 28 	28 April: April 28
	April: continued
Apr 28*	Friday: Every Friday
Apr 29*	Saturday-1: Last (-1) Saturday
Apr 29*	Sat-1: Last (-1) Saturday
Apr 29*	Saturday+5: Fifth Saturday
Apr 29*	Sat+5: Fifth Saturday
Apr 29*	Saturday+5: Fifth Saturday in April
Apr 29*	Sat+5: Fifth Saturday in April
Apr 29*	Fifth: Fifth Saturday in April
Apr 29*	29 of every month
Apr 29 	4/29: April 29
Apr 29 	Apr. 29: April 29
Apr 29 	29 April: April 29
	April: continued
Apr 29*	Saturday: Every Saturday
Apr 30*	Sunday-1: Last (-1) Sunday
Apr 30*	Sun-1: Last (-1) Sunday
Apr 30*	Sunday+5: Fifth Sunday
Apr 30*	Sun+5: Fifth Sunday
Apr 30*	Sunday+5: Fifth Sunday in April
Apr 30*	Sun+5: Fifth Sunday in April
Apr 30*	Fifth: Fifth Sunday in April
Apr 30*	30 of every month
Apr 30 	4/30: April 30
Apr 30 	Apr. 30: April 30
Apr 30 	30 April: April 30
	April: continued
Apr 30*	Sunday: Every Sunday
May 01*	Monday+1: First Monday
May 01*	Mon+1: First Monday
May 01*	Monday+1: First Monday in May
May 01*	Mon+1: First Monday in May
May 01*	First: First Monday in May
May 01*	Monday+5: Fifth Monday in April
May 01*	Mon+5: Fifth Monday in April
May 01*	Fifth: Fifth Monday in April
May 01*	1 of every month
May 01 	5/1: May 1
May 01 	May. 1: May 1
May 01 	1 May: May 1
	May: continued
May 01*	*: Beginning of every month
May 01*	Monday: Every Monday
May 01 	May: Every May 1st
