Nov 15*	Wednesday+3: Third Wednesday
Nov 15*	Wed+3: Third Wednesday
Nov 15*	Wednesday-3: Last (-3) Wednesday
Nov 15*	Wed-3: Last (-3) Wednesday
Nov 15*	Wednesday+3: Third Wednesday in November
Nov 15*	Wed+3: Third Wednesday in November
Nov 15*	Third: Third Wednesday in November
Nov 15*	15 of every month
Nov 15 	11/15: November 15
Nov 15 	Nov. 15: November 15
Nov 15 	15 November: November 15
	November: continued
Nov 15*	Wednesday: Every Wednesday
Nov 16*	Thursday+3: Third Thursday
Nov 16*	Thu+3: Third Thursday
Nov 16*	Thursday-3: Last (-3) Thursday
Nov 16*	Thu-3: Last (-3) Thursday
Nov 16*	Thursday+3: Third Thursday in November
Nov 16*	Thu+3: Third Thursday in November
Nov 16*	Third: Third Thursday in November
Nov 16*	16 of every month
Nov 16 	11/16: November 16
Nov 16 	Nov. 16: November 16
Nov 16 	16 November: November 16
	November: continued
Nov 16*	Thursday: Every Thursday
