Jun 09*	Friday+2: Second Friday
Jun 09*	Fri+2: Second Friday
Jun 09*	Friday+2: Second Friday in June
Jun 09*	Fri+2: Second Friday in June
Jun 09*	Second: Second Friday in June
Jun 09*	Friday-4: Last (-4) Friday
Jun 09*	Fri-4: Last (-4) Friday
Jun 09*	9 of every month
Jun 09 	6/9: June 9
Jun 09 	Jun. 9: June 9
Jun 09 	9 June: June 9
	June: continued
Jun 09*	Friday: Every Friday
Jun 10*	Saturday+2: Second Saturday
Jun 10*	Sat+2: Second Saturday
Jun 10*	Saturday+2: Second Saturday in June
Jun 10*	Sat+2: Second Saturday in June
Jun 10*	Second: Second Saturday in June
Jun 10*	Saturday-3: Last (-3) Saturday
Jun 10*	Sat-3: Last (-3) Saturday
Jun 10*	10 of every month
Jun 10 	6/10: June 10
Jun 10 	Jun. 10: June 10
Jun 10 	10 June: June 10
	June: continued
Jun 10*	Saturday: Every Saturday
Jun 11*	Sunday+2: Second Sunday
Jun 11*	Sun+2: Second Sunday
Jun 11*	Sunday+2: Second Sunday in June
Jun 11*	Sun+2: Second Sunday in June
Jun 11*	Second: Second Sunday in June
Jun 11*	Sunday-3: Last (-3) Sunday
Jun 11*	Sun-3: Last (-3) Sunday
Jun 11*	11 of every month
Jun 11 	6/11: June 11
Jun 11 	Jun. 11: June 11
Jun 11 	11 June: June 11
	June: continued
Jun 11*	Sunday: Every Sunday
Jun 12*	Monday+2: Second Monday
Jun 12*	Mon+2: Second Monday
Jun 12*	Monday+2: Second Monday in June
Jun 12*	Mon+2: Second Monday in June
Jun 12*	Second: Second Monday in June
Jun 12*	Monday-3: Last (-3) Monday
Jun 12*	Mon-3: Last (-3) Monday
Jun 12*	12 of every month
Jun 12 	6/12: June 12
Jun 12 	Jun. 12: June 12
Jun 12 	12 June: June 12
	June: continued
Jun 12*	Monday: Every Monday
