Dec 23*	Saturday-2: Last (-2) Saturday
Dec 23*	Sat-2: Last (-2) Saturday
Dec 23*	Saturday+4: Fourth Saturday
Dec 23*	Sat+4: Fourth Saturday
Dec 23*	Saturday+4: Fourth Saturday in December
Dec 23*	Sat+4: Fourth Saturday in December
Dec 23*	Fourth: Fourth Saturday in December
Dec 23*	23 of every month
Dec 23 	12/23: December 23
Dec 23 	Dec. 23: December 23
Dec 23 	23 December: December 23
	December: continued
Dec 23*	Saturday: Every Saturday
Dec 24*	Sunday-2: Last (-2) Sunday
Dec 24*	Sun-2: Last (-2) Sunday
Dec 24*	Sunday+4: Fourth Sunday
Dec 24*	Sun+4: Fourth Sunday
Dec 24*	Sunday+4: Fourth Sunday in December
Dec 24*	Sun+4: Fourth Sunday in December
Dec 24*	Fourth: Fourth Sunday in December
Dec 24*	24 of every month
Dec 24 	12/24: December 24
Dec 24 	Dec. 24: December 24
Dec 24 	24 December: December 24
	December: continued
Dec 24*	Sunday: Every Sunday
