Sep 30*	Saturday-1: Last (-1) Saturday
Sep 30*	Sat-1: Last (-1) Saturday
Sep 30*	Saturday+5: Fifth Saturday
Sep 30*	Sat+5: Fifth Saturday
Sep 30*	Saturday+5: Fifth Saturday in September
Sep 30*	Sat+5: Fifth Saturday in September
Sep 30*	Fifth: Fifth Saturday in September
Sep 30*	30 of every month
Sep 30*	Saturday: Every Saturday
Oct 01*	Sunday+1: First Sunday
Oct 01*	Sun+1: First Sunday
Oct 01*	Sunday+1: First Sunday in October
Oct 01*	Sun+1: First Sunday in October
Oct 01*	First: First Sunday in October
Oct 01*	Sunday+5: Fifth Sunday in September
Oct 01*	Sun+5: Fifth Sunday in September
Oct 01*	Fifth: Fifth Sunday in September
Oct 01*	1 of every month
Oct 01 	10/1: October 1
Oct 01 	Oct. 1: October 1
Oct 01 	1 October: October 1
	October: continued
Oct 01*	*: Beginning of every month
Oct 01*	Sunday: Every Sunday
Oct 01 	October: Every October 1st
