Jun 26*	Monday-1: Last (-1) Monday
Jun 26*	Mon-1: Last (-1) Monday
Jun 26*	Monday+4: Fourth Monday
Jun 26*	Mon+4: Fourth Monday
Jun 26*	Monday+4: Fourth Monday in June
Jun 26*	Mon+4: Fourth Monday in June
Jun 26*	Fourth: Fourth Monday in June
Jun 26*	26 of every month
Jun 26 	6/26: June 26
Jun 26 	Jun. 26: June 26
Jun 26 	26 June: June 26
	June: continued
Jun 26*	Monday: Every Monday
Jun 27*	Tuesday-1: Last (-1) Tuesday
Jun 27*	Tue-1: Last (-1) Tuesday
Jun 27*	Tuesday+4: Fourth Tuesday
Jun 27*	Tue+4: Fourth Tuesday
Jun 27*	Tuesday+4: Fourth Tuesday in June
Jun 27*	Tue+4: Fourth Tuesday in June
Jun 27*	Fourth: Fourth Tuesday in June
Jun 27*	27 of every month
Jun 27 	6/27: June 27
Jun 27 	Jun. 27: June 27
Jun 27 	27 June: June 27
	June: continued
Jun 27*	Tuesday: Every Tuesday
