Jun 05*	Monday+1: First Monday
Jun 05*	Mon+1: First Monday
Jun 05*	Monday+1: First Monday in June
Jun 05*	Mon+1: First Monday in June
Jun 05*	First: First Monday in June
Jun 05*	Monday-4: Last (-4) Monday
Jun 05*	Mon-4: Last (-4) Monday
Jun 05*	5 of every month
Jun 05 	6/5: June 5
Jun 05 	Jun. 5: June 5
Jun 05 	5 June: June 5
	June: continued
Jun 05*	Monday: Every Monday
Jun 06*	Tuesday+1: First Tuesday
Jun 06*	Tue+1: First Tuesday
Jun 06*	Tuesday+1: First Tuesday in June
Jun 06*	Tue+1: First Tuesday in June
Jun 06*	First: First Tuesday in June
Jun 06*	Tuesday-4: Last (-4) Tuesday
Jun 06*	Tue-4: Last (-4) Tuesday
Jun 06*	6 of every month
Jun 06 	6/6: June 6
Jun 06 	Jun. 6: June 6
Jun 06 	6 June: June 6
	June: continued
Jun 06*	Tuesday: Every Tuesday
