Dec 05*	Tuesday+1: First Tuesday
Dec 05*	Tue+1: First Tuesday
Dec 05*	Tuesday+1: First Tuesday in December
Dec 05*	Tue+1: First Tuesday in December
Dec 05*	First: First Tuesday in December
Dec 05*	Tuesday-4: Last (-4) Tuesday
Dec 05*	Tue-4: Last (-4) Tuesday
Dec 05*	Tuesday+5: Fifth Tuesday in November
Dec 05*	Tue+5: Fifth Tuesday in November
Dec 05*	Fifth: Fifth Tuesday in November
Dec 05*	5 of every month
Dec 05 	12/5: December 5
Dec 05 	Dec. 5: December 5
Dec 05 	5 December: December 5
	December: continued
Dec 05*	Tuesday: Every Tuesday
Dec 06*	Wednesday+1: First Wednesday
Dec 06*	Wed+1: First Wednesday
Dec 06*	Wednesday+1: First Wednesday in December
Dec 06*	Wed+1: First Wednesday in December
Dec 06*	First: First Wednesday in December
Dec 06*	Wednesday-4: Last (-4) Wednesday
Dec 06*	Wed-4: Last (-4) Wednesday
Dec 06*	6 of every month
Dec 06 	12/6: December 6
Dec 06 	Dec. 6: December 6
Dec 06 	6 December: December 6
	December: continued
Dec 06*	Wednesday: Every Wednesday
