Dec 24*	Sunday-2: Last (-2) Sunday
Dec 24*	Sun-2: Last (-2) Sunday
Dec 24*	Sunday+4: Fourth Sunday
Dec 24*	Sun+4: Fourth Sunday
Dec 24*	Sunday+4: Fourth Sunday in December
Dec 24*	Sun+4: Fourth Sunday in December
Dec 24*	Fourth: Fourth Sunday in December
Dec 24*	24 of every month
Dec 24 	12/24: December 24
Dec 24 	Dec. 24: December 24
Dec 24 	24 December: December 24
	December: continued
Dec 24*	Sunday: Every Sunday
Dec 25*	Monday-1: Last (-1) Monday
Dec 25*	Mon-1: Last (-1) Monday
Dec 25*	Monday+4: Fourth Monday
Dec 25*	Mon+4: Fourth Monday
Dec 25*	Monday+4: Fourth Monday in December
Dec 25*	Mon+4: Fourth Monday in December
Dec 25*	Fourth: Fourth Monday in December
Dec 25*	25 of every month
Dec 25 	12/25: December 25
Dec 25 	Dec. 25: December 25
Dec 25 	25 December: December 25
	December: continued
Dec 25*	Monday: Every Monday
