Mar 19*	Sunday-2: Last (-2) Sunday
Mar 19*	Sun-2: Last (-2) Sunday
Mar 19*	Sunday+3: Third Sunday
Mar 19*	Sun+3: Third Sunday
Mar 19*	Sunday+3: Third Sunday in March
Mar 19*	Sun+3: Third Sunday in March
Mar 19*	Third: Third Sunday in March
Mar 19*	19 of every month
Mar 19 	3/19: March 19
Mar 19 	Mar. 19: March 19
Mar 19 	19 March: March 19
	March: continued
Mar 19*	Sunday: Every Sunday
Mar 20*	Monday-2: Last (-2) Monday
Mar 20*	Mon-2: Last (-2) Monday
Mar 20*	Monday+3: Third Monday
Mar 20*	Mon+3: Third Monday
Mar 20*	Monday+3: Third Monday in March
Mar 20*	Mon+3: Third Monday in March
Mar 20*	Third: Third Monday in March
Mar 20*	20 of every month
Mar 20 	3/20: March 20
Mar 20 	Mar. 20: March 20
Mar 20 	20 March: March 20
	March: continued
Mar 20*	Monday: Every Monday
