Jan 15*	Sunday+3: Third Sunday
Jan 15*	Sun+3: Third Sunday
Jan 15*	Sunday-3: Last (-3) Sunday
Jan 15*	Sun-3: Last (-3) Sunday
Jan 15*	Sunday+3: Third Sunday in January
Jan 15*	Sun+3: Third Sunday in January
Jan 15*	Third: Third Sunday in January
Jan 15*	15 of every month
Jan 15 	1/15: January 15
Jan 15 	Jan. 15: January 15
Jan 15 	15 January: January 15
	January: continued
Jan 15*	Sunday: Every Sunday
Jan 16*	Monday+3: Third Monday
Jan 16*	Mon+3: Third Monday
Jan 16*	Monday-3: Last (-3) Monday
Jan 16*	Mon-3: Last (-3) Monday
Jan 16*	Monday+3: Third Monday in January
Jan 16*	Mon+3: Third Monday in January
Jan 16*	Third: Third Monday in January
Jan 16*	16 of every month
Jan 16 	1/16: January 16
Jan 16 	Jan. 16: January 16
Jan 16 	16 January: January 16
	January: continued
Jan 16*	Monday: Every Monday
