Dec 16*	Saturday+3: Third Saturday
Dec 16*	Sat+3: Third Saturday
Dec 16*	Saturday-3: Last (-3) Saturday
Dec 16*	Sat-3: Last (-3) Saturday
Dec 16*	Saturday+3: Third Saturday in December
Dec 16*	Sat+3: Third Saturday in December
Dec 16*	Third: Third Saturday in December
Dec 16*	16 of every month
Dec 16 	12/16: December 16
Dec 16 	Dec. 16: December 16
Dec 16 	16 December: December 16
	December: continued
Dec 16*	Saturday: Every Saturday
Dec 17*	Sunday+3: Third Sunday
Dec 17*	Sun+3: Third Sunday
Dec 17*	Sunday-3: Last (-3) Sunday
Dec 17*	Sun-3: Last (-3) Sunday
Dec 17*	Sunday+3: Third Sunday in December
Dec 17*	Sun+3: Third Sunday in December
Dec 17*	Third: Third Sunday in December
Dec 17*	17 of every month
Dec 17 	12/17: December 17
Dec 17 	Dec. 17: December 17
Dec 17 	17 December: December 17
	December: continued
Dec 17*	Sunday: Every Sunday
