Jul 28*	Friday-1: Last (-1) Friday
Jul 28*	Fri-1: Last (-1) Friday
Jul 28*	Friday+4: Fourth Friday
Jul 28*	Fri+4: Fourth Friday
Jul 28*	Friday+4: Fourth Friday in July
Jul 28*	Fri+4: Fourth Friday in July
Jul 28*	Fourth: Fourth Friday in July
Jul 28*	28 of every month
Jul 28 	7/28: July 28
Jul 28 	Jul. 28: July 28
Jul 28 	28 July: July 28
	July: continued
Jul 28*	Friday: Every Friday
Jul 29*	Saturday-1: Last (-1) Saturday
Jul 29*	Sat-1: Last (-1) Saturday
Jul 29*	Saturday+5: Fifth Saturday
Jul 29*	Sat+5: Fifth Saturday
Jul 29*	Saturday+5: Fifth Saturday in July
Jul 29*	Sat+5: Fifth Saturday in July
Jul 29*	Fifth: Fifth Saturday in July
Jul 29*	29 of every month
Jul 29 	7/29: July 29
Jul 29 	Jul. 29: July 29
Jul 29 	29 July: July 29
	July: continued
Jul 29*	Saturday: Every Saturday
Jul 30*	Sunday-1: Last (-1) Sunday
Jul 30*	Sun-1: Last (-1) Sunday
Jul 30*	Sunday+5: Fifth Sunday
Jul 30*	Sun+5: Fifth Sunday
Jul 30*	Sunday+5: Fifth Sunday in July
Jul 30*	Sun+5: Fifth Sunday in July
Jul 30*	Fifth: Fifth Sunday in July
Jul 30*	30 of every month
Jul 30 	7/30: July 30
Jul 30 	Jul. 30: July 30
Jul 30 	30 July: July 30
	July: continued
Jul 30*	Sunday: Every Sunday
Jul 31*	Monday-1: Last (-1) Monday
Jul 31*	Mon-1: Last (-1) Monday
Jul 31*	Monday+5: Fifth Monday
Jul 31*	Mon+5: Fifth Monday
Jul 31*	Monday+5: Fifth Monday in July
Jul 31*	Mon+5: Fifth Monday in July
Jul 31*	Fifth: Fifth Monday in July
Jul 31*	31 of every month
Jul 31 	7/31: July 31
Jul 31 	Jul. 31: July 31
Jul 31 	31 July: July 31
	July: continued
Jul 31*	Monday: Every Monday
