Jul 20*	Thursday-2: Last (-2) Thursday
Jul 20*	Thu-2: Last (-2) Thursday
Jul 20*	Thursday+3: Third Thursday
Jul 20*	Thu+3: Third Thursday
Jul 20*	Thursday+3: Third Thursday in July
Jul 20*	Thu+3: Third Thursday in July
Jul 20*	Third: Third Thursday in July
Jul 20*	20 of every month
Jul 20 	7/20: July 20
Jul 20 	Jul. 20: July 20
Jul 20 	20 July: July 20
	July: continued
Jul 20*	Thursday: Every Thursday
Jul 21*	Friday-2: Last (-2) Friday
Jul 21*	Fri-2: Last (-2) Friday
Jul 21*	Friday+3: Third Friday
Jul 21*	Fri+3: Third Friday
Jul 21*	Friday+3: Third Friday in July
Jul 21*	Fri+3: Third Friday in July
Jul 21*	Third: Third Friday in July
Jul 21*	21 of every month
Jul 21 	7/21: July 21
Jul 21 	Jul. 21: July 21
Jul 21 	21 July: July 21
	July: continued
Jul 21*	Friday: Every Friday
