May 03*	Wednesday+1: First Wednesday
May 03*	Wed+1: First Wednesday
May 03*	Wednesday+1: First Wednesday in May
May 03*	Wed+1: First Wednesday in May
May 03*	First: First Wednesday in May
May 03*	Wednesday+5: Fifth Wednesday in April
May 03*	Wed+5: Fifth Wednesday in April
May 03*	Fifth: Fifth Wednesday in April
May 03*	3 of every month
May 03 	5/3: May 3
May 03 	May. 3: May 3
May 03 	3 May: May 3
	May: continued
May 03*	Wednesday: Every Wednesday
May 04*	Thursday+1: First Thursday
May 04*	Thu+1: First Thursday
May 04*	Thursday+1: First Thursday in May
May 04*	Thu+1: First Thursday in May
May 04*	First: First Thursday in May
May 04*	Thursday-4: Last (-4) Thursday
May 04*	Thu-4: Last (-4) Thursday
May 04*	Thursday+5: Fifth Thursday in April
May 04*	Thu+5: Fifth Thursday in April
May 04*	Fifth: Fifth Thursday in April
May 04*	4 of every month
May 04 	5/4: May 4
May 04 	May. 4: May 4
May 04 	4 May: May 4
	May: continued
May 04*	Thursday: Every Thursday
