Nov 22*	Wednesday-2: Last (-2) Wednesday
Nov 22*	Wed-2: Last (-2) Wednesday
Nov 22*	Wednesday+4: Fourth Wednesday
Nov 22*	Wed+4: Fourth Wednesday
Nov 22*	Wednesday+4: Fourth Wednesday in November
Nov 22*	Wed+4: Fourth Wednesday in November
Nov 22*	Fourth: Fourth Wednesday in November
Nov 22*	22 of every month
Nov 22 	11/22: November 22
Nov 22 	Nov. 22: November 22
Nov 22 	22 November: November 22
	November: continued
Nov 22*	Wednesday: Every Wednesday
Nov 23*	Thursday-2: Last (-2) Thursday
Nov 23*	Thu-2: Last (-2) Thursday
Nov 23*	Thursday+4: Fourth Thursday
Nov 23*	Thu+4: Fourth Thursday
Nov 23*	Thursday+4: Fourth Thursday in November
Nov 23*	Thu+4: Fourth Thursday in November
Nov 23*	Fourth: Fourth Thursday in November
Nov 23*	23 of every month
Nov 23 	11/23: November 23
Nov 23 	Nov. 23: November 23
Nov 23 	23 November: November 23
	November: continued
Nov 23*	Thursday: Every Thursday
