Mar 05*	Sunday+1: First Sunday
Mar 05*	Sun+1: First Sunday
Mar 05*	Sunday+1: First Sunday in March
Mar 05*	Sun+1: First Sunday in March
Mar 05*	First: First Sunday in March
Mar 05*	Sunday-4: Last (-4) Sunday
Mar 05*	Sun-4: Last (-4) Sunday
Mar 05*	Sunday+5: Fifth Sunday in February
Mar 05*	Sun+5: Fifth Sunday in February
Mar 05*	Fifth: Fifth Sunday in February
Mar 05*	5 of every month
Mar 05 	3/5: March 5
Mar 05 	Mar. 5: March 5
Mar 05 	5 March: March 5
	March: continued
Mar 05*	Sunday: Every Sunday
Mar 06*	Monday+1: First Monday
Mar 06*	Mon+1: First Monday
Mar 06*	Monday+1: First Monday in March
Mar 06*	Mon+1: First Monday in March
Mar 06*	First: First Monday in March
Mar 06*	Monday-4: Last (-4) Monday
Mar 06*	Mon-4: Last (-4) Monday
Mar 06*	Monday+5: Fifth Monday in February
Mar 06*	Mon+5: Fifth Monday in February
Mar 06*	Fifth: Fifth Monday in February
Mar 06*	6 of every month
Mar 06 	3/6: March 6
Mar 06 	Mar. 6: March 6
Mar 06 	6 March: March 6
	March: continued
Mar 06*	Monday: Every Monday
