May 04*	Thursday+1: First Thursday
May 04*	Thu+1: First Thursday
May 04*	Thursday+1: First Thursday in May
May 04*	Thu+1: First Thursday in May
May 04*	First: First Thursday in May
May 04*	Thursday-4: Last (-4) Thursday
May 04*	Thu-4: Last (-4) Thursday
May 04*	Thursday+5: Fifth Thursday in April
May 04*	Thu+5: Fifth Thursday in April
May 04*	Fifth: Fifth Thursday in April
May 04*	4 of every month
May 04 	5/4: May 4
May 04 	May. 4: May 4
May 04 	4 May: May 4
	May: continued
May 04*	Thursday: Every Thursday
May 05*	Friday+1: First Friday
May 05*	Fri+1: First Friday
May 05*	Friday+1: First Friday in May
May 05*	Fri+1: First Friday in May
May 05*	First: First Friday in May
May 05*	Friday-4: Last (-4) Friday
May 05*	Fri-4: Last (-4) Friday
May 05*	Friday+5: Fifth Friday in April
May 05*	Fri+5: Fifth Friday in April
May 05*	Fifth: Fifth Friday in April
May 05*	5 of every month
May 05 	5/5: May 5
May 05 	May. 5: May 5
May 05 	5 May: May 5
	May: continued
May 05*	Friday: Every Friday
