Feb 03*	Friday+1: First Friday
Feb 03*	Fri+1: First Friday
Feb 03*	Friday+1: First Friday in February
Feb 03*	Fri+1: First Friday in February
Feb 03*	First: First Friday in February
Feb 03*	Friday-4: Last (-4) Friday
Feb 03*	Fri-4: Last (-4) Friday
Feb 03*	Friday+5: Fifth Friday in January
Feb 03*	Fri+5: Fifth Friday in January
Feb 03*	Fifth: Fifth Friday in January
Feb 03*	3 of every month
Feb 03 	2/3: February 3
Feb 03 	Feb. 3: February 3
Feb 03 	3 February: February 3
	February: continued
Feb 03*	Friday: Every Friday
Feb 04*	Saturday+1: First Saturday
Feb 04*	Sat+1: First Saturday
Feb 04*	Saturday+1: First Saturday in February
Feb 04*	Sat+1: First Saturday in February
Feb 04*	First: First Saturday in February
Feb 04*	Saturday-4: Last (-4) Saturday
Feb 04*	Sat-4: Last (-4) Saturday
Feb 04*	Saturday+5: Fifth Saturday in January
Feb 04*	Sat+5: Fifth Saturday in January
Feb 04*	Fifth: Fifth Saturday in January
Feb 04*	4 of every month
Feb 04 	2/4: February 4
Feb 04 	Feb. 4: February 4
Feb 04 	4 February: February 4
	February: continued
Feb 04*	Saturday: Every Saturday
Feb 05*	Sunday+1: First Sunday
Feb 05*	Sun+1: First Sunday
Feb 05*	Sunday+1: First Sunday in February
Feb 05*	Sun+1: First Sunday in February
Feb 05*	First: First Sunday in February
Feb 05*	Sunday-4: Last (-4) Sunday
Feb 05*	Sun-4: Last (-4) Sunday
Feb 05*	5 of every month
Feb 05 	2/5: February 5
Feb 05 	Feb. 5: February 5
Feb 05 	5 February: February 5
	February: continued
Feb 05*	Sunday: Every Sunday
Feb 06*	Monday+1: First Monday
Feb 06*	Mon+1: First Monday
Feb 06*	Monday+1: First Monday in February
Feb 06*	Mon+1: First Monday in February
Feb 06*	First: First Monday in February
Feb 06*	Monday-4: Last (-4) Monday
Feb 06*	Mon-4: Last (-4) Monday
Feb 06*	6 of every month
Feb 06 	2/6: February 6
Feb 06 	Feb. 6: February 6
Feb 06 	6 February: February 6
	February: continued
Feb 06*	Monday: Every Monday
