Feb 18*	Saturday-2: Last (-2) Saturday
Feb 18*	Sat-2: Last (-2) Saturday
Feb 18*	Saturday+3: Third Saturday
Feb 18*	Sat+3: Third Saturday
Feb 18*	Saturday+3: Third Saturday in February
Feb 18*	Sat+3: Third Saturday in February
Feb 18*	Third: Third Saturday in February
Feb 18*	18 of every month
Feb 18 	2/18: February 18
Feb 18 	Feb. 18: February 18
Feb 18 	18 February: February 18
	February: continued
Feb 18*	Saturday: Every Saturday
Feb 19*	Sunday-2: Last (-2) Sunday
Feb 19*	Sun-2: Last (-2) Sunday
Feb 19*	Sunday+3: Third Sunday
Feb 19*	Sun+3: Third Sunday
Feb 19*	Sunday+3: Third Sunday in February
Feb 19*	Sun+3: Third Sunday in February
Feb 19*	Third: Third Sunday in February
Feb 19*	19 of every month
Feb 19 	2/19: February 19
Feb 19 	Feb. 19: February 19
Feb 19 	19 February: February 19
	February: continued
Feb 19*	Sunday: Every Sunday
