Oct 16*	Monday+3: Third Monday
Oct 16*	Mon+3: Third Monday
Oct 16*	Monday-3: Last (-3) Monday
Oct 16*	Mon-3: Last (-3) Monday
Oct 16*	Monday+3: Third Monday in October
Oct 16*	Mon+3: Third Monday in October
Oct 16*	Third: Third Monday in October
Oct 16*	16 of every month
Oct 16 	10/16: October 16
Oct 16 	Oct. 16: October 16
Oct 16 	16 October: October 16
	October: continued
Oct 16*	Monday: Every Monday
Oct 17*	Tuesday+3: Third Tuesday
Oct 17*	Tue+3: Third Tuesday
Oct 17*	Tuesday-3: Last (-3) Tuesday
Oct 17*	Tue-3: Last (-3) Tuesday
Oct 17*	Tuesday+3: Third Tuesday in October
Oct 17*	Tue+3: Third Tuesday in October
Oct 17*	Third: Third Tuesday in October
Oct 17*	17 of every month
Oct 17 	10/17: October 17
Oct 17 	Oct. 17: October 17
Oct 17 	17 October: October 17
	October: continued
Oct 17*	Tuesday: Every Tuesday
