Jun 28*	Wednesday-1: Last (-1) Wednesday
Jun 28*	Wed-1: Last (-1) Wednesday
Jun 28*	Wednesday+4: Fourth Wednesday
Jun 28*	Wed+4: Fourth Wednesday
Jun 28*	Wednesday+4: Fourth Wednesday in June
Jun 28*	Wed+4: Fourth Wednesday in June
Jun 28*	Fourth: Fourth Wednesday in June
Jun 28*	28 of every month
Jun 28 	6/28: June 28
Jun 28 	Jun. 28: June 28
Jun 28 	28 June: June 28
	June: continued
Jun 28*	Wednesday: Every Wednesday
Jun 29*	Thursday-1: Last (-1) Thursday
Jun 29*	Thu-1: Last (-1) Thursday
Jun 29*	Thursday+5: Fifth Thursday
Jun 29*	Thu+5: Fifth Thursday
Jun 29*	Thursday+5: Fifth Thursday in June
Jun 29*	Thu+5: Fifth Thursday in June
Jun 29*	Fifth: Fifth Thursday in June
Jun 29*	29 of every month
Jun 29 	6/29: June 29
Jun 29 	Jun. 29: June 29
Jun 29 	29 June: June 29
	June: continued
Jun 29*	Thursday: Every Thursday
