Mar 26*	Sunday-1: Last (-1) Sunday
Mar 26*	Sun-1: Last (-1) Sunday
Mar 26*	Sunday+4: Fourth Sunday
Mar 26*	Sun+4: Fourth Sunday
Mar 26*	Sunday+4: Fourth Sunday in March
Mar 26*	Sun+4: Fourth Sunday in March
Mar 26*	Fourth: Fourth Sunday in March
Mar 26*	26 of every month
Mar 26 	3/26: March 26
Mar 26 	Mar. 26: March 26
Mar 26 	26 March: March 26
	March: continued
Mar 26*	Sunday: Every Sunday
Mar 27*	Monday-1: Last (-1) Monday
Mar 27*	Mon-1: Last (-1) Monday
Mar 27*	Monday+4: Fourth Monday
Mar 27*	Mon+4: Fourth Monday
Mar 27*	Monday+4: Fourth Monday in March
Mar 27*	Mon+4: Fourth Monday in March
Mar 27*	Fourth: Fourth Monday in March
Mar 27*	27 of every month
Mar 27 	3/27: March 27
Mar 27 	Mar. 27: March 27
Mar 27 	27 March: March 27
	March: continued
Mar 27*	Monday: Every Monday
