Jul 26*	Wednesday-1: Last (-1) Wednesday
Jul 26*	Wed-1: Last (-1) Wednesday
Jul 26*	Wednesday+4: Fourth Wednesday
Jul 26*	Wed+4: Fourth Wednesday
Jul 26*	Wednesday+4: Fourth Wednesday in July
Jul 26*	Wed+4: Fourth Wednesday in July
Jul 26*	Fourth: Fourth Wednesday in July
Jul 26*	26 of every month
Jul 26 	7/26: July 26
Jul 26 	Jul. 26: July 26
Jul 26 	26 July: July 26
	July: continued
Jul 26*	Wednesday: Every Wednesday
Jul 27*	Thursday-1: Last (-1) Thursday
Jul 27*	Thu-1: Last (-1) Thursday
Jul 27*	Thursday+4: Fourth Thursday
Jul 27*	Thu+4: Fourth Thursday
Jul 27*	Thursday+4: Fourth Thursday in July
Jul 27*	Thu+4: Fourth Thursday in July
Jul 27*	Fourth: Fourth Thursday in July
Jul 27*	27 of every month
Jul 27 	7/27: July 27
Jul 27 	Jul. 27: July 27
Jul 27 	27 July: July 27
	July: continued
Jul 27*	Thursday: Every Thursday
