Jul 10*	Monday+2: Second Monday
Jul 10*	Mon+2: Second Monday
Jul 10*	Monday+2: Second Monday in July
Jul 10*	Mon+2: Second Monday in July
Jul 10*	Second: Second Monday in July
Jul 10*	Monday-4: Last (-4) Monday
Jul 10*	Mon-4: Last (-4) Monday
Jul 10*	10 of every month
Jul 10 	7/10: July 10
Jul 10 	Jul. 10: July 10
Jul 10 	10 July: July 10
	July: continued
Jul 10*	Monday: Every Monday
Jul 11*	Tuesday+2: Second Tuesday
Jul 11*	Tue+2: Second Tuesday
Jul 11*	Tuesday+2: Second Tuesday in July
Jul 11*	Tue+2: Second Tuesday in July
Jul 11*	Second: Second Tuesday in July
Jul 11*	Tuesday-3: Last (-3) Tuesday
Jul 11*	Tue-3: Last (-3) Tuesday
Jul 11*	11 of every month
Jul 11 	7/11: July 11
Jul 11 	Jul. 11: July 11
Jul 11 	11 July: July 11
	July: continued
Jul 11*	Tuesday: Every Tuesday
