Jan 12*	Thursday+2: Second Thursday
Jan 12*	Thu+2: Second Thursday
Jan 12*	Thursday+2: Second Thursday in January
Jan 12*	Thu+2: Second Thursday in January
Jan 12*	Second: Second Thursday in January
Jan 12*	Thursday-3: Last (-3) Thursday
Jan 12*	Thu-3: Last (-3) Thursday
Jan 12*	12 of every month
Jan 12 	1/12: January 12
Jan 12 	Jan. 12: January 12
Jan 12 	12 January: January 12
	January: continued
Jan 12*	Thursday: Every Thursday
Jan 13*	Friday+2: Second Friday
Jan 13*	Fri+2: Second Friday
Jan 13*	Friday+2: Second Friday in January
Jan 13*	Fri+2: Second Friday in January
Jan 13*	Second: Second Friday in January
Jan 13*	Friday-3: Last (-3) Friday
Jan 13*	Fri-3: Last (-3) Friday
Jan 13*	13 of every month
Jan 13 	1/13: January 13
Jan 13 	Jan. 13: January 13
Jan 13 	13 January: January 13
	January: continued
Jan 13*	Friday: Every Friday
