Jan 22*	Sunday-2: Last (-2) Sunday
Jan 22*	Sun-2: Last (-2) Sunday
Jan 22*	Sunday+4: Fourth Sunday
Jan 22*	Sun+4: Fourth Sunday
Jan 22*	Sunday+4: Fourth Sunday in January
Jan 22*	Sun+4: Fourth Sunday in January
Jan 22*	Fourth: Fourth Sunday in January
Jan 22*	22 of every month
Jan 22 	1/22: January 22
Jan 22 	Jan. 22: January 22
Jan 22 	22 January: January 22
	January: continued
Jan 22*	Sunday: Every Sunday
Jan 23*	Monday-2: Last (-2) Monday
Jan 23*	Mon-2: Last (-2) Monday
Jan 23*	Monday+4: Fourth Monday
Jan 23*	Mon+4: Fourth Monday
Jan 23*	Monday+4: Fourth Monday in January
Jan 23*	Mon+4: Fourth Monday in January
Jan 23*	Fourth: Fourth Monday in January
Jan 23*	23 of every month
Jan 23 	1/23: January 23
Jan 23 	Jan. 23: January 23
Jan 23 	23 January: January 23
	January: continued
Jan 23*	Monday: Every Monday
