Dec 21*	Thursday-2: Last (-2) Thursday
Dec 21*	Thu-2: Last (-2) Thursday
Dec 21*	Thursday+3: Third Thursday
Dec 21*	Thu+3: Third Thursday
Dec 21*	Thursday+3: Third Thursday in December
Dec 21*	Thu+3: Third Thursday in December
Dec 21*	Third: Third Thursday in December
Dec 21*	21 of every month
Dec 21 	12/21: December 21
Dec 21 	Dec. 21: December 21
Dec 21 	21 December: December 21
	December: continued
Dec 21*	Thursday: Every Thursday
Dec 22*	Friday-2: Last (-2) Friday
Dec 22*	Fri-2: Last (-2) Friday
Dec 22*	Friday+4: Fourth Friday
Dec 22*	Fri+4: Fourth Friday
Dec 22*	Friday+4: Fourth Friday in December
Dec 22*	Fri+4: Fourth Friday in December
Dec 22*	Fourth: Fourth Friday in December
Dec 22*	22 of every month
Dec 22 	12/22: December 22
Dec 22 	Dec. 22: December 22
Dec 22 	22 December: December 22
	December: continued
Dec 22*	Friday: Every Friday
