Nov 11*	Saturday+2: Second Saturday
Nov 11*	Sat+2: Second Saturday
Nov 11*	Saturday+2: Second Saturday in November
Nov 11*	Sat+2: Second Saturday in November
Nov 11*	Second: Second Saturday in November
Nov 11*	Saturday-3: Last (-3) Saturday
Nov 11*	Sat-3: Last (-3) Saturday
Nov 11*	11 of every month
Nov 11 	11/11: November 11
Nov 11 	Nov. 11: November 11
Nov 11 	11 November: November 11
	November: continued
Nov 11*	Saturday: Every Saturday
Nov 12*	Sunday+2: Second Sunday
Nov 12*	Sun+2: Second Sunday
Nov 12*	Sunday+2: Second Sunday in November
Nov 12*	Sun+2: Second Sunday in November
Nov 12*	Second: Second Sunday in November
Nov 12*	Sunday-3: Last (-3) Sunday
Nov 12*	Sun-3: Last (-3) Sunday
Nov 12*	12 of every month
Nov 12 	11/12: November 12
Nov 12 	Nov. 12: November 12
Nov 12 	12 November: November 12
	November: continued
Nov 12*	Sunday: Every Sunday
