Oct 30*	Monday-1: Last (-1) Monday
Oct 30*	Mon-1: Last (-1) Monday
Oct 30*	Monday+5: Fifth Monday
Oct 30*	Mon+5: Fifth Monday
Oct 30*	Monday+5: Fifth Monday in October
Oct 30*	Mon+5: Fifth Monday in October
Oct 30*	Fifth: Fifth Monday in October
Oct 30*	30 of every month
Oct 30 	10/30: October 30
Oct 30 	Oct. 30: October 30
Oct 30 	30 October: October 30
	October: continued
Oct 30*	Monday: Every Monday
Oct 31*	Tuesday-1: Last (-1) Tuesday
Oct 31*	Tue-1: Last (-1) Tuesday
Oct 31*	Tuesday+5: Fifth Tuesday
Oct 31*	Tue+5: Fifth Tuesday
Oct 31*	Tuesday+5: Fifth Tuesday in October
Oct 31*	Tue+5: Fifth Tuesday in October
Oct 31*	Fifth: Fifth Tuesday in October
Oct 31*	31 of every month
Oct 31 	10/31: October 31
Oct 31 	Oct. 31: October 31
Oct 31 	31 October: October 31
	October: continued
Oct 31*	Tuesday: Every Tuesday
