Jan 19*	Thursday-2: Last (-2) Thursday
Jan 19*	Thu-2: Last (-2) Thursday
Jan 19*	Thursday+3: Third Thursday
Jan 19*	Thu+3: Third Thursday
Jan 19*	Thursday+3: Third Thursday in January
Jan 19*	Thu+3: Third Thursday in January
Jan 19*	Third: Third Thursday in January
Jan 19*	19 of every month
Jan 19 	1/19: January 19
Jan 19 	Jan. 19: January 19
Jan 19 	19 January: January 19
	January: continued
Jan 19*	Thursday: Every Thursday
Jan 20*	Friday-2: Last (-2) Friday
Jan 20*	Fri-2: Last (-2) Friday
Jan 20*	Friday+3: Third Friday
Jan 20*	Fri+3: Third Friday
Jan 20*	Friday+3: Third Friday in January
Jan 20*	Fri+3: Third Friday in January
Jan 20*	Third: Third Friday in January
Jan 20*	20 of every month
Jan 20 	1/20: January 20
Jan 20 	Jan. 20: January 20
Jan 20 	20 January: January 20
	January: continued
Jan 20*	Friday: Every Friday
