Jan 21*	Saturday-2: Last (-2) Saturday
Jan 21*	Sat-2: Last (-2) Saturday
Jan 21*	Saturday+3: Third Saturday
Jan 21*	Sat+3: Third Saturday
Jan 21*	Saturday+3: Third Saturday in January
Jan 21*	Sat+3: Third Saturday in January
Jan 21*	Third: Third Saturday in January
Jan 21*	21 of every month
Jan 21 	1/21: January 21
Jan 21 	Jan. 21: January 21
Jan 21 	21 January: January 21
	January: continued
Jan 21*	Saturday: Every Saturday
Jan 22*	Sunday-2: Last (-2) Sunday
Jan 22*	Sun-2: Last (-2) Sunday
Jan 22*	Sunday+4: Fourth Sunday
Jan 22*	Sun+4: Fourth Sunday
Jan 22*	Sunday+4: Fourth Sunday in January
Jan 22*	Sun+4: Fourth Sunday in January
Jan 22*	Fourth: Fourth Sunday in January
Jan 22*	22 of every month
Jan 22 	1/22: January 22
Jan 22 	Jan. 22: January 22
Jan 22 	22 January: January 22
	January: continued
Jan 22*	Sunday: Every Sunday
