Dec 02*	Saturday+1: First Saturday
Dec 02*	Sat+1: First Saturday
Dec 02*	Saturday+1: First Saturday in December
Dec 02*	Sat+1: First Saturday in December
Dec 02*	First: First Saturday in December
Dec 02*	Saturday+5: Fifth Saturday in November
Dec 02*	Sat+5: Fifth Saturday in November
Dec 02*	Fifth: Fifth Saturday in November
Dec 02*	2 of every month
Dec 02 	12/2: December 2
Dec 02 	Dec. 2: December 2
Dec 02 	2 December: December 2
	December: continued
Dec 02*	Saturday: Every Saturday
Dec 03*	Sunday+1: First Sunday
Dec 03*	Sun+1: First Sunday
Dec 03*	Sunday+1: First Sunday in December
Dec 03*	Sun+1: First Sunday in December
Dec 03*	First: First Sunday in December
Dec 03*	Sunday+5: Fifth Sunday in November
Dec 03*	Sun+5: Fifth Sunday in November
Dec 03*	Fifth: Fifth Sunday in November
Dec 03*	3 of every month
Dec 03 	12/3: December 3
Dec 03 	Dec. 3: December 3
Dec 03 	3 December: December 3
	December: continued
Dec 03*	Sunday: Every Sunday
