Nov 10*	Friday+2: Second Friday
Nov 10*	Fri+2: Second Friday
Nov 10*	Friday+2: Second Friday in November
Nov 10*	Fri+2: Second Friday in November
Nov 10*	Second: Second Friday in November
Nov 10*	Friday-3: Last (-3) Friday
Nov 10*	Fri-3: Last (-3) Friday
Nov 10*	10 of every month
Nov 10 	11/10: November 10
Nov 10 	Nov. 10: November 10
Nov 10 	10 November: November 10
	November: continued
Nov 10*	Friday: Every Friday
Nov 11*	Saturday+2: Second Saturday
Nov 11*	Sat+2: Second Saturday
Nov 11*	Saturday+2: Second Saturday in November
Nov 11*	Sat+2: Second Saturday in November
Nov 11*	Second: Second Saturday in November
Nov 11*	Saturday-3: Last (-3) Saturday
Nov 11*	Sat-3: Last (-3) Saturday
Nov 11*	11 of every month
Nov 11 	11/11: November 11
Nov 11 	Nov. 11: November 11
Nov 11 	11 November: November 11
	November: continued
Nov 11*	Saturday: Every Saturday
Nov 12*	Sunday+2: Second Sunday
Nov 12*	Sun+2: Second Sunday
Nov 12*	Sunday+2: Second Sunday in November
Nov 12*	Sun+2: Second Sunday in November
Nov 12*	Second: Second Sunday in November
Nov 12*	Sunday-3: Last (-3) Sunday
Nov 12*	Sun-3: Last (-3) Sunday
Nov 12*	12 of every month
Nov 12 	11/12: November 12
Nov 12 	Nov. 12: November 12
Nov 12 	12 November: November 12
	November: continued
Nov 12*	Sunday: Every Sunday
Nov 13*	Monday+2: Second Monday
Nov 13*	Mon+2: Second Monday
Nov 13*	Monday+2: Second Monday in November
Nov 13*	Mon+2: Second Monday in November
Nov 13*	Second: Second Monday in November
Nov 13*	Monday-3: Last (-3) Monday
Nov 13*	Mon-3: Last (-3) Monday
Nov 13*	13 of every month
Nov 13 	11/13: November 13
Nov 13 	Nov. 13: November 13
Nov 13 	13 November: November 13
	November: continued
Nov 13*	Monday: Every Monday
