Nov 16*	Thursday+3: Third Thursday
Nov 16*	Thu+3: Third Thursday
Nov 16*	Thursday-3: Last (-3) Thursday
Nov 16*	Thu-3: Last (-3) Thursday
Nov 16*	Thursday+3: Third Thursday in November
Nov 16*	Thu+3: Third Thursday in November
Nov 16*	Third: Third Thursday in November
Nov 16*	16 of every month
Nov 16 	11/16: November 16
Nov 16 	Nov. 16: November 16
Nov 16 	16 November: November 16
	November: continued
Nov 16*	Thursday: Every Thursday
Nov 17*	Friday-2: Last (-2) Friday
Nov 17*	Fri-2: Last (-2) Friday
Nov 17*	Friday+3: Third Friday
Nov 17*	Fri+3: Third Friday
Nov 17*	Friday+3: Third Friday in November
Nov 17*	Fri+3: Third Friday in November
Nov 17*	Third: Third Friday in November
Nov 17*	17 of every month
Nov 17 	11/17: November 17
Nov 17 	Nov. 17: November 17
Nov 17 	17 November: November 17
	November: continued
Nov 17*	Friday: Every Friday
