Apr 03*	Monday+1: First Monday
Apr 03*	Mon+1: First Monday
Apr 03*	Monday+1: First Monday in April
Apr 03*	Mon+1: First Monday in April
Apr 03*	First: First Monday in April
Apr 03*	Monday-4: Last (-4) Monday
Apr 03*	Mon-4: Last (-4) Monday
Apr 03*	Monday+5: Fifth Monday in March
Apr 03*	Mon+5: Fifth Monday in March
Apr 03*	Fifth: Fifth Monday in March
Apr 03*	3 of every month
Apr 03 	4/3: April 3
Apr 03 	Apr. 3: April 3
Apr 03 	3 April: April 3
	April: continued
Apr 03*	Monday: Every Monday
Apr 04*	Tuesday+1: First Tuesday
Apr 04*	Tue+1: First Tuesday
Apr 04*	Tuesday+1: First Tuesday in April
Apr 04*	Tue+1: First Tuesday in April
Apr 04*	First: First Tuesday in April
Apr 04*	Tuesday-4: Last (-4) Tuesday
Apr 04*	Tue-4: Last (-4) Tuesday
Apr 04*	Tuesday+5: Fifth Tuesday in March
Apr 04*	Tue+5: Fifth Tuesday in March
Apr 04*	Fifth: Fifth Tuesday in March
Apr 04*	4 of every month
Apr 04 	4/4: April 4
Apr 04 	Apr. 4: April 4
Apr 04 	4 April: April 4
	April: continued
Apr 04*	Tuesday: Every Tuesday
