Mar 12*	Sunday+2: Second Sunday
Mar 12*	Sun+2: Second Sunday
Mar 12*	Sunday+2: Second Sunday in March
Mar 12*	Sun+2: Second Sunday in March
Mar 12*	Second: Second Sunday in March
Mar 12*	Sunday-3: Last (-3) Sunday
Mar 12*	Sun-3: Last (-3) Sunday
Mar 12*	12 of every month
Mar 12 	3/12: March 12
Mar 12 	Mar. 12: March 12
Mar 12 	12 March: March 12
	March: continued
Mar 12*	Sunday: Every Sunday
Mar 13*	Monday+2: Second Monday
Mar 13*	Mon+2: Second Monday
Mar 13*	Monday+2: Second Monday in March
Mar 13*	Mon+2: Second Monday in March
Mar 13*	Second: Second Monday in March
Mar 13*	Monday-3: Last (-3) Monday
Mar 13*	Mon-3: Last (-3) Monday
Mar 13*	13 of every month
Mar 13 	3/13: March 13
Mar 13 	Mar. 13: March 13
Mar 13 	13 March: March 13
	March: continued
Mar 13*	Monday: Every Monday
