Jul 02*	Sunday+1: First Sunday
Jul 02*	Sun+1: First Sunday
Jul 02*	Sunday+1: First Sunday in July
Jul 02*	Sun+1: First Sunday in July
Jul 02*	First: First Sunday in July
Jul 02*	Sunday+5: Fifth Sunday in June
Jul 02*	Sun+5: Fifth Sunday in June
Jul 02*	Fifth: Fifth Sunday in June
Jul 02*	2 of every month
Jul 02 	7/2: July 2
Jul 02 	Jul. 2: July 2
Jul 02 	2 July: July 2
	July: continued
Jul 02*	Sunday: Every Sunday
Jul 03*	Monday+1: First Monday
Jul 03*	Mon+1: First Monday
Jul 03*	Monday+1: First Monday in July
Jul 03*	Mon+1: First Monday in July
Jul 03*	First: First Monday in July
Jul 03*	Monday+5: Fifth Monday in June
Jul 03*	Mon+5: Fifth Monday in June
Jul 03*	Fifth: Fifth Monday in June
Jul 03*	3 of every month
Jul 03 	7/3: July 3
Jul 03 	Jul. 3: July 3
Jul 03 	3 July: July 3
	July: continued
Jul 03*	Monday: Every Monday
