Feb 05*	Sunday+1: First Sunday
Feb 05*	Sun+1: First Sunday
Feb 05*	Sunday+1: First Sunday in February
Feb 05*	Sun+1: First Sunday in February
Feb 05*	First: First Sunday in February
Feb 05*	Sunday-4: Last (-4) Sunday
Feb 05*	Sun-4: Last (-4) Sunday
Feb 05*	5 of every month
Feb 05 	2/5: February 5
Feb 05 	Feb. 5: February 5
Feb 05 	5 February: February 5
	February: continued
Feb 05*	Sunday: Every Sunday
Feb 06*	Monday+1: First Monday
Feb 06*	Mon+1: First Monday
Feb 06*	Monday+1: First Monday in February
Feb 06*	Mon+1: First Monday in February
Feb 06*	First: First Monday in February
Feb 06*	Monday-4: Last (-4) Monday
Feb 06*	Mon-4: Last (-4) Monday
Feb 06*	6 of every month
Feb 06 	2/6: February 6
Feb 06 	Feb. 6: February 6
Feb 06 	6 February: February 6
	February: continued
Feb 06*	Monday: Every Monday
