Oct 09*	Monday+2: Second Monday
Oct 09*	Mon+2: Second Monday
Oct 09*	Monday+2: Second Monday in October
Oct 09*	Mon+2: Second Monday in October
Oct 09*	Second: Second Monday in October
Oct 09*	Monday-4: Last (-4) Monday
Oct 09*	Mon-4: Last (-4) Monday
Oct 09*	9 of every month
Oct 09 	10/9: October 9
Oct 09 	Oct. 9: October 9
Oct 09 	9 October: October 9
	October: continued
Oct 09*	Monday: Every Monday
Oct 10*	Tuesday+2: Second Tuesday
Oct 10*	Tue+2: Second Tuesday
Oct 10*	Tuesday+2: Second Tuesday in October
Oct 10*	Tue+2: Second Tuesday in October
Oct 10*	Second: Second Tuesday in October
Oct 10*	Tuesday-4: Last (-4) Tuesday
Oct 10*	Tue-4: Last (-4) Tuesday
Oct 10*	10 of every month
Oct 10 	10/10: October 10
Oct 10 	Oct. 10: October 10
Oct 10 	10 October: October 10
	October: continued
Oct 10*	Tuesday: Every Tuesday
