Nov 03*	Friday+1: First Friday
Nov 03*	Fri+1: First Friday
Nov 03*	Friday+1: First Friday in November
Nov 03*	Fri+1: First Friday in November
Nov 03*	First: First Friday in November
Nov 03*	Friday-4: Last (-4) Friday
Nov 03*	Fri-4: Last (-4) Friday
Nov 03*	Friday+5: Fifth Friday in October
Nov 03*	Fri+5: Fifth Friday in October
Nov 03*	Fifth: Fifth Friday in October
Nov 03*	3 of every month
Nov 03 	11/3: November 3
Nov 03 	Nov. 3: November 3
Nov 03 	3 November: November 3
	November: continued
Nov 03*	Friday: Every Friday
Nov 04*	Saturday+1: First Saturday
Nov 04*	Sat+1: First Saturday
Nov 04*	Saturday+1: First Saturday in November
Nov 04*	Sat+1: First Saturday in November
Nov 04*	First: First Saturday in November
Nov 04*	Saturday-4: Last (-4) Saturday
Nov 04*	Sat-4: Last (-4) Saturday
Nov 04*	Saturday+5: Fifth Saturday in October
Nov 04*	Sat+5: Fifth Saturday in October
Nov 04*	Fifth: Fifth Saturday in October
Nov 04*	4 of every month
Nov 04 	11/4: November 4
Nov 04 	Nov. 4: November 4
Nov 04 	4 November: November 4
	November: continued
Nov 04*	Saturday: Every Saturday
Nov 05*	Sunday+1: First Sunday
Nov 05*	Sun+1: First Sunday
Nov 05*	Sunday+1: First Sunday in November
Nov 05*	Sun+1: First Sunday in November
Nov 05*	First: First Sunday in November
Nov 05*	Sunday-4: Last (-4) Sunday
Nov 05*	Sun-4: Last (-4) Sunday
Nov 05*	5 of every month
Nov 05 	11/5: November 5
Nov 05 	Nov. 5: November 5
Nov 05 	5 November: November 5
	November: continued
Nov 05*	Sunday: Every Sunday
Nov 06*	Monday+1: First Monday
Nov 06*	Mon+1: First Monday
Nov 06*	Monday+1: First Monday in November
Nov 06*	Mon+1: First Monday in November
Nov 06*	First: First Monday in November
Nov 06*	Monday-4: Last (-4) Monday
Nov 06*	Mon-4: Last (-4) Monday
Nov 06*	6 of every month
Nov 06 	11/6: November 6
Nov 06 	Nov. 6: November 6
Nov 06 	6 November: November 6
	November: continued
Nov 06*	Monday: Every Monday
