Jun 15*	Thursday+3: Third Thursday
Jun 15*	Thu+3: Third Thursday
Jun 15*	Thursday-3: Last (-3) Thursday
Jun 15*	Thu-3: Last (-3) Thursday
Jun 15*	Thursday+3: Third Thursday in June
Jun 15*	Thu+3: Third Thursday in June
Jun 15*	Third: Third Thursday in June
Jun 15*	15 of every month
Jun 15 	6/15: June 15
Jun 15 	Jun. 15: June 15
Jun 15 	15 June: June 15
	June: continued
Jun 15*	Thursday: Every Thursday
Jun 16*	Friday+3: Third Friday
Jun 16*	Fri+3: Third Friday
Jun 16*	Friday-3: Last (-3) Friday
Jun 16*	Fri-3: Last (-3) Friday
Jun 16*	Friday+3: Third Friday in June
Jun 16*	Fri+3: Third Friday in June
Jun 16*	Third: Third Friday in June
Jun 16*	16 of every month
Jun 16 	6/16: June 16
Jun 16 	Jun. 16: June 16
Jun 16 	16 June: June 16
	June: continued
Jun 16*	Friday: Every Friday
