Apr 24*	Monday-1: Last (-1) Monday
Apr 24*	Mon-1: Last (-1) Monday
Apr 24*	Monday+4: Fourth Monday
Apr 24*	Mon+4: Fourth Monday
Apr 24*	Monday+4: Fourth Monday in April
Apr 24*	Mon+4: Fourth Monday in April
Apr 24*	Fourth: Fourth Monday in April
Apr 24*	24 of every month
Apr 24 	4/24: April 24
Apr 24 	Apr. 24: April 24
Apr 24 	24 April: April 24
	April: continued
Apr 24*	Monday: Every Monday
Apr 25*	Tuesday-1: Last (-1) Tuesday
Apr 25*	Tue-1: Last (-1) Tuesday
Apr 25*	Tuesday+4: Fourth Tuesday
Apr 25*	Tue+4: Fourth Tuesday
Apr 25*	Tuesday+4: Fourth Tuesday in April
Apr 25*	Tue+4: Fourth Tuesday in April
Apr 25*	Fourth: Fourth Tuesday in April
Apr 25*	25 of every month
Apr 25 	4/25: April 25
Apr 25 	Apr. 25: April 25
Apr 25 	25 April: April 25
	April: continued
Apr 25*	Tuesday: Every Tuesday
