Oct 24*	Tuesday-2: Last (-2) Tuesday
Oct 24*	Tue-2: Last (-2) Tuesday
Oct 24*	Tuesday+4: Fourth Tuesday
Oct 24*	Tue+4: Fourth Tuesday
Oct 24*	Tuesday+4: Fourth Tuesday in October
Oct 24*	Tue+4: Fourth Tuesday in October
Oct 24*	Fourth: Fourth Tuesday in October
Oct 24*	24 of every month
Oct 24 	10/24: October 24
Oct 24 	Oct. 24: October 24
Oct 24 	24 October: October 24
	October: continued
Oct 24*	Tuesday: Every Tuesday
Oct 25*	Wednesday-1: Last (-1) Wednesday
Oct 25*	Wed-1: Last (-1) Wednesday
Oct 25*	Wednesday+4: Fourth Wednesday
Oct 25*	Wed+4: Fourth Wednesday
Oct 25*	Wednesday+4: Fourth Wednesday in October
Oct 25*	Wed+4: Fourth Wednesday in October
Oct 25*	Fourth: Fourth Wednesday in October
Oct 25*	25 of every month
Oct 25 	10/25: October 25
Oct 25 	Oct. 25: October 25
Oct 25 	25 October: October 25
	October: continued
Oct 25*	Wednesday: Every Wednesday
