Nov 04*	Saturday+1: First Saturday
Nov 04*	Sat+1: First Saturday
Nov 04*	Saturday+1: First Saturday in November
Nov 04*	Sat+1: First Saturday in November
Nov 04*	First: First Saturday in November
Nov 04*	Saturday-4: Last (-4) Saturday
Nov 04*	Sat-4: Last (-4) Saturday
Nov 04*	Saturday+5: Fifth Saturday in October
Nov 04*	Sat+5: Fifth Saturday in October
Nov 04*	Fifth: Fifth Saturday in October
Nov 04*	4 of every month
Nov 04 	11/4: November 4
Nov 04 	Nov. 4: November 4
Nov 04 	4 November: November 4
	November: continued
Nov 04*	Saturday: Every Saturday
Nov 05*	Sunday+1: First Sunday
Nov 05*	Sun+1: First Sunday
Nov 05*	Sunday+1: First Sunday in November
Nov 05*	Sun+1: First Sunday in November
Nov 05*	First: First Sunday in November
Nov 05*	Sunday-4: Last (-4) Sunday
Nov 05*	Sun-4: Last (-4) Sunday
Nov 05*	5 of every month
Nov 05 	11/5: November 5
Nov 05 	Nov. 5: November 5
Nov 05 	5 November: November 5
	November: continued
Nov 05*	Sunday: Every Sunday
