Mar 24*	Friday-2: Last (-2) Friday
Mar 24*	Fri-2: Last (-2) Friday
Mar 24*	Friday+4: Fourth Friday
Mar 24*	Fri+4: Fourth Friday
Mar 24*	Friday+4: Fourth Friday in March
Mar 24*	Fri+4: Fourth Friday in March
Mar 24*	Fourth: Fourth Friday in March
Mar 24*	24 of every month
Mar 24 	3/24: March 24
Mar 24 	Mar. 24: March 24
Mar 24 	24 March: March 24
	March: continued
Mar 24*	Friday: Every Friday
Mar 25*	Saturday-1: Last (-1) Saturday
Mar 25*	Sat-1: Last (-1) Saturday
Mar 25*	Saturday+4: Fourth Saturday
Mar 25*	Sat+4: Fourth Saturday
Mar 25*	Saturday+4: Fourth Saturday in March
Mar 25*	Sat+4: Fourth Saturday in March
Mar 25*	Fourth: Fourth Saturday in March
Mar 25*	25 of every month
Mar 25 	3/25: March 25
Mar 25 	Mar. 25: March 25
Mar 25 	25 March: March 25
	March: continued
Mar 25*	Saturday: Every Saturday
Mar 26*	Sunday-1: Last (-1) Sunday
Mar 26*	Sun-1: Last (-1) Sunday
Mar 26*	Sunday+4: Fourth Sunday
Mar 26*	Sun+4: Fourth Sunday
Mar 26*	Sunday+4: Fourth Sunday in March
Mar 26*	Sun+4: Fourth Sunday in March
Mar 26*	Fourth: Fourth Sunday in March
Mar 26*	26 of every month
Mar 26 	3/26: March 26
Mar 26 	Mar. 26: March 26
Mar 26 	26 March: March 26
	March: continued
Mar 26*	Sunday: Every Sunday
Mar 27*	Monday-1: Last (-1) Monday
Mar 27*	Mon-1: Last (-1) Monday
Mar 27*	Monday+4: Fourth Monday
Mar 27*	Mon+4: Fourth Monday
Mar 27*	Monday+4: Fourth Monday in March
Mar 27*	Mon+4: Fourth Monday in March
Mar 27*	Fourth: Fourth Monday in March
Mar 27*	27 of every month
Mar 27 	3/27: March 27
Mar 27 	Mar. 27: March 27
Mar 27 	27 March: March 27
	March: continued
Mar 27*	Monday: Every Monday
