Dec 07*	Thursday+1: First Thursday
Dec 07*	Thu+1: First Thursday
Dec 07*	Thursday+1: First Thursday in December
Dec 07*	Thu+1: First Thursday in December
Dec 07*	First: First Thursday in December
Dec 07*	Thursday-4: Last (-4) Thursday
Dec 07*	Thu-4: Last (-4) Thursday
Dec 07*	7 of every month
Dec 07 	12/7: December 7
Dec 07 	Dec. 7: December 7
Dec 07 	7 December: December 7
	December: continued
Dec 07*	Thursday: Every Thursday
Dec 08*	Friday+2: Second Friday
Dec 08*	Fri+2: Second Friday
Dec 08*	Friday+2: Second Friday in December
Dec 08*	Fri+2: Second Friday in December
Dec 08*	Second: Second Friday in December
Dec 08*	Friday-4: Last (-4) Friday
Dec 08*	Fri-4: Last (-4) Friday
Dec 08*	8 of every month
Dec 08 	12/8: December 8
Dec 08 	Dec. 8: December 8
Dec 08 	8 December: December 8
	December: continued
Dec 08*	Friday: Every Friday
