Mar 06*	Monday+1: First Monday
Mar 06*	Mon+1: First Monday
Mar 06*	Monday+1: First Monday in March
Mar 06*	Mon+1: First Monday in March
Mar 06*	First: First Monday in March
Mar 06*	Monday-4: Last (-4) Monday
Mar 06*	Mon-4: Last (-4) Monday
Mar 06*	Monday+5: Fifth Monday in February
Mar 06*	Mon+5: Fifth Monday in February
Mar 06*	Fifth: Fifth Monday in February
Mar 06*	6 of every month
Mar 06 	3/6: March 6
Mar 06 	Mar. 6: March 6
Mar 06 	6 March: March 6
	March: continued
Mar 06*	Monday: Every Monday
Mar 07*	Tuesday+1: First Tuesday
Mar 07*	Tue+1: First Tuesday
Mar 07*	Tuesday+1: First Tuesday in March
Mar 07*	Tue+1: First Tuesday in March
Mar 07*	First: First Tuesday in March
Mar 07*	Tuesday-4: Last (-4) Tuesday
Mar 07*	Tue-4: Last (-4) Tuesday
Mar 07*	Tuesday+5: Fifth Tuesday in February
Mar 07*	Tue+5: Fifth Tuesday in February
Mar 07*	Fifth: Fifth Tuesday in February
Mar 07*	7 of every month
Mar 07 	3/7: March 7
Mar 07 	Mar. 7: March 7
Mar 07 	7 March: March 7
	March: continued
Mar 07*	Tuesday: Every Tuesday
