Apr 23*	Sunday-2: Last (-2) Sunday
Apr 23*	Sun-2: Last (-2) Sunday
Apr 23*	Sunday+4: Fourth Sunday
Apr 23*	Sun+4: Fourth Sunday
Apr 23*	Sunday+4: Fourth Sunday in April
Apr 23*	Sun+4: Fourth Sunday in April
Apr 23*	Fourth: Fourth Sunday in April
Apr 23*	23 of every month
Apr 23 	4/23: April 23
Apr 23 	Apr. 23: April 23
Apr 23 	23 April: April 23
	April: continued
Apr 23*	Sunday: Every Sunday
Apr 24*	Monday-1: Last (-1) Monday
Apr 24*	Mon-1: Last (-1) Monday
Apr 24*	Monday+4: Fourth Monday
Apr 24*	Mon+4: Fourth Monday
Apr 24*	Monday+4: Fourth Monday in April
Apr 24*	Mon+4: Fourth Monday in April
Apr 24*	Fourth: Fourth Monday in April
Apr 24*	24 of every month
Apr 24 	4/24: April 24
Apr 24 	Apr. 24: April 24
Apr 24 	24 April: April 24
	April: continued
Apr 24*	Monday: Every Monday
