Dec 14*	Thursday+2: Second Thursday
Dec 14*	Thu+2: Second Thursday
Dec 14*	Thursday+2: Second Thursday in December
Dec 14*	Thu+2: Second Thursday in December
Dec 14*	Second: Second Thursday in December
Dec 14*	Thursday-3: Last (-3) Thursday
Dec 14*	Thu-3: Last (-3) Thursday
Dec 14*	14 of every month
Dec 14 	12/14: December 14
Dec 14 	Dec. 14: December 14
Dec 14 	14 December: December 14
	December: continued
Dec 14*	Thursday: Every Thursday
Dec 15*	Friday+3: Third Friday
Dec 15*	Fri+3: Third Friday
Dec 15*	Friday-3: Last (-3) Friday
Dec 15*	Fri-3: Last (-3) Friday
Dec 15*	Friday+3: Third Friday in December
Dec 15*	Fri+3: Third Friday in December
Dec 15*	Third: Third Friday in December
Dec 15*	15 of every month
Dec 15 	12/15: December 15
Dec 15 	Dec. 15: December 15
Dec 15 	15 December: December 15
	December: continued
Dec 15*	Friday: Every Friday
