Sep 02*	Saturday+1: First Saturday
Sep 02*	Sat+1: First Saturday
Sep 02*	Saturday+1: First Saturday in September
Sep 02*	Sat+1: First Saturday in September
Sep 02*	First: First Saturday in September
Sep 02*	Saturday+5: Fifth Saturday in August
Sep 02*	Sat+5: Fifth Saturday in August
Sep 02*	Fifth: Fifth Saturday in August
Sep 02*	2 of every month
Sep 02*	Saturday: Every Saturday
Sep 03*	Sunday+1: First Sunday
Sep 03*	Sun+1: First Sunday
Sep 03*	Sunday+1: First Sunday in September
Sep 03*	Sun+1: First Sunday in September
Sep 03*	First: First Sunday in September
Sep 03*	Sunday-4: Last (-4) Sunday
Sep 03*	Sun-4: Last (-4) Sunday
Sep 03*	Sunday+5: Fifth Sunday in August
Sep 03*	Sun+5: Fifth Sunday in August
Sep 03*	Fifth: Fifth Sunday in August
Sep 03*	3 of every month
Sep 03*	Sunday: Every Sunday
