Jan 11*	Wednesday+2: Second Wednesday
Jan 11*	Wed+2: Second Wednesday
Jan 11*	Wednesday+2: Second Wednesday in January
Jan 11*	Wed+2: Second Wednesday in January
Jan 11*	Second: Second Wednesday in January
Jan 11*	Wednesday-3: Last (-3) Wednesday
Jan 11*	Wed-3: Last (-3) Wednesday
Jan 11*	11 of every month
Jan 11 	1/11: January 11
Jan 11 	Jan. 11: January 11
Jan 11 	11 January: January 11
	January: continued
Jan 11*	Wednesday: Every Wednesday
Jan 12*	Thursday+2: Second Thursday
Jan 12*	Thu+2: Second Thursday
Jan 12*	Thursday+2: Second Thursday in January
Jan 12*	Thu+2: Second Thursday in January
Jan 12*	Second: Second Thursday in January
Jan 12*	Thursday-3: Last (-3) Thursday
Jan 12*	Thu-3: Last (-3) Thursday
Jan 12*	12 of every month
Jan 12 	1/12: January 12
Jan 12 	Jan. 12: January 12
Jan 12 	12 January: January 12
	January: continued
Jan 12*	Thursday: Every Thursday
