Feb 22*	Wednesday-1: Last (-1) Wednesday
Feb 22*	Wed-1: Last (-1) Wednesday
Feb 22*	Wednesday+4: Fourth Wednesday
Feb 22*	Wed+4: Fourth Wednesday
Feb 22*	Wednesday+4: Fourth Wednesday in February
Feb 22*	Wed+4: Fourth Wednesday in February
Feb 22*	Fourth: Fourth Wednesday in February
Feb 22*	22 of every month
Feb 22 	2/22: February 22
Feb 22 	Feb. 22: February 22
Feb 22 	22 February: February 22
	February: continued
Feb 22*	Wednesday: Every Wednesday
Feb 23*	Thursday-1: Last (-1) Thursday
Feb 23*	Thu-1: Last (-1) Thursday
Feb 23*	Thursday+4: Fourth Thursday
Feb 23*	Thu+4: Fourth Thursday
Feb 23*	Thursday+4: Fourth Thursday in February
Feb 23*	Thu+4: Fourth Thursday in February
Feb 23*	Fourth: Fourth Thursday in February
Feb 23*	23 of every month
Feb 23 	2/23: February 23
Feb 23 	Feb. 23: February 23
Feb 23 	23 February: February 23
	February: continued
Feb 23*	Thursday: Every Thursday
