Oct 27*	Friday-1: Last (-1) Friday
Oct 27*	Fri-1: Last (-1) Friday
Oct 27*	Friday+4: Fourth Friday
Oct 27*	Fri+4: Fourth Friday
Oct 27*	Friday+4: Fourth Friday in October
Oct 27*	Fri+4: Fourth Friday in October
Oct 27*	Fourth: Fourth Friday in October
Oct 27*	27 of every month
Oct 27 	10/27: October 27
Oct 27 	Oct. 27: October 27
Oct 27 	27 October: October 27
	October: continued
Oct 27*	Friday: Every Friday
Oct 28*	Saturday-1: Last (-1) Saturday
Oct 28*	Sat-1: Last (-1) Saturday
Oct 28*	Saturday+4: Fourth Saturday
Oct 28*	Sat+4: Fourth Saturday
Oct 28*	Saturday+4: Fourth Saturday in October
Oct 28*	Sat+4: Fourth Saturday in October
Oct 28*	Fourth: Fourth Saturday in October
Oct 28*	28 of every month
Oct 28 	10/28: October 28
Oct 28 	Oct. 28: October 28
Oct 28 	28 October: October 28
	October: continued
Oct 28*	Saturday: Every Saturday
Oct 29*	Sunday-1: Last (-1) Sunday
Oct 29*	Sun-1: Last (-1) Sunday
Oct 29*	Sunday+5: Fifth Sunday
Oct 29*	Sun+5: Fifth Sunday
Oct 29*	Sunday+5: Fifth Sunday in October
Oct 29*	Sun+5: Fifth Sunday in October
Oct 29*	Fifth: Fifth Sunday in October
Oct 29*	29 of every month
Oct 29 	10/29: October 29
Oct 29 	Oct. 29: October 29
Oct 29 	29 October: October 29
	October: continued
Oct 29*	Sunday: Every Sunday
Oct 30*	Monday-1: Last (-1) Monday
Oct 30*	Mon-1: Last (-1) Monday
Oct 30*	Monday+5: Fifth Monday
Oct 30*	Mon+5: Fifth Monday
Oct 30*	Monday+5: Fifth Monday in October
Oct 30*	Mon+5: Fifth Monday in October
Oct 30*	Fifth: Fifth Monday in October
Oct 30*	30 of every month
Oct 30 	10/30: October 30
Oct 30 	Oct. 30: October 30
Oct 30 	30 October: October 30
	October: continued
Oct 30*	Monday: Every Monday
