Feb 11*	Saturday+2: Second Saturday
Feb 11*	Sat+2: Second Saturday
Feb 11*	Saturday+2: Second Saturday in February
Feb 11*	Sat+2: Second Saturday in February
Feb 11*	Second: Second Saturday in February
Feb 11*	Saturday-3: Last (-3) Saturday
Feb 11*	Sat-3: Last (-3) Saturday
Feb 11*	11 of every month
Feb 11 	2/11: February 11
Feb 11 	Feb. 11: February 11
Feb 11 	11 February: February 11
	February: continued
Feb 11*	Saturday: Every Saturday
Feb 12*	Sunday+2: Second Sunday
Feb 12*	Sun+2: Second Sunday
Feb 12*	Sunday+2: Second Sunday in February
Feb 12*	Sun+2: Second Sunday in February
Feb 12*	Second: Second Sunday in February
Feb 12*	Sunday-3: Last (-3) Sunday
Feb 12*	Sun-3: Last (-3) Sunday
Feb 12*	12 of every month
Feb 12 	2/12: February 12
Feb 12 	Feb. 12: February 12
Feb 12 	12 February: February 12
	February: continued
Feb 12*	Sunday: Every Sunday
