Jun 06*	Tuesday+1: First Tuesday
Jun 06*	Tue+1: First Tuesday
Jun 06*	Tuesday+1: First Tuesday in June
Jun 06*	Tue+1: First Tuesday in June
Jun 06*	First: First Tuesday in June
Jun 06*	Tuesday-4: Last (-4) Tuesday
Jun 06*	Tue-4: Last (-4) Tuesday
Jun 06*	6 of every month
Jun 06 	6/6: June 6
Jun 06 	Jun. 6: June 6
Jun 06 	6 June: June 6
	June: continued
Jun 06*	Tuesday: Every Tuesday
Jun 07*	Wednesday+1: First Wednesday
Jun 07*	Wed+1: First Wednesday
Jun 07*	Wednesday+1: First Wednesday in June
Jun 07*	Wed+1: First Wednesday in June
Jun 07*	First: First Wednesday in June
Jun 07*	Wednesday-4: Last (-4) Wednesday
Jun 07*	Wed-4: Last (-4) Wednesday
Jun 07*	7 of every month
Jun 07 	6/7: June 7
Jun 07 	Jun. 7: June 7
Jun 07 	7 June: June 7
	June: continued
Jun 07*	Wednesday: Every Wednesday
