Feb 08*	Wednesday+2: Second Wednesday
Feb 08*	Wed+2: Second Wednesday
Feb 08*	Wednesday+2: Second Wednesday in February
Feb 08*	Wed+2: Second Wednesday in February
Feb 08*	Second: Second Wednesday in February
Feb 08*	Wednesday-3: Last (-3) Wednesday
Feb 08*	Wed-3: Last (-3) Wednesday
Feb 08*	8 of every month
Feb 08 	2/8: February 8
Feb 08 	Feb. 8: February 8
Feb 08 	8 February: February 8
	February: continued
Feb 08*	Wednesday: Every Wednesday
Feb 09*	Thursday+2: Second Thursday
Feb 09*	Thu+2: Second Thursday
Feb 09*	Thursday+2: Second Thursday in February
Feb 09*	Thu+2: Second Thursday in February
Feb 09*	Second: Second Thursday in February
Feb 09*	Thursday-3: Last (-3) Thursday
Feb 09*	Thu-3: Last (-3) Thursday
Feb 09*	9 of every month
Feb 09 	2/9: February 9
Feb 09 	Feb. 9: February 9
Feb 09 	9 February: February 9
	February: continued
Feb 09*	Thursday: Every Thursday
