Jul 04*	Tuesday+1: First Tuesday
Jul 04*	Tue+1: First Tuesday
Jul 04*	Tuesday+1: First Tuesday in July
Jul 04*	Tue+1: First Tuesday in July
Jul 04*	First: First Tuesday in July
Jul 04*	Tuesday-4: Last (-4) Tuesday
Jul 04*	Tue-4: Last (-4) Tuesday
Jul 04*	Tuesday+5: Fifth Tuesday in June
Jul 04*	Tue+5: Fifth Tuesday in June
Jul 04*	Fifth: Fifth Tuesday in June
Jul 04*	4 of every month
Jul 04 	7/4: July 4
Jul 04 	Jul. 4: July 4
Jul 04 	4 July: July 4
	July: continued
Jul 04*	Tuesday: Every Tuesday
Jul 05*	Wednesday+1: First Wednesday
Jul 05*	Wed+1: First Wednesday
Jul 05*	Wednesday+1: First Wednesday in July
Jul 05*	Wed+1: First Wednesday in July
Jul 05*	First: First Wednesday in July
Jul 05*	Wednesday-4: Last (-4) Wednesday
Jul 05*	Wed-4: Last (-4) Wednesday
Jul 05*	Wednesday+5: Fifth Wednesday in June
Jul 05*	Wed+5: Fifth Wednesday in June
Jul 05*	Fifth: Fifth Wednesday in June
Jul 05*	5 of every month
Jul 05 	7/5: July 5
Jul 05 	Jul. 5: July 5
Jul 05 	5 July: July 5
	July: continued
Jul 05*	Wednesday: Every Wednesday
