Jan 05*	Thursday+1: First Thursday
Jan 05*	Thu+1: First Thursday
Jan 05*	Thursday+1: First Thursday in January
Jan 05*	Thu+1: First Thursday in January
Jan 05*	First: First Thursday in January
Jan 05*	Thursday-4: Last (-4) Thursday
Jan 05*	Thu-4: Last (-4) Thursday
Jan 05*	5 of every month
Jan 05 	1/5: January 5
Jan 05 	Jan. 5: January 5
Jan 05 	5 January: January 5
	January: continued
Jan 05*	Thursday: Every Thursday
Jan 06*	Friday+1: First Friday
Jan 06*	Fri+1: First Friday
Jan 06*	Friday+1: First Friday in January
Jan 06*	Fri+1: First Friday in January
Jan 06*	First: First Friday in January
Jan 06*	Friday-4: Last (-4) Friday
Jan 06*	Fri-4: Last (-4) Friday
Jan 06*	6 of every month
Jan 06 	1/6: January 6
Jan 06 	Jan. 6: January 6
Jan 06 	6 January: January 6
	January: continued
Jan 06*	Friday: Every Friday
