Jan 09*	Monday+2: Second Monday
Jan 09*	Mon+2: Second Monday
Jan 09*	Monday+2: Second Monday in January
Jan 09*	Mon+2: Second Monday in January
Jan 09*	Second: Second Monday in January
Jan 09*	Monday-4: Last (-4) Monday
Jan 09*	Mon-4: Last (-4) Monday
Jan 09*	9 of every month
Jan 09 	1/9: January 9
Jan 09 	Jan. 9: January 9
Jan 09 	9 January: January 9
	January: continued
Jan 09*	Monday: Every Monday
Jan 10*	Tuesday+2: Second Tuesday
Jan 10*	Tue+2: Second Tuesday
Jan 10*	Tuesday+2: Second Tuesday in January
Jan 10*	Tue+2: Second Tuesday in January
Jan 10*	Second: Second Tuesday in January
Jan 10*	Tuesday-4: Last (-4) Tuesday
Jan 10*	Tue-4: Last (-4) Tuesday
Jan 10*	10 of every month
Jan 10 	1/10: January 10
Jan 10 	Jan. 10: January 10
Jan 10 	10 January: January 10
	January: continued
Jan 10*	Tuesday: Every Tuesday
