Apr 21*	Friday-2: Last (-2) Friday
Apr 21*	Fri-2: Last (-2) Friday
Apr 21*	Friday+3: Third Friday
Apr 21*	Fri+3: Third Friday
Apr 21*	Friday+3: Third Friday in April
Apr 21*	Fri+3: Third Friday in April
Apr 21*	Third: Third Friday in April
Apr 21*	21 of every month
Apr 21 	4/21: April 21
Apr 21 	Apr. 21: April 21
Apr 21 	21 April: April 21
	April: continued
Apr 21*	Friday: Every Friday
Apr 22*	Saturday-2: Last (-2) Saturday
Apr 22*	Sat-2: Last (-2) Saturday
Apr 22*	Saturday+4: Fourth Saturday
Apr 22*	Sat+4: Fourth Saturday
Apr 22*	Saturday+4: Fourth Saturday in April
Apr 22*	Sat+4: Fourth Saturday in April
Apr 22*	Fourth: Fourth Saturday in April
Apr 22*	22 of every month
Apr 22 	4/22: April 22
Apr 22 	Apr. 22: April 22
Apr 22 	22 April: April 22
	April: continued
Apr 22*	Saturday: Every Saturday
Apr 23*	Sunday-2: Last (-2) Sunday
Apr 23*	Sun-2: Last (-2) Sunday
Apr 23*	Sunday+4: Fourth Sunday
Apr 23*	Sun+4: Fourth Sunday
Apr 23*	Sunday+4: Fourth Sunday in April
Apr 23*	Sun+4: Fourth Sunday in April
Apr 23*	Fourth: Fourth Sunday in April
Apr 23*	23 of every month
Apr 23 	4/23: April 23
Apr 23 	Apr. 23: April 23
Apr 23 	23 April: April 23
	April: continued
Apr 23*	Sunday: Every Sunday
Apr 24*	Monday-1: Last (-1) Monday
Apr 24*	Mon-1: Last (-1) Monday
Apr 24*	Monday+4: Fourth Monday
Apr 24*	Mon+4: Fourth Monday
Apr 24*	Monday+4: Fourth Monday in April
Apr 24*	Mon+4: Fourth Monday in April
Apr 24*	Fourth: Fourth Monday in April
Apr 24*	24 of every month
Apr 24 	4/24: April 24
Apr 24 	Apr. 24: April 24
Apr 24 	24 April: April 24
	April: continued
Apr 24*	Monday: Every Monday
