Nov 02*	Thursday+1: First Thursday
Nov 02*	Thu+1: First Thursday
Nov 02*	Thursday+1: First Thursday in November
Nov 02*	Thu+1: First Thursday in November
Nov 02*	First: First Thursday in November
Nov 02*	Thursday+5: Fifth Thursday in October
Nov 02*	Thu+5: Fifth Thursday in October
Nov 02*	Fifth: Fifth Thursday in October
Nov 02*	2 of every month
Nov 02 	11/2: November 2
Nov 02 	Nov. 2: November 2
Nov 02 	2 November: November 2
	November: continued
Nov 02*	Thursday: Every Thursday
Nov 03*	Friday+1: First Friday
Nov 03*	Fri+1: First Friday
Nov 03*	Friday+1: First Friday in November
Nov 03*	Fri+1: First Friday in November
Nov 03*	First: First Friday in November
Nov 03*	Friday-4: Last (-4) Friday
Nov 03*	Fri-4: Last (-4) Friday
Nov 03*	Friday+5: Fifth Friday in October
Nov 03*	Fri+5: Fifth Friday in October
Nov 03*	Fifth: Fifth Friday in October
Nov 03*	3 of every month
Nov 03 	11/3: November 3
Nov 03 	Nov. 3: November 3
Nov 03 	3 November: November 3
	November: continued
Nov 03*	Friday: Every Friday
