Oct 10*	Tuesday+2: Second Tuesday
Oct 10*	Tue+2: Second Tuesday
Oct 10*	Tuesday+2: Second Tuesday in October
Oct 10*	Tue+2: Second Tuesday in October
Oct 10*	Second: Second Tuesday in October
Oct 10*	Tuesday-4: Last (-4) Tuesday
Oct 10*	Tue-4: Last (-4) Tuesday
Oct 10*	10 of every month
Oct 10 	10/10: October 10
Oct 10 	Oct. 10: October 10
Oct 10 	10 October: October 10
	October: continued
Oct 10*	Tuesday: Every Tuesday
Oct 11*	Wednesday+2: Second Wednesday
Oct 11*	Wed+2: Second Wednesday
Oct 11*	Wednesday+2: Second Wednesday in October
Oct 11*	Wed+2: Second Wednesday in October
Oct 11*	Second: Second Wednesday in October
Oct 11*	Wednesday-3: Last (-3) Wednesday
Oct 11*	Wed-3: Last (-3) Wednesday
Oct 11*	11 of every month
Oct 11 	10/11: October 11
Oct 11 	Oct. 11: October 11
Oct 11 	11 October: October 11
	October: continued
Oct 11*	Wednesday: Every Wednesday
