Feb 19*	Sunday-2: Last (-2) Sunday
Feb 19*	Sun-2: Last (-2) Sunday
Feb 19*	Sunday+3: Third Sunday
Feb 19*	Sun+3: Third Sunday
Feb 19*	Sunday+3: Third Sunday in February
Feb 19*	Sun+3: Third Sunday in February
Feb 19*	Third: Third Sunday in February
Feb 19*	19 of every month
Feb 19 	2/19: February 19
Feb 19 	Feb. 19: February 19
Feb 19 	19 February: February 19
	February: continued
Feb 19*	Sunday: Every Sunday
Feb 20*	Monday-2: Last (-2) Monday
Feb 20*	Mon-2: Last (-2) Monday
Feb 20*	Monday+3: Third Monday
Feb 20*	Mon+3: Third Monday
Feb 20*	Monday+3: Third Monday in February
Feb 20*	Mon+3: Third Monday in February
Feb 20*	Third: Third Monday in February
Feb 20*	20 of every month
Feb 20 	2/20: February 20
Feb 20 	Feb. 20: February 20
Feb 20 	20 February: February 20
	February: continued
Feb 20*	Monday: Every Monday
