Feb 13*	Monday+2: Second Monday
Feb 13*	Mon+2: Second Monday
Feb 13*	Monday+2: Second Monday in February
Feb 13*	Mon+2: Second Monday in February
Feb 13*	Second: Second Monday in February
Feb 13*	Monday-3: Last (-3) Monday
Feb 13*	Mon-3: Last (-3) Monday
Feb 13*	13 of every month
Feb 13 	2/13: February 13
Feb 13 	Feb. 13: February 13
Feb 13 	13 February: February 13
	February: continued
Feb 13*	Monday: Every Monday
Feb 14*	Tuesday+2: Second Tuesday
Feb 14*	Tue+2: Second Tuesday
Feb 14*	Tuesday+2: Second Tuesday in February
Feb 14*	Tue+2: Second Tuesday in February
Feb 14*	Second: Second Tuesday in February
Feb 14*	Tuesday-3: Last (-3) Tuesday
Feb 14*	Tue-3: Last (-3) Tuesday
Feb 14*	14 of every month
Feb 14 	2/14: February 14
Feb 14 	Feb. 14: February 14
Feb 14 	14 February: February 14
	February: continued
Feb 14*	Tuesday: Every Tuesday
