Mar 11*	Saturday+2: Second Saturday
Mar 11*	Sat+2: Second Saturday
Mar 11*	Saturday+2: Second Saturday in March
Mar 11*	Sat+2: Second Saturday in March
Mar 11*	Second: Second Saturday in March
Mar 11*	Saturday-3: Last (-3) Saturday
Mar 11*	Sat-3: Last (-3) Saturday
Mar 11*	11 of every month
Mar 11 	3/11: March 11
Mar 11 	Mar. 11: March 11
Mar 11 	11 March: March 11
	March: continued
Mar 11*	Saturday: Every Saturday
Mar 12*	Sunday+2: Second Sunday
Mar 12*	Sun+2: Second Sunday
Mar 12*	Sunday+2: Second Sunday in March
Mar 12*	Sun+2: Second Sunday in March
Mar 12*	Second: Second Sunday in March
Mar 12*	Sunday-3: Last (-3) Sunday
Mar 12*	Sun-3: Last (-3) Sunday
Mar 12*	12 of every month
Mar 12 	3/12: March 12
Mar 12 	Mar. 12: March 12
Mar 12 	12 March: March 12
	March: continued
Mar 12*	Sunday: Every Sunday
