Jun 21*	Wednesday-2: Last (-2) Wednesday
Jun 21*	Wed-2: Last (-2) Wednesday
Jun 21*	Wednesday+3: Third Wednesday
Jun 21*	Wed+3: Third Wednesday
Jun 21*	Wednesday+3: Third Wednesday in June
Jun 21*	Wed+3: Third Wednesday in June
Jun 21*	Third: Third Wednesday in June
Jun 21*	21 of every month
Jun 21 	6/21: June 21
Jun 21 	Jun. 21: June 21
Jun 21 	21 June: June 21
	June: continued
Jun 21*	Wednesday: Every Wednesday
Jun 22*	Thursday-2: Last (-2) Thursday
Jun 22*	Thu-2: Last (-2) Thursday
Jun 22*	Thursday+4: Fourth Thursday
Jun 22*	Thu+4: Fourth Thursday
Jun 22*	Thursday+4: Fourth Thursday in June
Jun 22*	Thu+4: Fourth Thursday in June
Jun 22*	Fourth: Fourth Thursday in June
Jun 22*	22 of every month
Jun 22 	6/22: June 22
Jun 22 	Jun. 22: June 22
Jun 22 	22 June: June 22
	June: continued
Jun 22*	Thursday: Every Thursday
