Dec 12*	Tuesday+2: Second Tuesday
Dec 12*	Tue+2: Second Tuesday
Dec 12*	Tuesday+2: Second Tuesday in December
Dec 12*	Tue+2: Second Tuesday in December
Dec 12*	Second: Second Tuesday in December
Dec 12*	Tuesday-3: Last (-3) Tuesday
Dec 12*	Tue-3: Last (-3) Tuesday
Dec 12*	12 of every month
Dec 12 	12/12: December 12
Dec 12 	Dec. 12: December 12
Dec 12 	12 December: December 12
	December: continued
Dec 12*	Tuesday: Every Tuesday
Dec 13*	Wednesday+2: Second Wednesday
Dec 13*	Wed+2: Second Wednesday
Dec 13*	Wednesday+2: Second Wednesday in December
Dec 13*	Wed+2: Second Wednesday in December
Dec 13*	Second: Second Wednesday in December
Dec 13*	Wednesday-3: Last (-3) Wednesday
Dec 13*	Wed-3: Last (-3) Wednesday
Dec 13*	13 of every month
Dec 13 	12/13: December 13
Dec 13 	Dec. 13: December 13
Dec 13 	13 December: December 13
	December: continued
Dec 13*	Wednesday: Every Wednesday
