Jul 07*	Friday+1: First Friday
Jul 07*	Fri+1: First Friday
Jul 07*	Friday+1: First Friday in July
Jul 07*	Fri+1: First Friday in July
Jul 07*	First: First Friday in July
Jul 07*	Friday-4: Last (-4) Friday
Jul 07*	Fri-4: Last (-4) Friday
Jul 07*	7 of every month
Jul 07 	7/7: July 7
Jul 07 	Jul. 7: July 7
Jul 07 	7 July: July 7
	July: continued
Jul 07*	Friday: Every Friday
Jul 08*	Saturday+2: Second Saturday
Jul 08*	Sat+2: Second Saturday
Jul 08*	Saturday+2: Second Saturday in July
Jul 08*	Sat+2: Second Saturday in July
Jul 08*	Second: Second Saturday in July
Jul 08*	Saturday-4: Last (-4) Saturday
Jul 08*	Sat-4: Last (-4) Saturday
Jul 08*	8 of every month
Jul 08 	7/8: July 8
Jul 08 	Jul. 8: July 8
Jul 08 	8 July: July 8
	July: continued
Jul 08*	Saturday: Every Saturday
Jul 09*	Sunday+2: Second Sunday
Jul 09*	Sun+2: Second Sunday
Jul 09*	Sunday+2: Second Sunday in July
Jul 09*	Sun+2: Second Sunday in July
Jul 09*	Second: Second Sunday in July
Jul 09*	Sunday-4: Last (-4) Sunday
Jul 09*	Sun-4: Last (-4) Sunday
Jul 09*	9 of every month
Jul 09 	7/9: July 9
Jul 09 	Jul. 9: July 9
Jul 09 	9 July: July 9
	July: continued
Jul 09*	Sunday: Every Sunday
Jul 10*	Monday+2: Second Monday
Jul 10*	Mon+2: Second Monday
Jul 10*	Monday+2: Second Monday in July
Jul 10*	Mon+2: Second Monday in July
Jul 10*	Second: Second Monday in July
Jul 10*	Monday-4: Last (-4) Monday
Jul 10*	Mon-4: Last (-4) Monday
Jul 10*	10 of every month
Jul 10 	7/10: July 10
Jul 10 	Jul. 10: July 10
Jul 10 	10 July: July 10
	July: continued
Jul 10*	Monday: Every Monday
