Oct 20*	Friday-2: Last (-2) Friday
Oct 20*	Fri-2: Last (-2) Friday
Oct 20*	Friday+3: Third Friday
Oct 20*	Fri+3: Third Friday
Oct 20*	Friday+3: Third Friday in October
Oct 20*	Fri+3: Third Friday in October
Oct 20*	Third: Third Friday in October
Oct 20*	20 of every month
Oct 20 	10/20: October 20
Oct 20 	Oct. 20: October 20
Oct 20 	20 October: October 20
	October: continued
Oct 20*	Friday: Every Friday
Oct 21*	Saturday-2: Last (-2) Saturday
Oct 21*	Sat-2: Last (-2) Saturday
Oct 21*	Saturday+3: Third Saturday
Oct 21*	Sat+3: Third Saturday
Oct 21*	Saturday+3: Third Saturday in October
Oct 21*	Sat+3: Third Saturday in October
Oct 21*	Third: Third Saturday in October
Oct 21*	21 of every month
Oct 21 	10/21: October 21
Oct 21 	Oct. 21: October 21
Oct 21 	21 October: October 21
	October: continued
Oct 21*	Saturday: Every Saturday
Oct 22*	Sunday-2: Last (-2) Sunday
Oct 22*	Sun-2: Last (-2) Sunday
Oct 22*	Sunday+4: Fourth Sunday
Oct 22*	Sun+4: Fourth Sunday
Oct 22*	Sunday+4: Fourth Sunday in October
Oct 22*	Sun+4: Fourth Sunday in October
Oct 22*	Fourth: Fourth Sunday in October
Oct 22*	22 of every month
Oct 22 	10/22: October 22
Oct 22 	Oct. 22: October 22
Oct 22 	22 October: October 22
	October: continued
Oct 22*	Sunday: Every Sunday
Oct 23*	Monday-2: Last (-2) Monday
Oct 23*	Mon-2: Last (-2) Monday
Oct 23*	Monday+4: Fourth Monday
Oct 23*	Mon+4: Fourth Monday
Oct 23*	Monday+4: Fourth Monday in October
Oct 23*	Mon+4: Fourth Monday in October
Oct 23*	Fourth: Fourth Monday in October
Oct 23*	23 of every month
Oct 23 	10/23: October 23
Oct 23 	Oct. 23: October 23
Oct 23 	23 October: October 23
	October: continued
Oct 23*	Monday: Every Monday
