May 01*	Monday+1: First Monday
May 01*	Mon+1: First Monday
May 01*	Monday+1: First Monday in May
May 01*	Mon+1: First Monday in May
May 01*	First: First Monday in May
May 01*	Monday+5: Fifth Monday in April
May 01*	Mon+5: Fifth Monday in April
May 01*	Fifth: Fifth Monday in April
May 01*	1 of every month
May 01 	5/1: May 1
May 01 	May. 1: May 1
May 01 	1 May: May 1
	May: continued
May 01*	*: Beginning of every month
May 01*	Monday: Every Monday
May 01 	May: Every May 1st
May 02*	Tuesday+1: First Tuesday
May 02*	Tue+1: First Tuesday
May 02*	Tuesday+1: First Tuesday in May
May 02*	Tue+1: First Tuesday in May
May 02*	First: First Tuesday in May
May 02*	Tuesday+5: Fifth Tuesday in April
May 02*	Tue+5: Fifth Tuesday in April
May 02*	Fifth: Fifth Tuesday in April
May 02*	2 of every month
May 02 	5/2: May 2
May 02 	May. 2: May 2
May 02 	2 May: May 2
	May: continued
May 02*	Tuesday: Every Tuesday
