Nov 07*	Tuesday+1: First Tuesday
Nov 07*	Tue+1: First Tuesday
Nov 07*	Tuesday+1: First Tuesday in November
Nov 07*	Tue+1: First Tuesday in November
Nov 07*	First: First Tuesday in November
Nov 07*	Tuesday-4: Last (-4) Tuesday
Nov 07*	Tue-4: Last (-4) Tuesday
Nov 07*	7 of every month
Nov 07 	11/7: November 7
Nov 07 	Nov. 7: November 7
Nov 07 	7 November: November 7
	November: continued
Nov 07*	Tuesday: Every Tuesday
Nov 08*	Wednesday+2: Second Wednesday
Nov 08*	Wed+2: Second Wednesday
Nov 08*	Wednesday+2: Second Wednesday in November
Nov 08*	Wed+2: Second Wednesday in November
Nov 08*	Second: Second Wednesday in November
Nov 08*	Wednesday-4: Last (-4) Wednesday
Nov 08*	Wed-4: Last (-4) Wednesday
Nov 08*	8 of every month
Nov 08 	11/8: November 8
Nov 08 	Nov. 8: November 8
Nov 08 	8 November: November 8
	November: continued
Nov 08*	Wednesday: Every Wednesday
