Dec 04*	Monday+1: First Monday
Dec 04*	Mon+1: First Monday
Dec 04*	Monday+1: First Monday in December
Dec 04*	Mon+1: First Monday in December
Dec 04*	First: First Monday in December
Dec 04*	Monday-4: Last (-4) Monday
Dec 04*	Mon-4: Last (-4) Monday
Dec 04*	Monday+5: Fifth Monday in November
Dec 04*	Mon+5: Fifth Monday in November
Dec 04*	Fifth: Fifth Monday in November
Dec 04*	4 of every month
Dec 04 	12/4: December 4
Dec 04 	Dec. 4: December 4
Dec 04 	4 December: December 4
	December: continued
Dec 04*	Monday: Every Monday
Dec 05*	Tuesday+1: First Tuesday
Dec 05*	Tue+1: First Tuesday
Dec 05*	Tuesday+1: First Tuesday in December
Dec 05*	Tue+1: First Tuesday in December
Dec 05*	First: First Tuesday in December
Dec 05*	Tuesday-4: Last (-4) Tuesday
Dec 05*	Tue-4: Last (-4) Tuesday
Dec 05*	Tuesday+5: Fifth Tuesday in November
Dec 05*	Tue+5: Fifth Tuesday in November
Dec 05*	Fifth: Fifth Tuesday in November
Dec 05*	5 of every month
Dec 05 	12/5: December 5
Dec 05 	Dec. 5: December 5
Dec 05 	5 December: December 5
	December: continued
Dec 05*	Tuesday: Every Tuesday
