May 10*	Wednesday+2: Second Wednesday
May 10*	Wed+2: Second Wednesday
May 10*	Wednesday+2: Second Wednesday in May
May 10*	Wed+2: Second Wednesday in May
May 10*	Second: Second Wednesday in May
May 10*	Wednesday-4: Last (-4) Wednesday
May 10*	Wed-4: Last (-4) Wednesday
May 10*	10 of every month
May 10 	5/10: May 10
May 10 	May. 10: May 10
May 10 	10 May: May 10
	May: continued
May 10*	Wednesday: Every Wednesday
May 11*	Thursday+2: Second Thursday
May 11*	Thu+2: Second Thursday
May 11*	Thursday+2: Second Thursday in May
May 11*	Thu+2: Second Thursday in May
May 11*	Second: Second Thursday in May
May 11*	Thursday-3: Last (-3) Thursday
May 11*	Thu-3: Last (-3) Thursday
May 11*	11 of every month
May 11 	5/11: May 11
May 11 	May. 11: May 11
May 11 	11 May: May 11
	May: continued
May 11*	Thursday: Every Thursday
