Apr 02*	Sunday+1: First Sunday
Apr 02*	Sun+1: First Sunday
Apr 02*	Sunday+1: First Sunday in April
Apr 02*	Sun+1: First Sunday in April
Apr 02*	First: First Sunday in April
Apr 02*	Sunday+5: Fifth Sunday in March
Apr 02*	Sun+5: Fifth Sunday in March
Apr 02*	Fifth: Fifth Sunday in March
Apr 02*	2 of every month
Apr 02 	4/2: April 2
Apr 02 	Apr. 2: April 2
Apr 02 	2 April: April 2
	April: continued
Apr 02*	Sunday: Every Sunday
Apr 03*	Monday+1: First Monday
Apr 03*	Mon+1: First Monday
Apr 03*	Monday+1: First Monday in April
Apr 03*	Mon+1: First Monday in April
Apr 03*	First: First Monday in April
Apr 03*	Monday-4: Last (-4) Monday
Apr 03*	Mon-4: Last (-4) Monday
Apr 03*	Monday+5: Fifth Monday in March
Apr 03*	Mon+5: Fifth Monday in March
Apr 03*	Fifth: Fifth Monday in March
Apr 03*	3 of every month
Apr 03 	4/3: April 3
Apr 03 	Apr. 3: April 3
Apr 03 	3 April: April 3
	April: continued
Apr 03*	Monday: Every Monday
