May 11*	Thursday+2: Second Thursday
May 11*	Thu+2: Second Thursday
May 11*	Thursday+2: Second Thursday in May
May 11*	Thu+2: Second Thursday in May
May 11*	Second: Second Thursday in May
May 11*	Thursday-3: Last (-3) Thursday
May 11*	Thu-3: Last (-3) Thursday
May 11*	11 of every month
May 11 	5/11: May 11
May 11 	May. 11: May 11
May 11 	11 May: May 11
	May: continued
May 11*	Thursday: Every Thursday
May 12*	Friday+2: Second Friday
May 12*	Fri+2: Second Friday
May 12*	Friday+2: Second Friday in May
May 12*	Fri+2: Second Friday in May
May 12*	Second: Second Friday in May
May 12*	Friday-3: Last (-3) Friday
May 12*	Fri-3: Last (-3) Friday
May 12*	12 of every month
May 12 	5/12: May 12
May 12 	May. 12: May 12
May 12 	12 May: May 12
	May: continued
May 12*	Friday: Every Friday
