Oct 28*	Saturday-1: Last (-1) Saturday
Oct 28*	Sat-1: Last (-1) Saturday
Oct 28*	Saturday+4: Fourth Saturday
Oct 28*	Sat+4: Fourth Saturday
Oct 28*	Saturday+4: Fourth Saturday in October
Oct 28*	Sat+4: Fourth Saturday in October
Oct 28*	Fourth: Fourth Saturday in October
Oct 28*	28 of every month
Oct 28 	10/28: October 28
Oct 28 	Oct. 28: October 28
Oct 28 	28 October: October 28
	October: continued
Oct 28*	Saturday: Every Saturday
Oct 29*	Sunday-1: Last (-1) Sunday
Oct 29*	Sun-1: Last (-1) Sunday
Oct 29*	Sunday+5: Fifth Sunday
Oct 29*	Sun+5: Fifth Sunday
Oct 29*	Sunday+5: Fifth Sunday in October
Oct 29*	Sun+5: Fifth Sunday in October
Oct 29*	Fifth: Fifth Sunday in October
Oct 29*	29 of every month
Oct 29 	10/29: October 29
Oct 29 	Oct. 29: October 29
Oct 29 	29 October: October 29
	October: continued
Oct 29*	Sunday: Every Sunday
