Feb 28*	Tuesday-1: Last (-1) Tuesday
Feb 28*	Tue-1: Last (-1) Tuesday
Feb 28*	Tuesday+4: Fourth Tuesday
Feb 28*	Tue+4: Fourth Tuesday
Feb 28*	Tuesday+4: Fourth Tuesday in February
Feb 28*	Tue+4: Fourth Tuesday in February
Feb 28*	Fourth: Fourth Tuesday in February
Feb 28*	28 of every month
Feb 28 	2/28: February 28
Feb 28 	Feb. 28: February 28
Feb 28 	28 February: February 28
	February: continued
Feb 28*	Tuesday: Every Tuesday
Mar 01*	Wednesday+1: First Wednesday
Mar 01*	Wed+1: First Wednesday
Mar 01*	Wednesday+1: First Wednesday in March
Mar 01*	Wed+1: First Wednesday in March
Mar 01*	First: First Wednesday in March
Mar 01*	Wednesday+5: Fifth Wednesday in February
Mar 01*	Wed+5: Fifth Wednesday in February
Mar 01*	Fifth: Fifth Wednesday in February
Mar 01*	1 of every month
Mar 01 	3/1: March 1
Mar 01 	Mar. 1: March 1
Mar 01 	1 March: March 1
	March: continued
Mar 01 	2/29: February 29
Mar 01 	Feb. 29: February 29
Mar 01 	29 February: February 29
	February: continued
Mar 01*	*: Beginning of every month
Mar 01*	Wednesday: Every Wednesday
Mar 01 	March: Every March 1st
