Jun 04*	Sunday+1: First Sunday
Jun 04*	Sun+1: First Sunday
Jun 04*	Sunday+1: First Sunday in June
Jun 04*	Sun+1: First Sunday in June
Jun 04*	First: First Sunday in June
Jun 04*	Sunday-4: Last (-4) Sunday
Jun 04*	Sun-4: Last (-4) Sunday
Jun 04*	Sunday+5: Fifth Sunday in May
Jun 04*	Sun+5: Fifth Sunday in May
Jun 04*	Fifth: Fifth Sunday in May
Jun 04*	4 of every month
Jun 04 	6/4: June 4
Jun 04 	Jun. 4: June 4
Jun 04 	4 June: June 4
	June: continued
Jun 04*	Sunday: Every Sunday
Jun 05*	Monday+1: First Monday
Jun 05*	Mon+1: First Monday
Jun 05*	Monday+1: First Monday in June
Jun 05*	Mon+1: First Monday in June
Jun 05*	First: First Monday in June
Jun 05*	Monday-4: Last (-4) Monday
Jun 05*	Mon-4: Last (-4) Monday
Jun 05*	5 of every month
Jun 05 	6/5: June 5
Jun 05 	Jun. 5: June 5
Jun 05 	5 June: June 5
	June: continued
Jun 05*	Monday: Every Monday
