Jan 17*	Tuesday+3: Third Tuesday
Jan 17*	Tue+3: Third Tuesday
Jan 17*	Tuesday-3: Last (-3) Tuesday
Jan 17*	Tue-3: Last (-3) Tuesday
Jan 17*	Tuesday+3: Third Tuesday in January
Jan 17*	Tue+3: Third Tuesday in January
Jan 17*	Third: Third Tuesday in January
Jan 17*	17 of every month
Jan 17 	1/17: January 17
Jan 17 	Jan. 17: January 17
Jan 17 	17 January: January 17
	January: continued
Jan 17*	Tuesday: Every Tuesday
Jan 18*	Wednesday-2: Last (-2) Wednesday
Jan 18*	Wed-2: Last (-2) Wednesday
Jan 18*	Wednesday+3: Third Wednesday
Jan 18*	Wed+3: Third Wednesday
Jan 18*	Wednesday+3: Third Wednesday in January
Jan 18*	Wed+3: Third Wednesday in January
Jan 18*	Third: Third Wednesday in January
Jan 18*	18 of every month
Jan 18 	1/18: January 18
Jan 18 	Jan. 18: January 18
Jan 18 	18 January: January 18
	January: continued
Jan 18*	Wednesday: Every Wednesday
