Feb 01*	Wednesday+1: First Wednesday
Feb 01*	Wed+1: First Wednesday
Feb 01*	Wednesday+1: First Wednesday in February
Feb 01*	Wed+1: First Wednesday in February
Feb 01*	First: First Wednesday in February
Feb 01*	Wednesday-4: Last (-4) Wednesday
Feb 01*	Wed-4: Last (-4) Wednesday
Feb 01*	Wednesday+5: Fifth Wednesday in January
Feb 01*	Wed+5: Fifth Wednesday in January
Feb 01*	Fifth: Fifth Wednesday in January
Feb 01*	1 of every month
Feb 01 	2/1: February 1
Feb 01 	Feb. 1: February 1
Feb 01 	1 February: February 1
	February: continued
Feb 01*	*: Beginning of every month
Feb 01*	Wednesday: Every Wednesday
Feb 01 	February: Every February 1st
Feb 02*	Thursday+1: First Thursday
Feb 02*	Thu+1: First Thursday
Feb 02*	Thursday+1: First Thursday in February
Feb 02*	Thu+1: First Thursday in February
Feb 02*	First: First Thursday in February
Feb 02*	Thursday-4: Last (-4) Thursday
Feb 02*	Thu-4: Last (-4) Thursday
Feb 02*	Thursday+5: Fifth Thursday in January
Feb 02*	Thu+5: Fifth Thursday in January
Feb 02*	Fifth: Fifth Thursday in January
Feb 02*	2 of every month
Feb 02 	2/2: February 2
Feb 02 	Feb. 2: February 2
Feb 02 	2 February: February 2
	February: continued
Feb 02*	Thursday: Every Thursday
