Jun 02*	Friday+1: First Friday
Jun 02*	Fri+1: First Friday
Jun 02*	Friday+1: First Friday in June
Jun 02*	Fri+1: First Friday in June
Jun 02*	First: First Friday in June
Jun 02*	Friday+5: Fifth Friday in May
Jun 02*	Fri+5: Fifth Friday in May
Jun 02*	Fifth: Fifth Friday in May
Jun 02*	2 of every month
Jun 02 	6/2: June 2
Jun 02 	Jun. 2: June 2
Jun 02 	2 June: June 2
	June: continued
Jun 02*	Friday: Every Friday
Jun 03*	Saturday+1: First Saturday
Jun 03*	Sat+1: First Saturday
Jun 03*	Saturday+1: First Saturday in June
Jun 03*	Sat+1: First Saturday in June
Jun 03*	First: First Saturday in June
Jun 03*	Saturday-4: Last (-4) Saturday
Jun 03*	Sat-4: Last (-4) Saturday
Jun 03*	Saturday+5: Fifth Saturday in May
Jun 03*	Sat+5: Fifth Saturday in May
Jun 03*	Fifth: Fifth Saturday in May
Jun 03*	3 of every month
Jun 03 	6/3: June 3
Jun 03 	Jun. 3: June 3
Jun 03 	3 June: June 3
	June: continued
Jun 03*	Saturday: Every Saturday
Jun 04*	Sunday+1: First Sunday
Jun 04*	Sun+1: First Sunday
Jun 04*	Sunday+1: First Sunday in June
Jun 04*	Sun+1: First Sunday in June
Jun 04*	First: First Sunday in June
Jun 04*	Sunday-4: Last (-4) Sunday
Jun 04*	Sun-4: Last (-4) Sunday
Jun 04*	Sunday+5: Fifth Sunday in May
Jun 04*	Sun+5: Fifth Sunday in May
Jun 04*	Fifth: Fifth Sunday in May
Jun 04*	4 of every month
Jun 04 	6/4: June 4
Jun 04 	Jun. 4: June 4
Jun 04 	4 June: June 4
	June: continued
Jun 04*	Sunday: Every Sunday
Jun 05*	Monday+1: First Monday
Jun 05*	Mon+1: First Monday
Jun 05*	Monday+1: First Monday in June
Jun 05*	Mon+1: First Monday in June
Jun 05*	First: First Monday in June
Jun 05*	Monday-4: Last (-4) Monday
Jun 05*	Mon-4: Last (-4) Monday
Jun 05*	5 of every month
Jun 05 	6/5: June 5
Jun 05 	Jun. 5: June 5
Jun 05 	5 June: June 5
	June: continued
Jun 05*	Monday: Every Monday
