Feb 27*	Monday-1: Last (-1) Monday
Feb 27*	Mon-1: Last (-1) Monday
Feb 27*	Monday+4: Fourth Monday
Feb 27*	Mon+4: Fourth Monday
Feb 27*	Monday+4: Fourth Monday in February
Feb 27*	Mon+4: Fourth Monday in February
Feb 27*	Fourth: Fourth Monday in February
Feb 27*	27 of every month
Feb 27 	2/27: February 27
Feb 27 	Feb. 27: February 27
Feb 27 	27 February: February 27
	February: continued
Feb 27*	Monday: Every Monday
Feb 28*	Tuesday-1: Last (-1) Tuesday
Feb 28*	Tue-1: Last (-1) Tuesday
Feb 28*	Tuesday+4: Fourth Tuesday
Feb 28*	Tue+4: Fourth Tuesday
Feb 28*	Tuesday+4: Fourth Tuesday in February
Feb 28*	Tue+4: Fourth Tuesday in February
Feb 28*	Fourth: Fourth Tuesday in February
Feb 28*	28 of every month
Feb 28 	2/28: February 28
Feb 28 	Feb. 28: February 28
Feb 28 	28 February: February 28
	February: continued
Feb 28*	Tuesday: Every Tuesday
