Feb 02*	Thursday+1: First Thursday
Feb 02*	Thu+1: First Thursday
Feb 02*	Thursday+1: First Thursday in February
Feb 02*	Thu+1: First Thursday in February
Feb 02*	First: First Thursday in February
Feb 02*	Thursday-4: Last (-4) Thursday
Feb 02*	Thu-4: Last (-4) Thursday
Feb 02*	Thursday+5: Fifth Thursday in January
Feb 02*	Thu+5: Fifth Thursday in January
Feb 02*	Fifth: Fifth Thursday in January
Feb 02*	2 of every month
Feb 02 	2/2: February 2
Feb 02 	Feb. 2: February 2
Feb 02 	2 February: February 2
	February: continued
Feb 02*	Thursday: Every Thursday
Feb 03*	Friday+1: First Friday
Feb 03*	Fri+1: First Friday
Feb 03*	Friday+1: First Friday in February
Feb 03*	Fri+1: First Friday in February
Feb 03*	First: First Friday in February
Feb 03*	Friday-4: Last (-4) Friday
Feb 03*	Fri-4: Last (-4) Friday
Feb 03*	Friday+5: Fifth Friday in January
Feb 03*	Fri+5: Fifth Friday in January
Feb 03*	Fifth: Fifth Friday in January
Feb 03*	3 of every month
Feb 03 	2/3: February 3
Feb 03 	Feb. 3: February 3
Feb 03 	3 February: February 3
	February: continued
Feb 03*	Friday: Every Friday
