Jul 21*	Friday-2: Last (-2) Friday
Jul 21*	Fri-2: Last (-2) Friday
Jul 21*	Friday+3: Third Friday
Jul 21*	Fri+3: Third Friday
Jul 21*	Friday+3: Third Friday in July
Jul 21*	Fri+3: Third Friday in July
Jul 21*	Third: Third Friday in July
Jul 21*	21 of every month
Jul 21 	7/21: July 21
Jul 21 	Jul. 21: July 21
Jul 21 	21 July: July 21
	July: continued
Jul 21*	Friday: Every Friday
Jul 22*	Saturday-2: Last (-2) Saturday
Jul 22*	Sat-2: Last (-2) Saturday
Jul 22*	Saturday+4: Fourth Saturday
Jul 22*	Sat+4: Fourth Saturday
Jul 22*	Saturday+4: Fourth Saturday in July
Jul 22*	Sat+4: Fourth Saturday in July
Jul 22*	Fourth: Fourth Saturday in July
Jul 22*	22 of every month
Jul 22 	7/22: July 22
Jul 22 	Jul. 22: July 22
Jul 22 	22 July: July 22
	July: continued
Jul 22*	Saturday: Every Saturday
Jul 23*	Sunday-2: Last (-2) Sunday
Jul 23*	Sun-2: Last (-2) Sunday
Jul 23*	Sunday+4: Fourth Sunday
Jul 23*	Sun+4: Fourth Sunday
Jul 23*	Sunday+4: Fourth Sunday in July
Jul 23*	Sun+4: Fourth Sunday in July
Jul 23*	Fourth: Fourth Sunday in July
Jul 23*	23 of every month
Jul 23 	7/23: July 23
Jul 23 	Jul. 23: July 23
Jul 23 	23 July: July 23
	July: continued
Jul 23*	Sunday: Every Sunday
Jul 24*	Monday-2: Last (-2) Monday
Jul 24*	Mon-2: Last (-2) Monday
Jul 24*	Monday+4: Fourth Monday
Jul 24*	Mon+4: Fourth Monday
Jul 24*	Monday+4: Fourth Monday in July
Jul 24*	Mon+4: Fourth Monday in July
Jul 24*	Fourth: Fourth Monday in July
Jul 24*	24 of every month
Jul 24 	7/24: July 24
Jul 24 	Jul. 24: July 24
Jul 24 	24 July: July 24
	July: continued
Jul 24*	Monday: Every Monday
