Aug 18*	Friday-2: Last (-2) Friday
Aug 18*	Fri-2: Last (-2) Friday
Aug 18*	Friday+3: Third Friday
Aug 18*	Fri+3: Third Friday
Aug 18*	Friday+3: Third Friday in August
Aug 18*	Fri+3: Third Friday in August
Aug 18*	Third: Third Friday in August
Aug 18*	18 of every month
Aug 18*	Friday: Every Friday
Aug 19*	Saturday-2: Last (-2) Saturday
Aug 19*	Sat-2: Last (-2) Saturday
Aug 19*	Saturday+3: Third Saturday
Aug 19*	Sat+3: Third Saturday
Aug 19*	Saturday+3: Third Saturday in August
Aug 19*	Sat+3: Third Saturday in August
Aug 19*	Third: Third Saturday in August
Aug 19*	19 of every month
Aug 19*	Saturday: Every Saturday
Aug 20*	Sunday-2: Last (-2) Sunday
Aug 20*	Sun-2: Last (-2) Sunday
Aug 20*	Sunday+3: Third Sunday
Aug 20*	Sun+3: Third Sunday
Aug 20*	Sunday+3: Third Sunday in August
Aug 20*	Sun+3: Third Sunday in August
Aug 20*	Third: Third Sunday in August
Aug 20*	20 of every month
Aug 20*	Sunday: Every Sunday
Aug 21*	Monday-2: Last (-2) Monday
Aug 21*	Mon-2: Last (-2) Monday
Aug 21*	Monday+3: Third Monday
Aug 21*	Mon+3: Third Monday
Aug 21*	Monday+3: Third Monday in August
Aug 21*	Mon+3: Third Monday in August
Aug 21*	Third: Third Monday in August
Aug 21*	21 of every month
Aug 21*	Monday: Every Monday
