Dec 11*	Monday+2: Second Monday
Dec 11*	Mon+2: Second Monday
Dec 11*	Monday+2: Second Monday in December
Dec 11*	Mon+2: Second Monday in December
Dec 11*	Second: Second Monday in December
Dec 11*	Monday-3: Last (-3) Monday
Dec 11*	Mon-3: Last (-3) Monday
Dec 11*	11 of every month
Dec 11 	12/11: December 11
Dec 11 	Dec. 11: December 11
Dec 11 	11 December: December 11
	December: continued
Dec 11*	Monday: Every Monday
Dec 12*	Tuesday+2: Second Tuesday
Dec 12*	Tue+2: Second Tuesday
Dec 12*	Tuesday+2: Second Tuesday in December
Dec 12*	Tue+2: Second Tuesday in December
Dec 12*	Second: Second Tuesday in December
Dec 12*	Tuesday-3: Last (-3) Tuesday
Dec 12*	Tue-3: Last (-3) Tuesday
Dec 12*	12 of every month
Dec 12 	12/12: December 12
Dec 12 	Dec. 12: December 12
Dec 12 	12 December: December 12
	December: continued
Dec 12*	Tuesday: Every Tuesday
