Mar 28*	Tuesday-1: Last (-1) Tuesday
Mar 28*	Tue-1: Last (-1) Tuesday
Mar 28*	Tuesday+4: Fourth Tuesday
Mar 28*	Tue+4: Fourth Tuesday
Mar 28*	Tuesday+4: Fourth Tuesday in March
Mar 28*	Tue+4: Fourth Tuesday in March
Mar 28*	Fourth: Fourth Tuesday in March
Mar 28*	28 of every month
Mar 28 	3/28: March 28
Mar 28 	Mar. 28: March 28
Mar 28 	28 March: March 28
	March: continued
Mar 28*	Tuesday: Every Tuesday
Mar 29*	Wednesday-1: Last (-1) Wednesday
Mar 29*	Wed-1: Last (-1) Wednesday
Mar 29*	Wednesday+5: Fifth Wednesday
Mar 29*	Wed+5: Fifth Wednesday
Mar 29*	Wednesday+5: Fifth Wednesday in March
Mar 29*	Wed+5: Fifth Wednesday in March
Mar 29*	Fifth: Fifth Wednesday in March
Mar 29*	29 of every month
Mar 29 	3/29: March 29
Mar 29 	Mar. 29: March 29
Mar 29 	29 March: March 29
	March: continued
Mar 29*	Wednesday: Every Wednesday
