Oct 18*	Wednesday-2: Last (-2) Wednesday
Oct 18*	Wed-2: Last (-2) Wednesday
Oct 18*	Wednesday+3: Third Wednesday
Oct 18*	Wed+3: Third Wednesday
Oct 18*	Wednesday+3: Third Wednesday in October
Oct 18*	Wed+3: Third Wednesday in October
Oct 18*	Third: Third Wednesday in October
Oct 18*	18 of every month
Oct 18 	10/18: October 18
Oct 18 	Oct. 18: October 18
Oct 18 	18 October: October 18
	October: continued
Oct 18*	Wednesday: Every Wednesday
Oct 19*	Thursday-2: Last (-2) Thursday
Oct 19*	Thu-2: Last (-2) Thursday
Oct 19*	Thursday+3: Third Thursday
Oct 19*	Thu+3: Third Thursday
Oct 19*	Thursday+3: Third Thursday in October
Oct 19*	Thu+3: Third Thursday in October
Oct 19*	Third: Third Thursday in October
Oct 19*	19 of every month
Oct 19 	10/19: October 19
Oct 19 	Oct. 19: October 19
Oct 19 	19 October: October 19
	October: continued
Oct 19*	Thursday: Every Thursday
