Jun 18*	Sunday-2: Last (-2) Sunday
Jun 18*	Sun-2: Last (-2) Sunday
Jun 18*	Sunday+3: Third Sunday
Jun 18*	Sun+3: Third Sunday
Jun 18*	Sunday+3: Third Sunday in June
Jun 18*	Sun+3: Third Sunday in June
Jun 18*	Third: Third Sunday in June
Jun 18*	18 of every month
Jun 18 	6/18: June 18
Jun 18 	Jun. 18: June 18
Jun 18 	18 June: June 18
	June: continued
Jun 18*	Sunday: Every Sunday
Jun 19*	Monday-2: Last (-2) Monday
Jun 19*	Mon-2: Last (-2) Monday
Jun 19*	Monday+3: Third Monday
Jun 19*	Mon+3: Third Monday
Jun 19*	Monday+3: Third Monday in June
Jun 19*	Mon+3: Third Monday in June
Jun 19*	Third: Third Monday in June
Jun 19*	19 of every month
Jun 19 	6/19: June 19
Jun 19 	Jun. 19: June 19
Jun 19 	19 June: June 19
	June: continued
Jun 19*	Monday: Every Monday
