Jan 06*	Friday+1: First Friday
Jan 06*	Fri+1: First Friday
Jan 06*	Friday+1: First Friday in January
Jan 06*	Fri+1: First Friday in January
Jan 06*	First: First Friday in January
Jan 06*	Friday-4: Last (-4) Friday
Jan 06*	Fri-4: Last (-4) Friday
Jan 06*	6 of every month
Jan 06 	1/6: January 6
Jan 06 	Jan. 6: January 6
Jan 06 	6 January: January 6
	January: continued
Jan 06*	Friday: Every Friday
Jan 07*	Saturday+1: First Saturday
Jan 07*	Sat+1: First Saturday
Jan 07*	Saturday+1: First Saturday in January
Jan 07*	Sat+1: First Saturday in January
Jan 07*	First: First Saturday in January
Jan 07*	Saturday-4: Last (-4) Saturday
Jan 07*	Sat-4: Last (-4) Saturday
Jan 07*	7 of every month
Jan 07 	1/7: January 7
Jan 07 	Jan. 7: January 7
Jan 07 	7 January: January 7
	January: continued
Jan 07*	Saturday: Every Saturday
Jan 08*	Sunday+2: Second Sunday
Jan 08*	Sun+2: Second Sunday
Jan 08*	Sunday+2: Second Sunday in January
Jan 08*	Sun+2: Second Sunday in January
Jan 08*	Second: Second Sunday in January
Jan 08*	Sunday-4: Last (-4) Sunday
Jan 08*	Sun-4: Last (-4) Sunday
Jan 08*	8 of every month
Jan 08 	1/8: January 8
Jan 08 	Jan. 8: January 8
Jan 08 	8 January: January 8
	January: continued
Jan 08*	Sunday: Every Sunday
Jan 09*	Monday+2: Second Monday
Jan 09*	Mon+2: Second Monday
Jan 09*	Monday+2: Second Monday in January
Jan 09*	Mon+2: Second Monday in January
Jan 09*	Second: Second Monday in January
Jan 09*	Monday-4: Last (-4) Monday
Jan 09*	Mon-4: Last (-4) Monday
Jan 09*	9 of every month
Jan 09 	1/9: January 9
Jan 09 	Jan. 9: January 9
Jan 09 	9 January: January 9
	January: continued
Jan 09*	Monday: Every Monday
