Oct 07*	Saturday+1: First Saturday
Oct 07*	Sat+1: First Saturday
Oct 07*	Saturday+1: First Saturday in October
Oct 07*	Sat+1: First Saturday in October
Oct 07*	First: First Saturday in October
Oct 07*	Saturday-4: Last (-4) Saturday
Oct 07*	Sat-4: Last (-4) Saturday
Oct 07*	7 of every month
Oct 07 	10/7: October 7
Oct 07 	Oct. 7: October 7
Oct 07 	7 October: October 7
	October: continued
Oct 07*	Saturday: Every Saturday
Oct 08*	Sunday+2: Second Sunday
Oct 08*	Sun+2: Second Sunday
Oct 08*	Sunday+2: Second Sunday in October
Oct 08*	Sun+2: Second Sunday in October
Oct 08*	Second: Second Sunday in October
Oct 08*	Sunday-4: Last (-4) Sunday
Oct 08*	Sun-4: Last (-4) Sunday
Oct 08*	8 of every month
Oct 08 	10/8: October 8
Oct 08 	Oct. 8: October 8
Oct 08 	8 October: October 8
	October: continued
Oct 08*	Sunday: Every Sunday
