This file contains any messages produced by compilers while
running configure, to aid debugging if configure makes a mistake.

configure:539: checking for gcc
configure:616: checking whether the C compiler (gcc  ) works
configure:630: gcc -o conftest    conftest.c  1>&5
configure:650: checking whether the C compiler (gcc  ) is a cross-compiler
configure:655: checking whether we are using GNU C
configure:679: checking whether gcc accepts -g
configure:711: checking for c++
configure:742: checking whether the C++ compiler (c++  ) works
configure:756: c++ -o conftest    conftest.C  1>&5
configure:782: checking whether the C++ compiler (c++  ) is a cross-compiler
configure:787: checking whether we are using GNU C++
configure:811: checking whether c++ accepts -g
configure:839: checking compiler availability and simple error detection
configure:848: gcc -c -g -O2  conftest.c 1>&5
configure:859: gcc -c -g -O2  conftest.c 1>&5
configure: In function `main':
configure:855: `syntax' undeclared (first use this function)
configure:855: (Each undeclared identifier is reported only once
configure:855: for each function it appears in.)
configure:855: parse error before `errors'
configure: failed program was:
#line 852 "configure"
#include "confdefs.h"

int main() {
 syntax errors galore! 
; return 0; }
configure:889: gcc -c -g -O2  conftest.c 1>&5
configure:910: gcc -c -g -O2  conftest.c 1>&5
configure: In function `main':
configure:905: conflicting types for `i'
configure:904: previous declaration of `i'
configure: failed program was:
#line 899 "configure"
#include "confdefs.h"

int main() {

  typedef long Long;
  extern int i;
  extern Long i;

; return 0; }
configure:925: checking how to run the C preprocessor
configure:989: checking for ranlib
configure:1065: checking host system type
configure:1086: checking target system type
configure:1104: checking build system type
configure:1326: checking for sys/termio.h
configure:1326: checking for termios.h
configure:1326: checking for termio.h
configure:1326: checking for alloc.h
configure:1365: checking for va_list.h
configure:1404: checking for syscall.h
configure:1404: checking for sys/syscall.h
configure:1404: checking for sys/filio.h
configure:1460: checking for syscall open
configure:1460: checking for syscall write
configure:1460: checking for syscall read
configure:1460: checking for syscall creat
configure:1460: checking for syscall close
configure:1460: checking for syscall fcntl
configure:1460: checking for syscall lseek
configure:1460: checking for syscall dup2
configure:1460: checking for syscall dup
configure:1460: checking for syscall pipe
configure:1460: checking for syscall fchmod
configure:1460: checking for syscall fchown
configure:1460: checking for syscall execve
configure:1460: checking for syscall fstat
configure:1460: checking for syscall lstat
configure:1460: checking for syscall link
configure:1460: checking for syscall unlink
configure:1460: checking for syscall chdir
configure:1460: checking for syscall chown
configure:1460: checking for syscall chmod
configure:1460: checking for syscall stat
configure:1460: checking for syscall rename
configure:1460: checking for syscall select
configure:1460: checking for syscall getdtablesize
configure:1460: checking for syscall ioctl
configure:1460: checking for syscall ftruncate
configure:1460: checking for syscall flock
configure:1460: checking for syscall fstatfs
configure:1460: checking for syscall sigsuspend
configure:1460: checking for syscall sigaction
configure:1460: checking for syscall sigpause
configure:1460: checking for syscall sigprocmask
configure:1460: checking for syscall ksigaction
configure:1460: checking for syscall getdents
configure:1460: checking for syscall readdir
configure:1460: checking for syscall getdirentries
configure:1460: checking for syscall wait4
configure:1460: checking for syscall wait3
configure:1460: checking for syscall waitpid
configure:1460: checking for syscall waitsys
configure:1460: checking for syscall socket
configure:1460: checking for syscall bind
configure:1460: checking for syscall connect
configure:1460: checking for syscall accept
configure:1460: checking for syscall listen
configure:1460: checking for syscall getsockopt
configure:1460: checking for syscall setsockopt
configure:1460: checking for syscall socketpair
configure:1460: checking for syscall poll
configure:1460: checking for syscall putmsg
configure:1460: checking for syscall getmsg
configure:1460: checking for syscall socketcall
configure:1460: checking for syscall pgrpsys
configure:1460: checking for syscall exit
configure:1460: checking for syscall readv
configure:1460: checking for syscall writev
configure:1460: checking for syscall send
configure:1460: checking for syscall sendto
configure:1460: checking for syscall sendmsg
configure:1460: checking for syscall recv
configure:1460: checking for syscall recvfrom
configure:1460: checking for syscall recvmsg
configure:1460: checking for syscall getpeername
configure:1460: checking for syscall getsockname
configure:1460: checking for syscall shutdown
configure:1460: checking for syscall getpgrp
configure:1460: checking for syscall fork
configure:1521: checking for ANSI C header files
configure:1625: checking for off_t
configure:1658: checking for size_t
configure:1691: checking return type of signal handlers
configure:1732: checking for ssize_t
configure:1765: checking for time_t
configure:1801: checking for sys/time.h
configure:1838: checking whether time.h and sys/time.h may both be included
configure:1874: checking for struct timespec in sys/time.h
configure:1909: checking type of size_t
configure:1972: checking type of ssize_t
configure:2031: checking type of clock_t
configure:2106: checking type of time_t
configure:2180: checking for fpos_t in stdio.h
configure:2208: checking type of fpos_t
configure:2281: checking type of off_t
configure:2343: checking type of va_list
configure:2397: checking IP address type
configure:2456: checking IP port type
configure:2515: checking pathname for terminal devices directory
configure:2535: checking directory name for time zone info
configure:2558: checking filename for local time zone
configure:2614: checking for vfork
