.3
.333333333333333333333
10540925533.8945977
35136418288201442531112223816998829391748408772394003368165480068665\
646116465388194949300644461
0
1
1
1
2
2
2
2
2
3
3
3
3
3
3
3
4
4
4
4
4
4
4
4
4
5
5
5
5
5
5
5
5
5
5
5
6
6
6
6
6
6
6
6
6
6
6
6
6
7
7
7
7
7
7
7
7
7
7
7
7
7
7
7
8
8
8
8
8
8
8
8
8
8
8
8
8
8
8
8
8
9
9
9
9
9
9
9
9
9
9
9
9
9
9
9
9
9
9
9
10
10
10
10
10
10
10
10
10
10
10
10
10
10
10
10
10
10
10
10
10
11
11
11
11
11
11
11
11
11
11
11
11
11
11
11
11
11
11
11
11
11
11
11
12
12
12
12
12
12
12
12
12
12
12
12
12
12
12
12
12
12
12
12
12
12
12
12
12
13
13
13
13
13
13
13
13
13
13
13
13
13
13
13
13
13
13
13
13
13
13
13
13
13
13
13
14
14
14
14
14
14
14
14
14
14
14
14
14
14
14
14
14
14
14
14
14
14
14
14
14
14
14
14
14
15
15
15
15
15
15
15
15
15
15
15
15
15
15
15
15
15
15
15
15
15
15
15
15
15
15
15
15
15
15
15
16
16
16
16
16
16
16
16
16
16
16
16
16
16
16
16
16
16
16
16
16
16
16
16
16
16
16
16
16
16
16
16
16
17
17
17
17
17
17
17
17
17
17
17
17
17
17
17
17
17
17
17
17
17
17
17
17
17
17
17
17
17
17
17
17
17
17
17
18
18
18
18
18
18
18
18
18
18
18
18
18
18
18
18
18
18
18
18
18
18
18
18
18
18
18
18
18
18
18
18
18
18
18
18
18
19
19
19
19
19
19
19
19
19
19
19
19
19
19
19
19
19
19
19
19
19
19
19
19
19
19
19
19
19
19
19
19
19
19
19
19
19
19
19
20
20
20
20
20
20
20
20
20
20
20
20
20
20
20
20
20
20
20
20
20
20
20
20
20
20
20
20
20
20
20
20
20
20
20
20
20
20
20
20
20
21
21
21
21
21
21
21
21
21
21
21
21
21
21
21
21
21
21
21
21
21
21
21
21
21
21
21
21
21
21
21
21
21
21
21
21
21
21
21
21
21
21
21
22
22
22
22
22
22
22
22
22
22
22
22
22
22
22
22
22
22
22
22
22
22
22
22
22
22
22
22
22
22
22
22
22
22
22
22
22
22
22
22
22
22
22
22
22
23
23
23
23
23
23
23
23
23
23
23
23
23
23
23
23
23
23
23
23
23
23
23
23
23
23
23
23
23
23
23
23
23
23
23
23
23
23
23
23
23
23
23
23
23
23
23
24
24
24
24
24
24
24
24
24
24
24
24
24
24
24
24
24
24
24
24
24
24
24
24
24
24
24
24
24
24
24
24
24
24
24
24
24
24
24
24
24
24
24
24
24
24
24
24
24
25
25
25
25
25
25
25
25
25
25
25
25
25
25
25
25
25
25
25
25
25
25
25
25
25
25
25
25
25
25
25
25
25
25
25
25
25
25
25
25
25
25
25
25
25
25
25
25
25
25
25
26
26
26
26
26
26
26
26
26
26
26
26
26
26
26
26
26
26
26
26
26
26
26
26
26
26
26
26
26
26
26
26
26
26
26
26
26
26
26
26
26
26
26
26
26
26
26
26
26
26
26
26
26
27
27
27
27
27
27
27
27
27
27
27
27
27
27
27
27
27
27
27
27
27
27
27
27
27
27
27
27
27
27
27
27
27
27
27
27
27
27
27
27
27
27
27
27
27
27
27
27
27
27
27
27
27
27
27
28
28
28
28
28
28
28
28
28
28
28
28
28
28
28
28
28
28
28
28
28
28
28
28
28
28
28
28
28
28
28
28
28
28
28
28
28
28
28
28
28
28
28
28
28
28
28
28
28
28
28
28
28
28
28
28
28
29
29
29
29
29
29
29
29
29
29
29
29
29
29
29
29
29
29
29
29
29
29
29
29
29
29
29
29
29
29
29
29
29
29
29
29
29
29
29
29
29
29
29
29
29
29
29
29
29
29
29
29
29
29
29
29
29
29
29
30
30
30
30
30
30
30
30
30
30
30
30
30
30
30
30
30
30
30
30
30
30
30
30
30
30
30
30
30
30
30
30
30
30
30
30
30
30
30
30
30
30
30
30
30
30
30
30
30
30
30
30
30
30
30
30
30
30
30
30
30
31
31
31
31
31
31
31
31
31
31
31
31
31
31
31
31
31
31
31
31
31
31
31
31
31
31
31
31
31
31
31
31
31
31
31
31
31
31
31
31
31
31
31
31
31
31
31
31
31
31
31
31
31
31
31
31
31
31
31
31
31
31
31
32
32
32
32
32
32
32
32
32
32
32
32
32
32
32
32
32
32
32
32
32
32
32
32
32
32
32
32
32
32
32
32
32
32
32
32
32
32
32
32
32
32
32
32
32
32
32
32
32
32
32
32
32
32
32
32
32
32
32
32
32
32
32
32
32
33
33
33
33
33
33
33
33
33
33
33
33
33
33
33
33
33
33
33
33
33
33
33
33
33
33
33
33
33
33
33
33
33
33
33
33
33
33
33
33
33
33
33
33
33
33
33
33
33
33
33
33
33
33
33
33
33
33
33
33
33
33
33
33
33
33
33
34
34
34
34
34
34
34
34
34
34
34
34
34
34
34
34
34
34
34
34
34
34
34
34
34
34
34
34
34
34
34
34
34
34
34
34
34
34
34
34
34
34
34
34
34
34
34
34
34
34
34
34
34
34
34
34
34
34
34
34
34
34
34
34
34
34
34
34
34
35
35
35
35
35
35
35
35
35
35
35
35
35
35
35
35
35
35
35
35
35
35
35
35
35
35
35
35
35
35
35
35
35
35
35
35
35
35
35
35
35
35
35
35
35
35
35
35
35
35
35
35
35
35
35
35
35
35
35
35
35
35
35
35
35
35
35
35
35
35
35
36
36
36
36
36
36
36
36
36
36
36
36
36
36
36
36
36
36
36
36
36
36
36
36
36
36
36
36
36
36
36
36
36
36
36
36
36
36
36
36
36
36
36
36
36
36
36
36
36
36
36
36
36
36
36
36
36
36
36
36
36
36
36
36
36
36
36
36
36
36
36
36
36
37
37
37
37
37
37
37
37
37
37
37
37
37
37
37
37
37
37
37
37
37
37
37
37
37
37
37
37
37
37
37
37
37
37
37
37
37
37
37
37
37
37
37
37
37
37
37
37
37
37
37
37
37
37
37
37
37
37
37
37
37
37
37
37
37
37
37
37
37
37
37
37
37
37
37
38
38
38
38
38
38
38
38
38
38
38
38
38
38
38
38
38
38
38
38
38
38
38
38
38
38
38
38
38
38
38
38
38
38
38
38
38
38
38
38
38
38
38
38
38
38
38
38
38
38
38
38
38
38
38
38
38
38
38
38
38
38
38
38
38
38
38
38
38
38
38
38
38
38
38
38
38
39
39
39
39
39
39
39
39
39
39
39
39
39
39
39
39
39
39
39
39
39
39
39
39
39
39
39
39
39
39
39
39
39
39
39
39
39
39
39
39
39
39
39
39
39
39
39
39
39
39
39
39
39
39
39
39
39
39
39
39
39
39
39
39
39
39
39
39
39
39
39
39
39
39
39
39
39
39
39
40
40
40
40
40
40
40
40
40
40
40
40
40
40
40
40
40
40
40
40
40
40
40
40
40
40
40
40
40
40
40
40
40
40
40
40
40
40
40
40
40
40
40
40
40
40
40
40
40
40
40
40
40
40
40
40
40
40
40
40
40
40
40
40
40
40
40
40
40
40
40
40
40
40
40
40
40
40
40
40
40
41
41
41
41
41
41
41
41
41
41
41
41
41
41
41
41
41
41
41
41
41
41
41
41
41
41
41
41
41
41
41
41
41
41
41
41
41
41
41
41
41
41
41
41
41
41
41
41
41
41
41
41
41
41
41
41
41
41
41
41
41
41
41
41
41
41
41
41
41
41
41
41
41
41
41
41
41
41
41
41
41
41
41
42
42
42
42
42
42
42
42
42
42
42
42
42
42
42
42
42
42
42
42
42
42
42
42
42
42
42
42
42
42
42
42
42
42
42
42
42
42
42
42
42
42
42
42
42
42
42
42
42
42
42
42
42
42
42
42
42
42
42
42
42
42
42
42
42
42
42
42
42
42
42
42
42
42
42
42
42
42
42
42
42
42
42
42
42
43
43
43
43
43
43
43
43
43
43
43
43
43
43
43
43
43
43
43
43
43
43
43
43
43
43
43
43
43
43
43
43
43
43
43
43
43
43
43
43
43
43
43
43
43
43
43
43
43
43
43
43
43
43
43
43
43
43
43
43
43
43
43
43
43
43
43
43
43
43
43
43
43
43
43
43
43
43
43
43
43
43
43
43
43
43
43
44
44
44
44
44
44
44
44
44
44
44
44
44
44
44
44
44
44
44
44
44
44
44
44
44
44
44
44
44
44
44
44
44
44
44
44
44
44
44
44
44
44
44
44
44
44
44
44
44
44
44
44
44
44
44
44
44
44
44
44
44
44
44
44
44
0
1.00
1.41
1.73
2.00
2.23
2.44
2.64
2.82
3.00
3.16
3.31
3.46
3.60
3.74
3.87
4.00
4.12
4.24
4.35
4.47
4.58
4.69
4.79
4.89
5.00
5.09
5.19
5.29
5.38
5.47
5.56
5.65
5.74
5.83
5.91
6.00
6.08
6.16
6.24
6.32
6.40
6.48
6.55
6.63
6.70
6.78
6.85
6.92
7.00
7.07
7.14
7.21
7.28
7.34
7.41
7.48
7.54
7.61
7.68
7.74
7.81
7.87
7.93
8.00
8.06
8.12
8.18
8.24
8.30
8.36
8.42
8.48
8.54
8.60
8.66
8.71
8.77
8.83
8.88
8.94
9.00
9.05
9.11
9.16
9.21
9.27
9.32
9.38
9.43
9.48
9.53
9.59
9.64
9.69
9.74
9.79
9.84
9.89
9.94
10.00
10.04
10.09
10.14
10.19
10.24
10.29
10.34
10.39
10.44
10.48
10.53
10.58
10.63
10.67
10.72
10.77
10.81
10.86
10.90
10.95
11.00
11.04
11.09
11.13
11.18
11.22
11.26
11.31
11.35
11.40
11.44
11.48
11.53
11.57
11.61
11.66
11.70
11.74
11.78
11.83
11.87
11.91
11.95
12.00
12.04
12.08
12.12
12.16
12.20
12.24
12.28
12.32
12.36
12.40
12.44
12.48
12.52
12.56
12.60
12.64
12.68
12.72
12.76
12.80
12.84
12.88
12.92
12.96
13.00
13.03
13.07
13.11
13.15
13.19
13.22
13.26
13.30
13.34
13.37
13.41
13.45
13.49
13.52
13.56
13.60
13.63
13.67
13.71
13.74
13.78
13.82
13.85
13.89
13.92
13.96
14.00
14.03
14.07
14.10
14.14
14.17
14.21
14.24
14.28
14.31
14.35
14.38
14.42
14.45
14.49
14.52
14.56
14.59
14.62
14.66
14.69
14.73
14.76
14.79
14.83
14.86
14.89
14.93
14.96
15.00
15.03
15.06
15.09
15.13
15.16
15.19
15.23
15.26
15.29
15.32
15.36
15.39
15.42
15.45
15.49
15.52
15.55
15.58
15.62
15.65
15.68
15.71
15.74
15.77
15.81
15.84
15.87
15.90
15.93
15.96
16.00
16.03
16.06
16.09
16.12
16.15
16.18
16.21
16.24
16.27
16.30
16.34
16.37
16.40
16.43
16.46
16.49
16.52
16.55
16.58
16.61
16.64
16.67
16.70
16.73
16.76
16.79
16.82
16.85
16.88
16.91
16.94
16.97
17.00
17.02
17.05
17.08
17.11
17.14
17.17
17.20
17.23
17.26
17.29
17.32
17.34
17.37
17.40
17.43
17.46
17.49
17.52
17.54
17.57
17.60
17.63
17.66
17.69
17.72
17.74
17.77
17.80
17.83
17.86
17.88
17.91
17.94
17.97
18.00
18.02
18.05
18.08
18.11
18.13
18.16
18.19
18.22
18.24
18.27
18.30
18.33
18.35
18.38
18.41
18.43
18.46
18.49
18.52
18.54
18.57
18.60
18.62
18.65
18.68
18.70
18.73
18.76
18.78
18.81
18.84
18.86
18.89
18.92
18.94
18.97
19.00
19.02
19.05
19.07
19.10
19.13
19.15
19.18
19.20
19.23
19.26
19.28
19.31
19.33
19.36
19.39
19.41
19.44
19.46
19.49
19.51
19.54
19.57
19.59
19.62
19.64
19.67
19.69
19.72
19.74
19.77
19.79
19.82
19.84
19.87
19.89
19.92
19.94
19.97
20.00
20.02
20.04
20.07
20.09
20.12
20.14
20.17
20.19
20.22
20.24
20.27
20.29
20.32
20.34
20.37
20.39
20.42
20.44
20.46
20.49
20.51
20.54
20.56
20.59
20.61
20.63
20.66
20.68
20.71
20.73
20.76
20.78
20.80
20.83
20.85
20.88
20.90
20.92
20.95
20.97
21.00
21.02
21.04
21.07
21.09
21.11
21.14
21.16
21.18
21.21
21.23
21.26
21.28
21.30
21.33
21.35
21.37
21.40
21.42
21.44
21.47
21.49
21.51
21.54
21.56
21.58
21.61
21.63
21.65
21.67
21.70
21.72
21.74
21.77
21.79
21.81
21.84
21.86
21.88
21.90
21.93
21.95
21.97
22.00
22.02
22.04
22.06
22.09
22.11
22.13
22.15
22.18
22.20
22.22
22.24
22.27
22.29
22.31
22.33
22.36
22.38
22.40
22.42
22.44
22.47
22.49
22.51
22.53
22.56
22.58
22.60
22.62
22.64
22.67
22.69
22.71
22.73
22.75
22.78
22.80
22.82
22.84
22.86
22.89
22.91
22.93
22.95
22.97
23.00
23.02
23.04
23.06
23.08
23.10
23.13
23.15
23.17
23.19
23.21
23.23
23.25
23.28
23.30
23.32
23.34
23.36
23.38
23.40
23.43
23.45
23.47
23.49
23.51
23.53
23.55
23.57
23.60
23.62
23.64
23.66
23.68
23.70
23.72
23.74
23.76
23.79
23.81
23.83
23.85
23.87
23.89
23.91
23.93
23.95
23.97
24.00
24.02
24.04
24.06
24.08
24.10
24.12
24.14
24.16
24.18
24.20
24.22
24.24
24.26
24.28
24.31
24.33
24.35
24.37
24.39
24.41
24.43
24.45
24.47
24.49
24.51
24.53
24.55
24.57
24.59
24.61
24.63
24.65
24.67
24.69
24.71
24.73
24.75
24.77
24.79
24.81
24.83
24.85
24.87
24.89
24.91
24.93
24.95
24.97
25.00
25.01
25.03
25.05
25.07
25.09
25.11
25.13
25.15
25.17
25.19
25.21
25.23
25.25
25.27
25.29
25.31
25.33
25.35
25.37
25.39
25.41
25.43
25.45
25.47
25.49
25.51
25.53
25.55
25.57
25.59
25.61
25.63
25.65
25.67
25.69
25.70
25.72
25.74
25.76
25.78
25.80
25.82
25.84
25.86
25.88
25.90
25.92
25.94
25.96
25.98
26.00
26.01
26.03
26.05
26.07
26.09
26.11
26.13
26.15
26.17
26.19
26.21
26.22
26.24
26.26
26.28
26.30
26.32
26.34
26.36
26.38
26.40
26.41
26.43
26.45
26.47
26.49
26.51
26.53
26.55
26.57
26.58
26.60
26.62
26.64
26.66
26.68
26.70
26.72
26.73
26.75
26.77
26.79
26.81
26.83
26.85
26.87
26.88
26.90
26.92
26.94
26.96
26.98
27.00
27.01
27.03
27.05
27.07
27.09
27.11
27.12
27.14
27.16
27.18
27.20
27.22
27.23
27.25
27.27
27.29
27.31
27.33
27.34
27.36
27.38
27.40
27.42
27.44
27.45
27.47
27.49
27.51
27.53
27.54
27.56
27.58
27.60
27.62
27.64
27.65
27.67
27.69
27.71
27.73
27.74
27.76
27.78
27.80
27.82
27.83
27.85
27.87
27.89
27.91
27.92
27.94
27.96
27.98
28.00
28.01
28.03
28.05
28.07
28.08
28.10
28.12
28.14
28.16
28.17
28.19
28.21
28.23
28.24
28.26
28.28
28.30
28.31
28.33
28.35
28.37
28.39
28.40
28.42
28.44
28.46
28.47
28.49
28.51
28.53
28.54
28.56
28.58
28.60
28.61
28.63
28.65
28.67
28.68
28.70
28.72
28.74
28.75
28.77
28.79
28.80
28.82
28.84
28.86
28.87
28.89
28.91
28.93
28.94
28.96
28.98
29.00
29.01
29.03
29.05
29.06
29.08
29.10
29.12
29.13
29.15
29.17
29.18
29.20
29.22
29.24
29.25
29.27
29.29
29.30
29.32
29.34
29.35
29.37
29.39
29.41
29.42
29.44
29.46
29.47
29.49
29.51
29.52
29.54
29.56
29.58
29.59
29.61
29.63
29.64
29.66
29.68
29.69
29.71
29.73
29.74
29.76
29.78
29.79
29.81
29.83
29.84
29.86
29.88
29.89
29.91
29.93
29.94
29.96
29.98
30.00
30.01
30.03
30.04
30.06
30.08
30.09
30.11
30.13
30.14
30.16
30.18
30.19
30.21
30.23
30.24
30.26
30.28
30.29
30.31
30.33
30.34
30.36
30.38
30.39
30.41
30.43
30.44
30.46
30.47
30.49
30.51
30.52
30.54
30.56
30.57
30.59
30.61
30.62
30.64
30.65
30.67
30.69
30.70
30.72
30.74
30.75
30.77
30.78
30.80
30.82
30.83
30.85
30.87
30.88
30.90
30.91
30.93
30.95
30.96
30.98
31.00
31.01
31.03
31.04
31.06
31.08
31.09
31.11
31.12
31.14
31.16
31.17
31.19
31.20
31.22
31.24
31.25
31.27
31.28
31.30
31.32
31.33
31.35
31.36
31.38
31.40
31.41
31.43
31.44
31.46
31.48
31.49
31.51
31.52
31.54
31.55
31.57
31.59
31.60
31.62
31.63
31.65
31.67
31.68
31.70
31.71
31.73
31.74
31.76
31.78
31.79
31.81
31.82
31.84
31.85
31.87
31.89
31.90
31.92
31.93
31.95
31.96
31.98
32.00
32.01
32.03
32.04
32.06
32.07
32.09
32.10
32.12
32.14
32.15
32.17
32.18
32.20
32.21
32.23
32.24
32.26
32.28
32.29
32.31
32.32
32.34
32.35
32.37
32.38
32.40
32.41
32.43
32.44
32.46
32.48
32.49
32.51
32.52
32.54
32.55
32.57
32.58
32.60
32.61
32.63
32.64
32.66
32.68
32.69
32.71
32.72
32.74
32.75
32.77
32.78
32.80
32.81
32.83
32.84
32.86
32.87
32.89
32.90
32.92
32.93
32.95
32.96
32.98
33.00
33.01
33.03
33.04
33.06
33.07
33.09
33.10
33.12
33.13
33.15
33.16
33.18
33.19
33.21
33.22
33.24
33.25
33.27
33.28
33.30
33.31
33.33
33.34
33.36
33.37
33.39
33.40
33.42
33.43
33.45
33.46
33.48
33.49
33.51
33.52
33.54
33.55
33.57
33.58
33.60
33.61
33.63
33.64
33.66
33.67
33.68
33.70
33.71
33.73
33.74
33.76
33.77
33.79
33.80
33.82
33.83
33.85
33.86
33.88
33.89
33.91
33.92
33.94
33.95
33.97
33.98
34.00
34.01
34.02
34.04
34.05
34.07
34.08
34.10
34.11
34.13
34.14
34.16
34.17
34.19
34.20
34.21
34.23
34.24
34.26
34.27
34.29
34.30
34.32
34.33
34.35
34.36
34.38
34.39
34.40
34.42
34.43
34.45
34.46
34.48
34.49
34.51
34.52
34.53
34.55
34.56
34.58
34.59
34.61
34.62
34.64
34.65
34.66
34.68
34.69
34.71
34.72
34.74
34.75
34.77
34.78
34.79
34.81
34.82
34.84
34.85
34.87
34.88
34.89
34.91
34.92
34.94
34.95
34.97
34.98
35.00
35.01
35.02
35.04
35.05
35.07
35.08
35.09
35.11
35.12
35.14
35.15
35.17
35.18
35.19
35.21
35.22
35.24
35.25
35.27
35.28
35.29
35.31
35.32
35.34
35.35
35.36
35.38
35.39
35.41
35.42
35.44
35.45
35.46
35.48
35.49
35.51
35.52
35.53
35.55
35.56
35.58
35.59
35.60
35.62
35.63
35.65
35.66
35.67
35.69
35.70
35.72
35.73
35.74
35.76
35.77
35.79
35.80
35.81
35.83
35.84
35.86
35.87
35.88
35.90
35.91
35.93
35.94
35.95
35.97
35.98
36.00
36.01
36.02
36.04
36.05
36.06
36.08
36.09
36.11
36.12
36.13
36.15
36.16
36.18
36.19
36.20
36.22
36.23
36.24
36.26
36.27
36.29
36.30
36.31
36.33
36.34
36.35
36.37
36.38
36.40
36.41
36.42
36.44
36.45
36.46
36.48
36.49
36.51
36.52
36.53
36.55
36.56
36.57
36.59
36.60
36.61
36.63
36.64
36.66
36.67
36.68
36.70
36.71
36.72
36.74
36.75
36.76
36.78
36.79
36.81
36.82
36.83
36.85
36.86
36.87
36.89
36.90
36.91
36.93
36.94
36.95
36.97
36.98
37.00
37.01
37.02
37.04
37.05
37.06
37.08
37.09
37.10
37.12
37.13
37.14
37.16
37.17
37.18
37.20
37.21
37.22
37.24
37.25
37.26
37.28
37.29
37.30
37.32
37.33
37.34
37.36
37.37
37.38
37.40
37.41
37.42
37.44
37.45
37.46
37.48
37.49
37.50
37.52
37.53
37.54
37.56
37.57
37.58
37.60
37.61
37.62
37.64
37.65
37.66
37.68
37.69
37.70
37.72
37.73
37.74
37.76
37.77
37.78
37.80
37.81
37.82
37.84
37.85
37.86
37.88
37.89
37.90
37.92
37.93
37.94
37.96
37.97
37.98
38.00
38.01
38.02
38.03
38.05
38.06
38.07
38.09
38.10
38.11
38.13
38.14
38.15
38.17
38.18
38.19
38.20
38.22
38.23
38.24
38.26
38.27
38.28
38.30
38.31
38.32
38.34
38.35
38.36
38.37
38.39
38.40
38.41
38.43
38.44
38.45
38.47
38.48
38.49
38.50
38.52
38.53
38.54
38.56
38.57
38.58
38.60
38.61
38.62
38.63
38.65
38.66
38.67
38.69
38.70
38.71
38.72
38.74
38.75
38.76
38.78
38.79
38.80
38.82
38.83
38.84
38.85
38.87
38.88
38.89
38.91
38.92
38.93
38.94
38.96
38.97
38.98
39.00
39.01
39.02
39.03
39.05
39.06
39.07
39.08
39.10
39.11
39.12
39.14
39.15
39.16
39.17
39.19
39.20
39.21
39.23
39.24
39.25
39.26
39.28
39.29
39.30
39.31
39.33
39.34
39.35
39.37
39.38
39.39
39.40
39.42
39.43
39.44
39.45
39.47
39.48
39.49
39.50
39.52
39.53
39.54
39.56
39.57
39.58
39.59
39.61
39.62
39.63
39.64
39.66
39.67
39.68
39.69
39.71
39.72
39.73
39.74
39.76
39.77
39.78
39.79
39.81
39.82
39.83
39.84
39.86
39.87
39.88
39.89
39.91
39.92
39.93
39.94
39.96
39.97
39.98
40.00
40.01
40.02
40.03
40.04
40.06
40.07
40.08
40.09
40.11
40.12
40.13
40.14
40.16
40.17
40.18
40.19
40.21
40.22
40.23
40.24
40.26
40.27
40.28
40.29
40.31
40.32
40.33
40.34
40.36
40.37
40.38
40.39
40.41
40.42
40.43
40.44
40.45
40.47
40.48
40.49
40.50
40.52
40.53
40.54
40.55
40.57
40.58
40.59
40.60
40.62
40.63
40.64
40.65
40.66
40.68
40.69
40.70
40.71
40.73
40.74
40.75
40.76
40.77
40.79
40.80
40.81
40.82
40.84
40.85
40.86
40.87
40.89
40.90
40.91
40.92
40.93
40.95
40.96
40.97
40.98
41.00
41.01
41.02
41.03
41.04
41.06
41.07
41.08
41.09
41.10
41.12
41.13
41.14
41.15
41.17
41.18
41.19
41.20
41.21
41.23
41.24
41.25
41.26
41.27
41.29
41.30
41.31
41.32
41.34
41.35
41.36
41.37
41.38
41.40
41.41
41.42
41.43
41.44
41.46
41.47
41.48
41.49
41.50
41.52
41.53
41.54
41.55
41.56
41.58
41.59
41.60
41.61
41.62
41.64
41.65
41.66
41.67
41.68
41.70
41.71
41.72
41.73
41.74
41.76
41.77
41.78
41.79
41.80
41.82
41.83
41.84
41.85
41.86
41.88
41.89
41.90
41.91
41.92
41.94
41.95
41.96
41.97
41.98
42.00
42.01
42.02
42.03
42.04
42.05
42.07
42.08
42.09
42.10
42.11
42.13
42.14
42.15
42.16
42.17
42.19
42.20
42.21
42.22
42.23
42.24
42.26
42.27
42.28
42.29
42.30
42.32
42.33
42.34
42.35
42.36
42.37
42.39
42.40
42.41
42.42
42.43
42.44
42.46
42.47
42.48
42.49
42.50
42.52
42.53
42.54
42.55
42.56
42.57
42.59
42.60
42.61
42.62
42.63
42.64
42.66
42.67
42.68
42.69
42.70
42.72
42.73
42.74
42.75
42.76
42.77
42.79
42.80
42.81
42.82
42.83
42.84
42.86
42.87
42.88
42.89
42.90
42.91
42.93
42.94
42.95
42.96
42.97
42.98
43.00
43.01
43.02
43.03
43.04
43.05
43.06
43.08
43.09
43.10
43.11
43.12
43.13
43.15
43.16
43.17
43.18
43.19
43.20
43.22
43.23
43.24
43.25
43.26
43.27
43.28
43.30
43.31
43.32
43.33
43.34
43.35
43.37
43.38
43.39
43.40
43.41
43.42
43.43
43.45
43.46
43.47
43.48
43.49
43.50
43.52
43.53
43.54
43.55
43.56
43.57
43.58
43.60
43.61
43.62
43.63
43.64
43.65
43.66
43.68
43.69
43.70
43.71
43.72
43.73
43.74
43.76
43.77
43.78
43.79
43.80
43.81
43.82
43.84
43.85
43.86
43.87
43.88
43.89
43.90
43.92
43.93
43.94
43.95
43.96
43.97
43.98
44.00
44.01
44.02
44.03
44.04
44.05
44.06
44.07
44.09
44.10
44.11
44.12
44.13
44.14
44.15
44.17
44.18
44.19
44.20
44.21
44.22
44.23
44.24
44.26
44.27
44.28
44.29
44.30
44.31
44.32
44.33
44.35
44.36
44.37
44.38
44.39
44.40
44.41
44.42
44.44
44.45
44.46
44.47
44.48
44.49
44.50
44.51
44.53
44.54
44.55
44.56
44.57
44.58
44.59
44.60
44.62
44.63
44.64
44.65
44.66
44.67
44.68
44.69
44.71
44.72
