==== 0
* 2
0
* 3
0
* 4
0
* 5
0
* 6
0
* 7
0
* 8
0
* 9
0
* 10
0
* 16
0
* 17
0
* 20
0
* 99
0
* 100
0
* 101
0
* 1000
0
* 10000
0
* 1073741824
0
====
==== 1
* 2
1
* 3
1
* 4
1
* 5
1
* 6
1
* 7
1
* 8
1
* 9
1
* 10
1
* 16
1
* 17
 01
* 20
 01
* 99
 01
* 100
 01
* 101
 001
* 1000
 001
* 10000
 0001
* 1073741824
 0000000001
====
==== 10
* 2
1010
* 3
101
* 4
22
* 5
20
* 6
14
* 7
13
* 8
12
* 9
11
* 10
10
* 16
A
* 17
 10
* 20
 10
* 99
 10
* 100
 10
* 101
 010
* 1000
 010
* 10000
 0010
* 1073741824
 0000000010
====
==== 100
* 2
1100100
* 3
10201
* 4
1210
* 5
400
* 6
244
* 7
202
* 8
144
* 9
121
* 10
100
* 16
64
* 17
 05 15
* 20
 05 00
* 99
 01 01
* 100
 01 00
* 101
 100
* 1000
 100
* 10000
 0100
* 1073741824
 0000000100
====
==== 1000
* 2
1111101000
* 3
1101001
* 4
33220
* 5
13000
* 6
4344
* 7
2626
* 8
1750
* 9
1331
* 10
1000
* 16
3E8
* 17
 03 07 14
* 20
 02 10 00
* 99
 10 10
* 100
 10 00
* 101
 009 091
* 1000
 001 000
* 10000
 1000
* 1073741824
 0000001000
====
==== 10000
* 2
10011100010000
* 3
111201101
* 4
2130100
* 5
310000
* 6
114144
* 7
41104
* 8
23420
* 9
14641
* 10
10000
* 16
2710
* 17
 02 00 10 04
* 20
 01 05 00 00
* 99
 01 02 01
* 100
 01 00 00
* 101
 099 001
* 1000
 010 000
* 10000
 0001 0000
* 1073741824
 0000010000
====
==== -1
* 2
-1
* 3
-1
* 4
-1
* 5
-1
* 6
-1
* 7
-1
* 8
-1
* 9
-1
* 10
-1
* 16
-1
* 17
- 01
* 20
- 01
* 99
- 01
* 100
- 01
* 101
- 001
* 1000
- 001
* 10000
- 0001
* 1073741824
- 0000000001
====
==== -10
* 2
-1010
* 3
-101
* 4
-22
* 5
-20
* 6
-14
* 7
-13
* 8
-12
* 9
-11
* 10
-10
* 16
-A
* 17
- 10
* 20
- 10
* 99
- 10
* 100
- 10
* 101
- 010
* 1000
- 010
* 10000
- 0010
* 1073741824
- 0000000010
====
==== -100
* 2
-1100100
* 3
-10201
* 4
-1210
* 5
-400
* 6
-244
* 7
-202
* 8
-144
* 9
-121
* 10
-100
* 16
-64
* 17
- 05 15
* 20
- 05 00
* 99
- 01 01
* 100
- 01 00
* 101
- 100
* 1000
- 100
* 10000
- 0100
* 1073741824
- 0000000100
====
==== -1000
* 2
-1111101000
* 3
-1101001
* 4
-33220
* 5
-13000
* 6
-4344
* 7
-2626
* 8
-1750
* 9
-1331
* 10
-1000
* 16
-3E8
* 17
- 03 07 14
* 20
- 02 10 00
* 99
- 10 10
* 100
- 10 00
* 101
- 009 091
* 1000
- 001 000
* 10000
- 1000
* 1073741824
- 0000001000
====
==== -10000
* 2
-10011100010000
* 3
-111201101
* 4
-2130100
* 5
-310000
* 6
-114144
* 7
-41104
* 8
-23420
* 9
-14641
* 10
-10000
* 16
-2710
* 17
- 02 00 10 04
* 20
- 01 05 00 00
* 99
- 01 02 01
* 100
- 01 00 00
* 101
- 099 001
* 1000
- 010 000
* 10000
- 0001 0000
* 1073741824
- 0000010000
====
==== 10.1
* 2
1010.0001
* 3
101.002
* 4
22.01
* 5
20.02
* 6
14.03
* 7
13.04
* 8
12.06
* 9
11.08
* 10
10.1
* 16
A.1
* 17
 10.01
* 20
 10.02
* 99
 10.09
* 100
 10.10
* 101
 010.010
* 1000
 010.100
* 10000
 0010.1000
* 1073741824
 0000000010.0107374182
====
==== 10.01
* 2
1010.0000001
* 3
101.00002
* 4
22.0002
* 5
20.001
* 6
14.002
* 7
13.003
* 8
12.005
* 9
11.007
* 10
10.01
* 16
A.02
* 17
 10.00 02
* 20
 10.00 04
* 99
 10.00 98
* 100
 10.01
* 101
 010.001
* 1000
 010.010
* 10000
 0010.0100
* 1073741824
 0000000010.0010737418
====
==== 10.10
* 2
1010.0001100
* 3
101.00220
* 4
22.0121
* 5
20.022
* 6
14.033
* 7
13.046
* 8
12.063
* 9
11.080
* 10
10.10
* 16
A.19
* 17
 10.01 11
* 20
 10.02 00
* 99
 10.09 89
* 100
 10.10
* 101
 010.010
* 1000
 010.100
* 10000
 0010.1000
* 1073741824
 0000000010.0107374182
====
==== 25
* 2
11001
* 3
221
* 4
121
* 5
100
* 6
41
* 7
34
* 8
31
* 9
27
* 10
25
* 16
19
* 17
 01 08
* 20
 01 05
* 99
 25
* 100
 25
* 101
 025
* 1000
 025
* 10000
 0025
* 1073741824
 0000000025
====
==== 125
* 2
1111101
* 3
11122
* 4
1331
* 5
1000
* 6
325
* 7
236
* 8
175
* 9
148
* 10
125
* 16
7D
* 17
 07 06
* 20
 06 05
* 99
 01 26
* 100
 01 25
* 101
 001 024
* 1000
 125
* 10000
 0125
* 1073741824
 0000000125
====
==== 487698214682427232279440601992780017544065697510462386668934912371912\
715784447904420016522244007939748169262879283641183517590809217460015\
16259259543195854037051.4
* 2
110111100000001010101101110101100001111000110010100101100101101001011\
100111010101001111100111101101110000011011111001100001110110001001011\
110100110011100000100010101000010011101010010110000010110111000111001\
110111011001010000111100111010001101100100101011111110110001111000010\
000100011000101110110111011100000101111110101111011011111110001001101\
111001101100101111010001101010010010001101101010101000110011111011101\
010111111100000000010101101010010110111100000100100000110101101111111\
010110110101111101001011110011010111110000000111011.0110
* 3
210100210021002201102212211210200221001120001210110100020202210112000\
201102221210112100100110102022200220112000112112020100110100211010012\
020002002011222221202102021121002222210110200221201002201120200112102\
201021001011120100100001221120201102010011010012022111011022120220221\
0002101011100101101222221001210111202201020010012011200121012.101
* 4
313200022231311201320302211211221130322221330331232003133030032301023\
310303200202220103222112002313013032323022013213101230211133312033002\
010120232313130011332233123332021233031211322031102101231111012133131\
113330000111222112330010200311233322312233221132122332000323.12
* 5
410043124331230204144440332223142410231001012203213242143101343100103\
310001104100044334041202143413143301143204010214300014033343214012303\
402443344304444110200344242024000041104213023334340041303432123414140\
23313321210102113141201.20
* 6
224055345021243214453452131140322220255353130455153523531303313430403\
140101220414411511005402141205525323341514151510523210123010542250052\
542010130240334404231234101154500405252151354521431220304411243504135\
.22
* 7
121344435264001126304313051542201562401316115020040342556555412505361\
546012136553556625430265131421113256556400613541002521220022523662150\
65025420463163461025615363135536263010464154023646454.25
* 8
674012556541706245455134725174755603371416611364634042502352260267071\
673120747215445376617020430566734057657337611571545721522215525063735\
2774002552267404406557726657513632760073.31
* 9
233232326427847208315017133066834606428534703133686264604752104107331\
660621588523675328834208510815204726370345103018466421041052741385268\
3071140341887053452636105150535.35
* 10
487698214682427232279440601992780017544065697510462386668934912371912\
715784447904420016522244007939748169262879283641183517590809217460015\
16259259543195854037051.4
* 16
3780AB75878CA596973AA7CF6E0DF30EC4BD33822A13A960B71CEECA1E746C95FD8F0\
8462EDDC17EBDBF89BCD97A35246D5467DD5FC015A96F04835BFADAFA5E6BE03B.6
* 17
 05 06 04 04 11 15 12 04 15 01 03 12 16 07 15 07 15 08 02 14 06 05 07\
 08 14 07 13 04 12 16 02 10 04 02 08 11 05 12 04 10 05 16 04 07 14 03\
 16 12 00 06 07 04 05 04 02 13 15 09 14 14 04 03 11 02 08 03 00 10 07\
 11 06 02 05 10 12 06 14 05 03 00 08 09 15 09 02 16 04 16 01 04 08 04\
 16 07 11 09 05 01 12 10 02 09 11 12 04 12 04 13 11 16 01 11 05 05 04\
 13 07 16 02 08 06 13 13 00 08 10 10 04 15 02 09.06
* 20
 04 11 14 10 06 14 06 01 15 02 14 01 05 16 11 11 02 04 09 17 05 19 15\
 11 14 18 17 02 19 06 13 07 19 13 19 16 11 11 12 07 03 18 06 17 02 10\
 05 08 05 00 10 10 13 11 01 17 08 03 11 01 07 06 09 04 16 10 11 08 07\
 10 11 10 05 01 09 02 06 16 06 05 01 07 02 04 14 08 00 10 10 16 07 12\
 16 11 15 16 14 09 07 08 09 00 18 08 18 16 11 13 18 16 04 03 05 14 15\
 06 01 15 04 07 14 12 12 11.08
* 99
 10 88 86 53 66 18 59 79 37 59 02 11 19 54 01 67 94 70 65 09 77 12 49\
 56 08 50 91 68 33 31 90 34 47 33 37 51 61 11 80 81 82 70 76 20 11 45\
 82 07 18 54 08 79 79 59 59 50 85 65 21 85 90 23 01 97 03 05 51 37 25\
 74 90 21 64 02 30 08 71 93 79 25 68.39
* 100
 04 87 69 82 14 68 24 27 23 22 79 44 06 01 99 27 80 01 75 44 06 56 97\
 51 04 62 38 66 68 93 49 12 37 19 12 71 57 84 44 79 04 42 00 16 52 22\
 44 00 79 39 74 81 69 26 28 79 28 36 41 18 35 17 59 08 09 21 74 60 01\
 51 62 59 25 95 43 19 58 54 03 70 51.40
* 101
 002 020 021 016 018 086 045 002 095 029 093 084 068 025 099 003 027 \
043 030 061 025 061 041 049 030 058 090 002 084 086 030 005 035 046 0\
87 086 064 013 015 092 069 018 081 024 081 053 087 024 036 002 085 03\
3 092 002 043 025 093 058 047 098 001 046 049 099 036 035 092 084 015\
 013 027 065 050 058 008 018 044 099 066 013 016.040
* 1000
 048 769 821 468 242 723 227 944 060 199 278 001 754 406 569 751 046 \
238 666 893 491 237 191 271 578 444 790 442 001 652 224 400 793 974 8\
16 926 287 928 364 118 351 759 080 921 746 001 516 259 259 543 195 85\
4 037 051.400
* 10000
 0004 8769 8214 6824 2723 2279 4406 0199 2780 0175 4406 5697 5104 623\
8 6668 9349 1237 1912 7157 8444 7904 4200 1652 2244 0079 3974 8169 26\
28 7928 3641 1835 1759 0809 2174 6001 5162 5925 9543 1958 5403 7051.4\
000
* 1073741824
 0014549677 0898075813 0631623337 1022812383 0205198068 0864168467 07\
10421959 0250388967 0296900598 0252200494 0930111407 0469277645 06360\
15761 0760506333 0401605994 0384845877 0803957737 0510386235.04294967\
29
====
